Namespace(action=0, all_clients=False, bs=128, dataset='mnist', epochs=10, frac=0.1, gpu=0, iid=False, kernel_num=9, kernel_sizes='3,4,5', local_bs=10, local_ep=5, lr=0.01, max_pool='True', model='CNN', momentum=0.5, norm='batch_norm', num_channels=3, num_classes=10, num_filters=32, num_users=100, seed=1, split='user', stopping_rounds=10, verbose=False)
{'model_name': 'CNN', 'device': device(type='cuda', index=0), 'log_dir': 'log\\CNN', 'ckpt_dir': 'checkpoint\\CNN', 'mode': 'raw', 'defence': 'raw', 'client_epochs': 5, 'server_epochs': 1000, 'batch_size': 128, 'client_lr': 0.01, 'server_lr': 0.1, 'load_ckpt': -1, 'workers': 25, 'byzantine_workers': 5, 'attack_strength': 0, 'k': 1, 'test_frequency': 10}
======================Start Train Model [Fri May  3 14:44:43 2024]======================
Namespace(action=0, all_clients=False, bs=128, dataset='mnist', epochs=10, frac=0.1, gpu=0, iid=False, kernel_num=9, kernel_sizes='3,4,5', local_bs=10, local_ep=5, lr=0.01, max_pool='True', model='CNN', momentum=0.5, norm='batch_norm', num_channels=3, num_classes=10, num_filters=32, num_users=100, seed=1, split='user', stopping_rounds=10, verbose=False)
{'model_name': 'CNN', 'device': device(type='cuda', index=0), 'log_dir': 'log\\CNN', 'ckpt_dir': 'checkpoint\\CNN', 'mode': 'raw', 'defence': 'raw', 'client_epochs': 5, 'server_epochs': 1000, 'batch_size': 128, 'client_lr': 0.01, 'server_lr': 0.1, 'load_ckpt': -1, 'workers': 25, 'byzantine_workers': 5, 'attack_strength': 0, 'k': 1, 'test_frequency': 10}
======================Start Train Model [Fri May  3 14:45:09 2024]======================
Namespace(action=0, all_clients=False, bs=128, dataset='mnist', epochs=10, frac=0.1, gpu=0, iid=False, kernel_num=9, kernel_sizes='3,4,5', local_bs=10, local_ep=5, lr=0.01, max_pool='True', model='CNN', momentum=0.5, norm='batch_norm', num_channels=3, num_classes=10, num_filters=32, num_users=100, seed=1, split='user', stopping_rounds=10, verbose=False)
{'model_name': 'CNN', 'device': device(type='cuda', index=0), 'log_dir': 'log\\CNN', 'ckpt_dir': 'checkpoint\\CNN', 'mode': 'raw', 'defence': 'raw', 'client_epochs': 5, 'server_epochs': 1000, 'batch_size': 128, 'client_lr': 0.01, 'server_lr': 0.1, 'load_ckpt': -1, 'workers': 25, 'byzantine_workers': 5, 'attack_strength': 0, 'k': 1, 'test_frequency': 10}
======================Start Train Model [Fri May  3 14:45:37 2024]======================
Namespace(action=0, all_clients=False, bs=128, dataset='mnist', epochs=10, frac=0.1, gpu=0, iid=False, kernel_num=9, kernel_sizes='3,4,5', local_bs=10, local_ep=5, lr=0.01, max_pool='True', model='CNN', momentum=0.5, norm='batch_norm', num_channels=3, num_classes=10, num_filters=32, num_users=100, seed=1, split='user', stopping_rounds=10, verbose=False)
{'model_name': 'CNN', 'device': device(type='cuda', index=0), 'log_dir': 'log\\CNN', 'ckpt_dir': 'checkpoint\\CNN', 'mode': 'raw', 'defence': 'raw', 'client_epochs': 5, 'server_epochs': 1000, 'batch_size': 128, 'client_lr': 0.01, 'server_lr': 0.1, 'load_ckpt': -1, 'workers': 25, 'byzantine_workers': 5, 'attack_strength': 0, 'k': 1, 'test_frequency': 10}
======================Start Train Model [Fri May  3 14:48:12 2024]======================
Namespace(action=0, all_clients=False, bs=128, dataset='mnist', epochs=10, frac=0.1, gpu=0, iid=False, kernel_num=9, kernel_sizes='3,4,5', local_bs=10, local_ep=5, lr=0.01, max_pool='True', model='CNN', momentum=0.5, norm='batch_norm', num_channels=3, num_classes=10, num_filters=32, num_users=100, seed=1, split='user', stopping_rounds=10, verbose=False)
{'model_name': 'CNN', 'device': device(type='cuda', index=0), 'log_dir': 'log\\CNN', 'ckpt_dir': 'checkpoint\\CNN', 'mode': 'raw', 'defence': 'raw', 'client_epochs': 5, 'server_epochs': 1000, 'batch_size': 128, 'client_lr': 0.01, 'server_lr': 0.1, 'load_ckpt': -1, 'workers': 25, 'byzantine_workers': 5, 'attack_strength': 0, 'k': 1, 'test_frequency': 10}
======================Start Train Model [Fri May  3 14:48:38 2024]======================
Namespace(action=0, all_clients=False, bs=128, dataset='mnist', epochs=10, frac=0.1, gpu=0, iid=False, kernel_num=9, kernel_sizes='3,4,5', local_bs=10, local_ep=5, lr=0.01, max_pool='True', model='CNN', momentum=0.5, norm='batch_norm', num_channels=3, num_classes=10, num_filters=32, num_users=100, seed=1, split='user', stopping_rounds=10, verbose=False)
{'model_name': 'CNN', 'device': device(type='cuda', index=0), 'log_dir': 'log\\CNN', 'ckpt_dir': 'checkpoint\\CNN', 'mode': 'raw', 'defence': 'raw', 'client_epochs': 5, 'server_epochs': 1000, 'batch_size': 128, 'client_lr': 0.01, 'server_lr': 0.1, 'load_ckpt': -1, 'workers': 25, 'byzantine_workers': 5, 'attack_strength': 0, 'k': 1, 'test_frequency': 10}
======================Start Train Model [Fri May  3 14:50:15 2024]======================
Epoch: 1 | Epoch Time: 0m 55s
Train Loss: 2.2999412271118165 | Train Acc: 1000.0%
Test Loss: 2.2999161151885987 | Test Acc: 1000.0%
Namespace(action=0, all_clients=False, bs=128, dataset='mnist', epochs=10, frac=0.1, gpu=0, iid=False, kernel_num=9, kernel_sizes='3,4,5', local_bs=10, local_ep=5, lr=0.01, max_pool='True', model='CNN', momentum=0.5, norm='batch_norm', num_channels=3, num_classes=10, num_filters=32, num_users=100, seed=1, split='user', stopping_rounds=10, verbose=False)
{'model_name': 'CNN', 'device': device(type='cuda', index=0), 'log_dir': 'log\\CNN', 'ckpt_dir': 'checkpoint\\CNN', 'mode': 'raw', 'defence': 'raw', 'client_epochs': 5, 'server_epochs': 1000, 'batch_size': 128, 'client_lr': 0.01, 'server_lr': 0.1, 'load_ckpt': -1, 'workers': 25, 'byzantine_workers': 5, 'attack_strength': 0, 'k': 1, 'test_frequency': 10}
======================Start Train Model [Fri May  3 14:52:09 2024]======================
Epoch: 1 | Epoch Time: 0m 59s
Train Loss: 2.2999412271118165 | Train Acc: 10.0%
Test Loss: 2.2999161151885987 | Test Acc: 10.0%
Epoch: 11 | Epoch Time: 0m 58s
Train Loss: 2.2236055355834963 | Train Acc: 21.196001052856445%
Test Loss: 2.222184042739868 | Test Acc: 20.900001525878906%
Namespace(action=0, all_clients=False, bs=128, dataset='mnist', epochs=10, frac=0.1, gpu=0, iid=False, kernel_num=9, kernel_sizes='3,4,5', local_bs=10, local_ep=5, lr=0.01, max_pool='True', model='CNN', momentum=0.5, norm='batch_norm', num_channels=3, num_classes=10, num_filters=32, num_users=100, seed=1, split='user', stopping_rounds=10, verbose=False)
{'model_name': 'CNN', 'device': device(type='cuda', index=0), 'log_dir': 'log\\CNN', 'ckpt_dir': 'checkpoint\\CNN', 'mode': 'raw', 'defence': 'raw', 'client_epochs': 5, 'server_epochs': 100, 'batch_size': 128, 'client_lr': 0.05, 'server_lr': 0.1, 'load_ckpt': -1, 'workers': 25, 'byzantine_workers': 5, 'attack_strength': 0, 'k': 1, 'test_frequency': 1}
======================Start Train Model [Fri May  3 15:12:54 2024]======================
Namespace(action=0, all_clients=False, bs=128, dataset='mnist', epochs=10, frac=0.1, gpu=0, iid=False, kernel_num=9, kernel_sizes='3,4,5', local_bs=10, local_ep=5, lr=0.01, max_pool='True', model='CNN', momentum=0.5, norm='batch_norm', num_channels=3, num_classes=10, num_filters=32, num_users=100, seed=1, split='user', stopping_rounds=10, verbose=False)
{'model_name': 'CNN', 'device': device(type='cuda', index=0), 'log_dir': 'log\\CNN', 'ckpt_dir': 'checkpoint\\CNN', 'mode': 'raw', 'defence': 'raw', 'client_epochs': 5, 'server_epochs': 100, 'batch_size': 128, 'client_lr': 0.05, 'server_lr': 0.1, 'load_ckpt': -1, 'workers': 25, 'byzantine_workers': 5, 'attack_strength': 0, 'k': 1, 'test_frequency': 1}
======================Start Train Model [Fri May  3 15:16:11 2024]======================
Namespace(action=0, all_clients=False, bs=128, dataset='mnist', epochs=10, frac=0.1, gpu=0, iid=False, kernel_num=9, kernel_sizes='3,4,5', local_bs=10, local_ep=5, lr=0.01, max_pool='True', model='CNN', momentum=0.5, norm='batch_norm', num_channels=3, num_classes=10, num_filters=32, num_users=100, seed=1, split='user', stopping_rounds=10, verbose=False)
{'model_name': 'CNN', 'device': device(type='cuda', index=0), 'log_dir': 'log\\CNN', 'ckpt_dir': 'checkpoint\\CNN', 'mode': 'raw', 'defence': 'raw', 'client_epochs': 5, 'server_epochs': 100, 'batch_size': 128, 'client_lr': 0.05, 'server_lr': 0.1, 'load_ckpt': -1, 'workers': 25, 'byzantine_workers': 5, 'attack_strength': 0, 'k': 1, 'test_frequency': 1}
======================Start Train Model [Fri May  3 15:17:41 2024]======================
Epoch: 1 | Epoch Time: 1m 3s
Train Loss: 2.301071721801758 | Train Acc: 10.0%
Test Loss: 2.301051280975342 | Test Acc: 10.0%
Epoch: 2 | Epoch Time: 1m 3s
Train Loss: 2.299804253540039 | Train Acc: 10.0%
Test Loss: 2.299774258041382 | Test Acc: 10.0%
Epoch: 3 | Epoch Time: 1m 3s
Train Loss: 2.2983862322998045 | Train Acc: 10.0%
Test Loss: 2.2983448154449464 | Test Acc: 10.0%
Epoch: 4 | Epoch Time: 1m 5s
Train Loss: 2.2967616659545897 | Train Acc: 10.0%
Test Loss: 2.296702970504761 | Test Acc: 10.0%
Epoch: 5 | Epoch Time: 1m 6s
Train Loss: 2.294862810974121 | Train Acc: 10.001999855041504%
Test Loss: 2.294781046295166 | Test Acc: 10.0%
Epoch: 6 | Epoch Time: 1m 6s
Train Loss: 2.2925875485229494 | Train Acc: 10.053999900817871%
Test Loss: 2.2924746967315675 | Test Acc: 10.050000190734863%
Epoch: 7 | Epoch Time: 1m 4s
Train Loss: 2.289815510253906 | Train Acc: 10.355999946594238%
Test Loss: 2.289663962173462 | Test Acc: 10.40000057220459%
Epoch: 8 | Epoch Time: 1m 3s
Train Loss: 2.286427020263672 | Train Acc: 11.315999984741211%
Test Loss: 2.2862214721679686 | Test Acc: 11.300000190734863%
Epoch: 9 | Epoch Time: 1m 3s
Train Loss: 2.2822341455078123 | Train Acc: 13.355999946594238%
Test Loss: 2.281952793121338 | Test Acc: 13.579999923706055%
Epoch: 10 | Epoch Time: 1m 2s
Train Loss: 2.276941346435547 | Train Acc: 16.04400062561035%
Test Loss: 2.276561744308472 | Test Acc: 16.350000381469727%
Epoch: 11 | Epoch Time: 1m 4s
Train Loss: 2.2702740036010742 | Train Acc: 18.119998931884766%
Test Loss: 2.2697683547973635 | Test Acc: 18.3799991607666%
Epoch: 12 | Epoch Time: 1m 7s
Train Loss: 2.2618997512817383 | Train Acc: 19.719999313354492%
Test Loss: 2.2612386039733887 | Test Acc: 19.65999984741211%
Epoch: 13 | Epoch Time: 1m 6s
Train Loss: 2.2516404052734376 | Train Acc: 21.163999557495117%
Test Loss: 2.250787874221802 | Test Acc: 21.119998931884766%
Epoch: 14 | Epoch Time: 1m 5s
Train Loss: 2.2396065670776366 | Train Acc: 22.16400146484375%
Test Loss: 2.238527346420288 | Test Acc: 22.05000114440918%
Epoch: 15 | Epoch Time: 1m 6s
Train Loss: 2.2258650659179686 | Train Acc: 23.088001251220703%
Test Loss: 2.2245392066955567 | Test Acc: 23.010000228881836%
Epoch: 16 | Epoch Time: 1m 6s
Train Loss: 2.2105234887695313 | Train Acc: 23.79199981689453%
Test Loss: 2.2089346778869627 | Test Acc: 23.810001373291016%
Epoch: 17 | Epoch Time: 1m 5s
Train Loss: 2.193705719909668 | Train Acc: 24.395999908447266%
Test Loss: 2.1918558559417725 | Test Acc: 24.3799991607666%
Epoch: 18 | Epoch Time: 1m 7s
Train Loss: 2.1757944302368166 | Train Acc: 24.918001174926758%
Test Loss: 2.173669885635376 | Test Acc: 25.119998931884766%
Epoch: 19 | Epoch Time: 1m 6s
Train Loss: 2.157027307128906 | Train Acc: 25.472000122070312%
Test Loss: 2.1546360973358154 | Test Acc: 25.709999084472656%
Epoch: 20 | Epoch Time: 1m 2s
Train Loss: 2.1378081454467774 | Train Acc: 25.979999542236328%
Test Loss: 2.1351444496154786 | Test Acc: 26.239999771118164%
Epoch: 21 | Epoch Time: 1m 5s
Train Loss: 2.118416618652344 | Train Acc: 26.416000366210938%
Test Loss: 2.115508652305603 | Test Acc: 27.05000114440918%
Epoch: 22 | Epoch Time: 1m 4s
Train Loss: 2.0990839517211914 | Train Acc: 26.894001007080078%
Test Loss: 2.095947921562195 | Test Acc: 27.369998931884766%
Epoch: 23 | Epoch Time: 1m 3s
Train Loss: 2.0801342016601563 | Train Acc: 27.256000518798828%
Test Loss: 2.076843127632141 | Test Acc: 27.829998016357422%
Epoch: 24 | Epoch Time: 1m 5s
Train Loss: 2.0617747650146483 | Train Acc: 27.652000427246094%
Test Loss: 2.0583636905670164 | Test Acc: 28.290000915527344%
Epoch: 25 | Epoch Time: 1m 8s
Train Loss: 2.044210148010254 | Train Acc: 27.972000122070312%
Test Loss: 2.040651277542114 | Test Acc: 28.810001373291016%
Epoch: 26 | Epoch Time: 1m 5s
Train Loss: 2.027327191772461 | Train Acc: 28.389999389648438%
Test Loss: 2.023651491546631 | Test Acc: 29.28999900817871%
Epoch: 27 | Epoch Time: 1m 10s
Train Loss: 2.011102464904785 | Train Acc: 28.733999252319336%
Test Loss: 2.007318196296692 | Test Acc: 29.35999870300293%
Epoch: 28 | Epoch Time: 1m 9s
Train Loss: 1.9958072012329102 | Train Acc: 28.981998443603516%
Test Loss: 1.9918624439239503 | Test Acc: 29.840002059936523%
Epoch: 29 | Epoch Time: 1m 9s
Train Loss: 1.9811839303588867 | Train Acc: 29.319997787475586%
Test Loss: 1.9771371383666991 | Test Acc: 30.1299991607666%
Epoch: 30 | Epoch Time: 1m 8s
Train Loss: 1.9673604724121094 | Train Acc: 29.59200096130371%
Test Loss: 1.9632255310058593 | Test Acc: 30.40999984741211%
Epoch: 31 | Epoch Time: 1m 8s
Train Loss: 1.9543530892944336 | Train Acc: 29.81399917602539%
Test Loss: 1.9500677284240722 | Test Acc: 30.579999923706055%
Epoch: 32 | Epoch Time: 1m 6s
Train Loss: 1.9420117095947265 | Train Acc: 30.147998809814453%
Test Loss: 1.9376209560394286 | Test Acc: 30.81999969482422%
Epoch: 33 | Epoch Time: 1m 9s
Train Loss: 1.9298545782470704 | Train Acc: 30.437999725341797%
Test Loss: 1.92544030418396 | Test Acc: 31.029998779296875%
Epoch: 34 | Epoch Time: 1m 5s
Train Loss: 1.9182712677001954 | Train Acc: 30.746000289916992%
Test Loss: 1.913780018043518 | Test Acc: 31.360000610351562%
Epoch: 35 | Epoch Time: 1m 8s
Train Loss: 1.907232548828125 | Train Acc: 31.055999755859375%
Test Loss: 1.9026035118103026 | Test Acc: 31.700000762939453%
Epoch: 36 | Epoch Time: 1m 8s
Train Loss: 1.8967745336914061 | Train Acc: 31.270000457763672%
Test Loss: 1.8919988405227661 | Test Acc: 31.950000762939453%
Epoch: 37 | Epoch Time: 1m 10s
Train Loss: 1.8864341900634765 | Train Acc: 31.540000915527344%
Test Loss: 1.8815425701141357 | Test Acc: 32.20000076293945%
Epoch: 38 | Epoch Time: 1m 8s
Train Loss: 1.8763125411987305 | Train Acc: 31.833999633789062%
Test Loss: 1.8713594841003418 | Test Acc: 32.480003356933594%
Epoch: 39 | Epoch Time: 1m 8s
Train Loss: 1.8666937985229493 | Train Acc: 32.09599685668945%
Test Loss: 1.861636257171631 | Test Acc: 32.70000076293945%
Epoch: 40 | Epoch Time: 1m 6s
Train Loss: 1.8571867306518555 | Train Acc: 32.3120002746582%
Test Loss: 1.8520297790527345 | Test Acc: 32.88999938964844%
Epoch: 41 | Epoch Time: 1m 5s
Train Loss: 1.8479299856567384 | Train Acc: 32.540000915527344%
Test Loss: 1.8426840362548829 | Test Acc: 33.05999755859375%
Epoch: 42 | Epoch Time: 1m 7s
Train Loss: 1.838653408203125 | Train Acc: 32.85599899291992%
Test Loss: 1.833363416481018 | Test Acc: 33.32999801635742%
Epoch: 43 | Epoch Time: 1m 9s
Train Loss: 1.8295049716186524 | Train Acc: 33.14200210571289%
Test Loss: 1.8242054271697998 | Test Acc: 33.57999801635742%
Epoch: 44 | Epoch Time: 1m 8s
Train Loss: 1.8205748596191407 | Train Acc: 33.422000885009766%
Test Loss: 1.8152474472045899 | Test Acc: 33.90999984741211%
Epoch: 45 | Epoch Time: 1m 8s
Train Loss: 1.8116122973632813 | Train Acc: 33.689998626708984%
Test Loss: 1.806246154975891 | Test Acc: 34.15999984741211%
Epoch: 46 | Epoch Time: 1m 12s
Train Loss: 1.8027378323364258 | Train Acc: 33.96799850463867%
Test Loss: 1.7973711130142211 | Test Acc: 34.52000045776367%
Epoch: 47 | Epoch Time: 1m 12s
Train Loss: 1.7941585803222657 | Train Acc: 34.22800064086914%
Test Loss: 1.7887732019424438 | Test Acc: 34.97999954223633%
Epoch: 48 | Epoch Time: 1m 8s
Train Loss: 1.7855399618530274 | Train Acc: 34.470001220703125%
Test Loss: 1.7801674467086792 | Test Acc: 35.310001373291016%
Epoch: 49 | Epoch Time: 1m 5s
Train Loss: 1.7768316351318358 | Train Acc: 34.768001556396484%
Test Loss: 1.7715343093872071 | Test Acc: 35.650001525878906%
Epoch: 50 | Epoch Time: 1m 6s
Train Loss: 1.7684158477783203 | Train Acc: 35.13399887084961%
Test Loss: 1.7631816068649293 | Test Acc: 35.91999816894531%
Epoch: 51 | Epoch Time: 1m 4s
Train Loss: 1.7601516253662108 | Train Acc: 35.46799850463867%
Test Loss: 1.754958911705017 | Test Acc: 36.18000030517578%
Epoch: 52 | Epoch Time: 1m 10s
Train Loss: 1.7516837600708008 | Train Acc: 35.75600051879883%
Test Loss: 1.7465833696365356 | Test Acc: 36.439998626708984%
Epoch: 53 | Epoch Time: 1m 5s
Train Loss: 1.7435979025268555 | Train Acc: 36.055999755859375%
Test Loss: 1.7385737098693848 | Test Acc: 36.81999969482422%
Namespace(action=0, all_clients=False, bs=128, dataset='mnist', epochs=10, frac=0.1, gpu=0, iid=False, kernel_num=9, kernel_sizes='3,4,5', local_bs=10, local_ep=5, lr=0.01, max_pool='True', model='CNN', momentum=0.5, norm='batch_norm', num_channels=3, num_classes=10, num_filters=32, num_users=100, seed=1, split='user', stopping_rounds=10, verbose=False)
{'model_name': 'CNN', 'device': device(type='cuda', index=0), 'log_dir': 'log\\CNN', 'ckpt_dir': 'checkpoint\\CNN', 'mode': 'raw', 'defence': 'raw', 'client_epochs': 5, 'server_epochs': 100, 'batch_size': 128, 'client_lr': 0.05, 'server_lr': 0.1, 'load_ckpt': -1, 'workers': 25, 'byzantine_workers': 5, 'attack_strength': 0, 'k': 1, 'test_frequency': 1}
======================Start Train Model [Fri May  3 16:27:56 2024]======================
Epoch: 1 | Epoch Time: 1m 3s
Train Loss: 2.3014009829711912 | Train Acc: 10.0%
Test Loss: 2.3013550354003907 | Test Acc: 10.0%
Epoch: 2 | Epoch Time: 1m 3s
Train Loss: 2.300664116821289 | Train Acc: 10.0%
Test Loss: 2.3006170768737793 | Test Acc: 10.0%
Epoch: 3 | Epoch Time: 1m 7s
Train Loss: 2.299847708129883 | Train Acc: 10.0%
Test Loss: 2.2997994289398194 | Test Acc: 10.0%
Epoch: 4 | Epoch Time: 1m 7s
Train Loss: 2.2989449966430664 | Train Acc: 10.0%
Test Loss: 2.298892373275757 | Test Acc: 10.0%
Epoch: 5 | Epoch Time: 1m 7s
Train Loss: 2.297946432189941 | Train Acc: 10.0%
Test Loss: 2.2978872844696046 | Test Acc: 10.0%
Epoch: 6 | Epoch Time: 1m 7s
Train Loss: 2.296830309753418 | Train Acc: 10.0%
Test Loss: 2.296761777114868 | Test Acc: 10.0%
Epoch: 7 | Epoch Time: 1m 8s
Train Loss: 2.295571533508301 | Train Acc: 10.0%
Test Loss: 2.2954932567596438 | Test Acc: 10.0%
Epoch: 8 | Epoch Time: 1m 8s
Train Loss: 2.2941377645874024 | Train Acc: 10.007999420166016%
Test Loss: 2.2940469860076904 | Test Acc: 10.0%
Epoch: 9 | Epoch Time: 1m 8s
Train Loss: 2.292476446533203 | Train Acc: 10.02400016784668%
Test Loss: 2.2923694595336914 | Test Acc: 10.059999465942383%
Epoch: 10 | Epoch Time: 1m 9s
Train Loss: 2.290517236022949 | Train Acc: 10.432000160217285%
Test Loss: 2.2903863033294676 | Test Acc: 10.440000534057617%
Epoch: 11 | Epoch Time: 1m 6s
Train Loss: 2.2881914318847656 | Train Acc: 11.501999855041504%
Test Loss: 2.2880266380310057 | Test Acc: 11.529999732971191%
Epoch: 12 | Epoch Time: 1m 3s
Train Loss: 2.2853908291625977 | Train Acc: 12.856000900268555%
Test Loss: 2.285180382537842 | Test Acc: 12.90999984741211%
Epoch: 13 | Epoch Time: 1m 8s
Train Loss: 2.2819869381713866 | Train Acc: 14.392000198364258%
Test Loss: 2.2817204051971434 | Test Acc: 14.550000190734863%
Epoch: 14 | Epoch Time: 1m 7s
Train Loss: 2.277868327026367 | Train Acc: 16.035999298095703%
Test Loss: 2.2775301845550535 | Test Acc: 16.150001525878906%
Epoch: 15 | Epoch Time: 1m 10s
Train Loss: 2.272851972351074 | Train Acc: 17.564001083374023%
Test Loss: 2.272429114532471 | Test Acc: 17.65999984741211%
Namespace(action=0, all_clients=False, bs=128, dataset='mnist', epochs=10, frac=0.1, gpu=0, iid=False, kernel_num=9, kernel_sizes='3,4,5', local_bs=10, local_ep=5, lr=0.01, max_pool='True', model='CNN', momentum=0.5, norm='batch_norm', num_channels=3, num_classes=10, num_filters=32, num_users=100, seed=1, split='user', stopping_rounds=10, verbose=False)
{'model_name': 'CNN', 'device': device(type='cuda', index=0), 'log_dir': 'log\\CNN', 'ckpt_dir': 'checkpoint\\CNN', 'mode': 'raw', 'defence': 'raw', 'client_epochs': 5, 'server_epochs': 100, 'batch_size': 128, 'client_lr': 0.01, 'server_lr': 0.25, 'server_rate': 2000, 'load_ckpt': -1, 'workers': 25, 'byzantine_workers': 5, 'attack_strength': 0, 'k': 1, 'test_frequency': 1}
======================Start Train Model [Fri May  3 16:48:46 2024]======================
Epoch: 1 | Epoch Time: 1m 8s
Train Loss: 2.3017125692749025 | Train Acc: 10.0%
Test Loss: 2.3016675365448 | Test Acc: 10.0%
Epoch: 2 | Epoch Time: 1m 8s
Train Loss: 2.301348451538086 | Train Acc: 10.0%
Test Loss: 2.3013038173675535 | Test Acc: 10.0%
Epoch: 3 | Epoch Time: 1m 9s
Train Loss: 2.3009738330078124 | Train Acc: 10.0%
Test Loss: 2.300930934524536 | Test Acc: 10.0%
Epoch: 4 | Epoch Time: 0m 55s
Train Loss: 2.3005954742431642 | Train Acc: 10.0%
Test Loss: 2.3005537693023683 | Test Acc: 10.0%
Epoch: 5 | Epoch Time: 0m 56s
Train Loss: 2.3002155380249025 | Train Acc: 10.0%
Test Loss: 2.30017480506897 | Test Acc: 10.0%
Epoch: 6 | Epoch Time: 0m 59s
Train Loss: 2.2998355654907225 | Train Acc: 10.0%
Test Loss: 2.2997949634552004 | Test Acc: 10.0%
Epoch: 7 | Epoch Time: 0m 55s
Train Loss: 2.299456145019531 | Train Acc: 10.0%
Test Loss: 2.299414518737793 | Test Acc: 10.0%
Epoch: 8 | Epoch Time: 0m 55s
Train Loss: 2.299075655822754 | Train Acc: 10.0%
Test Loss: 2.2990328456878664 | Test Acc: 10.0%
Epoch: 9 | Epoch Time: 0m 57s
Train Loss: 2.2986927752685546 | Train Acc: 10.0%
Test Loss: 2.2986481422424316 | Test Acc: 10.0%
Epoch: 10 | Epoch Time: 0m 58s
Train Loss: 2.2983049865722656 | Train Acc: 10.0%
Test Loss: 2.2982583290100096 | Test Acc: 10.0%
Epoch: 11 | Epoch Time: 0m 55s
Train Loss: 2.297911716918945 | Train Acc: 10.0%
Test Loss: 2.297862543487549 | Test Acc: 10.0%
Epoch: 12 | Epoch Time: 0m 56s
Train Loss: 2.2975101956176758 | Train Acc: 10.0%
Test Loss: 2.2974587211608886 | Test Acc: 10.0%
Epoch: 13 | Epoch Time: 0m 58s
Train Loss: 2.2970987896728516 | Train Acc: 9.99799919128418%
Test Loss: 2.29704501953125 | Test Acc: 10.0%
Epoch: 14 | Epoch Time: 0m 56s
Train Loss: 2.2966774438476563 | Train Acc: 9.99799919128418%
Test Loss: 2.2966214149475097 | Test Acc: 10.0%
Epoch: 15 | Epoch Time: 0m 56s
Train Loss: 2.296243473815918 | Train Acc: 9.99799919128418%
Test Loss: 2.296185065078735 | Test Acc: 10.0%
Epoch: 16 | Epoch Time: 0m 57s
Train Loss: 2.2957951007080077 | Train Acc: 10.0%
Test Loss: 2.2957335792541502 | Test Acc: 10.0%
Epoch: 17 | Epoch Time: 0m 57s
Train Loss: 2.2953299237060545 | Train Acc: 10.0%
Test Loss: 2.2952647941589355 | Test Acc: 10.0%
Epoch: 18 | Epoch Time: 0m 55s
Train Loss: 2.2948457998657226 | Train Acc: 10.001999855041504%
Test Loss: 2.294776383972168 | Test Acc: 10.0%
Epoch: 19 | Epoch Time: 0m 56s
Train Loss: 2.294340651245117 | Train Acc: 10.006000518798828%
Test Loss: 2.2942663986206053 | Test Acc: 10.0%
Epoch: 20 | Epoch Time: 0m 57s
Train Loss: 2.2938120989990236 | Train Acc: 10.016000747680664%
Test Loss: 2.2937331130981446 | Test Acc: 10.010000228881836%
Epoch: 21 | Epoch Time: 0m 55s
Train Loss: 2.293257186279297 | Train Acc: 10.022000312805176%
Test Loss: 2.2931733779907226 | Test Acc: 10.019999504089355%
Epoch: 22 | Epoch Time: 0m 55s
Train Loss: 2.292673112182617 | Train Acc: 10.039999961853027%
Test Loss: 2.2925844200134278 | Test Acc: 10.029999732971191%
Namespace(action=0, all_clients=False, bs=128, dataset='mnist', epochs=10, frac=0.1, gpu=0, iid=False, kernel_num=9, kernel_sizes='3,4,5', local_bs=10, local_ep=5, lr=0.01, max_pool='True', model='CNN', momentum=0.5, norm='batch_norm', num_channels=3, num_classes=10, num_filters=32, num_users=100, seed=1, split='user', stopping_rounds=10, verbose=False)
{'model_name': 'CNN', 'device': device(type='cuda', index=0), 'log_dir': 'log\\CNN', 'ckpt_dir': 'checkpoint\\CNN', 'mode': 'raw', 'defence': 'raw', 'client_epochs': 5, 'server_epochs': 100, 'batch_size': 128, 'client_lr': 0.01, 'server_lr': 0.1, 'server_rate': 2000, 'load_ckpt': -1, 'workers': 25, 'byzantine_workers': 5, 'attack_strength': 0, 'k': 1, 'test_frequency': 1}
======================Start Train Model [Fri May  3 17:15:35 2024]======================
Epoch: 1 | Epoch Time: 0m 59s
Train Loss: 2.301923689880371 | Train Acc: 10.0%
Test Loss: 2.3018793640136717 | Test Acc: 10.0%
Epoch: 2 | Epoch Time: 0m 59s
Train Loss: 2.3017823974609377 | Train Acc: 10.0%
Test Loss: 2.301737495803833 | Test Acc: 10.0%
Epoch: 3 | Epoch Time: 0m 57s
Train Loss: 2.301638879394531 | Train Acc: 10.0%
Test Loss: 2.30159380607605 | Test Acc: 10.0%
Epoch: 4 | Epoch Time: 0m 57s
Train Loss: 2.301493239440918 | Train Acc: 10.0%
Test Loss: 2.3014482345581055 | Test Acc: 10.0%
Epoch: 5 | Epoch Time: 0m 58s
Train Loss: 2.301345657043457 | Train Acc: 10.0%
Test Loss: 2.3013010810852053 | Test Acc: 10.0%
Epoch: 6 | Epoch Time: 0m 57s
Train Loss: 2.3011961810302735 | Train Acc: 10.0%
Test Loss: 2.3011522468566894 | Test Acc: 10.0%
Epoch: 7 | Epoch Time: 0m 56s
Train Loss: 2.301045604553223 | Train Acc: 10.0%
Test Loss: 2.301002409362793 | Test Acc: 10.0%
Namespace(action=0, all_clients=False, bs=128, dataset='mnist', epochs=10, frac=0.1, gpu=0, iid=False, kernel_num=9, kernel_sizes='3,4,5', local_bs=10, local_ep=5, lr=0.01, max_pool='True', model='CNN', momentum=0.5, norm='batch_norm', num_channels=3, num_classes=10, num_filters=32, num_users=100, seed=1, split='user', stopping_rounds=10, verbose=False)
{'model_name': 'CNN', 'device': device(type='cuda', index=0), 'log_dir': 'log\\CNN', 'ckpt_dir': 'checkpoint\\CNN', 'mode': 'raw', 'defence': 'raw', 'client_epochs': 5, 'server_epochs': 100, 'batch_size': 128, 'client_lr': 0.01, 'server_lr': 0.1, 'server_rate': 2000, 'load_ckpt': -1, 'workers': 25, 'byzantine_workers': 5, 'attack_strength': 0, 'k': 1, 'test_frequency': 1}
======================Start Train Model [Fri May  3 17:24:42 2024]======================
Epoch: 1 | Epoch Time: 0m 57s
Train Loss: 2.3019236370849607 | Train Acc: 10.0%
Test Loss: 2.301879306793213 | Test Acc: 10.0%
Epoch: 2 | Epoch Time: 0m 56s
Train Loss: 2.3017822326660156 | Train Acc: 10.0%
Test Loss: 2.3017373874664306 | Test Acc: 10.0%
Epoch: 3 | Epoch Time: 0m 58s
Train Loss: 2.3016386282348633 | Train Acc: 10.0%
Test Loss: 2.301593544769287 | Test Acc: 10.0%
Epoch: 4 | Epoch Time: 0m 59s
Train Loss: 2.30149290435791 | Train Acc: 10.0%
Test Loss: 2.30144787940979 | Test Acc: 10.0%
Epoch: 5 | Epoch Time: 0m 58s
Train Loss: 2.3013451889038086 | Train Acc: 10.0%
Test Loss: 2.3013006244659424 | Test Acc: 10.0%
Epoch: 6 | Epoch Time: 0m 58s
Train Loss: 2.301195562133789 | Train Acc: 10.0%
Test Loss: 2.30115160446167 | Test Acc: 10.0%
Epoch: 7 | Epoch Time: 0m 57s
Train Loss: 2.30104485534668 | Train Acc: 10.0%
Test Loss: 2.301001742553711 | Test Acc: 10.0%
Epoch: 8 | Epoch Time: 0m 58s
Train Loss: 2.300893688659668 | Train Acc: 10.0%
Test Loss: 2.300851254272461 | Test Acc: 10.0%
Namespace(action=0, all_clients=False, bs=128, dataset='mnist', epochs=10, frac=0.1, gpu=0, iid=False, kernel_num=9, kernel_sizes='3,4,5', local_bs=10, local_ep=5, lr=0.01, max_pool='True', model='CNN', momentum=0.5, norm='batch_norm', num_channels=3, num_classes=10, num_filters=32, num_users=100, seed=1, split='user', stopping_rounds=10, verbose=False)
{'model_name': 'CNN', 'device': device(type='cuda', index=0), 'log_dir': 'log\\CNN', 'ckpt_dir': 'checkpoint\\CNN', 'mode': 'raw', 'defence': 'raw', 'client_epochs': 5, 'server_epochs': 100, 'batch_size': 128, 'client_lr': 0.1, 'server_lr': 0.25, 'server_rate': 2000, 'load_ckpt': -1, 'workers': 25, 'byzantine_workers': 5, 'attack_strength': 0, 'k': 1, 'test_frequency': 1}
======================Start Train Model [Fri May  3 17:34:33 2024]======================
Epoch: 1 | Epoch Time: 0m 59s
Train Loss: 2.2978789276123046 | Train Acc: 10.0%
Test Loss: 2.297815191268921 | Test Acc: 10.0%
Epoch: 2 | Epoch Time: 0m 59s
Train Loss: 2.2884463858032227 | Train Acc: 13.3100004196167%
Test Loss: 2.288251874923706 | Test Acc: 13.339999198913574%
Epoch: 3 | Epoch Time: 1m 0s
Train Loss: 2.2638897116088867 | Train Acc: 19.253999710083008%
Test Loss: 2.2632960857391358 | Test Acc: 19.05000114440918%
Epoch: 4 | Epoch Time: 0m 59s
Train Loss: 2.2169299389648436 | Train Acc: 24.6560001373291%
Test Loss: 2.2157631465911867 | Test Acc: 24.600000381469727%
Epoch: 5 | Epoch Time: 0m 57s
Train Loss: 2.15697739440918 | Train Acc: 26.871999740600586%
Test Loss: 2.155273754119873 | Test Acc: 26.8700008392334%
Epoch: 6 | Epoch Time: 0m 59s
Train Loss: 2.0949671295166015 | Train Acc: 28.152000427246094%
Test Loss: 2.0928171089172363 | Test Acc: 28.43000030517578%
Epoch: 7 | Epoch Time: 0m 56s
Train Loss: 2.035826183166504 | Train Acc: 29.102001190185547%
Test Loss: 2.0331813274383546 | Test Acc: 29.60999870300293%
Epoch: 8 | Epoch Time: 0m 55s
Train Loss: 1.9822706787109374 | Train Acc: 30.170000076293945%
Test Loss: 1.9791809467315673 | Test Acc: 30.239999771118164%
Epoch: 9 | Epoch Time: 0m 56s
Train Loss: 1.9366228387451172 | Train Acc: 31.147998809814453%
Test Loss: 1.9330414367675781 | Test Acc: 31.369998931884766%
Epoch: 10 | Epoch Time: 0m 55s
Train Loss: 1.8915356713867189 | Train Acc: 32.36399841308594%
Test Loss: 1.8877066308975219 | Test Acc: 32.560001373291016%
Epoch: 11 | Epoch Time: 0m 55s
Train Loss: 1.853225361328125 | Train Acc: 33.49399948120117%
Test Loss: 1.8488719270706178 | Test Acc: 33.43000030517578%
Epoch: 12 | Epoch Time: 0m 55s
Train Loss: 1.8161367803955077 | Train Acc: 34.81800079345703%
Test Loss: 1.8117598791122436 | Test Acc: 35.01000213623047%
Epoch: 13 | Epoch Time: 0m 55s
Train Loss: 1.7808472399902344 | Train Acc: 35.92599868774414%
Test Loss: 1.7765046867370606 | Test Acc: 36.37999725341797%
Epoch: 14 | Epoch Time: 0m 55s
Train Loss: 1.748520325012207 | Train Acc: 36.79600143432617%
Test Loss: 1.7442439361572266 | Test Acc: 37.32999801635742%
Epoch: 15 | Epoch Time: 0m 56s
Train Loss: 1.7184173754882812 | Train Acc: 37.86199951171875%
Test Loss: 1.7141507415771484 | Test Acc: 38.20000076293945%
Epoch: 16 | Epoch Time: 0m 57s
Train Loss: 1.6905381478881836 | Train Acc: 38.742000579833984%
Test Loss: 1.6864966985702514 | Test Acc: 39.2599983215332%
Epoch: 17 | Epoch Time: 0m 57s
Train Loss: 1.6646718130493163 | Train Acc: 39.54999923706055%
Test Loss: 1.6610668312072754 | Test Acc: 39.97999954223633%
Epoch: 18 | Epoch Time: 1m 11s
Train Loss: 1.642293056640625 | Train Acc: 40.28199768066406%
Test Loss: 1.6388322618484497 | Test Acc: 40.650001525878906%
Epoch: 19 | Epoch Time: 1m 11s
Train Loss: 1.6201780819702147 | Train Acc: 41.04199981689453%
Test Loss: 1.6172859859466553 | Test Acc: 41.38999938964844%
Epoch: 20 | Epoch Time: 1m 9s
Train Loss: 1.598248713684082 | Train Acc: 41.97599792480469%
Test Loss: 1.596167730331421 | Test Acc: 41.970001220703125%
Epoch: 21 | Epoch Time: 1m 12s
Train Loss: 1.5804368463134766 | Train Acc: 42.625999450683594%
Test Loss: 1.578663226890564 | Test Acc: 42.69999694824219%
Epoch: 22 | Epoch Time: 1m 12s
Train Loss: 1.5613311178588867 | Train Acc: 43.38399887084961%
Test Loss: 1.5599154411315919 | Test Acc: 43.349998474121094%
Epoch: 23 | Epoch Time: 1m 11s
Train Loss: 1.5438544555664062 | Train Acc: 43.9739990234375%
Test Loss: 1.5432819549560546 | Test Acc: 43.93000030517578%
Epoch: 24 | Epoch Time: 1m 10s
Train Loss: 1.5256176168823241 | Train Acc: 44.667999267578125%
Test Loss: 1.5253721290588378 | Test Acc: 44.85000228881836%
Epoch: 25 | Epoch Time: 0m 57s
Train Loss: 1.5087601756286622 | Train Acc: 45.27199935913086%
Test Loss: 1.509143909072876 | Test Acc: 45.290000915527344%
Epoch: 26 | Epoch Time: 0m 58s
Train Loss: 1.4932061878967284 | Train Acc: 45.961997985839844%
Test Loss: 1.4941976913452149 | Test Acc: 46.15999984741211%
Epoch: 27 | Epoch Time: 0m 57s
Train Loss: 1.4773759524536132 | Train Acc: 46.566001892089844%
Test Loss: 1.479026293373108 | Test Acc: 46.88999938964844%
Epoch: 28 | Epoch Time: 0m 58s
Train Loss: 1.4626278355407716 | Train Acc: 47.198001861572266%
Test Loss: 1.4645594835281373 | Test Acc: 47.43000030517578%
Epoch: 29 | Epoch Time: 0m 58s
Train Loss: 1.4482089294433593 | Train Acc: 47.72200012207031%
Test Loss: 1.4508107816696167 | Test Acc: 47.94000244140625%
Epoch: 30 | Epoch Time: 0m 57s
Train Loss: 1.4321569139099122 | Train Acc: 48.30400085449219%
Test Loss: 1.4351836471557617 | Test Acc: 48.47999954223633%
Epoch: 31 | Epoch Time: 0m 56s
Train Loss: 1.4201713902282715 | Train Acc: 48.736000061035156%
Test Loss: 1.4238947649002076 | Test Acc: 49.15999984741211%
Epoch: 32 | Epoch Time: 0m 56s
Train Loss: 1.4072587133789063 | Train Acc: 49.21999740600586%
Test Loss: 1.4115926723480225 | Test Acc: 49.720001220703125%
Epoch: 33 | Epoch Time: 0m 58s
Train Loss: 1.39606677734375 | Train Acc: 49.7239990234375%
Test Loss: 1.4012661499023438 | Test Acc: 50.340003967285156%
Epoch: 34 | Epoch Time: 0m 57s
Train Loss: 1.382496098175049 | Train Acc: 50.263999938964844%
Test Loss: 1.3879404453277588 | Test Acc: 50.73999786376953%
Epoch: 35 | Epoch Time: 0m 58s
Train Loss: 1.3711851792907714 | Train Acc: 50.70800018310547%
Test Loss: 1.3773323457717896 | Test Acc: 51.37000274658203%
Epoch: 36 | Epoch Time: 0m 59s
Train Loss: 1.3588809379577638 | Train Acc: 51.112003326416016%
Test Loss: 1.3653855768203735 | Test Acc: 51.709999084472656%
Epoch: 37 | Epoch Time: 0m 57s
Train Loss: 1.347328807220459 | Train Acc: 51.70800018310547%
Test Loss: 1.3546254833221436 | Test Acc: 52.249996185302734%
Epoch: 38 | Epoch Time: 0m 59s
Train Loss: 1.3341980812072753 | Train Acc: 52.167999267578125%
Test Loss: 1.341635061264038 | Test Acc: 52.630001068115234%
Epoch: 39 | Epoch Time: 0m 57s
Train Loss: 1.3228977954101562 | Train Acc: 52.597999572753906%
Test Loss: 1.3305773292541503 | Test Acc: 53.02000045776367%
Epoch: 40 | Epoch Time: 0m 57s
Train Loss: 1.3124783413696288 | Train Acc: 53.0780029296875%
Test Loss: 1.3211998231887818 | Test Acc: 53.15999984741211%
Epoch: 41 | Epoch Time: 0m 59s
Train Loss: 1.30311306640625 | Train Acc: 53.47200012207031%
Test Loss: 1.3126253049850465 | Test Acc: 53.46999740600586%
Epoch: 42 | Epoch Time: 1m 0s
Train Loss: 1.2935536959838867 | Train Acc: 53.880001068115234%
Test Loss: 1.3038016700744628 | Test Acc: 53.84000015258789%
Epoch: 43 | Epoch Time: 0m 57s
Train Loss: 1.285263639831543 | Train Acc: 54.35799789428711%
Test Loss: 1.2972373247146607 | Test Acc: 54.20000076293945%
Epoch: 44 | Epoch Time: 0m 56s
Train Loss: 1.2748656777954102 | Train Acc: 54.698001861572266%
Test Loss: 1.2875016847610474 | Test Acc: 54.439998626708984%
Epoch: 45 | Epoch Time: 0m 55s
Train Loss: 1.26556411819458 | Train Acc: 55.040000915527344%
Test Loss: 1.2793399431228638 | Test Acc: 54.72999954223633%
Epoch: 46 | Epoch Time: 0m 56s
Train Loss: 1.2556425982666015 | Train Acc: 55.37999725341797%
Test Loss: 1.269822785949707 | Test Acc: 55.089996337890625%
Epoch: 47 | Epoch Time: 0m 56s
Train Loss: 1.245295798034668 | Train Acc: 55.70600128173828%
Test Loss: 1.2598382587432861 | Test Acc: 55.519996643066406%
Epoch: 48 | Epoch Time: 0m 54s
Train Loss: 1.2359377380371093 | Train Acc: 56.077999114990234%
Test Loss: 1.251621784210205 | Test Acc: 55.849998474121094%
Epoch: 49 | Epoch Time: 0m 57s
Train Loss: 1.2271949851989745 | Train Acc: 56.36600112915039%
Test Loss: 1.2440757057189942 | Test Acc: 56.08000183105469%
Epoch: 50 | Epoch Time: 0m 58s
Train Loss: 1.2188567642211914 | Train Acc: 56.69000244140625%
Test Loss: 1.2367710264205933 | Test Acc: 56.44000244140625%
Epoch: 51 | Epoch Time: 0m 56s
Train Loss: 1.210561523590088 | Train Acc: 57.0420036315918%
Test Loss: 1.2295687791824341 | Test Acc: 56.590003967285156%
Epoch: 52 | Epoch Time: 0m 57s
Train Loss: 1.2022914614868163 | Train Acc: 57.384002685546875%
Test Loss: 1.2224573944091797 | Test Acc: 56.900001525878906%
Epoch: 53 | Epoch Time: 0m 58s
Train Loss: 1.1949558549499513 | Train Acc: 57.71800231933594%
Test Loss: 1.2162349500656129 | Test Acc: 57.1300048828125%
Epoch: 54 | Epoch Time: 0m 57s
Train Loss: 1.187073094329834 | Train Acc: 57.9900016784668%
Test Loss: 1.209185866165161 | Test Acc: 57.45000076293945%
Epoch: 55 | Epoch Time: 0m 58s
Train Loss: 1.1792187492370605 | Train Acc: 58.21800231933594%
Test Loss: 1.2024969308853148 | Test Acc: 57.810001373291016%
Epoch: 56 | Epoch Time: 0m 57s
Train Loss: 1.1711190489196777 | Train Acc: 58.54399871826172%
Test Loss: 1.195031505393982 | Test Acc: 58.20000076293945%
Epoch: 57 | Epoch Time: 0m 57s
Train Loss: 1.1638565084838868 | Train Acc: 58.8599967956543%
Test Loss: 1.189130513381958 | Test Acc: 58.28999710083008%
Epoch: 58 | Epoch Time: 0m 57s
Train Loss: 1.1567324569702149 | Train Acc: 59.124000549316406%
Test Loss: 1.1835162199020386 | Test Acc: 58.560001373291016%
Epoch: 59 | Epoch Time: 0m 57s
Train Loss: 1.1497309786987304 | Train Acc: 59.36199951171875%
Test Loss: 1.177430332183838 | Test Acc: 58.78999710083008%
Epoch: 60 | Epoch Time: 0m 52s
Train Loss: 1.1427842849731444 | Train Acc: 59.56599807739258%
Test Loss: 1.1719367946624757 | Test Acc: 58.95000076293945%
Epoch: 61 | Epoch Time: 0m 52s
Train Loss: 1.1358343170166016 | Train Acc: 59.965999603271484%
Test Loss: 1.1660103975296021 | Test Acc: 59.22999954223633%
Epoch: 62 | Epoch Time: 0m 58s
Train Loss: 1.1285332449340821 | Train Acc: 60.2599983215332%
Test Loss: 1.1598923418045044 | Test Acc: 59.439998626708984%
Epoch: 63 | Epoch Time: 0m 57s
Train Loss: 1.1211082884216308 | Train Acc: 60.46799850463867%
Test Loss: 1.1535874559402466 | Test Acc: 59.46000289916992%
Epoch: 64 | Epoch Time: 0m 58s
Train Loss: 1.1140334524536133 | Train Acc: 60.768001556396484%
Test Loss: 1.1482326978683473 | Test Acc: 59.820003509521484%
Epoch: 65 | Epoch Time: 0m 59s
Train Loss: 1.1081815968322755 | Train Acc: 61.00400161743164%
Test Loss: 1.1445146326065063 | Test Acc: 60.03000259399414%
Epoch: 66 | Epoch Time: 1m 2s
Train Loss: 1.1012083949279785 | Train Acc: 61.25%
Test Loss: 1.1383631092071533 | Test Acc: 60.250003814697266%
Epoch: 67 | Epoch Time: 0m 58s
Train Loss: 1.094409387664795 | Train Acc: 61.567996978759766%
Test Loss: 1.132189652633667 | Test Acc: 60.46000289916992%
Epoch: 68 | Epoch Time: 0m 57s
Train Loss: 1.087986459197998 | Train Acc: 61.801998138427734%
Test Loss: 1.1266797115325928 | Test Acc: 60.54999923706055%
Epoch: 69 | Epoch Time: 1m 1s
Train Loss: 1.082159539642334 | Train Acc: 62.034000396728516%
Test Loss: 1.1222004034042359 | Test Acc: 60.60000228881836%
Epoch: 70 | Epoch Time: 0m 58s
Train Loss: 1.0757840853881835 | Train Acc: 62.29399871826172%
Test Loss: 1.1169550001144408 | Test Acc: 60.88999938964844%
Epoch: 71 | Epoch Time: 1m 0s
Train Loss: 1.0705224838256835 | Train Acc: 62.410003662109375%
Test Loss: 1.1128886753082274 | Test Acc: 60.98999786376953%
Epoch: 72 | Epoch Time: 1m 0s
Train Loss: 1.064696364135742 | Train Acc: 62.60399627685547%
Test Loss: 1.1090467226028442 | Test Acc: 61.11000061035156%
Epoch: 73 | Epoch Time: 1m 3s
Train Loss: 1.0593405015563966 | Train Acc: 62.791996002197266%
Test Loss: 1.1051898090362549 | Test Acc: 61.16999816894531%
Epoch: 74 | Epoch Time: 1m 0s
Train Loss: 1.0539260568237305 | Train Acc: 63.03200149536133%
Test Loss: 1.101437526512146 | Test Acc: 61.44999694824219%
Epoch: 75 | Epoch Time: 1m 1s
Train Loss: 1.0483678935241698 | Train Acc: 63.243995666503906%
Test Loss: 1.0974068849563599 | Test Acc: 61.62999725341797%
Epoch: 76 | Epoch Time: 1m 0s
Train Loss: 1.0436169918823242 | Train Acc: 63.358001708984375%
Test Loss: 1.094581351661682 | Test Acc: 61.599998474121094%
Epoch: 77 | Epoch Time: 1m 1s
Train Loss: 1.037199113922119 | Train Acc: 63.656002044677734%
Test Loss: 1.0894648429870606 | Test Acc: 61.94000244140625%
Epoch: 78 | Epoch Time: 0m 57s
Train Loss: 1.033433085784912 | Train Acc: 63.75200271606445%
Test Loss: 1.087619790840149 | Test Acc: 62.18000030517578%
Epoch: 79 | Epoch Time: 1m 1s
Train Loss: 1.0279033964538575 | Train Acc: 63.93799591064453%
Test Loss: 1.0832137254714966 | Test Acc: 62.30000305175781%
Epoch: 80 | Epoch Time: 0m 57s
Train Loss: 1.022252802734375 | Train Acc: 64.18600463867188%
Test Loss: 1.0790853982925415 | Test Acc: 62.48999786376953%
Epoch: 81 | Epoch Time: 0m 59s
Train Loss: 1.0175049015808106 | Train Acc: 64.33599853515625%
Test Loss: 1.0758786251068115 | Test Acc: 62.459999084472656%
Epoch: 82 | Epoch Time: 1m 0s
Train Loss: 1.0117077340698242 | Train Acc: 64.54399871826172%
Test Loss: 1.0718198581695557 | Test Acc: 62.709999084472656%
Epoch: 83 | Epoch Time: 0m 59s
Train Loss: 1.0059875885009766 | Train Acc: 64.72799682617188%
Test Loss: 1.0678799217224122 | Test Acc: 62.709999084472656%
Epoch: 84 | Epoch Time: 0m 58s
Train Loss: 1.000923023223877 | Train Acc: 64.95199584960938%
Test Loss: 1.0639334552764892 | Test Acc: 62.769996643066406%
Epoch: 85 | Epoch Time: 1m 1s
Train Loss: 0.995531459350586 | Train Acc: 65.13999938964844%
Test Loss: 1.059990954208374 | Test Acc: 62.900001525878906%
Epoch: 86 | Epoch Time: 1m 2s
Train Loss: 0.991374582977295 | Train Acc: 65.21199798583984%
Test Loss: 1.0579905263900757 | Test Acc: 63.11000061035156%
Epoch: 87 | Epoch Time: 1m 0s
Train Loss: 0.9867058000183105 | Train Acc: 65.44599914550781%
Test Loss: 1.0545042861938476 | Test Acc: 63.220001220703125%
Epoch: 88 | Epoch Time: 1m 1s
Train Loss: 0.981536067199707 | Train Acc: 65.59600067138672%
Test Loss: 1.051268006515503 | Test Acc: 63.340003967285156%
Epoch: 89 | Epoch Time: 1m 0s
Train Loss: 0.9767664125061035 | Train Acc: 65.7459945678711%
Test Loss: 1.0485345205307006 | Test Acc: 63.480003356933594%
Epoch: 90 | Epoch Time: 1m 1s
Train Loss: 0.9721832351684571 | Train Acc: 65.93599700927734%
Test Loss: 1.0457072185516358 | Test Acc: 63.61000061035156%
Epoch: 91 | Epoch Time: 1m 2s
Train Loss: 0.9670175408935547 | Train Acc: 66.1259994506836%
Test Loss: 1.0418225479125978 | Test Acc: 63.730003356933594%
Epoch: 92 | Epoch Time: 1m 4s
Train Loss: 0.9620000239562988 | Train Acc: 66.36599731445312%
Test Loss: 1.0386882545471192 | Test Acc: 63.81999969482422%
Epoch: 93 | Epoch Time: 1m 7s
Train Loss: 0.9575282341003418 | Train Acc: 66.59400177001953%
Test Loss: 1.0358350358963013 | Test Acc: 63.900001525878906%
Epoch: 94 | Epoch Time: 1m 3s
Train Loss: 0.9525609521484375 | Train Acc: 66.73799896240234%
Test Loss: 1.0327890514373779 | Test Acc: 64.09000396728516%
Epoch: 95 | Epoch Time: 1m 2s
Train Loss: 0.9482198025512696 | Train Acc: 66.84600067138672%
Test Loss: 1.0304783895492553 | Test Acc: 64.12000274658203%
Epoch: 96 | Epoch Time: 1m 2s
Train Loss: 0.9451420375061035 | Train Acc: 66.94599914550781%
Test Loss: 1.0288720113754273 | Test Acc: 64.1300048828125%
Epoch: 97 | Epoch Time: 1m 3s
Train Loss: 0.9400596073913574 | Train Acc: 67.20600128173828%
Test Loss: 1.0258949188232422 | Test Acc: 64.3499984741211%
Epoch: 98 | Epoch Time: 1m 0s
Train Loss: 0.9368012315368652 | Train Acc: 67.26599884033203%
Test Loss: 1.024497841835022 | Test Acc: 64.4000015258789%
Epoch: 99 | Epoch Time: 1m 5s
Train Loss: 0.9319102877807617 | Train Acc: 67.4280014038086%
Test Loss: 1.0218943468093873 | Test Acc: 64.52000427246094%
Epoch: 100 | Epoch Time: 1m 3s
Train Loss: 0.9271675833129883 | Train Acc: 67.63999938964844%
Test Loss: 1.0187443439483643 | Test Acc: 64.70000457763672%
Namespace(action=0, all_clients=False, bs=128, dataset='mnist', epochs=10, frac=0.1, gpu=0, iid=False, kernel_num=9, kernel_sizes='3,4,5', local_bs=10, local_ep=5, lr=0.01, max_pool='True', model='CNN', momentum=0.5, norm='batch_norm', num_channels=3, num_classes=10, num_filters=32, num_users=100, seed=1, split='user', stopping_rounds=10, verbose=False)
{'model_name': 'CNN', 'device': device(type='cuda', index=0), 'log_dir': 'log\\CNN', 'ckpt_dir': 'checkpoint\\CNN', 'mode': 'raw', 'defence': 'raw', 'client_epochs': 5, 'server_epochs': 1, 'batch_size': 128, 'client_lr': 0.1, 'server_lr': 0.25, 'server_rate': 2000, 'load_ckpt': -1, 'workers': 25, 'byzantine_workers': 5, 'attack_strength': 0, 'k': 1, 'test_frequency': 1}
======================Start Train Model [Fri May  3 19:57:49 2024]======================
Epoch: 1 | Epoch Time: 0m 49s
Train Loss: 2.2978789276123046 | Train Acc: 10.000000149011612%
Test Loss: 2.297815191268921 | Test Acc: 10.000000149011612%
Namespace(action=0, all_clients=False, bs=128, dataset='mnist', epochs=10, frac=0.1, gpu=0, iid=False, kernel_num=9, kernel_sizes='3,4,5', local_bs=10, local_ep=5, lr=0.01, max_pool='True', model='CNN', momentum=0.5, norm='batch_norm', num_channels=3, num_classes=10, num_filters=32, num_users=100, seed=1, split='user', stopping_rounds=10, verbose=False)
{'model_name': 'CNN', 'device': device(type='cuda', index=0), 'log_dir': 'log\\CNN', 'ckpt_dir': 'checkpoint\\CNN', 'mode': 'raw', 'defence': 'raw', 'client_epochs': 10, 'server_epochs': 100, 'batch_size': 128, 'client_lr': 0.1, 'server_lr': 0.25, 'server_rate': 2000, 'load_ckpt': -1, 'workers': 25, 'byzantine_workers': 5, 'attack_strength': 0, 'k': 1, 'test_frequency': 1}
======================Start Train Model [Fri May  3 19:59:25 2024]======================
Epoch: 1 | Epoch Time: 1m 41s
Train Loss: 2.282917532043457 | Train Acc: 18.026000261306763%
Test Loss: 2.282669274520874 | Test Acc: 18.549999594688416%
Namespace(action=0, all_clients=False, bs=128, dataset='mnist', epochs=10, frac=0.1, gpu=0, iid=False, kernel_num=9, kernel_sizes='3,4,5', local_bs=10, local_ep=5, lr=0.01, max_pool='True', model='CNN', momentum=0.5, norm='batch_norm', num_channels=3, num_classes=10, num_filters=32, num_users=100, seed=1, split='user', stopping_rounds=10, verbose=False)
{'model_name': 'CNN', 'device': device(type='cuda', index=0), 'log_dir': 'log\\CNN', 'ckpt_dir': 'checkpoint\\CNN', 'mode': 'raw', 'defence': 'raw', 'client_epochs': 5, 'server_epochs': 100, 'batch_size': 128, 'client_lr': 0.25, 'server_lr': 0.25, 'server_rate': 2000, 'load_ckpt': 0, 'workers': 25, 'byzantine_workers': 5, 'attack_strength': 0, 'k': 1, 'test_frequency': 1}
======================Start Train Model [Fri May  3 20:04:42 2024]======================
Epoch: 1 | Epoch Time: 0m 49s
Train Loss: 2.280049108276367 | Train Acc: 18.427999317646027%
Test Loss: 2.2798476585388183 | Test Acc: 18.330000340938568%
Epoch: 2 | Epoch Time: 0m 52s
Train Loss: 2.2263340121459962 | Train Acc: 27.3360013961792%
Test Loss: 2.2257402267456055 | Test Acc: 28.24999988079071%
Epoch: 3 | Epoch Time: 0m 50s
Train Loss: 2.1519095498657226 | Train Acc: 30.94800114631653%
Test Loss: 2.1505772525787354 | Test Acc: 31.560000777244568%
Epoch: 4 | Epoch Time: 0m 51s
Train Loss: 2.0679155859375 | Train Acc: 33.11600089073181%
Test Loss: 2.0658341148376467 | Test Acc: 33.719998598098755%
Epoch: 5 | Epoch Time: 0m 49s
Train Loss: 1.9872056225585937 | Train Acc: 35.01800000667572%
Test Loss: 1.9844494981765748 | Test Acc: 35.58000028133392%
Epoch: 6 | Epoch Time: 0m 49s
Train Loss: 1.9126666049194336 | Train Acc: 36.594000458717346%
Test Loss: 1.909276171875 | Test Acc: 37.18000054359436%
Epoch: 7 | Epoch Time: 0m 48s
Train Loss: 1.8475283303833008 | Train Acc: 37.76000142097473%
Test Loss: 1.8437109935760498 | Test Acc: 38.08000087738037%
Epoch: 8 | Epoch Time: 0m 50s
Train Loss: 1.7862018405151368 | Train Acc: 39.08799886703491%
Test Loss: 1.781949829673767 | Test Acc: 39.08999860286713%
Epoch: 9 | Epoch Time: 0m 47s
Train Loss: 1.7356667633056642 | Train Acc: 40.101999044418335%
Test Loss: 1.7314596200942993 | Test Acc: 40.220001339912415%
Epoch: 10 | Epoch Time: 0m 49s
Train Loss: 1.68945713470459 | Train Acc: 41.144001483917236%
Test Loss: 1.6856795640945434 | Test Acc: 41.06999933719635%
Epoch: 11 | Epoch Time: 0m 47s
Train Loss: 1.6493276245117188 | Train Acc: 42.184001207351685%
Test Loss: 1.6462201725006103 | Test Acc: 42.419999837875366%
Epoch: 12 | Epoch Time: 0m 49s
Train Loss: 1.6147478533935546 | Train Acc: 43.18999946117401%
Test Loss: 1.6126806255340576 | Test Acc: 43.29000115394592%
Epoch: 13 | Epoch Time: 0m 47s
Train Loss: 1.581450881652832 | Train Acc: 44.08800005912781%
Test Loss: 1.5801209308624267 | Test Acc: 44.429999589920044%
Epoch: 14 | Epoch Time: 0m 48s
Train Loss: 1.5485412631225586 | Train Acc: 45.35199999809265%
Test Loss: 1.5481336959838867 | Test Acc: 45.64000070095062%
Epoch: 15 | Epoch Time: 0m 48s
Train Loss: 1.5165926820373534 | Train Acc: 46.43799960613251%
Test Loss: 1.5171592494964599 | Test Acc: 46.81999981403351%
Epoch: 16 | Epoch Time: 0m 49s
Train Loss: 1.4862125910949706 | Train Acc: 47.360000014305115%
Test Loss: 1.4876264980316163 | Test Acc: 47.769999504089355%
Epoch: 17 | Epoch Time: 0m 49s
Train Loss: 1.4593068482971192 | Train Acc: 48.151999711990356%
Test Loss: 1.4622381761550904 | Test Acc: 48.3599990606308%
Epoch: 18 | Epoch Time: 0m 48s
Train Loss: 1.4363081394958497 | Train Acc: 49.1239994764328%
Test Loss: 1.440490766143799 | Test Acc: 49.34999942779541%
Epoch: 19 | Epoch Time: 0m 47s
Train Loss: 1.4102511772155761 | Train Acc: 49.974000453948975%
Test Loss: 1.4152610527038574 | Test Acc: 50.15000104904175%
Epoch: 20 | Epoch Time: 0m 50s
Train Loss: 1.386425063934326 | Train Acc: 50.783997774124146%
Test Loss: 1.3927574991226197 | Test Acc: 51.05999708175659%
Epoch: 21 | Epoch Time: 0m 48s
Train Loss: 1.3662868278503417 | Train Acc: 51.60199999809265%
Test Loss: 1.3737297470092773 | Test Acc: 51.85999870300293%
Epoch: 22 | Epoch Time: 0m 48s
Train Loss: 1.3473736106872558 | Train Acc: 52.30000019073486%
Test Loss: 1.3560451765060424 | Test Acc: 52.60000228881836%
Epoch: 23 | Epoch Time: 0m 47s
Train Loss: 1.3271515522766113 | Train Acc: 53.04200053215027%
Test Loss: 1.3375539962768555 | Test Acc: 53.359997272491455%
Epoch: 24 | Epoch Time: 0m 49s
Train Loss: 1.308432268371582 | Train Acc: 53.69799733161926%
Test Loss: 1.3200382375717163 | Test Acc: 53.68000268936157%
Epoch: 25 | Epoch Time: 0m 48s
Train Loss: 1.2916394468688965 | Train Acc: 54.294002056121826%
Test Loss: 1.3046966464996337 | Test Acc: 54.37999963760376%
Epoch: 26 | Epoch Time: 0m 48s
Train Loss: 1.274845936126709 | Train Acc: 54.83199954032898%
Test Loss: 1.2898028547286988 | Test Acc: 54.82000112533569%
Epoch: 27 | Epoch Time: 0m 47s
Train Loss: 1.2602242700195312 | Train Acc: 55.35399913787842%
Test Loss: 1.2767740779876708 | Test Acc: 55.299997329711914%
Epoch: 28 | Epoch Time: 0m 49s
Train Loss: 1.242181861114502 | Train Acc: 55.956000089645386%
Test Loss: 1.2601959753036498 | Test Acc: 55.83000183105469%
Epoch: 29 | Epoch Time: 0m 48s
Train Loss: 1.227638014831543 | Train Acc: 56.418001651763916%
Test Loss: 1.247391841506958 | Test Acc: 56.31999969482422%
Epoch: 30 | Epoch Time: 0m 48s
Train Loss: 1.2106794549560547 | Train Acc: 57.1179986000061%
Test Loss: 1.23209775390625 | Test Acc: 56.620001792907715%
Epoch: 31 | Epoch Time: 0m 48s
Train Loss: 1.200320018005371 | Train Acc: 57.495999336242676%
Test Loss: 1.223864445877075 | Test Acc: 57.05000162124634%
Epoch: 32 | Epoch Time: 0m 49s
Train Loss: 1.1874421464538574 | Train Acc: 57.88400173187256%
Test Loss: 1.2133444932937623 | Test Acc: 57.349997758865356%
Epoch: 33 | Epoch Time: 0m 48s
Train Loss: 1.173127791748047 | Train Acc: 58.42999815940857%
Test Loss: 1.2015974157333373 | Test Acc: 57.73000121116638%
Epoch: 34 | Epoch Time: 0m 48s
Train Loss: 1.1597439573669435 | Train Acc: 58.92400145530701%
Test Loss: 1.190363578414917 | Test Acc: 58.27000141143799%
Epoch: 35 | Epoch Time: 0m 47s
Train Loss: 1.1456346098327637 | Train Acc: 59.446001052856445%
Test Loss: 1.1783573314666749 | Test Acc: 58.67000222206116%
Epoch: 36 | Epoch Time: 0m 48s
Train Loss: 1.1335864088439942 | Train Acc: 59.925997257232666%
Test Loss: 1.1686255847930909 | Test Acc: 59.049999713897705%
Epoch: 37 | Epoch Time: 0m 49s
Train Loss: 1.1255939149475098 | Train Acc: 60.17199754714966%
Test Loss: 1.1635338766098022 | Test Acc: 59.130001068115234%
Epoch: 38 | Epoch Time: 0m 48s
Train Loss: 1.114207347869873 | Train Acc: 60.534000396728516%
Test Loss: 1.1547208379745484 | Test Acc: 59.65999960899353%
Epoch: 39 | Epoch Time: 0m 48s
Train Loss: 1.1025294541931152 | Train Acc: 60.89800000190735%
Test Loss: 1.1456464920043945 | Test Acc: 59.960001707077026%
Epoch: 40 | Epoch Time: 0m 48s
Train Loss: 1.0927007679748535 | Train Acc: 61.38399839401245%
Test Loss: 1.1386709190368651 | Test Acc: 60.14999747276306%
Epoch: 41 | Epoch Time: 0m 52s
Train Loss: 1.0819292445373536 | Train Acc: 61.73999905586243%
Test Loss: 1.1304982028961181 | Test Acc: 60.49000024795532%
Epoch: 42 | Epoch Time: 0m 53s
Train Loss: 1.0695072274780273 | Train Acc: 62.25799918174744%
Test Loss: 1.1206466289520263 | Test Acc: 60.96000075340271%
Epoch: 43 | Epoch Time: 0m 48s
Train Loss: 1.0581818870544433 | Train Acc: 62.68799901008606%
Test Loss: 1.1127072605133057 | Test Acc: 61.40999794006348%
Epoch: 44 | Epoch Time: 0m 49s
Train Loss: 1.0488930841064452 | Train Acc: 62.992000579833984%
Test Loss: 1.1065597415924073 | Test Acc: 61.500000953674316%
Epoch: 45 | Epoch Time: 0m 48s
Train Loss: 1.0373376751708985 | Train Acc: 63.44199776649475%
Test Loss: 1.09878676071167 | Test Acc: 61.59999966621399%
Epoch: 46 | Epoch Time: 0m 50s
Train Loss: 1.0317336926269531 | Train Acc: 63.61200213432312%
Test Loss: 1.0957758073806763 | Test Acc: 61.650002002716064%
Epoch: 47 | Epoch Time: 0m 47s
Train Loss: 1.0199081567382813 | Train Acc: 64.02400135993958%
Test Loss: 1.08776226978302 | Test Acc: 61.93000078201294%
Epoch: 48 | Epoch Time: 0m 49s
Train Loss: 1.008601838531494 | Train Acc: 64.47200179100037%
Test Loss: 1.0796993970870972 | Test Acc: 62.33999729156494%
Epoch: 49 | Epoch Time: 0m 48s
Train Loss: 0.9992709223937988 | Train Acc: 64.74199891090393%
Test Loss: 1.074217015838623 | Test Acc: 62.529999017715454%
Epoch: 50 | Epoch Time: 0m 48s
Train Loss: 0.991322543182373 | Train Acc: 64.99999761581421%
Test Loss: 1.0703427690505982 | Test Acc: 62.80999779701233%
Epoch: 51 | Epoch Time: 0m 48s
Train Loss: 0.9819302436828613 | Train Acc: 65.39000272750854%
Test Loss: 1.0648767246246338 | Test Acc: 63.099998235702515%
Epoch: 52 | Epoch Time: 0m 47s
Train Loss: 0.9742064947509765 | Train Acc: 65.69399833679199%
Test Loss: 1.0608393140792847 | Test Acc: 63.2099986076355%
Epoch: 53 | Epoch Time: 0m 47s
Train Loss: 0.966873722076416 | Train Acc: 66.01600050926208%
Test Loss: 1.0569686519622803 | Test Acc: 63.22000026702881%
Epoch: 54 | Epoch Time: 0m 46s
Train Loss: 0.9562671046447754 | Train Acc: 66.48200154304504%
Test Loss: 1.0507876735687256 | Test Acc: 63.690000772476196%
Epoch: 55 | Epoch Time: 0m 46s
Train Loss: 0.9493235510253907 | Train Acc: 66.72199964523315%
Test Loss: 1.0482832796096802 | Test Acc: 63.60999941825867%
Epoch: 56 | Epoch Time: 0m 46s
Train Loss: 0.9423317370605468 | Train Acc: 67.05399751663208%
Test Loss: 1.0450147048950196 | Test Acc: 63.91000151634216%
Epoch: 57 | Epoch Time: 0m 46s
Train Loss: 0.9347411972045898 | Train Acc: 67.31799840927124%
Test Loss: 1.0418830852508545 | Test Acc: 63.919997215270996%
Epoch: 58 | Epoch Time: 0m 46s
Train Loss: 0.9264604849243164 | Train Acc: 67.69400238990784%
Test Loss: 1.0383015296936036 | Test Acc: 63.96999955177307%
Epoch: 59 | Epoch Time: 0m 46s
Train Loss: 0.9181202415466309 | Train Acc: 68.0679976940155%
Test Loss: 1.0338165786743163 | Test Acc: 64.19000029563904%
Epoch: 60 | Epoch Time: 0m 46s
Train Loss: 0.9109888821411133 | Train Acc: 68.37199926376343%
Test Loss: 1.03110743598938 | Test Acc: 64.3999993801117%
Epoch: 61 | Epoch Time: 0m 47s
Train Loss: 0.9048742195129394 | Train Acc: 68.58000159263611%
Test Loss: 1.0301688364028931 | Test Acc: 64.52000141143799%
Epoch: 62 | Epoch Time: 0m 46s
Train Loss: 0.8963535557556153 | Train Acc: 69.04000043869019%
Test Loss: 1.025939995765686 | Test Acc: 64.7599995136261%
Epoch: 63 | Epoch Time: 0m 50s
Train Loss: 0.8905848348999024 | Train Acc: 69.18200254440308%
Test Loss: 1.024381469154358 | Test Acc: 64.84000086784363%
Epoch: 64 | Epoch Time: 0m 49s
Train Loss: 0.8820248197937012 | Train Acc: 69.4379985332489%
Test Loss: 1.0215853543281554 | Test Acc: 64.88999724388123%
Epoch: 65 | Epoch Time: 0m 49s
Train Loss: 0.8765769123840332 | Train Acc: 69.60399746894836%
Test Loss: 1.0214988710403443 | Test Acc: 64.92999792098999%
Epoch: 66 | Epoch Time: 0m 48s
Train Loss: 0.8683779556274414 | Train Acc: 69.93799805641174%
Test Loss: 1.018338011264801 | Test Acc: 65.04999995231628%
Epoch: 67 | Epoch Time: 0m 49s
Train Loss: 0.860796007232666 | Train Acc: 70.12199759483337%
Test Loss: 1.0163212531089783 | Test Acc: 65.2400016784668%
Epoch: 68 | Epoch Time: 0m 48s
Train Loss: 0.8527944715881348 | Train Acc: 70.35800218582153%
Test Loss: 1.0139194681167603 | Test Acc: 65.52000045776367%
Epoch: 69 | Epoch Time: 0m 50s
Train Loss: 0.8461742469787598 | Train Acc: 70.60400247573853%
Test Loss: 1.0130733253479003 | Test Acc: 65.59000015258789%
Epoch: 70 | Epoch Time: 0m 48s
Train Loss: 0.8402734400939942 | Train Acc: 70.80600261688232%
Test Loss: 1.0116244327545165 | Test Acc: 65.63000082969666%
Epoch: 71 | Epoch Time: 0m 49s
Train Loss: 0.8346346560668946 | Train Acc: 70.88199853897095%
Test Loss: 1.0110516132354737 | Test Acc: 65.67000150680542%
Epoch: 72 | Epoch Time: 0m 48s
Train Loss: 0.8285677169799804 | Train Acc: 71.10999822616577%
Test Loss: 1.0111904894828796 | Test Acc: 65.59000015258789%
Epoch: 73 | Epoch Time: 0m 49s
Train Loss: 0.8208680627441406 | Train Acc: 71.36200070381165%
Test Loss: 1.0093805301666259 | Test Acc: 65.60999751091003%
Epoch: 74 | Epoch Time: 0m 48s
Train Loss: 0.813632110900879 | Train Acc: 71.61800265312195%
Test Loss: 1.0083106952667236 | Test Acc: 65.85000157356262%
Epoch: 75 | Epoch Time: 0m 48s
Train Loss: 0.8080081723022461 | Train Acc: 71.82199954986572%
Test Loss: 1.0093276439666747 | Test Acc: 65.78999757766724%
Epoch: 76 | Epoch Time: 0m 48s
Train Loss: 0.8031591297912598 | Train Acc: 71.92400097846985%
Test Loss: 1.0108363584518432 | Test Acc: 65.93000292778015%
Epoch: 77 | Epoch Time: 0m 48s
Train Loss: 0.7976878785705567 | Train Acc: 72.13799953460693%
Test Loss: 1.012329142189026 | Test Acc: 66.0099983215332%
Epoch: 78 | Epoch Time: 0m 48s
Train Loss: 0.7911219749450683 | Train Acc: 72.43199944496155%
Test Loss: 1.0130998908042907 | Test Acc: 66.20000004768372%
Epoch: 79 | Epoch Time: 0m 48s
Train Loss: 0.7856112257385254 | Train Acc: 72.65200018882751%
Test Loss: 1.0138240242004395 | Test Acc: 66.21000170707703%
Epoch: 80 | Epoch Time: 0m 48s
Train Loss: 0.7798979232788086 | Train Acc: 72.89199829101562%
Test Loss: 1.0155775439262391 | Test Acc: 66.28999710083008%
Epoch: 81 | Epoch Time: 0m 48s
Train Loss: 0.7744923606872559 | Train Acc: 73.07999730110168%
Test Loss: 1.0168727215766906 | Test Acc: 66.28000140190125%
Epoch: 82 | Epoch Time: 0m 49s
Train Loss: 0.7739284782409668 | Train Acc: 73.089998960495%
Test Loss: 1.015514984035492 | Test Acc: 66.29999876022339%
Epoch: 83 | Epoch Time: 0m 52s
Train Loss: 0.7672094833374024 | Train Acc: 73.3780026435852%
Test Loss: 1.017703880405426 | Test Acc: 66.36000275611877%
Epoch: 84 | Epoch Time: 0m 50s
Train Loss: 0.7645972703552246 | Train Acc: 73.40800166130066%
Test Loss: 1.020159505558014 | Test Acc: 66.21000170707703%
Epoch: 85 | Epoch Time: 0m 50s
Train Loss: 0.7579753770446778 | Train Acc: 73.73800277709961%
Test Loss: 1.021336485671997 | Test Acc: 66.430002450943%
Epoch: 86 | Epoch Time: 0m 52s
Train Loss: 0.7524353421020508 | Train Acc: 73.92799854278564%
Test Loss: 1.0222452496528625 | Test Acc: 66.50000214576721%
Epoch: 87 | Epoch Time: 0m 51s
Train Loss: 0.7463248424530029 | Train Acc: 74.15800094604492%
Test Loss: 1.0238033451080322 | Test Acc: 66.54000282287598%
Epoch: 88 | Epoch Time: 0m 51s
Train Loss: 0.7407333644866944 | Train Acc: 74.38200116157532%
Test Loss: 1.0267487785339355 | Test Acc: 66.6700005531311%
Epoch: 89 | Epoch Time: 0m 50s
Train Loss: 0.7355352488708496 | Train Acc: 74.5959997177124%
Test Loss: 1.029301738834381 | Test Acc: 66.79999828338623%
Epoch: 90 | Epoch Time: 0m 51s
Train Loss: 0.7306629914855957 | Train Acc: 74.73599910736084%
Test Loss: 1.0315238054275513 | Test Acc: 66.86000227928162%
Epoch: 91 | Epoch Time: 0m 51s
Train Loss: 0.7260975885009766 | Train Acc: 74.93600249290466%
Test Loss: 1.0340963934898377 | Test Acc: 66.9700026512146%
Epoch: 92 | Epoch Time: 0m 50s
Train Loss: 0.722652035369873 | Train Acc: 75.01999735832214%
Test Loss: 1.034014607334137 | Test Acc: 66.87999963760376%
Epoch: 93 | Epoch Time: 0m 50s
Train Loss: 0.7184251098632812 | Train Acc: 75.17600059509277%
Test Loss: 1.037646839427948 | Test Acc: 67.00999736785889%
Epoch: 94 | Epoch Time: 0m 52s
Train Loss: 0.7136247451019287 | Train Acc: 75.34199953079224%
Test Loss: 1.0397450441360474 | Test Acc: 67.04000234603882%
Epoch: 95 | Epoch Time: 0m 51s
Train Loss: 0.7083135160064697 | Train Acc: 75.54399967193604%
Test Loss: 1.0411550402641296 | Test Acc: 67.00000166893005%
Epoch: 96 | Epoch Time: 0m 50s
Train Loss: 0.7047101830291748 | Train Acc: 75.71799755096436%
Test Loss: 1.0456570421218871 | Test Acc: 67.1500027179718%
Epoch: 97 | Epoch Time: 0m 49s
Train Loss: 0.7003903826141358 | Train Acc: 75.88000297546387%
Test Loss: 1.0449760773658752 | Test Acc: 66.92000031471252%
Epoch: 98 | Epoch Time: 0m 51s
Train Loss: 0.6962805411529541 | Train Acc: 76.06599926948547%
Test Loss: 1.0479099139213561 | Test Acc: 66.9700026512146%
Epoch: 99 | Epoch Time: 0m 51s
Train Loss: 0.692032470779419 | Train Acc: 76.24599933624268%
Test Loss: 1.0516315643310548 | Test Acc: 67.26999878883362%
Epoch: 100 | Epoch Time: 0m 50s
Train Loss: 0.6887181261444092 | Train Acc: 76.34999752044678%
Test Loss: 1.0541030873298645 | Test Acc: 67.35000014305115%
