Namespace(action=12, model='CNN', seed=1)
{'model_name': 'CNN', 'device': device(type='cuda', index=0), 'log_dir': 'log\\CNN', 'ckpt_dir': 'checkpoint\\CNN', 'attack': 'raw', 'defence': 'krum', 'client_epochs': 10, 'server_epochs': 100, 'batch_size': 100, 'client_lr': 0.15, 'server_lr': 0.15, 'server_rate': 2000, 'load_ckpt': 0, 'workers': 20, 'byzantine_workers': 8, 'attack_strength': 1.0, 'k': 5, 'b': 4, 'test_frequency': 1}
======================Start Train Model [Sun May  5 23:36:43 2024]======================
Epoch: 1 | Epoch Time: 0m 51s
Train Loss: 2.295271252746582 | Train Acc: 10.462000221014023%
Test Loss: 2.2951582626342772 | Test Acc: 10.450000315904617%
Epoch: 2 | Epoch Time: 0m 49s
Train Loss: 2.278581990966797 | Train Acc: 18.442000448703766%
Test Loss: 2.2783154724121095 | Test Acc: 18.58000010251999%
Epoch: 3 | Epoch Time: 0m 51s
Train Loss: 2.250508360290527 | Train Acc: 24.267999827861786%
Test Loss: 2.25002059173584 | Test Acc: 24.330000579357147%
Epoch: 4 | Epoch Time: 0m 52s
Train Loss: 2.2131898889160158 | Train Acc: 27.974000573158264%
Test Loss: 2.2124624877929686 | Test Acc: 28.33999991416931%
Epoch: 5 | Epoch Time: 0m 51s
Train Loss: 2.1708732241821287 | Train Acc: 29.537999629974365%
Test Loss: 2.1696927291870116 | Test Acc: 29.989999532699585%
Epoch: 6 | Epoch Time: 0m 51s
Train Loss: 2.1237796389770507 | Train Acc: 30.753999948501587%
Test Loss: 2.122167533874512 | Test Acc: 31.47999942302704%
Epoch: 7 | Epoch Time: 0m 52s
Train Loss: 2.078392272949219 | Train Acc: 31.29200041294098%
Test Loss: 2.076184748840332 | Test Acc: 31.63999915122986%
Epoch: 8 | Epoch Time: 0m 52s
Train Loss: 2.0288984494018556 | Train Acc: 32.62999951839447%
Test Loss: 2.026070162963867 | Test Acc: 32.78000056743622%
Epoch: 9 | Epoch Time: 0m 50s
Train Loss: 1.9785335812377929 | Train Acc: 33.87199938297272%
Test Loss: 1.9753032943725586 | Test Acc: 34.20000076293945%
Epoch: 10 | Epoch Time: 0m 52s
Train Loss: 1.9283679190063476 | Train Acc: 35.148000717163086%
Test Loss: 1.9246299468994141 | Test Acc: 35.37999987602234%
Epoch: 11 | Epoch Time: 0m 52s
Train Loss: 1.8852895840454102 | Train Acc: 36.19999885559082%
Test Loss: 1.8813369934082032 | Test Acc: 36.320000886917114%
Epoch: 12 | Epoch Time: 0m 51s
Train Loss: 1.8479000408935546 | Train Acc: 36.9159996509552%
Test Loss: 1.84362059173584 | Test Acc: 37.09000051021576%
Epoch: 13 | Epoch Time: 0m 47s
Train Loss: 1.8094373083496094 | Train Acc: 37.87199854850769%
Test Loss: 1.8049846817016602 | Test Acc: 38.46000134944916%
Epoch: 14 | Epoch Time: 0m 54s
Train Loss: 1.7694919067382813 | Train Acc: 38.97800147533417%
Test Loss: 1.765204475402832 | Test Acc: 39.43000137805939%
Epoch: 15 | Epoch Time: 0m 58s
Train Loss: 1.7347933969116212 | Train Acc: 39.719998836517334%
Test Loss: 1.7305204147338866 | Test Acc: 40.07999897003174%
Epoch: 16 | Epoch Time: 0m 57s
Train Loss: 1.7058152529907227 | Train Acc: 40.20000100135803%
Test Loss: 1.7017078323364259 | Test Acc: 40.709999203681946%
Epoch: 17 | Epoch Time: 0m 56s
Train Loss: 1.6810687698364257 | Train Acc: 40.74000120162964%
Test Loss: 1.6775250106811523 | Test Acc: 41.04999899864197%
Epoch: 18 | Epoch Time: 0m 57s
Train Loss: 1.6570363336181642 | Train Acc: 41.402000188827515%
Test Loss: 1.653205030822754 | Test Acc: 41.80000126361847%
Epoch: 19 | Epoch Time: 0m 57s
Train Loss: 1.6372536288452149 | Train Acc: 41.907998919487%
Test Loss: 1.633666616821289 | Test Acc: 42.19000041484833%
Epoch: 20 | Epoch Time: 0m 57s
Train Loss: 1.611880813293457 | Train Acc: 42.50800013542175%
Test Loss: 1.6087927825927735 | Test Acc: 42.69999861717224%
Epoch: 21 | Epoch Time: 0m 58s
Train Loss: 1.592185726623535 | Train Acc: 43.042001128196716%
Test Loss: 1.5897335906982422 | Test Acc: 43.389999866485596%
Epoch: 22 | Epoch Time: 0m 53s
Train Loss: 1.572593927307129 | Train Acc: 43.84399950504303%
Test Loss: 1.5708524276733398 | Test Acc: 44.110000133514404%
Epoch: 23 | Epoch Time: 0m 47s
Train Loss: 1.5537825112915038 | Train Acc: 44.44400072097778%
Test Loss: 1.552459635925293 | Test Acc: 44.56000030040741%
Epoch: 24 | Epoch Time: 0m 46s
Train Loss: 1.5365322625732423 | Train Acc: 44.83000040054321%
Test Loss: 1.5355491973876954 | Test Acc: 45.01999914646149%
Epoch: 25 | Epoch Time: 0m 46s
Train Loss: 1.5186663409423828 | Train Acc: 45.46400010585785%
Test Loss: 1.5179165573120117 | Test Acc: 45.71000039577484%
Epoch: 26 | Epoch Time: 0m 47s
Train Loss: 1.5032226876831054 | Train Acc: 46.02000117301941%
Test Loss: 1.5029883712768555 | Test Acc: 46.20000123977661%
Epoch: 27 | Epoch Time: 0m 46s
Train Loss: 1.4893133320617675 | Train Acc: 46.53399884700775%
Test Loss: 1.4890388427734376 | Test Acc: 46.65000140666962%
Epoch: 28 | Epoch Time: 0m 46s
Train Loss: 1.4731188739013672 | Train Acc: 47.08999991416931%
Test Loss: 1.4735082962036132 | Test Acc: 47.33999967575073%
Epoch: 29 | Epoch Time: 0m 46s
Train Loss: 1.4619251705932617 | Train Acc: 47.453999519348145%
Test Loss: 1.4623976036071777 | Test Acc: 47.63999879360199%
Epoch: 30 | Epoch Time: 0m 46s
Train Loss: 1.4520161329650878 | Train Acc: 47.7539986371994%
Test Loss: 1.4530273727416991 | Test Acc: 47.8300005197525%
Epoch: 31 | Epoch Time: 0m 47s
Train Loss: 1.4419014192199706 | Train Acc: 48.24199974536896%
Test Loss: 1.4432332107543946 | Test Acc: 48.42999875545502%
Epoch: 32 | Epoch Time: 0m 47s
Train Loss: 1.4323407786560058 | Train Acc: 48.673999309539795%
Test Loss: 1.4343814056396484 | Test Acc: 48.8400012254715%
Epoch: 33 | Epoch Time: 0m 47s
Train Loss: 1.421289290161133 | Train Acc: 49.074000120162964%
Test Loss: 1.4235028442382813 | Test Acc: 49.52000081539154%
Epoch: 34 | Epoch Time: 0m 47s
Train Loss: 1.4155900650024413 | Train Acc: 49.22400116920471%
Test Loss: 1.4187523628234864 | Test Acc: 49.68999922275543%
Epoch: 35 | Epoch Time: 0m 46s
Train Loss: 1.4096590406799316 | Train Acc: 49.470001459121704%
Test Loss: 1.4134701889038086 | Test Acc: 50.040000677108765%
Epoch: 36 | Epoch Time: 0m 46s
Train Loss: 1.3981913928222656 | Train Acc: 49.90200102329254%
Test Loss: 1.4025615440368653 | Test Acc: 50.42999982833862%
Epoch: 37 | Epoch Time: 0m 46s
Train Loss: 1.3909128840637206 | Train Acc: 50.20400285720825%
Test Loss: 1.3957028411865235 | Test Acc: 50.679999589920044%
Epoch: 38 | Epoch Time: 0m 47s
Train Loss: 1.3874220976257323 | Train Acc: 50.40599703788757%
Test Loss: 1.392379379272461 | Test Acc: 50.87000131607056%
Epoch: 39 | Epoch Time: 0m 47s
Train Loss: 1.3787294708251954 | Train Acc: 50.80599784851074%
Test Loss: 1.3838608451843262 | Test Acc: 51.169997453689575%
Epoch: 40 | Epoch Time: 0m 46s
Train Loss: 1.3728310440063476 | Train Acc: 51.10800266265869%
Test Loss: 1.3786303466796874 | Test Acc: 51.63000226020813%
Epoch: 41 | Epoch Time: 0m 47s
Train Loss: 1.3667953955078125 | Train Acc: 51.35800242424011%
Test Loss: 1.3736535087585449 | Test Acc: 51.889997720718384%
Epoch: 42 | Epoch Time: 0m 47s
Train Loss: 1.3659388241577148 | Train Acc: 51.46999955177307%
Test Loss: 1.3735808502197266 | Test Acc: 51.94000005722046%
Epoch: 43 | Epoch Time: 0m 46s
Train Loss: 1.364046318206787 | Train Acc: 51.5779972076416%
Test Loss: 1.3727723655700683 | Test Acc: 51.899999380111694%
Epoch: 44 | Epoch Time: 0m 46s
Train Loss: 1.3621971022033692 | Train Acc: 51.83200240135193%
Test Loss: 1.3712819847106934 | Test Acc: 52.069997787475586%
Epoch: 45 | Epoch Time: 0m 46s
Train Loss: 1.3571025633239746 | Train Acc: 52.12799906730652%
Test Loss: 1.3663818664550782 | Test Acc: 52.02999711036682%
Epoch: 46 | Epoch Time: 0m 52s
Train Loss: 1.3537307858276366 | Train Acc: 52.31199860572815%
Test Loss: 1.3634664016723632 | Test Acc: 52.10999846458435%
Epoch: 47 | Epoch Time: 0m 53s
Train Loss: 1.350490929107666 | Train Acc: 52.63599753379822%
Test Loss: 1.3618133117675781 | Test Acc: 52.480000257492065%
Epoch: 48 | Epoch Time: 0m 48s
Train Loss: 1.3499011959838867 | Train Acc: 52.880001068115234%
Test Loss: 1.3629184226989746 | Test Acc: 52.56999731063843%
Epoch: 49 | Epoch Time: 0m 46s
Train Loss: 1.3476589001464845 | Train Acc: 53.08600068092346%
Test Loss: 1.361159774017334 | Test Acc: 52.71000266075134%
Epoch: 50 | Epoch Time: 0m 47s
Train Loss: 1.3440082020568849 | Train Acc: 53.328001499176025%
Test Loss: 1.3586915924072265 | Test Acc: 52.6199996471405%
Epoch: 51 | Epoch Time: 0m 46s
Train Loss: 1.3455336700439453 | Train Acc: 53.408002853393555%
Test Loss: 1.361894775390625 | Test Acc: 52.67999768257141%
Epoch: 52 | Epoch Time: 0m 49s
Train Loss: 1.3455094993591308 | Train Acc: 53.637999296188354%
Test Loss: 1.3632047012329103 | Test Acc: 52.719998359680176%
Epoch: 53 | Epoch Time: 0m 46s
Train Loss: 1.342934999847412 | Train Acc: 53.83999943733215%
Test Loss: 1.3616803276062013 | Test Acc: 52.99999713897705%
Epoch: 54 | Epoch Time: 0m 47s
Train Loss: 1.3421069944763184 | Train Acc: 53.92000079154968%
Test Loss: 1.3618598251342773 | Test Acc: 53.2800018787384%
Epoch: 55 | Epoch Time: 0m 46s
Train Loss: 1.3473519253540038 | Train Acc: 53.98799777030945%
Test Loss: 1.3693175277709961 | Test Acc: 53.2800018787384%
Epoch: 56 | Epoch Time: 0m 47s
Train Loss: 1.3520220808410643 | Train Acc: 54.11999821662903%
Test Loss: 1.3755843368530274 | Test Acc: 53.289997577667236%
Epoch: 57 | Epoch Time: 0m 46s
Train Loss: 1.35894533782959 | Train Acc: 54.176002740859985%
Test Loss: 1.3848657676696778 | Test Acc: 53.25999855995178%
Epoch: 58 | Epoch Time: 0m 47s
Train Loss: 1.3611718521118163 | Train Acc: 54.218000173568726%
Test Loss: 1.3882348541259766 | Test Acc: 53.49000096321106%
Epoch: 59 | Epoch Time: 0m 46s
Train Loss: 1.3627791918945313 | Train Acc: 54.22400236129761%
Test Loss: 1.390990763092041 | Test Acc: 53.32000255584717%
Epoch: 60 | Epoch Time: 0m 47s
Train Loss: 1.371510085144043 | Train Acc: 54.40000295639038%
Test Loss: 1.4022004257202147 | Test Acc: 53.64999771118164%
Epoch: 61 | Epoch Time: 0m 46s
Train Loss: 1.3724593280029296 | Train Acc: 54.603999853134155%
Test Loss: 1.4043452522277833 | Test Acc: 53.83999943733215%
Epoch: 62 | Epoch Time: 0m 46s
Train Loss: 1.3848321435546875 | Train Acc: 54.7540009021759%
Test Loss: 1.419421775817871 | Test Acc: 54.07000184059143%
Epoch: 63 | Epoch Time: 0m 47s
Train Loss: 1.3917541441345216 | Train Acc: 54.82800006866455%
Test Loss: 1.428893115234375 | Test Acc: 54.04000282287598%
Epoch: 64 | Epoch Time: 0m 47s
Train Loss: 1.3977910012817383 | Train Acc: 54.725998640060425%
Test Loss: 1.4361381774902344 | Test Acc: 54.180002212524414%
Epoch: 65 | Epoch Time: 0m 47s
Train Loss: 1.4063382148742676 | Train Acc: 54.75800037384033%
Test Loss: 1.4471130508422851 | Test Acc: 53.90999913215637%
Epoch: 66 | Epoch Time: 0m 47s
Train Loss: 1.414041159362793 | Train Acc: 54.96399998664856%
Test Loss: 1.4567382804870606 | Test Acc: 54.04999852180481%
Epoch: 67 | Epoch Time: 0m 47s
Train Loss: 1.4291702024841308 | Train Acc: 55.09200096130371%
Test Loss: 1.4749991622924805 | Test Acc: 54.15999889373779%
Epoch: 68 | Epoch Time: 0m 46s
Train Loss: 1.4305795713806153 | Train Acc: 54.91200089454651%
Test Loss: 1.4776595252990723 | Test Acc: 53.90999913215637%
Epoch: 69 | Epoch Time: 0m 46s
Train Loss: 1.446751088104248 | Train Acc: 55.10600209236145%
Test Loss: 1.4965418647766113 | Test Acc: 54.25000190734863%
Epoch: 70 | Epoch Time: 0m 47s
Train Loss: 1.464169662475586 | Train Acc: 55.28600215911865%
Test Loss: 1.5167991844177247 | Test Acc: 54.339998960494995%
Epoch: 71 | Epoch Time: 0m 47s
Train Loss: 1.4791160604858398 | Train Acc: 55.41200041770935%
Test Loss: 1.5339555961608886 | Test Acc: 54.36999797821045%
Epoch: 72 | Epoch Time: 0m 46s
Train Loss: 1.5000119898986817 | Train Acc: 55.573999881744385%
Test Loss: 1.5573675041198731 | Test Acc: 54.61999773979187%
Epoch: 73 | Epoch Time: 0m 46s
Train Loss: 1.5037145126342772 | Train Acc: 55.72999715805054%
Test Loss: 1.56163910446167 | Test Acc: 54.750001430511475%
Epoch: 74 | Epoch Time: 0m 47s
Train Loss: 1.5180229853820801 | Train Acc: 55.85799813270569%
Test Loss: 1.5784830604553222 | Test Acc: 54.750001430511475%
Epoch: 75 | Epoch Time: 0m 47s
Train Loss: 1.5370315472412108 | Train Acc: 55.956000089645386%
Test Loss: 1.6000350425720216 | Test Acc: 54.78000044822693%
Epoch: 76 | Epoch Time: 0m 47s
Train Loss: 1.557119136505127 | Train Acc: 56.01800084114075%
Test Loss: 1.6225993621826171 | Test Acc: 54.82000112533569%
Epoch: 77 | Epoch Time: 0m 46s
Train Loss: 1.5786261544799804 | Train Acc: 56.09599947929382%
Test Loss: 1.647032788848877 | Test Acc: 54.83999848365784%
Epoch: 78 | Epoch Time: 0m 47s
Train Loss: 1.5954393711853028 | Train Acc: 56.18600249290466%
Test Loss: 1.6663436851501465 | Test Acc: 54.85000014305115%
Epoch: 79 | Epoch Time: 0m 47s
Train Loss: 1.610929612121582 | Train Acc: 56.18399977684021%
Test Loss: 1.6842803215026856 | Test Acc: 54.78000044822693%
Epoch: 80 | Epoch Time: 0m 47s
Train Loss: 1.6138517793273925 | Train Acc: 56.18000030517578%
Test Loss: 1.6884321907043458 | Test Acc: 54.79000210762024%
Epoch: 81 | Epoch Time: 0m 46s
Train Loss: 1.6211014999389648 | Train Acc: 56.10399842262268%
Test Loss: 1.696329052734375 | Test Acc: 54.54000234603882%
Epoch: 82 | Epoch Time: 0m 46s
Train Loss: 1.6400104374694824 | Train Acc: 56.21799826622009%
Test Loss: 1.7177478858947755 | Test Acc: 54.61000204086304%
Epoch: 83 | Epoch Time: 0m 47s
Train Loss: 1.6527545585632324 | Train Acc: 56.300002336502075%
Test Loss: 1.7322577713012695 | Test Acc: 54.76999878883362%
Epoch: 84 | Epoch Time: 0m 47s
Train Loss: 1.6618459379577637 | Train Acc: 56.341999769210815%
Test Loss: 1.7420480743408202 | Test Acc: 54.909998178482056%
Epoch: 85 | Epoch Time: 0m 46s
Train Loss: 1.6761088961791992 | Train Acc: 56.422001123428345%
Test Loss: 1.7584187286376953 | Test Acc: 54.79999780654907%
Epoch: 86 | Epoch Time: 0m 46s
Train Loss: 1.6775796531677245 | Train Acc: 56.42799735069275%
Test Loss: 1.7618567581176758 | Test Acc: 54.89000082015991%
Epoch: 87 | Epoch Time: 0m 47s
Train Loss: 1.6957273506164552 | Train Acc: 56.49399757385254%
Test Loss: 1.7817332275390625 | Test Acc: 54.94999885559082%
Epoch: 88 | Epoch Time: 0m 47s
Train Loss: 1.7095108044433593 | Train Acc: 56.525999307632446%
Test Loss: 1.7965451705932618 | Test Acc: 55.070000886917114%
Epoch: 89 | Epoch Time: 0m 46s
Train Loss: 1.7180668603515625 | Train Acc: 56.5060019493103%
Test Loss: 1.8061907661437988 | Test Acc: 55.010002851486206%
Epoch: 90 | Epoch Time: 0m 47s
Train Loss: 1.7297435635375977 | Train Acc: 56.467998027801514%
Test Loss: 1.8200936203002929 | Test Acc: 54.989999532699585%
Epoch: 91 | Epoch Time: 0m 47s
Train Loss: 1.741301327972412 | Train Acc: 56.341999769210815%
Test Loss: 1.8327250396728516 | Test Acc: 54.86000180244446%
Epoch: 92 | Epoch Time: 0m 47s
Train Loss: 1.7526090228271485 | Train Acc: 56.488001346588135%
Test Loss: 1.846082484436035 | Test Acc: 54.8799991607666%
Epoch: 93 | Epoch Time: 0m 47s
Train Loss: 1.7641345068359375 | Train Acc: 56.61200284957886%
Test Loss: 1.8595689743041992 | Test Acc: 54.96000051498413%
Epoch: 94 | Epoch Time: 0m 47s
Train Loss: 1.7744289537048339 | Train Acc: 56.63999915122986%
Test Loss: 1.871061131286621 | Test Acc: 55.09999990463257%
Epoch: 95 | Epoch Time: 0m 47s
Train Loss: 1.784982315979004 | Train Acc: 56.70599937438965%
Test Loss: 1.883441618347168 | Test Acc: 55.070000886917114%
Epoch: 96 | Epoch Time: 0m 48s
Train Loss: 1.7904895576477051 | Train Acc: 56.76800012588501%
Test Loss: 1.8911470138549804 | Test Acc: 55.010002851486206%
Epoch: 97 | Epoch Time: 0m 47s
Train Loss: 1.7924841493225097 | Train Acc: 56.82799816131592%
Test Loss: 1.8932830307006836 | Test Acc: 55.000001192092896%
Epoch: 98 | Epoch Time: 0m 47s
Train Loss: 1.7958529306030273 | Train Acc: 56.822001934051514%
Test Loss: 1.8972992752075195 | Test Acc: 54.96000051498413%
Epoch: 99 | Epoch Time: 0m 47s
Train Loss: 1.7791054747009278 | Train Acc: 56.783998012542725%
Test Loss: 1.8777233352661133 | Test Acc: 55.08999824523926%
Epoch: 100 | Epoch Time: 0m 47s
Train Loss: 1.788829378967285 | Train Acc: 56.83799982070923%
Test Loss: 1.8888180450439453 | Test Acc: 55.070000886917114%
Namespace(action=12, model='CNN', seed=1)
{'model_name': 'CNN', 'device': device(type='cuda', index=0), 'log_dir': 'log\\CNN', 'ckpt_dir': 'checkpoint\\CNN', 'attack': 'raw', 'defence': 'krum', 'client_epochs': 10, 'server_epochs': 100, 'batch_size': 100, 'client_lr': 0.15, 'server_lr': 0.15, 'server_rate': 2000, 'load_ckpt': 0, 'workers': 20, 'byzantine_workers': 8, 'attack_strength': 1.0, 'k': 5, 'b': 4, 'test_frequency': 1}
======================Start Train Model [Tue May  7 13:25:08 2024]======================
Epoch: 1 | Epoch Time: 0m 57s
Train Loss: 2.2974318203735353 | Train Acc: 10.05600020289421%
Test Loss: 2.2974365829467773 | Test Acc: 10.000000149011612%
Epoch: 2 | Epoch Time: 0m 59s
Train Loss: 2.2841525875854494 | Train Acc: 14.438000321388245%
Test Loss: 2.2839469360351563 | Test Acc: 14.640000462532043%
Epoch: 3 | Epoch Time: 0m 58s
Train Loss: 2.2610434368896484 | Train Acc: 20.06399929523468%
Test Loss: 2.2605634887695314 | Test Acc: 20.360000431537628%
Epoch: 4 | Epoch Time: 0m 57s
Train Loss: 2.227538667907715 | Train Acc: 23.63000065088272%
Test Loss: 2.226713673400879 | Test Acc: 23.63000065088272%
Epoch: 5 | Epoch Time: 0m 58s
Train Loss: 2.1868713327026366 | Train Acc: 26.64799988269806%
Test Loss: 2.1857182601928713 | Test Acc: 26.71000063419342%
Epoch: 6 | Epoch Time: 0m 58s
Train Loss: 2.1418253225708006 | Train Acc: 29.06399965286255%
Test Loss: 2.1402630615234375 | Test Acc: 29.85999882221222%
Epoch: 7 | Epoch Time: 0m 57s
Train Loss: 2.0996573071289064 | Train Acc: 30.379998683929443%
Test Loss: 2.0975011138916018 | Test Acc: 31.18000030517578%
Epoch: 8 | Epoch Time: 0m 53s
Train Loss: 2.0521848641967773 | Train Acc: 32.242000102996826%
Test Loss: 2.0495795608520506 | Test Acc: 32.64000117778778%
Epoch: 9 | Epoch Time: 0m 52s
Train Loss: 2.003394533996582 | Train Acc: 33.16600024700165%
Test Loss: 2.0003887222290038 | Test Acc: 33.52999985218048%
Epoch: 10 | Epoch Time: 0m 52s
Train Loss: 1.9521960546875 | Train Acc: 34.70599949359894%
Test Loss: 1.949188525390625 | Test Acc: 35.37999987602234%
Epoch: 11 | Epoch Time: 0m 51s
Train Loss: 1.9037810275268554 | Train Acc: 35.9360009431839%
Test Loss: 1.9004821243286132 | Test Acc: 36.62000000476837%
Epoch: 12 | Epoch Time: 0m 52s
Train Loss: 1.8613308526611327 | Train Acc: 36.84000074863434%
Test Loss: 1.8580280029296874 | Test Acc: 37.4099999666214%
Epoch: 13 | Epoch Time: 0m 52s
Train Loss: 1.821427702331543 | Train Acc: 37.648001313209534%
Test Loss: 1.818044906616211 | Test Acc: 38.13999891281128%
Epoch: 14 | Epoch Time: 0m 52s
Train Loss: 1.785131234436035 | Train Acc: 38.405999541282654%
Test Loss: 1.7819570281982422 | Test Acc: 38.71000111103058%
Epoch: 15 | Epoch Time: 0m 50s
Train Loss: 1.7514731915283204 | Train Acc: 39.12799954414368%
Test Loss: 1.748530926513672 | Test Acc: 39.489999413490295%
Epoch: 16 | Epoch Time: 0m 51s
Train Loss: 1.7216479345703124 | Train Acc: 39.64599967002869%
Test Loss: 1.7188568313598633 | Test Acc: 39.899998903274536%
Epoch: 17 | Epoch Time: 0m 52s
Train Loss: 1.693601110534668 | Train Acc: 40.20000100135803%
Test Loss: 1.691245085144043 | Test Acc: 40.540000796318054%
Epoch: 18 | Epoch Time: 0m 51s
Train Loss: 1.6695636749267577 | Train Acc: 40.64599871635437%
Test Loss: 1.6677011322021484 | Test Acc: 40.72999954223633%
Epoch: 19 | Epoch Time: 0m 51s
Train Loss: 1.6444319387817383 | Train Acc: 41.29599928855896%
Test Loss: 1.6428501388549805 | Test Acc: 41.17000102996826%
Epoch: 20 | Epoch Time: 0m 52s
Train Loss: 1.6254324789428711 | Train Acc: 41.947999596595764%
Test Loss: 1.6244719161987304 | Test Acc: 41.94000065326691%
Epoch: 21 | Epoch Time: 1m 10s
Train Loss: 1.6081588696289062 | Train Acc: 42.419999837875366%
Test Loss: 1.608060723876953 | Test Acc: 42.28000044822693%
Epoch: 22 | Epoch Time: 0m 51s
Train Loss: 1.5938753994750976 | Train Acc: 42.79800057411194%
Test Loss: 1.5946580047607422 | Test Acc: 42.4699991941452%
Epoch: 23 | Epoch Time: 0m 49s
Train Loss: 1.5753281842041016 | Train Acc: 43.327999114990234%
Test Loss: 1.5767721939086914 | Test Acc: 43.11999976634979%
Epoch: 24 | Epoch Time: 0m 49s
Train Loss: 1.5587403509521485 | Train Acc: 43.78800094127655%
Test Loss: 1.5609488372802733 | Test Acc: 43.72999966144562%
Epoch: 25 | Epoch Time: 0m 48s
Train Loss: 1.5429773577880859 | Train Acc: 44.32600140571594%
Test Loss: 1.5457360900878907 | Test Acc: 44.15000081062317%
Epoch: 26 | Epoch Time: 0m 48s
Train Loss: 1.530650929260254 | Train Acc: 44.8060005903244%
Test Loss: 1.5341415573120116 | Test Acc: 44.6399986743927%
Epoch: 27 | Epoch Time: 0m 49s
Train Loss: 1.514419497680664 | Train Acc: 45.27600109577179%
Test Loss: 1.5182996475219726 | Test Acc: 45.21999955177307%
Epoch: 28 | Epoch Time: 0m 49s
Train Loss: 1.4996986625671387 | Train Acc: 45.805999636650085%
Test Loss: 1.5037990852355958 | Test Acc: 45.93000113964081%
Epoch: 29 | Epoch Time: 0m 48s
Train Loss: 1.48788323638916 | Train Acc: 46.1760014295578%
Test Loss: 1.4929037651062012 | Test Acc: 46.34000062942505%
Epoch: 30 | Epoch Time: 0m 47s
Train Loss: 1.4747441050720216 | Train Acc: 46.63200080394745%
Test Loss: 1.4802221626281737 | Test Acc: 46.81999981403351%
Epoch: 31 | Epoch Time: 0m 48s
Train Loss: 1.4629709977722167 | Train Acc: 47.07399904727936%
Test Loss: 1.4688918022155761 | Test Acc: 47.200000286102295%
Epoch: 32 | Epoch Time: 0m 48s
Train Loss: 1.4514329750061035 | Train Acc: 47.49799966812134%
Test Loss: 1.4576854804992676 | Test Acc: 47.72999882698059%
Epoch: 33 | Epoch Time: 0m 48s
Train Loss: 1.440706649017334 | Train Acc: 47.797998785972595%
Test Loss: 1.4472491088867188 | Test Acc: 48.159998655319214%
Epoch: 34 | Epoch Time: 0m 48s
Train Loss: 1.4309485217285156 | Train Acc: 48.28000068664551%
Test Loss: 1.4377400650024414 | Test Acc: 48.39000105857849%
Epoch: 35 | Epoch Time: 0m 48s
Train Loss: 1.421249991455078 | Train Acc: 48.62799942493439%
Test Loss: 1.4286664665222168 | Test Acc: 48.6299991607666%
Epoch: 36 | Epoch Time: 0m 47s
Train Loss: 1.4107299922180176 | Train Acc: 49.02999997138977%
Test Loss: 1.4182960861206055 | Test Acc: 49.25000071525574%
Epoch: 37 | Epoch Time: 0m 48s
Train Loss: 1.4007639848327638 | Train Acc: 49.42600131034851%
Test Loss: 1.4087362030029298 | Test Acc: 49.61999952793121%
Epoch: 38 | Epoch Time: 0m 47s
Train Loss: 1.3917370292663573 | Train Acc: 49.79600012302399%
Test Loss: 1.3999443695068359 | Test Acc: 49.9099999666214%
Epoch: 39 | Epoch Time: 0m 48s
Train Loss: 1.3824844032287598 | Train Acc: 50.12800097465515%
Test Loss: 1.390754758453369 | Test Acc: 50.120002031326294%
Epoch: 40 | Epoch Time: 0m 48s
Train Loss: 1.3748081768798828 | Train Acc: 50.463998317718506%
Test Loss: 1.3841218032836915 | Test Acc: 50.30999779701233%
Epoch: 41 | Epoch Time: 0m 48s
Train Loss: 1.3660884301757812 | Train Acc: 51.01799964904785%
Test Loss: 1.3760640968322755 | Test Acc: 50.65000057220459%
Epoch: 42 | Epoch Time: 0m 48s
Train Loss: 1.3596592213439942 | Train Acc: 51.256000995635986%
Test Loss: 1.3696100692749023 | Test Acc: 50.95999836921692%
Epoch: 43 | Epoch Time: 0m 48s
Train Loss: 1.3524629815673828 | Train Acc: 51.631999015808105%
Test Loss: 1.363121918487549 | Test Acc: 51.30000114440918%
Epoch: 44 | Epoch Time: 0m 49s
Train Loss: 1.3456568548583985 | Train Acc: 51.94399952888489%
Test Loss: 1.3566880767822265 | Test Acc: 51.64999961853027%
Epoch: 45 | Epoch Time: 0m 48s
Train Loss: 1.338750041809082 | Train Acc: 52.34400033950806%
Test Loss: 1.3500328498840333 | Test Acc: 51.980000734329224%
Epoch: 46 | Epoch Time: 0m 48s
Train Loss: 1.3323701150512695 | Train Acc: 52.6199996471405%
Test Loss: 1.3445496894836426 | Test Acc: 52.27000117301941%
Epoch: 47 | Epoch Time: 0m 48s
Train Loss: 1.3274756958007812 | Train Acc: 52.973997592926025%
Test Loss: 1.340316453552246 | Test Acc: 52.35999822616577%
Epoch: 48 | Epoch Time: 0m 51s
Train Loss: 1.3222325984191894 | Train Acc: 53.21999788284302%
Test Loss: 1.3357145141601563 | Test Acc: 52.60000228881836%
Epoch: 49 | Epoch Time: 0m 51s
Train Loss: 1.3197422286987304 | Train Acc: 53.40399742126465%
Test Loss: 1.3342405372619628 | Test Acc: 52.7400016784668%
Epoch: 50 | Epoch Time: 0m 58s
Train Loss: 1.3144668815612792 | Train Acc: 53.68000268936157%
Test Loss: 1.3293332107543945 | Test Acc: 53.06000113487244%
Epoch: 51 | Epoch Time: 0m 52s
Train Loss: 1.3103422779846192 | Train Acc: 53.842002153396606%
Test Loss: 1.3261684638977052 | Test Acc: 53.210002183914185%
Epoch: 52 | Epoch Time: 0m 55s
Train Loss: 1.3073356904602051 | Train Acc: 54.005998373031616%
Test Loss: 1.3241612091064454 | Test Acc: 53.109997510910034%
Epoch: 53 | Epoch Time: 0m 52s
Train Loss: 1.3043215516662598 | Train Acc: 54.09799814224243%
Test Loss: 1.3221215950012206 | Test Acc: 53.35000157356262%
Epoch: 54 | Epoch Time: 0m 49s
Train Loss: 1.3031866130065919 | Train Acc: 54.26200032234192%
Test Loss: 1.322051148223877 | Test Acc: 53.439998626708984%
Epoch: 55 | Epoch Time: 0m 52s
Train Loss: 1.3017830989074708 | Train Acc: 54.3720006942749%
Test Loss: 1.3217391830444336 | Test Acc: 53.6300003528595%
Epoch: 56 | Epoch Time: 0m 53s
Train Loss: 1.2974897506713867 | Train Acc: 54.62999939918518%
Test Loss: 1.3185732734680176 | Test Acc: 53.689998388290405%
Epoch: 57 | Epoch Time: 0m 49s
Train Loss: 1.2978956816101075 | Train Acc: 54.698002338409424%
Test Loss: 1.320225959777832 | Test Acc: 53.75000238418579%
Epoch: 58 | Epoch Time: 0m 50s
Train Loss: 1.2977166230773927 | Train Acc: 54.83800172805786%
Test Loss: 1.320919016265869 | Test Acc: 53.780001401901245%
Epoch: 59 | Epoch Time: 0m 52s
Train Loss: 1.2969508323669434 | Train Acc: 55.07599711418152%
Test Loss: 1.3213078575134278 | Test Acc: 53.86999845504761%
Epoch: 60 | Epoch Time: 0m 54s
Train Loss: 1.297246571044922 | Train Acc: 55.25599718093872%
Test Loss: 1.3238189544677734 | Test Acc: 54.1700005531311%
Epoch: 61 | Epoch Time: 0m 56s
Train Loss: 1.3000492848205567 | Train Acc: 55.44599890708923%
Test Loss: 1.3281032768249512 | Test Acc: 54.350000619888306%
Epoch: 62 | Epoch Time: 0m 55s
Train Loss: 1.3010372808837891 | Train Acc: 55.53399920463562%
Test Loss: 1.3306338775634765 | Test Acc: 54.40000295639038%
Epoch: 63 | Epoch Time: 0m 53s
Train Loss: 1.3047828872680665 | Train Acc: 55.709999799728394%
Test Loss: 1.3359760444641113 | Test Acc: 54.54000234603882%
Epoch: 64 | Epoch Time: 0m 56s
Train Loss: 1.3077733432006835 | Train Acc: 55.751997232437134%
Test Loss: 1.3407746673583985 | Test Acc: 54.49000000953674%
Epoch: 65 | Epoch Time: 0m 55s
Train Loss: 1.312625714263916 | Train Acc: 55.90199828147888%
Test Loss: 1.3473901878356933 | Test Acc: 54.61000204086304%
Epoch: 66 | Epoch Time: 0m 54s
Train Loss: 1.3198302088928222 | Train Acc: 56.01400136947632%
Test Loss: 1.3561252265930175 | Test Acc: 54.739999771118164%
Epoch: 67 | Epoch Time: 0m 53s
Train Loss: 1.3245883624267578 | Train Acc: 56.15599751472473%
Test Loss: 1.3623997482299806 | Test Acc: 54.79000210762024%
Epoch: 68 | Epoch Time: 0m 56s
Train Loss: 1.3310518684387207 | Train Acc: 56.327998638153076%
Test Loss: 1.370905160522461 | Test Acc: 54.909998178482056%
Epoch: 69 | Epoch Time: 0m 49s
Train Loss: 1.3346641822814942 | Train Acc: 56.3759982585907%
Test Loss: 1.3760108116149903 | Test Acc: 55.01999855041504%
Epoch: 70 | Epoch Time: 0m 50s
Train Loss: 1.3459334506225586 | Train Acc: 56.49399757385254%
Test Loss: 1.3890955070495605 | Test Acc: 55.19000291824341%
Epoch: 71 | Epoch Time: 0m 55s
Train Loss: 1.353692409362793 | Train Acc: 56.54799938201904%
Test Loss: 1.3985896636962891 | Test Acc: 55.059999227523804%
Epoch: 72 | Epoch Time: 0m 56s
Train Loss: 1.3598713569641114 | Train Acc: 56.738001108169556%
Test Loss: 1.4064789970397948 | Test Acc: 55.299997329711914%
Epoch: 73 | Epoch Time: 0m 54s
Train Loss: 1.3689033918762208 | Train Acc: 56.742000579833984%
Test Loss: 1.417723708343506 | Test Acc: 55.36999702453613%
Epoch: 74 | Epoch Time: 0m 55s
Train Loss: 1.3792590576171875 | Train Acc: 56.80199861526489%
Test Loss: 1.4299012664794921 | Test Acc: 55.47000169754028%
Epoch: 75 | Epoch Time: 0m 52s
Train Loss: 1.391495627746582 | Train Acc: 56.86799883842468%
Test Loss: 1.4443305168151856 | Test Acc: 55.69000244140625%
Epoch: 76 | Epoch Time: 0m 52s
Train Loss: 1.4036300436401368 | Train Acc: 56.94800019264221%
Test Loss: 1.4585183532714843 | Test Acc: 55.79000115394592%
Epoch: 77 | Epoch Time: 0m 52s
Train Loss: 1.4148002375793458 | Train Acc: 57.03200101852417%
Test Loss: 1.4720823692321778 | Test Acc: 55.69000244140625%
Epoch: 78 | Epoch Time: 0m 52s
Train Loss: 1.426669543609619 | Train Acc: 57.11600184440613%
Test Loss: 1.4863125350952149 | Test Acc: 55.73999881744385%
Epoch: 79 | Epoch Time: 0m 51s
Train Loss: 1.4355862670898438 | Train Acc: 57.1399986743927%
Test Loss: 1.4969266693115235 | Test Acc: 55.720001459121704%
Epoch: 80 | Epoch Time: 0m 52s
Train Loss: 1.4480564936828613 | Train Acc: 57.23999738693237%
Test Loss: 1.5116069564819337 | Test Acc: 55.80000281333923%
Epoch: 81 | Epoch Time: 0m 56s
Train Loss: 1.4552706269836426 | Train Acc: 57.2920024394989%
Test Loss: 1.5208391967773438 | Test Acc: 55.83999752998352%
Epoch: 82 | Epoch Time: 0m 55s
Train Loss: 1.4693562854003905 | Train Acc: 57.37199783325195%
Test Loss: 1.5374361572265625 | Test Acc: 55.77999949455261%
Epoch: 83 | Epoch Time: 0m 55s
Train Loss: 1.4776565977478027 | Train Acc: 57.444000244140625%
Test Loss: 1.5477767974853516 | Test Acc: 55.83999752998352%
Epoch: 84 | Epoch Time: 0m 54s
Train Loss: 1.4865840452575683 | Train Acc: 57.47600197792053%
Test Loss: 1.5589716545104981 | Test Acc: 55.82000017166138%
Epoch: 85 | Epoch Time: 0m 54s
Train Loss: 1.5005240339660644 | Train Acc: 57.576000690460205%
Test Loss: 1.5756695182800293 | Test Acc: 55.90999722480774%
Epoch: 86 | Epoch Time: 0m 54s
Train Loss: 1.5112893656921387 | Train Acc: 57.604002952575684%
Test Loss: 1.5884159881591797 | Test Acc: 55.970001220703125%
Epoch: 87 | Epoch Time: 0m 55s
Train Loss: 1.5200250929260255 | Train Acc: 57.642000913619995%
Test Loss: 1.5999702842712402 | Test Acc: 55.959999561309814%
Epoch: 88 | Epoch Time: 0m 55s
Train Loss: 1.5345963044738768 | Train Acc: 57.70999789237976%
Test Loss: 1.6169267219543457 | Test Acc: 55.949997901916504%
Epoch: 89 | Epoch Time: 0m 55s
Train Loss: 1.5415491023254395 | Train Acc: 57.819998264312744%
Test Loss: 1.626506241607666 | Test Acc: 56.040000915527344%
Epoch: 90 | Epoch Time: 0m 55s
Train Loss: 1.5525936247253418 | Train Acc: 57.81000256538391%
Test Loss: 1.6395726654052734 | Test Acc: 55.970001220703125%
Epoch: 91 | Epoch Time: 0m 54s
Train Loss: 1.562907417449951 | Train Acc: 57.83399939537048%
Test Loss: 1.6518587135314942 | Test Acc: 55.900001525878906%
Epoch: 92 | Epoch Time: 0m 54s
Train Loss: 1.570868372039795 | Train Acc: 57.90799856185913%
Test Loss: 1.6613319702148437 | Test Acc: 55.91999888420105%
Epoch: 93 | Epoch Time: 0m 53s
Train Loss: 1.5724137928771973 | Train Acc: 57.92199969291687%
Test Loss: 1.664448323059082 | Test Acc: 55.84999918937683%
Epoch: 94 | Epoch Time: 0m 54s
Train Loss: 1.5860687704467773 | Train Acc: 57.94399976730347%
Test Loss: 1.6802911415100097 | Test Acc: 56.00000023841858%
Epoch: 95 | Epoch Time: 0m 54s
Train Loss: 1.5996153620910645 | Train Acc: 57.96999931335449%
Test Loss: 1.6957681564331055 | Test Acc: 56.040000915527344%
Epoch: 96 | Epoch Time: 0m 54s
Train Loss: 1.6045541526794433 | Train Acc: 57.97799825668335%
Test Loss: 1.702814151763916 | Test Acc: 56.02999925613403%
Epoch: 97 | Epoch Time: 0m 54s
Train Loss: 1.613255829925537 | Train Acc: 58.051997423172%
Test Loss: 1.7128835494995118 | Test Acc: 56.040000915527344%
Epoch: 98 | Epoch Time: 0m 54s
Train Loss: 1.6239758776855469 | Train Acc: 58.098000288009644%
Test Loss: 1.7250113189697265 | Test Acc: 56.08999729156494%
Epoch: 99 | Epoch Time: 0m 54s
Train Loss: 1.6321885235595703 | Train Acc: 58.164000511169434%
Test Loss: 1.734561408996582 | Test Acc: 56.05999827384949%
Epoch: 100 | Epoch Time: 0m 57s
Train Loss: 1.6362041178894042 | Train Acc: 58.156001567840576%
Test Loss: 1.7395273880004882 | Test Acc: 56.02999925613403%
