Namespace(action=14, model='CNN', seed=1)
{'model_name': 'CNN', 'device': device(type='cuda', index=0), 'log_dir': 'log\\CNN', 'ckpt_dir': 'checkpoint\\CNN', 'attack': 'lf', 'defence': 'krum', 'client_epochs': 10, 'server_epochs': 100, 'batch_size': 100, 'client_lr': 0.15, 'server_lr': 0.15, 'server_rate': 2000, 'load_ckpt': 0, 'workers': 20, 'byzantine_workers': 8, 'attack_strength': 1.0, 'k': 1, 'b': 10, 'test_frequency': 1}
======================Start Train Model [Thu May  9 05:53:23 2024]======================
Epoch: 1 | Epoch Time: 1m 47s
Train Loss: 2.2956167395019533 | Train Acc: 16.033999621868134%
Test Loss: 2.2956627685546875 | Test Acc: 16.050000488758087%
Epoch: 2 | Epoch Time: 1m 47s
Train Loss: 2.2792301635742187 | Train Acc: 19.213999807834625%
Test Loss: 2.279158654785156 | Test Acc: 19.370000064373016%
Epoch: 3 | Epoch Time: 1m 47s
Train Loss: 2.2535350927734377 | Train Acc: 23.24800044298172%
Test Loss: 2.253207371520996 | Test Acc: 23.37999939918518%
Epoch: 4 | Epoch Time: 1m 47s
Train Loss: 2.214892166442871 | Train Acc: 25.957998633384705%
Test Loss: 2.2141339233398436 | Test Acc: 26.339998841285706%
Epoch: 5 | Epoch Time: 1m 46s
Train Loss: 2.1748824642944338 | Train Acc: 29.16400134563446%
Test Loss: 2.173856773376465 | Test Acc: 29.490000009536743%
Epoch: 6 | Epoch Time: 1m 47s
Train Loss: 2.127388207397461 | Train Acc: 31.229999661445618%
Test Loss: 2.1260682846069336 | Test Acc: 31.369999051094055%
Epoch: 7 | Epoch Time: 1m 47s
Train Loss: 2.076383476867676 | Train Acc: 32.26400017738342%
Test Loss: 2.0741818267822265 | Test Acc: 32.69999921321869%
Epoch: 8 | Epoch Time: 1m 45s
Train Loss: 2.0307174124145506 | Train Acc: 33.05000066757202%
Test Loss: 2.027900033569336 | Test Acc: 33.36000144481659%
Epoch: 9 | Epoch Time: 1m 47s
Train Loss: 1.9828659350585938 | Train Acc: 34.52000021934509%
Test Loss: 1.9796469573974609 | Test Acc: 35.35999953746796%
Epoch: 10 | Epoch Time: 1m 46s
Train Loss: 1.9355671557617187 | Train Acc: 35.81799864768982%
Test Loss: 1.931917239379883 | Test Acc: 36.399999260902405%
Epoch: 11 | Epoch Time: 1m 47s
Train Loss: 1.8955272610473632 | Train Acc: 36.239999532699585%
Test Loss: 1.891339437866211 | Test Acc: 36.809998750686646%
Epoch: 12 | Epoch Time: 1m 45s
Train Loss: 1.8515489398193359 | Train Acc: 37.10600137710571%
Test Loss: 1.8475332885742188 | Test Acc: 37.74000108242035%
Epoch: 13 | Epoch Time: 1m 46s
Train Loss: 1.8176208819580078 | Train Acc: 38.48400115966797%
Test Loss: 1.8134764022827148 | Test Acc: 38.53000104427338%
Epoch: 14 | Epoch Time: 1m 46s
Train Loss: 1.7840534970092774 | Train Acc: 39.3559992313385%
Test Loss: 1.7800765029907226 | Test Acc: 39.559999108314514%
Epoch: 15 | Epoch Time: 1m 45s
Train Loss: 1.7554929174804688 | Train Acc: 39.82599973678589%
Test Loss: 1.7519564743041993 | Test Acc: 40.209999680519104%
Epoch: 16 | Epoch Time: 1m 46s
Train Loss: 1.7260488409423829 | Train Acc: 40.27799963951111%
Test Loss: 1.7233068725585938 | Test Acc: 40.68000018596649%
Epoch: 17 | Epoch Time: 1m 45s
Train Loss: 1.6958926959228515 | Train Acc: 41.13599956035614%
Test Loss: 1.6931058395385743 | Test Acc: 41.47999882698059%
Epoch: 18 | Epoch Time: 1m 47s
Train Loss: 1.6696325744628906 | Train Acc: 41.66400134563446%
Test Loss: 1.6658927536010741 | Test Acc: 41.83000028133392%
Epoch: 19 | Epoch Time: 1m 47s
Train Loss: 1.652511340637207 | Train Acc: 42.06799864768982%
Test Loss: 1.6507205841064454 | Test Acc: 42.35999882221222%
Epoch: 20 | Epoch Time: 1m 49s
Train Loss: 1.6230590161132812 | Train Acc: 42.816001176834106%
Test Loss: 1.62126396484375 | Test Acc: 43.14999878406525%
Epoch: 21 | Epoch Time: 1m 44s
Train Loss: 1.601724721069336 | Train Acc: 43.39999854564667%
Test Loss: 1.6003212265014648 | Test Acc: 43.74000132083893%
Epoch: 22 | Epoch Time: 1m 46s
Train Loss: 1.5783034411621093 | Train Acc: 43.96600127220154%
Test Loss: 1.5766272018432617 | Test Acc: 44.26000118255615%
Epoch: 23 | Epoch Time: 1m 47s
Train Loss: 1.5572415280151368 | Train Acc: 44.39400136470795%
Test Loss: 1.555752099609375 | Test Acc: 44.78000104427338%
Epoch: 24 | Epoch Time: 1m 45s
Train Loss: 1.5521629061889648 | Train Acc: 44.464001059532166%
Test Loss: 1.5501172515869142 | Test Acc: 44.929999113082886%
Epoch: 25 | Epoch Time: 1m 47s
Train Loss: 1.536804841003418 | Train Acc: 45.11600136756897%
Test Loss: 1.5358670166015624 | Test Acc: 45.410001277923584%
Epoch: 26 | Epoch Time: 1m 45s
Train Loss: 1.5158939605712891 | Train Acc: 45.38800120353699%
Test Loss: 1.514948504638672 | Test Acc: 45.730000734329224%
Epoch: 27 | Epoch Time: 1m 46s
Train Loss: 1.5117597094726563 | Train Acc: 45.47399878501892%
Test Loss: 1.5129474243164063 | Test Acc: 45.93000113964081%
Epoch: 28 | Epoch Time: 1m 45s
Train Loss: 1.4912886451721192 | Train Acc: 46.37399911880493%
Test Loss: 1.494469483947754 | Test Acc: 46.75999879837036%
Epoch: 29 | Epoch Time: 1m 46s
Train Loss: 1.4755787269592284 | Train Acc: 46.93000018596649%
Test Loss: 1.4793226402282715 | Test Acc: 47.17999994754791%
Epoch: 30 | Epoch Time: 1m 46s
Train Loss: 1.460453511352539 | Train Acc: 47.43799865245819%
Test Loss: 1.4651953689575195 | Test Acc: 47.769999504089355%
Epoch: 31 | Epoch Time: 1m 46s
Train Loss: 1.4556817764282226 | Train Acc: 47.5600004196167%
Test Loss: 1.4602749847412109 | Test Acc: 47.56999909877777%
Epoch: 32 | Epoch Time: 1m 45s
Train Loss: 1.4463489823913573 | Train Acc: 47.97599911689758%
Test Loss: 1.4521418762207032 | Test Acc: 47.94999957084656%
Epoch: 33 | Epoch Time: 1m 47s
Train Loss: 1.435864120941162 | Train Acc: 48.26799929141998%
Test Loss: 1.4429793502807617 | Test Acc: 48.170000314712524%
Epoch: 34 | Epoch Time: 1m 46s
Train Loss: 1.430667082672119 | Train Acc: 48.44200015068054%
Test Loss: 1.4384347236633301 | Test Acc: 48.21999967098236%
Epoch: 35 | Epoch Time: 1m 45s
Train Loss: 1.4198137300109863 | Train Acc: 48.83800148963928%
Test Loss: 1.4279875267028808 | Test Acc: 48.579999804496765%
Epoch: 36 | Epoch Time: 1m 47s
Train Loss: 1.4128707460021972 | Train Acc: 49.05000030994415%
Test Loss: 1.4210053581237794 | Test Acc: 48.84999990463257%
Epoch: 37 | Epoch Time: 1m 46s
Train Loss: 1.4001841555786132 | Train Acc: 49.69199895858765%
Test Loss: 1.4095136413574219 | Test Acc: 49.18999969959259%
Epoch: 38 | Epoch Time: 1m 46s
Train Loss: 1.3895439248657226 | Train Acc: 50.102001428604126%
Test Loss: 1.3989861289978027 | Test Acc: 49.64999854564667%
Epoch: 39 | Epoch Time: 1m 45s
Train Loss: 1.3804410025024414 | Train Acc: 50.35799741744995%
Test Loss: 1.3906854331970215 | Test Acc: 49.91999864578247%
Epoch: 40 | Epoch Time: 1m 46s
Train Loss: 1.3740438656616212 | Train Acc: 50.62999725341797%
Test Loss: 1.385928833770752 | Test Acc: 50.26000142097473%
Epoch: 41 | Epoch Time: 1m 45s
Train Loss: 1.3670647052001954 | Train Acc: 51.051998138427734%
Test Loss: 1.3807995574951173 | Test Acc: 50.30999779701233%
Epoch: 42 | Epoch Time: 1m 46s
Train Loss: 1.367414609375 | Train Acc: 51.11200213432312%
Test Loss: 1.3827122451782226 | Test Acc: 50.33000111579895%
Epoch: 43 | Epoch Time: 1m 47s
Train Loss: 1.3720325984191895 | Train Acc: 51.35999917984009%
Test Loss: 1.389422863006592 | Test Acc: 50.38999915122986%
Epoch: 44 | Epoch Time: 1m 47s
Train Loss: 1.3680575830078125 | Train Acc: 51.51799917221069%
Test Loss: 1.3864105812072753 | Test Acc: 50.58000087738037%
Epoch: 45 | Epoch Time: 1m 45s
Train Loss: 1.3703455995178222 | Train Acc: 51.753997802734375%
Test Loss: 1.3908057586669922 | Test Acc: 50.52000284194946%
Epoch: 46 | Epoch Time: 1m 48s
Train Loss: 1.3720151612854004 | Train Acc: 51.815998554229736%
Test Loss: 1.3944515747070312 | Test Acc: 50.78999996185303%
Epoch: 47 | Epoch Time: 1m 50s
Train Loss: 1.380273967590332 | Train Acc: 51.73599720001221%
Test Loss: 1.4044229049682617 | Test Acc: 50.80999732017517%
Epoch: 48 | Epoch Time: 1m 48s
Train Loss: 1.3885145007324218 | Train Acc: 51.64399743080139%
Test Loss: 1.4142291069030761 | Test Acc: 50.6600022315979%
Epoch: 49 | Epoch Time: 1m 49s
Train Loss: 1.4060489241027831 | Train Acc: 51.41000151634216%
Test Loss: 1.4321866310119629 | Test Acc: 50.050002336502075%
Epoch: 50 | Epoch Time: 1m 49s
Train Loss: 1.428725713043213 | Train Acc: 51.326000690460205%
Test Loss: 1.456457151031494 | Test Acc: 49.90000128746033%
Epoch: 51 | Epoch Time: 1m 50s
Train Loss: 1.4533592671203612 | Train Acc: 51.3480007648468%
Test Loss: 1.4835074043273926 | Test Acc: 49.84000027179718%
Epoch: 52 | Epoch Time: 1m 50s
Train Loss: 1.4723865036010741 | Train Acc: 51.25200152397156%
Test Loss: 1.504351220703125 | Test Acc: 49.75000023841858%
Epoch: 53 | Epoch Time: 1m 49s
Train Loss: 1.500846047821045 | Train Acc: 51.25399827957153%
Test Loss: 1.5358807929992675 | Test Acc: 49.61000084877014%
Epoch: 54 | Epoch Time: 1m 51s
Train Loss: 1.5279326953125 | Train Acc: 51.274001598358154%
Test Loss: 1.565090145111084 | Test Acc: 49.70000088214874%
Epoch: 55 | Epoch Time: 1m 47s
Train Loss: 1.5687463093566894 | Train Acc: 51.26199722290039%
Test Loss: 1.6097815620422364 | Test Acc: 49.64999854564667%
Epoch: 56 | Epoch Time: 1m 51s
Train Loss: 1.6186255278015136 | Train Acc: 51.13400220870972%
Test Loss: 1.662910511779785 | Test Acc: 49.52999949455261%
Epoch: 57 | Epoch Time: 1m 49s
Train Loss: 1.6669090121459962 | Train Acc: 51.06800198554993%
Test Loss: 1.713778458404541 | Test Acc: 49.309998750686646%
Epoch: 58 | Epoch Time: 1m 49s
Train Loss: 1.7218333848571776 | Train Acc: 50.940001010894775%
Test Loss: 1.771624870300293 | Test Acc: 49.25000071525574%
Epoch: 59 | Epoch Time: 1m 51s
Train Loss: 1.7742192938232422 | Train Acc: 50.679999589920044%
Test Loss: 1.8272862747192382 | Test Acc: 49.000000953674316%
Epoch: 60 | Epoch Time: 1m 48s
Train Loss: 1.807436881866455 | Train Acc: 50.467997789382935%
Test Loss: 1.861190584564209 | Test Acc: 48.899999260902405%
Epoch: 61 | Epoch Time: 1m 50s
Train Loss: 1.8427209510803222 | Train Acc: 50.37199854850769%
Test Loss: 1.898561329650879 | Test Acc: 48.69999885559082%
Epoch: 62 | Epoch Time: 1m 49s
Train Loss: 1.8969179837036132 | Train Acc: 50.25399923324585%
Test Loss: 1.9558190338134767 | Test Acc: 48.46000075340271%
Epoch: 63 | Epoch Time: 1m 46s
Train Loss: 1.93831100982666 | Train Acc: 50.02400279045105%
Test Loss: 1.9975892974853515 | Test Acc: 48.39999973773956%
Epoch: 64 | Epoch Time: 1m 45s
Train Loss: 1.996829877319336 | Train Acc: 49.97999966144562%
Test Loss: 2.0589353469848635 | Test Acc: 48.39000105857849%
Epoch: 65 | Epoch Time: 1m 45s
Train Loss: 2.0538354116821287 | Train Acc: 49.865999817848206%
Test Loss: 2.1186436080932616 | Test Acc: 48.4499990940094%
Epoch: 66 | Epoch Time: 1m 45s
Train Loss: 2.1085321459960937 | Train Acc: 49.85800087451935%
Test Loss: 2.176082475280762 | Test Acc: 48.44000041484833%
Epoch: 67 | Epoch Time: 1m 44s
Train Loss: 2.161445233154297 | Train Acc: 49.81600046157837%
Test Loss: 2.231500061035156 | Test Acc: 48.41000139713287%
Epoch: 68 | Epoch Time: 1m 48s
Train Loss: 2.212861821594238 | Train Acc: 49.733999371528625%
Test Loss: 2.2849740982055664 | Test Acc: 48.39000105857849%
Epoch: 69 | Epoch Time: 1m 46s
Train Loss: 2.2617891790771485 | Train Acc: 49.68799948692322%
Test Loss: 2.3362151107788085 | Test Acc: 48.2699990272522%
Epoch: 70 | Epoch Time: 1m 48s
Train Loss: 2.308311664123535 | Train Acc: 49.60600137710571%
Test Loss: 2.3849335388183595 | Test Acc: 48.19999933242798%
Epoch: 71 | Epoch Time: 1m 46s
Train Loss: 2.3521553964233397 | Train Acc: 49.5959997177124%
Test Loss: 2.4308810348510743 | Test Acc: 48.14000129699707%
Epoch: 72 | Epoch Time: 1m 47s
Train Loss: 2.394322699279785 | Train Acc: 49.522000551223755%
Test Loss: 2.475182536315918 | Test Acc: 48.06999862194061%
Epoch: 73 | Epoch Time: 1m 48s
Train Loss: 2.4348280462646485 | Train Acc: 49.522000551223755%
Test Loss: 2.517453173828125 | Test Acc: 48.100000619888306%
Epoch: 74 | Epoch Time: 1m 46s
Train Loss: 2.473080355834961 | Train Acc: 49.43999946117401%
Test Loss: 2.557363380432129 | Test Acc: 48.08000028133392%
Epoch: 75 | Epoch Time: 1m 52s
Train Loss: 2.5091740927124024 | Train Acc: 49.441999197006226%
Test Loss: 2.594972215270996 | Test Acc: 48.03000092506409%
Epoch: 76 | Epoch Time: 1m 51s
Train Loss: 2.5433030520629885 | Train Acc: 49.4159996509552%
Test Loss: 2.6306285583496094 | Test Acc: 48.03999960422516%
Epoch: 77 | Epoch Time: 1m 51s
Train Loss: 2.57596365814209 | Train Acc: 49.37199950218201%
Test Loss: 2.6647901184082032 | Test Acc: 48.019999265670776%
Epoch: 78 | Epoch Time: 1m 47s
Train Loss: 2.606321373901367 | Train Acc: 49.358001351356506%
Test Loss: 2.6964304260253904 | Test Acc: 47.97999858856201%
Epoch: 79 | Epoch Time: 1m 47s
Train Loss: 2.636205508117676 | Train Acc: 49.309998750686646%
Test Loss: 2.727516082763672 | Test Acc: 47.97999858856201%
Epoch: 80 | Epoch Time: 1m 46s
Train Loss: 2.6647086276245115 | Train Acc: 49.27600026130676%
Test Loss: 2.7572681121826172 | Test Acc: 47.94999957084656%
Epoch: 81 | Epoch Time: 1m 47s
Train Loss: 2.691923551635742 | Train Acc: 49.26599860191345%
Test Loss: 2.7856385177612304 | Test Acc: 47.9200005531311%
Epoch: 82 | Epoch Time: 1m 46s
Train Loss: 2.717846969604492 | Train Acc: 49.25599992275238%
Test Loss: 2.812632420349121 | Test Acc: 47.929999232292175%
Epoch: 83 | Epoch Time: 1m 46s
Train Loss: 2.7415951544189454 | Train Acc: 49.23200011253357%
Test Loss: 2.8372841217041014 | Test Acc: 47.88999855518341%
Epoch: 84 | Epoch Time: 1m 47s
Train Loss: 2.764010126953125 | Train Acc: 49.23200011253357%
Test Loss: 2.8605238647460935 | Test Acc: 47.87999987602234%
Epoch: 85 | Epoch Time: 1m 46s
Train Loss: 2.7866555731201172 | Train Acc: 49.21799898147583%
Test Loss: 2.884018989562988 | Test Acc: 47.87999987602234%
Epoch: 86 | Epoch Time: 1m 46s
Train Loss: 2.807613452758789 | Train Acc: 49.226000905036926%
Test Loss: 2.905695083618164 | Test Acc: 47.88999855518341%
Epoch: 87 | Epoch Time: 1m 46s
Train Loss: 2.828108964538574 | Train Acc: 49.2220014333725%
Test Loss: 2.9269711517333983 | Test Acc: 47.81000018119812%
Epoch: 88 | Epoch Time: 1m 47s
Train Loss: 2.847666047363281 | Train Acc: 49.21799898147583%
Test Loss: 2.9471883255004885 | Test Acc: 47.769999504089355%
Epoch: 89 | Epoch Time: 1m 45s
Train Loss: 2.8668188830566406 | Train Acc: 49.18600022792816%
Test Loss: 2.9669836868286135 | Test Acc: 47.79999852180481%
Epoch: 90 | Epoch Time: 1m 48s
Train Loss: 2.8847011074829103 | Train Acc: 49.16599988937378%
Test Loss: 2.9855126220703125 | Test Acc: 47.79999852180481%
Epoch: 91 | Epoch Time: 1m 47s
Train Loss: 2.902472631225586 | Train Acc: 49.136000871658325%
Test Loss: 3.0039174865722655 | Test Acc: 47.74999916553497%
Epoch: 92 | Epoch Time: 1m 48s
Train Loss: 2.919488257751465 | Train Acc: 49.11600053310394%
Test Loss: 3.0214699752807617 | Test Acc: 47.769999504089355%
Epoch: 93 | Epoch Time: 1m 47s
Train Loss: 2.9360343557739257 | Train Acc: 49.11600053310394%
Test Loss: 3.0385528549194336 | Test Acc: 47.760000824928284%
Epoch: 94 | Epoch Time: 1m 47s
Train Loss: 2.951172492675781 | Train Acc: 49.10399913787842%
Test Loss: 3.054141305541992 | Test Acc: 47.74999916553497%
Epoch: 95 | Epoch Time: 1m 47s
Train Loss: 2.9661399313354493 | Train Acc: 49.0880012512207%
Test Loss: 3.069716586303711 | Test Acc: 47.760000824928284%
Epoch: 96 | Epoch Time: 1m 46s
Train Loss: 2.981112776184082 | Train Acc: 49.09000098705292%
Test Loss: 3.085163551330566 | Test Acc: 47.79999852180481%
Epoch: 97 | Epoch Time: 1m 48s
Train Loss: 2.9953843032836915 | Train Acc: 49.070000648498535%
Test Loss: 3.0998301055908204 | Test Acc: 47.81999886035919%
Epoch: 98 | Epoch Time: 1m 45s
Train Loss: 3.0088110122680662 | Train Acc: 49.07799959182739%
Test Loss: 3.1136858947753905 | Test Acc: 47.81999886035919%
Epoch: 99 | Epoch Time: 1m 47s
Train Loss: 2.545377443237305 | Train Acc: 48.791998624801636%
Test Loss: 2.6279745681762696 | Test Acc: 46.97999954223633%
Epoch: 100 | Epoch Time: 1m 47s
Train Loss: 2.5762739434814454 | Train Acc: 48.844000697135925%
Test Loss: 2.660097789001465 | Test Acc: 47.06999957561493%
