Namespace(action=8, model='CNN', seed=1)
{'model_name': 'CNN', 'device': device(type='cuda', index=0), 'log_dir': 'log\\CNN', 'ckpt_dir': 'checkpoint\\CNN', 'attack': 'bf', 'defence': 'krum', 'client_epochs': 10, 'server_epochs': 100, 'batch_size': 100, 'client_lr': 0.15, 'server_lr': 0.15, 'server_rate': 2000, 'load_ckpt': 0, 'workers': 20, 'byzantine_workers': 8, 'attack_strength': -0.1, 'k': 1, 'b': 4, 'test_frequency': 1}
======================Start Train Model [Tue May  7 02:58:51 2024]======================
Epoch: 1 | Epoch Time: 0m 37s
Train Loss: 2.298299730529785 | Train Acc: 10.636000335216522%
Test Loss: 2.298122662353516 | Test Acc: 10.779999941587448%
Epoch: 2 | Epoch Time: 0m 38s
Train Loss: 2.2837806832885743 | Train Acc: 18.625999987125397%
Test Loss: 2.2833498611450196 | Test Acc: 18.930000066757202%
Epoch: 3 | Epoch Time: 0m 37s
Train Loss: 2.259774414672852 | Train Acc: 22.34400063753128%
Test Loss: 2.2588472106933595 | Test Acc: 22.750000655651093%
Epoch: 4 | Epoch Time: 0m 37s
Train Loss: 2.224457250061035 | Train Acc: 24.527999758720398%
Test Loss: 2.223013430786133 | Test Acc: 24.580000340938568%
Epoch: 5 | Epoch Time: 0m 37s
Train Loss: 2.1819781048583984 | Train Acc: 26.952001452445984%
Test Loss: 2.179974221801758 | Test Acc: 27.180001139640808%
Epoch: 6 | Epoch Time: 0m 39s
Train Loss: 2.1301260610961914 | Train Acc: 29.067999124526978%
Test Loss: 2.1277098571777344 | Test Acc: 29.44999933242798%
Epoch: 7 | Epoch Time: 0m 38s
Train Loss: 2.08333399597168 | Train Acc: 30.274000763893127%
Test Loss: 2.079996078491211 | Test Acc: 30.61000108718872%
Epoch: 8 | Epoch Time: 0m 37s
Train Loss: 2.035472631225586 | Train Acc: 31.02400004863739%
Test Loss: 2.0315614883422852 | Test Acc: 31.33000135421753%
Epoch: 9 | Epoch Time: 0m 37s
Train Loss: 1.9952443032836915 | Train Acc: 30.987998843193054%
Test Loss: 1.9913492385864258 | Test Acc: 30.730000138282776%
Epoch: 10 | Epoch Time: 0m 37s
Train Loss: 1.9417153295898437 | Train Acc: 32.20199942588806%
Test Loss: 1.9372167861938476 | Test Acc: 32.40000009536743%
Epoch: 11 | Epoch Time: 0m 38s
Train Loss: 1.8924415286254883 | Train Acc: 33.39000046253204%
Test Loss: 1.8875727081298828 | Test Acc: 33.5099995136261%
Epoch: 12 | Epoch Time: 0m 38s
Train Loss: 1.8597080422973633 | Train Acc: 34.39599871635437%
Test Loss: 1.8542872009277345 | Test Acc: 34.86999869346619%
Epoch: 13 | Epoch Time: 0m 38s
Train Loss: 1.8166134887695313 | Train Acc: 35.565999150276184%
Test Loss: 1.8109286682128907 | Test Acc: 35.60999929904938%
Epoch: 14 | Epoch Time: 0m 37s
Train Loss: 1.7820331079101563 | Train Acc: 36.37399971485138%
Test Loss: 1.775896208190918 | Test Acc: 36.28000020980835%
Epoch: 15 | Epoch Time: 0m 37s
Train Loss: 1.7646359729003906 | Train Acc: 36.50200068950653%
Test Loss: 1.7571984283447266 | Test Acc: 36.75000071525574%
Epoch: 16 | Epoch Time: 0m 38s
Train Loss: 1.7351392663574219 | Train Acc: 37.23199963569641%
Test Loss: 1.7272693176269531 | Test Acc: 37.450000643730164%
Epoch: 17 | Epoch Time: 0m 38s
Train Loss: 1.713487866821289 | Train Acc: 37.74800002574921%
Test Loss: 1.7050968231201171 | Test Acc: 37.81000077724457%
Epoch: 18 | Epoch Time: 0m 38s
Train Loss: 1.6957219757080078 | Train Acc: 38.999998569488525%
Test Loss: 1.6869697021484376 | Test Acc: 39.10999894142151%
Epoch: 19 | Epoch Time: 0m 38s
Train Loss: 1.6723991177368165 | Train Acc: 39.79400098323822%
Test Loss: 1.6647134170532227 | Test Acc: 39.879998564720154%
Epoch: 20 | Epoch Time: 0m 39s
Train Loss: 1.6534973236083985 | Train Acc: 40.39599895477295%
Test Loss: 1.645791098022461 | Test Acc: 40.50000011920929%
Epoch: 21 | Epoch Time: 0m 38s
Train Loss: 1.6434973864746094 | Train Acc: 40.5460000038147%
Test Loss: 1.6357939071655274 | Test Acc: 40.61000049114227%
Epoch: 22 | Epoch Time: 0m 38s
Train Loss: 1.6271111447143554 | Train Acc: 41.133999824523926%
Test Loss: 1.6206022888183593 | Test Acc: 41.589999198913574%
Epoch: 23 | Epoch Time: 0m 38s
Train Loss: 1.6102561068725585 | Train Acc: 41.863998770713806%
Test Loss: 1.6031780014038086 | Test Acc: 42.28000044822693%
Epoch: 24 | Epoch Time: 0m 38s
Train Loss: 1.5885543161010742 | Train Acc: 42.79800057411194%
Test Loss: 1.581655776977539 | Test Acc: 42.8600013256073%
Epoch: 25 | Epoch Time: 0m 37s
Train Loss: 1.5840767776489257 | Train Acc: 43.004000186920166%
Test Loss: 1.5767690704345703 | Test Acc: 43.16999912261963%
Epoch: 26 | Epoch Time: 0m 39s
Train Loss: 1.5797711935424805 | Train Acc: 43.09400022029877%
Test Loss: 1.5729002548217774 | Test Acc: 43.27999949455261%
Epoch: 27 | Epoch Time: 0m 38s
Train Loss: 1.5778459664916993 | Train Acc: 43.27400028705597%
Test Loss: 1.570654510498047 | Test Acc: 43.52000057697296%
Epoch: 28 | Epoch Time: 0m 38s
Train Loss: 1.578747699279785 | Train Acc: 43.474000692367554%
Test Loss: 1.5718391372680665 | Test Acc: 43.799999356269836%
Epoch: 29 | Epoch Time: 0m 37s
Train Loss: 1.576358855895996 | Train Acc: 43.65000128746033%
Test Loss: 1.569098245239258 | Test Acc: 43.83000135421753%
Epoch: 30 | Epoch Time: 0m 37s
Train Loss: 1.5738303884887694 | Train Acc: 43.873998522758484%
Test Loss: 1.566085154724121 | Test Acc: 43.97999942302704%
Epoch: 31 | Epoch Time: 0m 38s
Train Loss: 1.5704499111938477 | Train Acc: 43.907999992370605%
Test Loss: 1.5626352828979493 | Test Acc: 43.88999938964844%
Epoch: 32 | Epoch Time: 0m 38s
Train Loss: 1.5825183520507813 | Train Acc: 43.69800090789795%
Test Loss: 1.5745272537231445 | Test Acc: 43.36999952793121%
Epoch: 33 | Epoch Time: 0m 38s
Train Loss: 1.603323743133545 | Train Acc: 43.38200092315674%
Test Loss: 1.596019728088379 | Test Acc: 43.23999881744385%
Epoch: 34 | Epoch Time: 0m 37s
Train Loss: 1.6109040380859374 | Train Acc: 43.78199875354767%
Test Loss: 1.603554850769043 | Test Acc: 43.32999885082245%
Epoch: 35 | Epoch Time: 0m 37s
Train Loss: 1.6287526301574706 | Train Acc: 43.959999084472656%
Test Loss: 1.6210559616088867 | Test Acc: 43.4799998998642%
Epoch: 36 | Epoch Time: 0m 37s
Train Loss: 1.6578933209228515 | Train Acc: 44.10200119018555%
Test Loss: 1.6498313842773438 | Test Acc: 43.4799998998642%
Epoch: 37 | Epoch Time: 0m 38s
Train Loss: 1.6817441792297363 | Train Acc: 44.16800141334534%
Test Loss: 1.672999996948242 | Test Acc: 43.540000915527344%
Epoch: 38 | Epoch Time: 0m 37s
Train Loss: 1.722511517944336 | Train Acc: 44.01800036430359%
Test Loss: 1.7117434173583985 | Test Acc: 43.41999888420105%
Epoch: 39 | Epoch Time: 0m 37s
Train Loss: 1.761666099243164 | Train Acc: 44.13000047206879%
Test Loss: 1.7509053253173827 | Test Acc: 43.459999561309814%
Epoch: 40 | Epoch Time: 0m 37s
Train Loss: 1.7742082595825195 | Train Acc: 44.11599934101105%
Test Loss: 1.761935140991211 | Test Acc: 43.220001459121704%
Epoch: 41 | Epoch Time: 0m 38s
Train Loss: 1.8269329739379883 | Train Acc: 44.18199956417084%
Test Loss: 1.81404716796875 | Test Acc: 43.50999891757965%
Epoch: 42 | Epoch Time: 0m 38s
Train Loss: 1.791517760925293 | Train Acc: 43.408000469207764%
Test Loss: 1.7788775787353515 | Test Acc: 42.739999294281006%
Epoch: 43 | Epoch Time: 0m 38s
Train Loss: 1.8467756869506835 | Train Acc: 43.74400079250336%
Test Loss: 1.8336424453735352 | Test Acc: 43.00999939441681%
Epoch: 44 | Epoch Time: 0m 37s
Train Loss: 1.8623646142578125 | Train Acc: 43.81200075149536%
Test Loss: 1.8495423782348632 | Test Acc: 42.87000000476837%
Epoch: 45 | Epoch Time: 0m 37s
Train Loss: 1.936640168762207 | Train Acc: 43.86599957942963%
Test Loss: 1.9231840591430664 | Test Acc: 43.070000410079956%
Epoch: 46 | Epoch Time: 0m 38s
Train Loss: 2.0172370642089845 | Train Acc: 43.8620001077652%
Test Loss: 2.0031687591552734 | Test Acc: 43.209999799728394%
Epoch: 47 | Epoch Time: 0m 38s
Train Loss: 2.0998433596801758 | Train Acc: 43.91399919986725%
Test Loss: 2.0852550094604494 | Test Acc: 43.389999866485596%
Epoch: 48 | Epoch Time: 0m 38s
Train Loss: 2.164233170776367 | Train Acc: 44.012001156806946%
Test Loss: 2.149481245422363 | Test Acc: 43.45000088214874%
Epoch: 49 | Epoch Time: 0m 39s
Train Loss: 2.2465852810668947 | Train Acc: 44.08400058746338%
Test Loss: 2.2310585510253906 | Test Acc: 43.470001220703125%
Epoch: 50 | Epoch Time: 0m 37s
Train Loss: 2.326583310546875 | Train Acc: 44.053998589515686%
Test Loss: 2.310590814208984 | Test Acc: 43.619999289512634%
Epoch: 51 | Epoch Time: 0m 38s
Train Loss: 2.403059848327637 | Train Acc: 44.06999945640564%
Test Loss: 2.386093408203125 | Test Acc: 43.59999895095825%
Epoch: 52 | Epoch Time: 0m 38s
Train Loss: 2.4771169470214844 | Train Acc: 44.07599866390228%
Test Loss: 2.4595502853393554 | Test Acc: 43.41000020503998%
Epoch: 53 | Epoch Time: 0m 38s
Train Loss: 2.5489608422851564 | Train Acc: 44.02399957180023%
Test Loss: 2.5303082595825197 | Test Acc: 43.39999854564667%
Epoch: 54 | Epoch Time: 0m 37s
Train Loss: 2.6163703674316405 | Train Acc: 43.92800033092499%
Test Loss: 2.596954441833496 | Test Acc: 43.39999854564667%
Epoch: 55 | Epoch Time: 0m 37s
Train Loss: 2.6803824481201173 | Train Acc: 43.96199882030487%
Test Loss: 2.6602036743164064 | Test Acc: 43.25000047683716%
Epoch: 56 | Epoch Time: 0m 38s
Train Loss: 2.7402585305786133 | Train Acc: 43.977999687194824%
Test Loss: 2.7194167587280274 | Test Acc: 43.14999878406525%
Epoch: 57 | Epoch Time: 0m 38s
Train Loss: 2.7986149502563475 | Train Acc: 43.92800033092499%
Test Loss: 2.7769249114990235 | Test Acc: 43.209999799728394%
Epoch: 58 | Epoch Time: 0m 38s
Train Loss: 2.853411831665039 | Train Acc: 43.92800033092499%
Test Loss: 2.8307028732299804 | Test Acc: 43.16000044345856%
Epoch: 59 | Epoch Time: 0m 38s
Train Loss: 2.905162417297363 | Train Acc: 43.939998745918274%
Test Loss: 2.8816519943237306 | Test Acc: 43.059998750686646%
Epoch: 60 | Epoch Time: 0m 37s
Train Loss: 2.953573355102539 | Train Acc: 43.922001123428345%
Test Loss: 2.9291912780761717 | Test Acc: 43.1300014257431%
Epoch: 61 | Epoch Time: 0m 38s
Train Loss: 2.9993662203979494 | Train Acc: 43.907999992370605%
Test Loss: 2.974015524291992 | Test Acc: 43.25999915599823%
Epoch: 62 | Epoch Time: 0m 38s
Train Loss: 3.042579857788086 | Train Acc: 43.87800097465515%
Test Loss: 3.0167775115966795 | Test Acc: 43.29000115394592%
Epoch: 63 | Epoch Time: 0m 38s
Train Loss: 3.0829170419311525 | Train Acc: 43.86799931526184%
Test Loss: 3.056393731689453 | Test Acc: 43.27999949455261%
Epoch: 64 | Epoch Time: 0m 37s
Train Loss: 3.1213970391845702 | Train Acc: 43.832001090049744%
Test Loss: 3.094214726257324 | Test Acc: 43.32000017166138%
Epoch: 65 | Epoch Time: 0m 37s
Train Loss: 3.158827495727539 | Train Acc: 43.82399916648865%
Test Loss: 3.1308198303222654 | Test Acc: 43.220001459121704%
Epoch: 66 | Epoch Time: 0m 39s
Train Loss: 3.1935388400268554 | Train Acc: 43.81200075149536%
Test Loss: 3.164739619445801 | Test Acc: 43.27999949455261%
Epoch: 67 | Epoch Time: 0m 38s
Train Loss: 3.2262390017700193 | Train Acc: 43.775999546051025%
Test Loss: 3.196801354980469 | Test Acc: 43.32000017166138%
Epoch: 68 | Epoch Time: 0m 38s
Train Loss: 3.257285075378418 | Train Acc: 43.775999546051025%
Test Loss: 3.227048503112793 | Test Acc: 43.25000047683716%
Epoch: 69 | Epoch Time: 0m 38s
Train Loss: 3.2876336196899416 | Train Acc: 43.76800060272217%
Test Loss: 3.256669291687012 | Test Acc: 43.29000115394592%
Epoch: 70 | Epoch Time: 0m 37s
Train Loss: 3.3158704782104493 | Train Acc: 43.75999867916107%
Test Loss: 3.2842841384887693 | Test Acc: 43.27000081539154%
Epoch: 71 | Epoch Time: 0m 38s
Train Loss: 3.3432789611816407 | Train Acc: 43.73199939727783%
Test Loss: 3.311123321533203 | Test Acc: 43.27999949455261%
Epoch: 72 | Epoch Time: 0m 38s
Train Loss: 3.369024515991211 | Train Acc: 43.720000982284546%
Test Loss: 3.3362848495483397 | Test Acc: 43.23999881744385%
Epoch: 73 | Epoch Time: 0m 38s
Train Loss: 3.393927900390625 | Train Acc: 43.696001172065735%
Test Loss: 3.3605812896728517 | Test Acc: 43.18000078201294%
Epoch: 74 | Epoch Time: 0m 37s
Train Loss: 3.4181650119018556 | Train Acc: 43.696001172065735%
Test Loss: 3.3843002029418945 | Test Acc: 43.16000044345856%
Epoch: 75 | Epoch Time: 0m 37s
Train Loss: 3.441411060180664 | Train Acc: 43.67800056934357%
Test Loss: 3.407034860229492 | Test Acc: 43.16999912261963%
Epoch: 76 | Epoch Time: 0m 38s
Train Loss: 3.4628362783813476 | Train Acc: 43.65000128746033%
Test Loss: 3.427965946960449 | Test Acc: 43.14999878406525%
Epoch: 77 | Epoch Time: 0m 38s
Train Loss: 3.483449878540039 | Train Acc: 43.66399943828583%
Test Loss: 3.4481871871948244 | Test Acc: 43.1300014257431%
Epoch: 78 | Epoch Time: 0m 37s
Train Loss: 3.504565238342285 | Train Acc: 43.66199970245361%
Test Loss: 3.468838458251953 | Test Acc: 43.16000044345856%
Epoch: 79 | Epoch Time: 0m 37s
Train Loss: 3.523658738708496 | Train Acc: 43.65200102329254%
Test Loss: 3.4874356384277343 | Test Acc: 43.14999878406525%
Epoch: 80 | Epoch Time: 0m 37s
Train Loss: 3.5426251666259767 | Train Acc: 43.63200068473816%
Test Loss: 3.5059600036621092 | Test Acc: 43.1300014257431%
Epoch: 81 | Epoch Time: 0m 38s
Train Loss: 3.561066633605957 | Train Acc: 43.62800121307373%
Test Loss: 3.5239987091064453 | Test Acc: 43.1300014257431%
Epoch: 82 | Epoch Time: 0m 38s
Train Loss: 3.5789294085693357 | Train Acc: 43.626001477241516%
Test Loss: 3.5414584411621095 | Test Acc: 43.16999912261963%
Epoch: 83 | Epoch Time: 0m 37s
Train Loss: 3.595707144165039 | Train Acc: 43.61200034618378%
Test Loss: 3.557879217529297 | Test Acc: 43.11999976634979%
Epoch: 84 | Epoch Time: 0m 38s
Train Loss: 3.6124433416748047 | Train Acc: 43.61000061035156%
Test Loss: 3.5741493408203127 | Test Acc: 43.14999878406525%
Epoch: 85 | Epoch Time: 0m 37s
Train Loss: 3.6282315606689455 | Train Acc: 43.61400008201599%
Test Loss: 3.5896036193847656 | Test Acc: 43.16000044345856%
Epoch: 86 | Epoch Time: 0m 38s
Train Loss: 3.6437514489746095 | Train Acc: 43.601998686790466%
Test Loss: 3.604795538330078 | Test Acc: 43.140000104904175%
Epoch: 87 | Epoch Time: 0m 38s
Train Loss: 3.6589262677001955 | Train Acc: 43.601998686790466%
Test Loss: 3.6196806640625 | Test Acc: 43.1300014257431%
Epoch: 88 | Epoch Time: 0m 37s
Train Loss: 3.673185314025879 | Train Acc: 43.59599947929382%
Test Loss: 3.633445657348633 | Test Acc: 43.14999878406525%
Epoch: 89 | Epoch Time: 0m 37s
Train Loss: 3.6872240505981444 | Train Acc: 43.60800087451935%
Test Loss: 3.6471564575195314 | Test Acc: 43.16000044345856%
Epoch: 90 | Epoch Time: 0m 37s
Train Loss: 3.7010118936157226 | Train Acc: 43.57199966907501%
Test Loss: 3.660513610839844 | Test Acc: 43.14999878406525%
Epoch: 91 | Epoch Time: 0m 38s
Train Loss: 3.7145229440307617 | Train Acc: 43.57399940490723%
Test Loss: 3.673614456176758 | Test Acc: 43.140000104904175%
Epoch: 92 | Epoch Time: 0m 38s
Train Loss: 3.727500248413086 | Train Acc: 43.5479998588562%
Test Loss: 3.686168478393555 | Test Acc: 43.07999908924103%
Epoch: 93 | Epoch Time: 0m 37s
Train Loss: 3.7399797213745116 | Train Acc: 43.55799853801727%
Test Loss: 3.6984374572753906 | Test Acc: 43.11000108718872%
Epoch: 94 | Epoch Time: 0m 38s
Train Loss: 3.752056062927246 | Train Acc: 43.549999594688416%
Test Loss: 3.710148986816406 | Test Acc: 43.07999908924103%
Epoch: 95 | Epoch Time: 0m 37s
Train Loss: 3.7642134857177734 | Train Acc: 43.53800117969513%
Test Loss: 3.7220189849853518 | Test Acc: 43.059998750686646%
Epoch: 96 | Epoch Time: 0m 38s
Train Loss: 3.7760745727539065 | Train Acc: 43.53399872779846%
Test Loss: 3.7334939056396483 | Test Acc: 43.0400013923645%
Epoch: 97 | Epoch Time: 0m 38s
Train Loss: 3.787686265563965 | Train Acc: 43.50999891757965%
Test Loss: 3.7448282775878905 | Test Acc: 43.0400013923645%
Epoch: 98 | Epoch Time: 0m 37s
Train Loss: 3.798828694152832 | Train Acc: 43.53399872779846%
Test Loss: 3.755691189575195 | Test Acc: 43.0400013923645%
Epoch: 99 | Epoch Time: 0m 38s
Train Loss: 3.809402262878418 | Train Acc: 43.53399872779846%
Test Loss: 3.7659348663330077 | Test Acc: 43.050000071525574%
Epoch: 100 | Epoch Time: 0m 38s
Train Loss: 3.819582189941406 | Train Acc: 43.522000312805176%
Test Loss: 3.7758739685058593 | Test Acc: 43.059998750686646%
Namespace(action=8, model='CNN', seed=1)
{'model_name': 'CNN', 'device': device(type='cuda', index=0), 'log_dir': 'log\\CNN', 'ckpt_dir': 'checkpoint\\CNN', 'attack': 'bf', 'defence': 'krum', 'client_epochs': 10, 'server_epochs': 100, 'batch_size': 100, 'client_lr': 0.15, 'server_lr': 0.15, 'server_rate': 2000, 'load_ckpt': 0, 'workers': 20, 'byzantine_workers': 8, 'attack_strength': -0.1, 'k': 1, 'b': 4, 'test_frequency': 1}
======================Start Train Model [Wed May  8 07:24:25 2024]======================
Epoch: 1 | Epoch Time: 0m 46s
Train Loss: 2.292472119140625 | Train Acc: 10.068000108003616%
Test Loss: 2.2926110244750975 | Test Acc: 10.090000182390213%
Epoch: 2 | Epoch Time: 0m 46s
Train Loss: 2.2720039151000977 | Train Acc: 14.414000511169434%
Test Loss: 2.272002299499512 | Test Acc: 14.509999752044678%
Epoch: 3 | Epoch Time: 0m 46s
Train Loss: 2.2415870278930665 | Train Acc: 20.015999674797058%
Test Loss: 2.241361082458496 | Test Acc: 20.12999951839447%
Epoch: 4 | Epoch Time: 0m 46s
Train Loss: 2.2028834924316407 | Train Acc: 26.875999569892883%
Test Loss: 2.202228564453125 | Test Acc: 26.989999413490295%
Epoch: 5 | Epoch Time: 0m 46s
Train Loss: 2.157987194213867 | Train Acc: 29.736000299453735%
Test Loss: 2.156802592468262 | Test Acc: 29.919999837875366%
Epoch: 6 | Epoch Time: 0m 46s
Train Loss: 2.112678430175781 | Train Acc: 31.02400004863739%
Test Loss: 2.111087457275391 | Test Acc: 31.150001287460327%
Epoch: 7 | Epoch Time: 0m 46s
Train Loss: 2.065495330505371 | Train Acc: 31.76800012588501%
Test Loss: 2.0632800506591797 | Test Acc: 31.749999523162842%
Epoch: 8 | Epoch Time: 0m 46s
Train Loss: 2.0138135174560547 | Train Acc: 32.8359991312027%
Test Loss: 2.010836749267578 | Test Acc: 32.64999985694885%
Epoch: 9 | Epoch Time: 0m 46s
Train Loss: 1.969038500366211 | Train Acc: 33.267998695373535%
Test Loss: 1.9658493942260742 | Test Acc: 33.61999988555908%
Epoch: 10 | Epoch Time: 0m 46s
Train Loss: 1.933971339416504 | Train Acc: 33.88400077819824%
Test Loss: 1.9305863845825195 | Test Acc: 34.299999475479126%
Epoch: 11 | Epoch Time: 0m 46s
Train Loss: 1.8942935455322265 | Train Acc: 34.70200002193451%
Test Loss: 1.890469546508789 | Test Acc: 35.2400004863739%
Epoch: 12 | Epoch Time: 0m 47s
Train Loss: 1.8558199005126954 | Train Acc: 35.89800000190735%
Test Loss: 1.8519875289916992 | Test Acc: 35.96999943256378%
Epoch: 13 | Epoch Time: 0m 46s
Train Loss: 1.8221095010375976 | Train Acc: 36.6100013256073%
Test Loss: 1.8181289291381837 | Test Acc: 36.50999963283539%
Epoch: 14 | Epoch Time: 0m 47s
Train Loss: 1.7920937649536133 | Train Acc: 37.59799897670746%
Test Loss: 1.788115690612793 | Test Acc: 37.47999966144562%
Epoch: 15 | Epoch Time: 0m 46s
Train Loss: 1.7705513403320312 | Train Acc: 38.05600106716156%
Test Loss: 1.766592169189453 | Test Acc: 38.15000057220459%
Epoch: 16 | Epoch Time: 0m 47s
Train Loss: 1.7332644918823241 | Train Acc: 39.197999238967896%
Test Loss: 1.7302285491943359 | Test Acc: 39.320001006126404%
Epoch: 17 | Epoch Time: 0m 47s
Train Loss: 1.7070773098754883 | Train Acc: 39.7460013628006%
Test Loss: 1.7042068405151367 | Test Acc: 40.00999927520752%
Epoch: 18 | Epoch Time: 0m 46s
Train Loss: 1.6781579702758789 | Train Acc: 40.61000049114227%
Test Loss: 1.6753902267456056 | Test Acc: 40.63999950885773%
Epoch: 19 | Epoch Time: 0m 46s
Train Loss: 1.6614963943481444 | Train Acc: 41.06000065803528%
Test Loss: 1.6587646896362305 | Test Acc: 41.17999970912933%
Epoch: 20 | Epoch Time: 0m 46s
Train Loss: 1.635940892944336 | Train Acc: 41.76599979400635%
Test Loss: 1.6339484481811524 | Test Acc: 41.96999967098236%
Epoch: 21 | Epoch Time: 0m 47s
Train Loss: 1.6167328524780273 | Train Acc: 42.465999722480774%
Test Loss: 1.6151661209106445 | Test Acc: 42.329999804496765%
Epoch: 22 | Epoch Time: 0m 47s
Train Loss: 1.6076597055053712 | Train Acc: 42.67599880695343%
Test Loss: 1.6062086471557617 | Test Acc: 42.71999895572662%
Epoch: 23 | Epoch Time: 0m 46s
Train Loss: 1.5871056784057618 | Train Acc: 43.10399889945984%
Test Loss: 1.5858024795532226 | Test Acc: 43.5699999332428%
Epoch: 24 | Epoch Time: 0m 46s
Train Loss: 1.574344906311035 | Train Acc: 43.626001477241516%
Test Loss: 1.5742014511108398 | Test Acc: 43.8400000333786%
Epoch: 25 | Epoch Time: 0m 46s
Train Loss: 1.5621477145385743 | Train Acc: 44.04599964618683%
Test Loss: 1.562855368041992 | Test Acc: 44.24999952316284%
Epoch: 26 | Epoch Time: 0m 46s
Train Loss: 1.5468641848754883 | Train Acc: 44.582000374794006%
Test Loss: 1.5478370468139648 | Test Acc: 44.80000138282776%
Epoch: 27 | Epoch Time: 0m 46s
Train Loss: 1.5277750012207032 | Train Acc: 45.15399932861328%
Test Loss: 1.5282977783203124 | Test Acc: 45.159998536109924%
Epoch: 28 | Epoch Time: 0m 46s
Train Loss: 1.5204048837280273 | Train Acc: 45.56199908256531%
Test Loss: 1.521651611328125 | Test Acc: 45.579999685287476%
Epoch: 29 | Epoch Time: 0m 46s
Train Loss: 1.5026802613830565 | Train Acc: 46.031999588012695%
Test Loss: 1.5044369705200196 | Test Acc: 46.070000529289246%
Epoch: 30 | Epoch Time: 0m 46s
Train Loss: 1.4884135789489745 | Train Acc: 46.3699996471405%
Test Loss: 1.4906657318115235 | Test Acc: 46.50000035762787%
Epoch: 31 | Epoch Time: 0m 46s
Train Loss: 1.4715039573669433 | Train Acc: 46.84399962425232%
Test Loss: 1.4746238250732422 | Test Acc: 46.84999883174896%
Epoch: 32 | Epoch Time: 0m 46s
Train Loss: 1.4609851127624511 | Train Acc: 47.36799895763397%
Test Loss: 1.4635805923461913 | Test Acc: 47.51000106334686%
Epoch: 33 | Epoch Time: 0m 46s
Train Loss: 1.4635550196838378 | Train Acc: 47.26000130176544%
Test Loss: 1.4660052696228028 | Test Acc: 47.33999967575073%
Epoch: 34 | Epoch Time: 0m 45s
Train Loss: 1.4488844102478027 | Train Acc: 47.731998562812805%
Test Loss: 1.4516205596923828 | Test Acc: 47.760000824928284%
Epoch: 35 | Epoch Time: 0m 46s
Train Loss: 1.4502021846008302 | Train Acc: 47.661998867988586%
Test Loss: 1.4528421401977538 | Test Acc: 47.690001130104065%
Epoch: 36 | Epoch Time: 0m 46s
Train Loss: 1.4514885438537597 | Train Acc: 47.63199985027313%
Test Loss: 1.454060285949707 | Test Acc: 47.69999980926514%
Epoch: 37 | Epoch Time: 0m 46s
Train Loss: 1.453552353515625 | Train Acc: 47.59199917316437%
Test Loss: 1.4559883499145507 | Test Acc: 47.56999909877777%
Epoch: 38 | Epoch Time: 0m 46s
Train Loss: 1.456612054748535 | Train Acc: 47.45599925518036%
Test Loss: 1.4593600379943847 | Test Acc: 47.33999967575073%
Epoch: 39 | Epoch Time: 0m 46s
Train Loss: 1.4587744064331054 | Train Acc: 47.35200107097626%
Test Loss: 1.4613886207580566 | Test Acc: 47.22000062465668%
Epoch: 40 | Epoch Time: 0m 46s
Train Loss: 1.4608796195983886 | Train Acc: 47.33000099658966%
Test Loss: 1.4635494934082032 | Test Acc: 47.24999964237213%
Epoch: 41 | Epoch Time: 0m 47s
Train Loss: 1.4624141592407227 | Train Acc: 47.24999964237213%
Test Loss: 1.4650126892089843 | Test Acc: 47.22000062465668%
Epoch: 42 | Epoch Time: 0m 46s
Train Loss: 1.4640705181884766 | Train Acc: 47.16799855232239%
Test Loss: 1.466608441925049 | Test Acc: 47.17000126838684%
Epoch: 43 | Epoch Time: 0m 46s
Train Loss: 1.4666579927062988 | Train Acc: 47.106000781059265%
Test Loss: 1.469052431488037 | Test Acc: 47.15999960899353%
Epoch: 44 | Epoch Time: 0m 46s
Train Loss: 1.4690050770568848 | Train Acc: 47.03800082206726%
Test Loss: 1.4712900032043457 | Test Acc: 47.17000126838684%
Epoch: 45 | Epoch Time: 0m 47s
Train Loss: 1.4714524850463868 | Train Acc: 46.98399901390076%
Test Loss: 1.4736893409729004 | Test Acc: 46.99000120162964%
Epoch: 46 | Epoch Time: 0m 47s
Train Loss: 1.4733355963134767 | Train Acc: 46.84999883174896%
Test Loss: 1.4754882217407226 | Test Acc: 46.869999170303345%
Epoch: 47 | Epoch Time: 0m 47s
Train Loss: 1.4756101722717285 | Train Acc: 46.79799973964691%
Test Loss: 1.4776886428833007 | Test Acc: 46.779999136924744%
Epoch: 48 | Epoch Time: 0m 46s
Train Loss: 1.4777901245117187 | Train Acc: 46.72600030899048%
Test Loss: 1.479684774017334 | Test Acc: 46.68000042438507%
Epoch: 49 | Epoch Time: 0m 46s
Train Loss: 1.4564331993103028 | Train Acc: 47.36199975013733%
Test Loss: 1.4607368881225586 | Test Acc: 47.35000133514404%
Epoch: 50 | Epoch Time: 0m 47s
Train Loss: 1.457762628479004 | Train Acc: 47.30600118637085%
Test Loss: 1.4620392021179198 | Test Acc: 47.33999967575073%
Epoch: 51 | Epoch Time: 0m 46s
Train Loss: 1.4598900321960449 | Train Acc: 47.22000062465668%
Test Loss: 1.4641062477111817 | Test Acc: 47.29999899864197%
Epoch: 52 | Epoch Time: 0m 46s
Train Loss: 1.4619289395141601 | Train Acc: 47.14399874210358%
Test Loss: 1.4660690841674804 | Test Acc: 47.22000062465668%
Epoch: 53 | Epoch Time: 0m 46s
Train Loss: 1.4636792761230468 | Train Acc: 47.06999957561493%
Test Loss: 1.4677545112609864 | Test Acc: 47.26000130176544%
Epoch: 54 | Epoch Time: 0m 47s
Train Loss: 1.4655736317443848 | Train Acc: 47.02399969100952%
Test Loss: 1.4694939064025878 | Test Acc: 47.20999896526337%
Epoch: 55 | Epoch Time: 0m 46s
Train Loss: 1.4673196755981446 | Train Acc: 46.97999954223633%
Test Loss: 1.4712046821594238 | Test Acc: 47.200000286102295%
Epoch: 56 | Epoch Time: 0m 46s
Train Loss: 1.4712927618408203 | Train Acc: 46.95599973201752%
Test Loss: 1.4766007354736328 | Test Acc: 47.06000089645386%
Epoch: 57 | Epoch Time: 0m 46s
Train Loss: 1.4734455282592773 | Train Acc: 46.90600037574768%
Test Loss: 1.4787755088806152 | Test Acc: 46.959999203681946%
Epoch: 58 | Epoch Time: 0m 47s
Train Loss: 1.475891169128418 | Train Acc: 46.84000015258789%
Test Loss: 1.481206127166748 | Test Acc: 46.84000015258789%
Epoch: 59 | Epoch Time: 0m 46s
Train Loss: 1.4783726321411133 | Train Acc: 46.75999879837036%
Test Loss: 1.4837043243408203 | Test Acc: 46.779999136924744%
Epoch: 60 | Epoch Time: 0m 47s
Train Loss: 1.4801381587219238 | Train Acc: 46.74000144004822%
Test Loss: 1.4854786209106445 | Test Acc: 46.75000011920929%
Epoch: 61 | Epoch Time: 0m 46s
Train Loss: 1.4821752568054198 | Train Acc: 46.67200148105621%
Test Loss: 1.487613446044922 | Test Acc: 46.66000008583069%
Epoch: 62 | Epoch Time: 0m 46s
Train Loss: 1.4837288919067382 | Train Acc: 46.630001068115234%
Test Loss: 1.4890723831176758 | Test Acc: 46.57999873161316%
Epoch: 63 | Epoch Time: 0m 47s
Train Loss: 1.4854376165771483 | Train Acc: 46.51600122451782%
Test Loss: 1.490812328338623 | Test Acc: 46.57000005245209%
Epoch: 64 | Epoch Time: 0m 47s
Train Loss: 1.488969239654541 | Train Acc: 46.41000032424927%
Test Loss: 1.4943070129394531 | Test Acc: 46.34999930858612%
Epoch: 65 | Epoch Time: 0m 47s
Train Loss: 1.4911328584289552 | Train Acc: 46.355998516082764%
Test Loss: 1.4964222976684571 | Test Acc: 46.299999952316284%
Epoch: 66 | Epoch Time: 0m 47s
Train Loss: 1.4941825657653809 | Train Acc: 46.261999011039734%
Test Loss: 1.4995137954711915 | Test Acc: 46.27000093460083%
Epoch: 67 | Epoch Time: 0m 47s
Train Loss: 1.4972404246520996 | Train Acc: 46.14799916744232%
Test Loss: 1.5025251663208008 | Test Acc: 46.16999924182892%
Epoch: 68 | Epoch Time: 0m 47s
Train Loss: 1.4993523182678223 | Train Acc: 46.059998869895935%
Test Loss: 1.5045169151306153 | Test Acc: 46.07999920845032%
Epoch: 69 | Epoch Time: 0m 47s
Train Loss: 1.5027056727600097 | Train Acc: 45.98599970340729%
Test Loss: 1.5078433876037598 | Test Acc: 46.070000529289246%
Epoch: 70 | Epoch Time: 0m 47s
Train Loss: 1.5058360954284669 | Train Acc: 45.8979994058609%
Test Loss: 1.5109857681274415 | Test Acc: 46.03999853134155%
Epoch: 71 | Epoch Time: 0m 47s
Train Loss: 1.507947344970703 | Train Acc: 45.85599899291992%
Test Loss: 1.5131249038696288 | Test Acc: 45.969998836517334%
Epoch: 72 | Epoch Time: 0m 47s
Train Loss: 1.4976226853942871 | Train Acc: 46.233999729156494%
Test Loss: 1.5034695838928223 | Test Acc: 46.23999893665314%
Epoch: 73 | Epoch Time: 0m 46s
Train Loss: 1.5019845399475098 | Train Acc: 46.11400067806244%
Test Loss: 1.5076865135192872 | Test Acc: 46.140000224113464%
Epoch: 74 | Epoch Time: 0m 47s
Train Loss: 1.5043566004943847 | Train Acc: 46.02000117301941%
Test Loss: 1.510076417541504 | Test Acc: 46.0999995470047%
Epoch: 75 | Epoch Time: 0m 47s
Train Loss: 1.5074736497497558 | Train Acc: 45.93400061130524%
Test Loss: 1.513137117767334 | Test Acc: 45.980000495910645%
Epoch: 76 | Epoch Time: 0m 47s
Train Loss: 1.5106311778259278 | Train Acc: 45.81800103187561%
Test Loss: 1.5161650856018067 | Test Acc: 45.84999978542328%
Epoch: 77 | Epoch Time: 0m 46s
Train Loss: 1.5127816722106933 | Train Acc: 45.74199914932251%
Test Loss: 1.5181619827270507 | Test Acc: 45.78000009059906%
Epoch: 78 | Epoch Time: 0m 48s
Train Loss: 1.515058184814453 | Train Acc: 45.68000137805939%
Test Loss: 1.5204060440063476 | Test Acc: 45.66999971866608%
Epoch: 79 | Epoch Time: 0m 46s
Train Loss: 1.5182144741821288 | Train Acc: 45.58799862861633%
Test Loss: 1.5235708541870117 | Test Acc: 45.489999651908875%
Epoch: 80 | Epoch Time: 0m 46s
Train Loss: 1.5214528677368164 | Train Acc: 45.489999651908875%
Test Loss: 1.526805484008789 | Test Acc: 45.46999931335449%
Epoch: 81 | Epoch Time: 0m 46s
Train Loss: 1.4951473780822755 | Train Acc: 46.244001388549805%
Test Loss: 1.500623609161377 | Test Acc: 46.11000120639801%
Epoch: 82 | Epoch Time: 0m 46s
Train Loss: 1.4974234281921386 | Train Acc: 46.1760014295578%
Test Loss: 1.5028046432495117 | Test Acc: 46.07999920845032%
Epoch: 83 | Epoch Time: 0m 47s
Train Loss: 1.5001221746826172 | Train Acc: 46.06800079345703%
Test Loss: 1.5055028923034668 | Test Acc: 46.0099995136261%
Epoch: 84 | Epoch Time: 0m 46s
Train Loss: 1.5039172763061524 | Train Acc: 45.903998613357544%
Test Loss: 1.5092140731811523 | Test Acc: 45.9199994802475%
Epoch: 85 | Epoch Time: 0m 46s
Train Loss: 1.5062000521850587 | Train Acc: 45.84600031375885%
Test Loss: 1.5115555213928222 | Test Acc: 45.78999876976013%
Epoch: 86 | Epoch Time: 0m 46s
Train Loss: 1.5091208145141601 | Train Acc: 45.78399956226349%
Test Loss: 1.5144506637573243 | Test Acc: 45.750001072883606%
Epoch: 87 | Epoch Time: 0m 47s
Train Loss: 1.511976810913086 | Train Acc: 45.67599892616272%
Test Loss: 1.5172649467468262 | Test Acc: 45.69999873638153%
Epoch: 88 | Epoch Time: 0m 46s
Train Loss: 1.5149357655334472 | Train Acc: 45.57600021362305%
Test Loss: 1.5202203651428223 | Test Acc: 45.68000137805939%
Epoch: 89 | Epoch Time: 0m 46s
Train Loss: 1.5179963676452637 | Train Acc: 45.49799859523773%
Test Loss: 1.5232057556152343 | Test Acc: 45.570001006126404%
Epoch: 90 | Epoch Time: 0m 46s
Train Loss: 1.520576487121582 | Train Acc: 45.4259991645813%
Test Loss: 1.5257790733337402 | Test Acc: 45.60000002384186%
Epoch: 91 | Epoch Time: 0m 47s
Train Loss: 1.5037043553161622 | Train Acc: 46.09400033950806%
Test Loss: 1.5114848510742187 | Test Acc: 46.0999995470047%
Epoch: 92 | Epoch Time: 0m 48s
Train Loss: 1.5066609384155274 | Train Acc: 46.00600004196167%
Test Loss: 1.5144205963134765 | Test Acc: 46.09000086784363%
Epoch: 93 | Epoch Time: 0m 47s
Train Loss: 1.5092973208618163 | Train Acc: 45.93000113964081%
Test Loss: 1.517010466003418 | Test Acc: 46.00000083446503%
Epoch: 94 | Epoch Time: 0m 46s
Train Loss: 1.5125649824523926 | Train Acc: 45.8299994468689%
Test Loss: 1.5202986328125 | Test Acc: 45.87000012397766%
Epoch: 95 | Epoch Time: 0m 47s
Train Loss: 1.5161097760009765 | Train Acc: 45.726001262664795%
Test Loss: 1.5239113220214844 | Test Acc: 45.809999108314514%
Epoch: 96 | Epoch Time: 0m 47s
Train Loss: 1.519215128326416 | Train Acc: 45.631998777389526%
Test Loss: 1.5269605934143067 | Test Acc: 45.730000734329224%
Epoch: 97 | Epoch Time: 0m 47s
Train Loss: 1.5235270796203613 | Train Acc: 45.447999238967896%
Test Loss: 1.5311236541748048 | Test Acc: 45.60000002384186%
Epoch: 98 | Epoch Time: 0m 46s
Train Loss: 1.527180793762207 | Train Acc: 45.36199867725372%
Test Loss: 1.534824072265625 | Test Acc: 45.51999866962433%
Epoch: 99 | Epoch Time: 0m 48s
Train Loss: 1.5308595794677735 | Train Acc: 45.239999890327454%
Test Loss: 1.5384105560302734 | Test Acc: 45.37999927997589%
Epoch: 100 | Epoch Time: 0m 47s
Train Loss: 1.5345676803588868 | Train Acc: 45.118001103401184%
Test Loss: 1.5420701278686524 | Test Acc: 45.26999890804291%
