Namespace(action=12, model='CNN', seed=1)
{'model_name': 'CNN', 'device': device(type='cuda', index=0), 'log_dir': 'log\\CNN', 'ckpt_dir': 'checkpoint\\CNN', 'attack': 'bf', 'defence': 'krum', 'client_epochs': 10, 'server_epochs': 100, 'batch_size': 100, 'client_lr': 0.15, 'server_lr': 0.15, 'server_rate': 2000, 'load_ckpt': 0, 'workers': 20, 'byzantine_workers': 8, 'attack_strength': -1.0, 'k': 20, 'b': 4, 'test_frequency': 1}
======================Start Train Model [Wed May  8 16:59:51 2024]======================
Epoch: 1 | Epoch Time: 0m 37s
Train Loss: 2.303263344116211 | Train Acc: 10.000000149011612%
Test Loss: 2.303178341674805 | Test Acc: 10.000000149011612%
Epoch: 2 | Epoch Time: 0m 37s
Train Loss: 2.3022516146850585 | Train Acc: 10.050000250339508%
Test Loss: 2.3021580932617187 | Test Acc: 10.050000250339508%
Epoch: 3 | Epoch Time: 0m 36s
Train Loss: 2.301011235961914 | Train Acc: 10.413999855518341%
Test Loss: 2.300908445739746 | Test Acc: 10.540000349283218%
Epoch: 4 | Epoch Time: 0m 36s
Train Loss: 2.2994686749267577 | Train Acc: 11.33200004696846%
Test Loss: 2.2993530624389646 | Test Acc: 11.509999632835388%
Epoch: 5 | Epoch Time: 0m 37s
Train Loss: 2.297543833312988 | Train Acc: 12.785999476909637%
Test Loss: 2.297414796447754 | Test Acc: 13.060000538825989%
Epoch: 6 | Epoch Time: 0m 37s
Train Loss: 2.29533433013916 | Train Acc: 14.562000334262848%
Test Loss: 2.2951835037231447 | Test Acc: 14.810000360012054%
Epoch: 7 | Epoch Time: 0m 36s
Train Loss: 2.2928704232788086 | Train Acc: 16.791999340057373%
Test Loss: 2.2927015625 | Test Acc: 16.910000145435333%
Epoch: 8 | Epoch Time: 0m 36s
Train Loss: 2.2900436624145506 | Train Acc: 18.219999969005585%
Test Loss: 2.289854071044922 | Test Acc: 18.320000171661377%
Epoch: 9 | Epoch Time: 0m 36s
Train Loss: 2.2867533917236327 | Train Acc: 18.501999974250793%
Test Loss: 2.286532925415039 | Test Acc: 18.6599999666214%
Epoch: 10 | Epoch Time: 0m 37s
Train Loss: 2.2832609048461916 | Train Acc: 18.425999581813812%
Test Loss: 2.2830060501098632 | Test Acc: 18.729999661445618%
Epoch: 11 | Epoch Time: 0m 37s
Train Loss: 2.279205999145508 | Train Acc: 18.82600039243698%
Test Loss: 2.2789228256225584 | Test Acc: 19.099999964237213%
Epoch: 12 | Epoch Time: 0m 36s
Train Loss: 2.274822982177734 | Train Acc: 19.208000600337982%
Test Loss: 2.2745056518554687 | Test Acc: 19.210000336170197%
Epoch: 13 | Epoch Time: 0m 38s
Train Loss: 2.2700874502563475 | Train Acc: 20.14400064945221%
Test Loss: 2.2697389114379884 | Test Acc: 19.990000128746033%
Epoch: 14 | Epoch Time: 0m 43s
Train Loss: 2.2650868618774416 | Train Acc: 20.547999441623688%
Test Loss: 2.2646933044433593 | Test Acc: 20.399999618530273%
Epoch: 15 | Epoch Time: 0m 43s
Train Loss: 2.2599618493652343 | Train Acc: 21.400000154972076%
Test Loss: 2.2595209564208982 | Test Acc: 21.43999934196472%
Epoch: 16 | Epoch Time: 0m 43s
Train Loss: 2.2547510009765626 | Train Acc: 22.23600000143051%
Test Loss: 2.254268421936035 | Test Acc: 22.31000065803528%
Epoch: 17 | Epoch Time: 0m 48s
Train Loss: 2.2481934985351564 | Train Acc: 23.25800061225891%
Test Loss: 2.2476579803466796 | Test Acc: 23.270000517368317%
Epoch: 18 | Epoch Time: 0m 45s
Train Loss: 2.2420854861450197 | Train Acc: 24.225999414920807%
Test Loss: 2.2415173263549804 | Test Acc: 24.330000579357147%
Epoch: 19 | Epoch Time: 0m 39s
Train Loss: 2.236020928649902 | Train Acc: 24.740000069141388%
Test Loss: 2.2353782272338867 | Test Acc: 24.76000040769577%
Epoch: 20 | Epoch Time: 0m 41s
Train Loss: 2.2297490600585936 | Train Acc: 25.095999240875244%
Test Loss: 2.229026446533203 | Test Acc: 25.110000371932983%
Epoch: 21 | Epoch Time: 0m 40s
Train Loss: 2.2223648181152345 | Train Acc: 25.944000482559204%
Test Loss: 2.2215879791259767 | Test Acc: 25.87999999523163%
Epoch: 22 | Epoch Time: 0m 39s
Train Loss: 2.2150343548583984 | Train Acc: 26.440000534057617%
Test Loss: 2.21419108581543 | Test Acc: 26.559999585151672%
Epoch: 23 | Epoch Time: 0m 38s
Train Loss: 2.207434684448242 | Train Acc: 27.00200080871582%
Test Loss: 2.2065281021118164 | Test Acc: 27.18999981880188%
Epoch: 24 | Epoch Time: 0m 39s
Train Loss: 2.1987577194213865 | Train Acc: 27.77000069618225%
Test Loss: 2.1978232421875 | Test Acc: 27.880001068115234%
Epoch: 25 | Epoch Time: 0m 39s
Train Loss: 2.189990602722168 | Train Acc: 28.259998559951782%
Test Loss: 2.189011866760254 | Test Acc: 28.389999270439148%
Epoch: 26 | Epoch Time: 0m 38s
Train Loss: 2.1809552346801757 | Train Acc: 28.828001022338867%
Test Loss: 2.179912788391113 | Test Acc: 29.06000018119812%
Epoch: 27 | Epoch Time: 0m 37s
Train Loss: 2.17136688079834 | Train Acc: 29.291999340057373%
Test Loss: 2.1702938690185545 | Test Acc: 29.739999771118164%
Epoch: 28 | Epoch Time: 0m 38s
Train Loss: 2.162368209838867 | Train Acc: 29.750001430511475%
Test Loss: 2.1612301345825196 | Test Acc: 30.19999861717224%
Epoch: 29 | Epoch Time: 0m 39s
Train Loss: 2.1537919912719725 | Train Acc: 30.048000812530518%
Test Loss: 2.152586569213867 | Test Acc: 30.52999973297119%
Epoch: 30 | Epoch Time: 0m 39s
Train Loss: 2.1439145068359373 | Train Acc: 30.441999435424805%
Test Loss: 2.142663987731934 | Test Acc: 31.00000023841858%
Epoch: 31 | Epoch Time: 0m 38s
Train Loss: 2.135080969543457 | Train Acc: 30.904000997543335%
Test Loss: 2.133807875061035 | Test Acc: 31.369999051094055%
Epoch: 32 | Epoch Time: 0m 37s
Train Loss: 2.126124779663086 | Train Acc: 31.172001361846924%
Test Loss: 2.1247913757324217 | Test Acc: 31.610000133514404%
Epoch: 33 | Epoch Time: 0m 38s
Train Loss: 2.1171664392089844 | Train Acc: 31.33000135421753%
Test Loss: 2.1157596298217776 | Test Acc: 31.949999928474426%
Epoch: 34 | Epoch Time: 0m 39s
Train Loss: 2.1082825296020506 | Train Acc: 31.567999720573425%
Test Loss: 2.106810331726074 | Test Acc: 32.06000030040741%
Epoch: 35 | Epoch Time: 0m 38s
Train Loss: 2.09937305480957 | Train Acc: 31.742000579833984%
Test Loss: 2.097849153137207 | Test Acc: 32.2299987077713%
Epoch: 36 | Epoch Time: 0m 37s
Train Loss: 2.090293777770996 | Train Acc: 32.016000151634216%
Test Loss: 2.0887197799682617 | Test Acc: 32.499998807907104%
Epoch: 37 | Epoch Time: 0m 48s
Train Loss: 2.0825822076416016 | Train Acc: 32.10799992084503%
Test Loss: 2.0809393325805665 | Test Acc: 32.739999890327454%
Epoch: 38 | Epoch Time: 0m 49s
Train Loss: 2.0751490048217773 | Train Acc: 32.256001234054565%
Test Loss: 2.0734586791992187 | Test Acc: 33.000001311302185%
Epoch: 39 | Epoch Time: 0m 48s
Train Loss: 2.0647277069091796 | Train Acc: 32.55400061607361%
Test Loss: 2.0629929962158204 | Test Acc: 33.5099995136261%
Epoch: 40 | Epoch Time: 0m 49s
Train Loss: 2.0556427780151365 | Train Acc: 32.826000452041626%
Test Loss: 2.0538696701049806 | Test Acc: 33.6899995803833%
Epoch: 41 | Epoch Time: 0m 48s
Train Loss: 2.0467128009033204 | Train Acc: 33.05999934673309%
Test Loss: 2.0449164169311524 | Test Acc: 33.82000029087067%
Epoch: 42 | Epoch Time: 0m 49s
Train Loss: 2.0377876611328123 | Train Acc: 33.19399952888489%
Test Loss: 2.035935206604004 | Test Acc: 33.889999985694885%
Epoch: 43 | Epoch Time: 0m 49s
Train Loss: 2.0288860034179685 | Train Acc: 33.32799971103668%
Test Loss: 2.026993800354004 | Test Acc: 33.84000062942505%
Epoch: 44 | Epoch Time: 0m 49s
Train Loss: 2.021705707092285 | Train Acc: 33.403998613357544%
Test Loss: 2.019723735046387 | Test Acc: 33.88000130653381%
Epoch: 45 | Epoch Time: 0m 48s
Train Loss: 2.0146695825195313 | Train Acc: 33.49800109863281%
Test Loss: 2.0125890930175783 | Test Acc: 33.91999900341034%
Epoch: 46 | Epoch Time: 0m 49s
Train Loss: 2.0060206259155273 | Train Acc: 33.597999811172485%
Test Loss: 2.003906478881836 | Test Acc: 34.11000072956085%
Epoch: 47 | Epoch Time: 0m 37s
Train Loss: 1.998217632751465 | Train Acc: 33.608001470565796%
Test Loss: 1.996002555847168 | Test Acc: 34.139999747276306%
Epoch: 48 | Epoch Time: 0m 36s
Train Loss: 1.989931965637207 | Train Acc: 33.75400006771088%
Test Loss: 1.9876528564453124 | Test Acc: 34.15000140666962%
Epoch: 49 | Epoch Time: 0m 36s
Train Loss: 1.9828168743896484 | Train Acc: 33.945998549461365%
Test Loss: 1.98050977935791 | Test Acc: 34.38999950885773%
Epoch: 50 | Epoch Time: 0m 36s
Train Loss: 1.9747649542236327 | Train Acc: 34.022000432014465%
Test Loss: 1.9724103607177734 | Test Acc: 34.41999852657318%
Epoch: 51 | Epoch Time: 0m 40s
Train Loss: 1.9672400347900392 | Train Acc: 34.158000349998474%
Test Loss: 1.9648505966186522 | Test Acc: 34.50999855995178%
Epoch: 52 | Epoch Time: 0m 37s
Train Loss: 1.9582922998046874 | Train Acc: 34.35400128364563%
Test Loss: 1.9558653457641602 | Test Acc: 34.72999930381775%
Epoch: 53 | Epoch Time: 0m 36s
Train Loss: 1.9508069323730468 | Train Acc: 34.49999988079071%
Test Loss: 1.9483291213989258 | Test Acc: 34.9700003862381%
Epoch: 54 | Epoch Time: 0m 37s
Train Loss: 1.9424847640991212 | Train Acc: 34.553998708724976%
Test Loss: 1.9399398422241212 | Test Acc: 34.99000072479248%
Epoch: 55 | Epoch Time: 0m 36s
Train Loss: 1.9339640014648438 | Train Acc: 34.71199870109558%
Test Loss: 1.9313760055541993 | Test Acc: 35.260000824928284%
Epoch: 56 | Epoch Time: 0m 36s
Train Loss: 1.9278848620605469 | Train Acc: 34.915998578071594%
Test Loss: 1.925334880065918 | Test Acc: 35.4200005531311%
Epoch: 57 | Epoch Time: 0m 37s
Train Loss: 1.9206590032958983 | Train Acc: 34.97399985790253%
Test Loss: 1.918079197692871 | Test Acc: 35.55000126361847%
Epoch: 58 | Epoch Time: 0m 36s
Train Loss: 1.9140054110717772 | Train Acc: 35.13199985027313%
Test Loss: 1.9114307083129882 | Test Acc: 35.62000095844269%
Epoch: 59 | Epoch Time: 0m 37s
Train Loss: 1.9088516528320312 | Train Acc: 35.194000601768494%
Test Loss: 1.906261685180664 | Test Acc: 35.69000065326691%
Epoch: 60 | Epoch Time: 0m 36s
Train Loss: 1.9025315524291992 | Train Acc: 35.166001319885254%
Test Loss: 1.8998686279296875 | Test Acc: 35.71999967098236%
Epoch: 61 | Epoch Time: 0m 36s
Train Loss: 1.8944788665771484 | Train Acc: 35.36800146102905%
Test Loss: 1.891831817626953 | Test Acc: 35.80999970436096%
Epoch: 62 | Epoch Time: 0m 37s
Train Loss: 1.8866087042236328 | Train Acc: 35.4640007019043%
Test Loss: 1.88404178314209 | Test Acc: 36.03000044822693%
Epoch: 63 | Epoch Time: 0m 37s
Train Loss: 1.8797133493041993 | Train Acc: 35.51599979400635%
Test Loss: 1.8771810012817383 | Test Acc: 36.19000017642975%
Epoch: 64 | Epoch Time: 0m 37s
Train Loss: 1.8711415682983399 | Train Acc: 35.64999997615814%
Test Loss: 1.868674104309082 | Test Acc: 36.329999566078186%
Epoch: 65 | Epoch Time: 0m 37s
Train Loss: 1.8655190158081054 | Train Acc: 35.71600019931793%
Test Loss: 1.8630168273925782 | Test Acc: 36.43999993801117%
Epoch: 66 | Epoch Time: 0m 37s
Train Loss: 1.8593315924072265 | Train Acc: 35.75200140476227%
Test Loss: 1.8567637878417969 | Test Acc: 36.500000953674316%
Epoch: 67 | Epoch Time: 0m 37s
Train Loss: 1.8553899432373047 | Train Acc: 35.77600121498108%
Test Loss: 1.852907975769043 | Test Acc: 36.30000054836273%
Epoch: 68 | Epoch Time: 0m 37s
Train Loss: 1.8495355880737305 | Train Acc: 35.86600124835968%
Test Loss: 1.8470265365600587 | Test Acc: 36.46000027656555%
Epoch: 69 | Epoch Time: 0m 37s
Train Loss: 1.8437129028320312 | Train Acc: 36.028000712394714%
Test Loss: 1.8413026138305664 | Test Acc: 36.71000003814697%
Epoch: 70 | Epoch Time: 0m 37s
Train Loss: 1.8378940884399415 | Train Acc: 36.10999882221222%
Test Loss: 1.8355371337890625 | Test Acc: 36.75999939441681%
Epoch: 71 | Epoch Time: 0m 36s
Train Loss: 1.833009914855957 | Train Acc: 36.26999855041504%
Test Loss: 1.830706007385254 | Test Acc: 36.93000078201294%
Epoch: 72 | Epoch Time: 0m 37s
Train Loss: 1.8297900808715821 | Train Acc: 36.375999450683594%
Test Loss: 1.8276125030517578 | Test Acc: 37.07000017166138%
Epoch: 73 | Epoch Time: 0m 37s
Train Loss: 1.8252391873168945 | Train Acc: 36.45800054073334%
Test Loss: 1.8231602432250977 | Test Acc: 37.059998512268066%
Epoch: 74 | Epoch Time: 0m 37s
Train Loss: 1.8202838369750975 | Train Acc: 36.52400076389313%
Test Loss: 1.818196437072754 | Test Acc: 37.139999866485596%
Epoch: 75 | Epoch Time: 0m 36s
Train Loss: 1.8154725344848632 | Train Acc: 36.535999178886414%
Test Loss: 1.8133217208862304 | Test Acc: 37.11000084877014%
Epoch: 76 | Epoch Time: 0m 36s
Train Loss: 1.8103808355712891 | Train Acc: 36.63400113582611%
Test Loss: 1.8082080490112304 | Test Acc: 37.09000051021576%
Epoch: 77 | Epoch Time: 0m 37s
Train Loss: 1.805182449645996 | Train Acc: 36.75999939441681%
Test Loss: 1.8029617691040039 | Test Acc: 37.18999922275543%
Epoch: 78 | Epoch Time: 0m 37s
Train Loss: 1.801215316772461 | Train Acc: 36.8800014257431%
Test Loss: 1.7990791213989257 | Test Acc: 37.23999857902527%
Epoch: 79 | Epoch Time: 0m 37s
Train Loss: 1.795900849609375 | Train Acc: 36.959999799728394%
Test Loss: 1.7937576522827148 | Test Acc: 37.43999898433685%
Epoch: 80 | Epoch Time: 0m 37s
Train Loss: 1.7911108154296875 | Train Acc: 37.06600069999695%
Test Loss: 1.7889602584838866 | Test Acc: 37.50999867916107%
Epoch: 81 | Epoch Time: 0m 36s
Train Loss: 1.7880256155395509 | Train Acc: 37.16199994087219%
Test Loss: 1.7859255889892578 | Test Acc: 37.529999017715454%
Epoch: 82 | Epoch Time: 0m 37s
Train Loss: 1.7838869772338868 | Train Acc: 37.22600042819977%
Test Loss: 1.7818024826049805 | Test Acc: 37.58000135421753%
Epoch: 83 | Epoch Time: 0m 37s
Train Loss: 1.7797115646362305 | Train Acc: 37.35400140285492%
Test Loss: 1.777623472595215 | Test Acc: 37.59999871253967%
Epoch: 84 | Epoch Time: 0m 37s
Train Loss: 1.7754176004028321 | Train Acc: 37.37199902534485%
Test Loss: 1.7733820693969726 | Test Acc: 37.7700001001358%
Epoch: 85 | Epoch Time: 0m 37s
Train Loss: 1.7710706634521485 | Train Acc: 37.393999099731445%
Test Loss: 1.7690877868652344 | Test Acc: 37.74000108242035%
Epoch: 86 | Epoch Time: 0m 36s
Train Loss: 1.7676397146606446 | Train Acc: 37.42400109767914%
Test Loss: 1.765730111694336 | Test Acc: 37.81999945640564%
Epoch: 87 | Epoch Time: 0m 37s
Train Loss: 1.7633580981445311 | Train Acc: 37.49400079250336%
Test Loss: 1.7615254562377929 | Test Acc: 37.83000111579895%
Epoch: 88 | Epoch Time: 0m 37s
Train Loss: 1.7587279583740234 | Train Acc: 37.55199909210205%
Test Loss: 1.7569704788208007 | Test Acc: 37.90999948978424%
Epoch: 89 | Epoch Time: 0m 36s
Train Loss: 1.7558780532836915 | Train Acc: 37.65000104904175%
Test Loss: 1.7542521453857423 | Test Acc: 37.88000047206879%
Epoch: 90 | Epoch Time: 0m 37s
Train Loss: 1.7518640509033203 | Train Acc: 37.71199882030487%
Test Loss: 1.7503710494995117 | Test Acc: 37.90999948978424%
Epoch: 91 | Epoch Time: 0m 36s
Train Loss: 1.7482165872192383 | Train Acc: 37.77799904346466%
Test Loss: 1.7469182983398437 | Test Acc: 38.15999925136566%
Epoch: 92 | Epoch Time: 0m 37s
Train Loss: 1.7447148138427735 | Train Acc: 37.882000207901%
Test Loss: 1.7435063568115234 | Test Acc: 38.269999623298645%
Epoch: 93 | Epoch Time: 0m 38s
Train Loss: 1.7410736422729491 | Train Acc: 37.977999448776245%
Test Loss: 1.73995157623291 | Test Acc: 38.22000026702881%
Epoch: 94 | Epoch Time: 0m 36s
Train Loss: 1.7376036672973634 | Train Acc: 38.03600072860718%
Test Loss: 1.7365772415161134 | Test Acc: 38.269999623298645%
Epoch: 95 | Epoch Time: 0m 37s
Train Loss: 1.7343308969116211 | Train Acc: 38.137999176979065%
Test Loss: 1.7333910354614257 | Test Acc: 38.26000094413757%
Epoch: 96 | Epoch Time: 0m 37s
Train Loss: 1.7311009518432616 | Train Acc: 38.256001472473145%
Test Loss: 1.7302861404418945 | Test Acc: 38.37999999523163%
Epoch: 97 | Epoch Time: 0m 37s
Train Loss: 1.7278908462524414 | Train Acc: 38.2999986410141%
Test Loss: 1.727182550048828 | Test Acc: 38.440001010894775%
Epoch: 98 | Epoch Time: 0m 37s
Train Loss: 1.7240018734741211 | Train Acc: 38.335999846458435%
Test Loss: 1.7233858749389648 | Test Acc: 38.5699987411499%
Epoch: 99 | Epoch Time: 0m 37s
Train Loss: 1.721446784362793 | Train Acc: 38.44600021839142%
Test Loss: 1.720976187133789 | Test Acc: 38.44999969005585%
Epoch: 100 | Epoch Time: 0m 46s
Train Loss: 1.7179070391845703 | Train Acc: 38.482001423835754%
Test Loss: 1.7175305892944337 | Test Acc: 38.600000739097595%
