Namespace(action=4, model='CNN', seed=1)
{'model_name': 'CNN', 'device': device(type='cuda', index=0), 'log_dir': 'log\\CNN', 'ckpt_dir': 'checkpoint\\CNN', 'attack': 'lf', 'defence': 'krum', 'client_epochs': 10, 'server_epochs': 100, 'batch_size': 100, 'client_lr': 0.15, 'server_lr': 0.15, 'server_rate': 2000, 'load_ckpt': 0, 'workers': 20, 'byzantine_workers': 8, 'attack_strength': 10, 'k': 1, 'b': 4, 'test_frequency': 1}
======================Start Train Model [Tue May  7 06:56:44 2024]======================
Epoch: 1 | Epoch Time: 0m 38s
Train Loss: 2.2920568594360353 | Train Acc: 10.127999633550644%
Test Loss: 2.2922387420654298 | Test Acc: 10.189999639987946%
Epoch: 2 | Epoch Time: 0m 48s
Train Loss: 2.2700885333251954 | Train Acc: 19.62199956178665%
Test Loss: 2.270221710205078 | Test Acc: 19.32000070810318%
Epoch: 3 | Epoch Time: 0m 46s
Train Loss: 2.2377141906738283 | Train Acc: 24.512000381946564%
Test Loss: 2.2376743148803713 | Test Acc: 24.650000035762787%
Epoch: 4 | Epoch Time: 0m 47s
Train Loss: 2.194595485534668 | Train Acc: 27.91999876499176%
Test Loss: 2.194513801574707 | Test Acc: 28.029999136924744%
Epoch: 5 | Epoch Time: 0m 48s
Train Loss: 2.148222471008301 | Train Acc: 28.953999280929565%
Test Loss: 2.1476732040405273 | Test Acc: 29.12999987602234%
Epoch: 6 | Epoch Time: 0m 51s
Train Loss: 2.1053256369018554 | Train Acc: 29.27199900150299%
Test Loss: 2.1039209976196287 | Test Acc: 29.8799991607666%
Epoch: 7 | Epoch Time: 0m 45s
Train Loss: 2.0542661709594725 | Train Acc: 30.69399893283844%
Test Loss: 2.052322103881836 | Test Acc: 30.66999912261963%
Epoch: 8 | Epoch Time: 0m 47s
Train Loss: 2.0147243740844725 | Train Acc: 31.867998838424683%
Test Loss: 2.0124255172729493 | Test Acc: 31.88999891281128%
Epoch: 9 | Epoch Time: 0m 49s
Train Loss: 1.9695817498779298 | Train Acc: 32.18199908733368%
Test Loss: 1.9670998031616211 | Test Acc: 31.839999556541443%
Epoch: 10 | Epoch Time: 0m 48s
Train Loss: 1.9340185647583008 | Train Acc: 33.14000070095062%
Test Loss: 1.9311648223876954 | Test Acc: 33.14000070095062%
Epoch: 11 | Epoch Time: 0m 45s
Train Loss: 1.9039193377685546 | Train Acc: 33.90600085258484%
Test Loss: 1.9005699020385742 | Test Acc: 33.59000086784363%
Epoch: 12 | Epoch Time: 0m 47s
Train Loss: 1.8659332357788085 | Train Acc: 34.87800061702728%
Test Loss: 1.8626139862060547 | Test Acc: 34.83999967575073%
Epoch: 13 | Epoch Time: 0m 48s
Train Loss: 1.8335593280029296 | Train Acc: 35.78000068664551%
Test Loss: 1.830074887084961 | Test Acc: 36.1299991607666%
Epoch: 14 | Epoch Time: 0m 50s
Train Loss: 1.8028382382202148 | Train Acc: 36.48200035095215%
Test Loss: 1.7995827331542968 | Test Acc: 36.62999868392944%
Epoch: 15 | Epoch Time: 0m 44s
Train Loss: 1.7736225128173828 | Train Acc: 37.00399994850159%
Test Loss: 1.7705333572387696 | Test Acc: 37.00000047683716%
Epoch: 16 | Epoch Time: 0m 47s
Train Loss: 1.7501780795288087 | Train Acc: 37.72000074386597%
Test Loss: 1.7475160949707031 | Test Acc: 37.81999945640564%
Epoch: 17 | Epoch Time: 0m 48s
Train Loss: 1.7258126174926758 | Train Acc: 38.39200139045715%
Test Loss: 1.723517268371582 | Test Acc: 38.06000053882599%
Epoch: 18 | Epoch Time: 0m 51s
Train Loss: 1.6996568026733399 | Train Acc: 39.052000641822815%
Test Loss: 1.698441717529297 | Test Acc: 38.839998841285706%
Epoch: 19 | Epoch Time: 0m 45s
Train Loss: 1.6787594760131836 | Train Acc: 39.8140013217926%
Test Loss: 1.6780049209594727 | Test Acc: 39.52000141143799%
Epoch: 20 | Epoch Time: 0m 47s
Train Loss: 1.6704337158203124 | Train Acc: 39.84400033950806%
Test Loss: 1.6700158508300782 | Test Acc: 39.37999904155731%
Epoch: 21 | Epoch Time: 0m 47s
Train Loss: 1.6536261962890626 | Train Acc: 40.470001101493835%
Test Loss: 1.654626496887207 | Test Acc: 40.230000019073486%
Epoch: 22 | Epoch Time: 0m 50s
Train Loss: 1.6444873727416993 | Train Acc: 40.84799885749817%
Test Loss: 1.6464435287475585 | Test Acc: 40.43999910354614%
Epoch: 23 | Epoch Time: 0m 44s
Train Loss: 1.6355735833740235 | Train Acc: 41.00799858570099%
Test Loss: 1.6375288162231445 | Test Acc: 40.74000120162964%
Epoch: 24 | Epoch Time: 0m 46s
Train Loss: 1.6175640545654297 | Train Acc: 41.61199927330017%
Test Loss: 1.6208683654785156 | Test Acc: 41.440001130104065%
Epoch: 25 | Epoch Time: 0m 46s
Train Loss: 1.6052787316894532 | Train Acc: 42.052000761032104%
Test Loss: 1.609307582092285 | Test Acc: 41.89000129699707%
Epoch: 26 | Epoch Time: 0m 49s
Train Loss: 1.5968179962158202 | Train Acc: 42.372000217437744%
Test Loss: 1.6017742767333984 | Test Acc: 42.37000048160553%
Epoch: 27 | Epoch Time: 0m 47s
Train Loss: 1.5996581497192384 | Train Acc: 42.493999004364014%
Test Loss: 1.6049939651489258 | Test Acc: 42.329999804496765%
Epoch: 28 | Epoch Time: 0m 45s
Train Loss: 1.6023848178100586 | Train Acc: 42.5680011510849%
Test Loss: 1.6092859420776366 | Test Acc: 42.12999939918518%
Epoch: 29 | Epoch Time: 0m 45s
Train Loss: 1.6086612261962892 | Train Acc: 42.28599965572357%
Test Loss: 1.6172636840820314 | Test Acc: 41.85999929904938%
Epoch: 30 | Epoch Time: 0m 47s
Train Loss: 1.615863454284668 | Train Acc: 42.410001158714294%
Test Loss: 1.627345280456543 | Test Acc: 41.920000314712524%
Epoch: 31 | Epoch Time: 0m 48s
Train Loss: 1.6108189566040039 | Train Acc: 43.08600127696991%
Test Loss: 1.6231924484252929 | Test Acc: 42.399999499320984%
Epoch: 32 | Epoch Time: 0m 44s
Train Loss: 1.6205366268920898 | Train Acc: 42.92599856853485%
Test Loss: 1.633591961669922 | Test Acc: 42.250001430511475%
Epoch: 33 | Epoch Time: 0m 45s
Train Loss: 1.619033215637207 | Train Acc: 43.17199885845184%
Test Loss: 1.6327442901611329 | Test Acc: 42.44999885559082%
Epoch: 34 | Epoch Time: 0m 46s
Train Loss: 1.6272108142089843 | Train Acc: 43.285998702049255%
Test Loss: 1.6419688049316405 | Test Acc: 42.730000615119934%
Epoch: 35 | Epoch Time: 0m 47s
Train Loss: 1.6399483438110352 | Train Acc: 43.28199923038483%
Test Loss: 1.6559608673095703 | Test Acc: 42.71000027656555%
Epoch: 36 | Epoch Time: 0m 43s
Train Loss: 1.667720531616211 | Train Acc: 43.70200037956238%
Test Loss: 1.686259684753418 | Test Acc: 43.09999942779541%
Epoch: 37 | Epoch Time: 0m 45s
Train Loss: 1.6732561544799804 | Train Acc: 43.59599947929382%
Test Loss: 1.690038703918457 | Test Acc: 42.91999936103821%
Epoch: 38 | Epoch Time: 0m 45s
Train Loss: 1.6882454788208008 | Train Acc: 43.75999867916107%
Test Loss: 1.7072023696899414 | Test Acc: 43.16999912261963%
Epoch: 39 | Epoch Time: 0m 48s
Train Loss: 1.7148905722045897 | Train Acc: 44.08000111579895%
Test Loss: 1.7368834838867186 | Test Acc: 43.52000057697296%
Epoch: 40 | Epoch Time: 0m 44s
Train Loss: 1.7538942947387695 | Train Acc: 44.13000047206879%
Test Loss: 1.7785129333496095 | Test Acc: 43.68999898433685%
Epoch: 41 | Epoch Time: 0m 46s
Train Loss: 1.7854673092651367 | Train Acc: 44.12800073623657%
Test Loss: 1.812009996032715 | Test Acc: 43.57999861240387%
Epoch: 42 | Epoch Time: 0m 45s
Train Loss: 1.7927034631347656 | Train Acc: 43.483999371528625%
Test Loss: 1.8164347091674804 | Test Acc: 42.899999022483826%
Epoch: 43 | Epoch Time: 0m 47s
Train Loss: 1.8270211044311524 | Train Acc: 43.57399940490723%
Test Loss: 1.8520808197021483 | Test Acc: 42.809998989105225%
Epoch: 44 | Epoch Time: 0m 46s
Train Loss: 1.8264510308837891 | Train Acc: 43.43999922275543%
Test Loss: 1.8518624176025391 | Test Acc: 42.8600013256073%
Epoch: 45 | Epoch Time: 0m 45s
Train Loss: 1.879882359008789 | Train Acc: 43.50999891757965%
Test Loss: 1.906610202026367 | Test Acc: 42.71999895572662%
Epoch: 46 | Epoch Time: 0m 45s
Train Loss: 1.9220045809936523 | Train Acc: 42.96000003814697%
Test Loss: 1.9494143447875976 | Test Acc: 42.48000085353851%
Epoch: 47 | Epoch Time: 0m 46s
Train Loss: 1.9983700732421874 | Train Acc: 43.09200048446655%
Test Loss: 2.0282018646240236 | Test Acc: 42.500001192092896%
Epoch: 48 | Epoch Time: 0m 48s
Train Loss: 2.034636856689453 | Train Acc: 43.18999946117401%
Test Loss: 2.0659079818725585 | Test Acc: 42.44000017642975%
Epoch: 49 | Epoch Time: 0m 44s
Train Loss: 2.028921773376465 | Train Acc: 42.99199879169464%
Test Loss: 2.057337316894531 | Test Acc: 42.32000112533569%
Epoch: 50 | Epoch Time: 0m 45s
Train Loss: 2.0827553588867187 | Train Acc: 42.38399863243103%
Test Loss: 2.11170538482666 | Test Acc: 41.429999470710754%
Epoch: 51 | Epoch Time: 0m 45s
Train Loss: 2.1586023553466798 | Train Acc: 42.51199960708618%
Test Loss: 2.1900496994018557 | Test Acc: 41.74000024795532%
Epoch: 52 | Epoch Time: 0m 48s
Train Loss: 2.174687057800293 | Train Acc: 42.07800030708313%
Test Loss: 2.2093268325805666 | Test Acc: 41.17999970912933%
Epoch: 53 | Epoch Time: 0m 43s
Train Loss: 2.247694025878906 | Train Acc: 42.291998863220215%
Test Loss: 2.2850985946655276 | Test Acc: 41.47999882698059%
Epoch: 54 | Epoch Time: 0m 45s
Train Loss: 2.3193446307373047 | Train Acc: 42.46000051498413%
Test Loss: 2.3600464859008787 | Test Acc: 41.62999987602234%
Epoch: 55 | Epoch Time: 0m 45s
Train Loss: 2.3899680462646486 | Train Acc: 42.618000507354736%
Test Loss: 2.4334367614746095 | Test Acc: 41.87999963760376%
Epoch: 56 | Epoch Time: 0m 48s
Train Loss: 2.4581945401000977 | Train Acc: 42.757999897003174%
Test Loss: 2.5045199005126952 | Test Acc: 42.03999936580658%
Epoch: 57 | Epoch Time: 0m 45s
Train Loss: 2.524183849487305 | Train Acc: 42.8959995508194%
Test Loss: 2.5731929916381837 | Test Acc: 42.19000041484833%
Epoch: 58 | Epoch Time: 0m 45s
Train Loss: 2.5883221267700196 | Train Acc: 42.983999848365784%
Test Loss: 2.639930017089844 | Test Acc: 42.329999804496765%
Epoch: 59 | Epoch Time: 0m 45s
Train Loss: 2.650964462585449 | Train Acc: 43.02600026130676%
Test Loss: 2.704864791870117 | Test Acc: 42.239999771118164%
Epoch: 60 | Epoch Time: 0m 48s
Train Loss: 2.709972126159668 | Train Acc: 43.0620014667511%
Test Loss: 2.766148547363281 | Test Acc: 42.3799991607666%
Epoch: 61 | Epoch Time: 0m 48s
Train Loss: 2.765759969482422 | Train Acc: 43.11000108718872%
Test Loss: 2.823976724243164 | Test Acc: 42.399999499320984%
Epoch: 62 | Epoch Time: 0m 44s
Train Loss: 2.819932488708496 | Train Acc: 43.163999915122986%
Test Loss: 2.8804577545166015 | Test Acc: 42.4699991941452%
Epoch: 63 | Epoch Time: 0m 45s
Train Loss: 2.869493526916504 | Train Acc: 43.19399893283844%
Test Loss: 2.9319601974487304 | Test Acc: 42.39000082015991%
Epoch: 64 | Epoch Time: 0m 47s
Train Loss: 2.918105759887695 | Train Acc: 43.21399927139282%
Test Loss: 2.982410095214844 | Test Acc: 42.48000085353851%
Epoch: 65 | Epoch Time: 0m 49s
Train Loss: 2.9619877899169924 | Train Acc: 43.24199855327606%
Test Loss: 3.028184884643555 | Test Acc: 42.4699991941452%
Epoch: 66 | Epoch Time: 0m 43s
Train Loss: 3.0035099087524415 | Train Acc: 43.26399862766266%
Test Loss: 3.071371340942383 | Test Acc: 42.489999532699585%
Epoch: 67 | Epoch Time: 0m 46s
Train Loss: 3.0439066287231444 | Train Acc: 43.25999915599823%
Test Loss: 3.1134395767211913 | Test Acc: 42.44999885559082%
Epoch: 68 | Epoch Time: 0m 46s
Train Loss: 3.0811809393310545 | Train Acc: 43.24600100517273%
Test Loss: 3.15215016784668 | Test Acc: 42.489999532699585%
Epoch: 69 | Epoch Time: 0m 50s
Train Loss: 3.117325393371582 | Train Acc: 43.24600100517273%
Test Loss: 3.1897012603759767 | Test Acc: 42.4699991941452%
Epoch: 70 | Epoch Time: 0m 44s
Train Loss: 3.151187966003418 | Train Acc: 43.21199953556061%
Test Loss: 3.2248906158447266 | Test Acc: 42.48000085353851%
Epoch: 71 | Epoch Time: 0m 45s
Train Loss: 3.183642130432129 | Train Acc: 43.20800006389618%
Test Loss: 3.258728515625 | Test Acc: 42.46000051498413%
Epoch: 72 | Epoch Time: 0m 45s
Train Loss: 3.2130888119506835 | Train Acc: 43.21199953556061%
Test Loss: 3.2895508758544922 | Test Acc: 42.4699991941452%
Epoch: 73 | Epoch Time: 0m 48s
Train Loss: 3.2420618804931642 | Train Acc: 43.20400059223175%
Test Loss: 3.3195498580932616 | Test Acc: 42.44999885559082%
Epoch: 74 | Epoch Time: 0m 44s
Train Loss: 3.2698193399047852 | Train Acc: 43.18000078201294%
Test Loss: 3.3482681686401365 | Test Acc: 42.399999499320984%
Epoch: 75 | Epoch Time: 0m 45s
Train Loss: 3.2957497708129884 | Train Acc: 43.18000078201294%
Test Loss: 3.375202241516113 | Test Acc: 42.44000017642975%
Epoch: 76 | Epoch Time: 0m 46s
Train Loss: 3.3205262548828123 | Train Acc: 43.154001235961914%
Test Loss: 3.400979487609863 | Test Acc: 42.410001158714294%
Epoch: 77 | Epoch Time: 0m 48s
Train Loss: 3.3443437557983398 | Train Acc: 43.15800070762634%
Test Loss: 3.4258219802856447 | Test Acc: 42.419999837875366%
Epoch: 78 | Epoch Time: 0m 47s
Train Loss: 3.3668132388305665 | Train Acc: 43.13800036907196%
Test Loss: 3.4491182037353516 | Test Acc: 42.500001192092896%
Epoch: 79 | Epoch Time: 0m 44s
Train Loss: 3.38913368560791 | Train Acc: 43.125998973846436%
Test Loss: 3.472192579650879 | Test Acc: 42.44999885559082%
Epoch: 80 | Epoch Time: 0m 45s
Train Loss: 3.4099341305541992 | Train Acc: 43.116000294685364%
Test Loss: 3.4937953033447267 | Test Acc: 42.51999855041504%
Epoch: 81 | Epoch Time: 0m 47s
Train Loss: 3.4304605819702148 | Train Acc: 43.108001351356506%
Test Loss: 3.5150564407348632 | Test Acc: 42.500001192092896%
Epoch: 82 | Epoch Time: 0m 48s
Train Loss: 3.4493894830322267 | Train Acc: 43.11800003051758%
Test Loss: 3.5348533462524414 | Test Acc: 42.53000020980835%
Epoch: 83 | Epoch Time: 0m 44s
Train Loss: 3.4679623916625975 | Train Acc: 43.11000108718872%
Test Loss: 3.5540104309082032 | Test Acc: 42.48000085353851%
Epoch: 84 | Epoch Time: 0m 45s
Train Loss: 3.4858156588745115 | Train Acc: 43.09400022029877%
Test Loss: 3.5725412353515624 | Test Acc: 42.489999532699585%
Epoch: 85 | Epoch Time: 0m 48s
Train Loss: 3.5030577978515627 | Train Acc: 43.07799935340881%
Test Loss: 3.590464874267578 | Test Acc: 42.44999885559082%
Epoch: 86 | Epoch Time: 0m 49s
Train Loss: 3.519471393737793 | Train Acc: 43.05599927902222%
Test Loss: 3.6076593658447265 | Test Acc: 42.410001158714294%
Epoch: 87 | Epoch Time: 0m 43s
Train Loss: 3.535712243652344 | Train Acc: 43.059998750686646%
Test Loss: 3.6243439697265627 | Test Acc: 42.37000048160553%
Epoch: 88 | Epoch Time: 0m 45s
Train Loss: 3.5514238552856447 | Train Acc: 43.08199882507324%
Test Loss: 3.6406680755615235 | Test Acc: 42.329999804496765%
Epoch: 89 | Epoch Time: 0m 46s
Train Loss: 3.566358768310547 | Train Acc: 43.06400120258331%
Test Loss: 3.656128811645508 | Test Acc: 42.340001463890076%
Epoch: 90 | Epoch Time: 0m 48s
Train Loss: 3.580455589904785 | Train Acc: 43.03799867630005%
Test Loss: 3.6707640869140623 | Test Acc: 42.37000048160553%
Epoch: 91 | Epoch Time: 0m 44s
Train Loss: 3.594344090576172 | Train Acc: 43.050000071525574%
Test Loss: 3.6850980438232424 | Test Acc: 42.3799991607666%
Epoch: 92 | Epoch Time: 0m 45s
Train Loss: 3.6075697689819335 | Train Acc: 43.06400120258331%
Test Loss: 3.698749850463867 | Test Acc: 42.37000048160553%
Epoch: 93 | Epoch Time: 0m 46s
Train Loss: 3.620426871032715 | Train Acc: 43.04400086402893%
Test Loss: 3.7121092224121095 | Test Acc: 42.3799991607666%
Epoch: 94 | Epoch Time: 0m 48s
Train Loss: 3.633458662414551 | Train Acc: 43.03799867630005%
Test Loss: 3.725590267944336 | Test Acc: 42.37000048160553%
Epoch: 95 | Epoch Time: 0m 46s
Train Loss: 3.64607181060791 | Train Acc: 43.02999973297119%
Test Loss: 3.7386355590820313 | Test Acc: 42.39000082015991%
Epoch: 96 | Epoch Time: 0m 44s
Train Loss: 3.657934195251465 | Train Acc: 43.02999973297119%
Test Loss: 3.7508692474365235 | Test Acc: 42.399999499320984%
Epoch: 97 | Epoch Time: 0m 45s
Train Loss: 3.6697010620117188 | Train Acc: 43.02799999713898%
Test Loss: 3.7630506927490233 | Test Acc: 42.410001158714294%
Epoch: 98 | Epoch Time: 0m 48s
Train Loss: 3.680618648376465 | Train Acc: 43.035998940467834%
Test Loss: 3.7744894622802736 | Test Acc: 42.419999837875366%
Epoch: 99 | Epoch Time: 0m 49s
Train Loss: 3.6914746313476563 | Train Acc: 43.022000789642334%
Test Loss: 3.785760546875 | Test Acc: 42.44000017642975%
Epoch: 100 | Epoch Time: 0m 44s
Train Loss: 3.7017563092041015 | Train Acc: 43.031999468803406%
Test Loss: 3.796517620849609 | Test Acc: 42.399999499320984%
Namespace(action=4, model='CNN', seed=1)
{'model_name': 'CNN', 'device': device(type='cuda', index=0), 'log_dir': 'log\\CNN', 'ckpt_dir': 'checkpoint\\CNN', 'attack': 'lf', 'defence': 'krum', 'client_epochs': 10, 'server_epochs': 100, 'batch_size': 100, 'client_lr': 0.15, 'server_lr': 0.15, 'server_rate': 2000, 'load_ckpt': 0, 'workers': 20, 'byzantine_workers': 8, 'attack_strength': 10, 'k': 1, 'b': 4, 'test_frequency': 1}
======================Start Train Model [Wed May  8 10:18:37 2024]======================
Epoch: 1 | Epoch Time: 0m 47s
Train Loss: 2.2959363967895507 | Train Acc: 10.232000052928925%
Test Loss: 2.295822091674805 | Test Acc: 10.14000028371811%
Epoch: 2 | Epoch Time: 0m 47s
Train Loss: 2.2794476165771482 | Train Acc: 17.513999342918396%
Test Loss: 2.279137437438965 | Test Acc: 17.190000414848328%
Epoch: 3 | Epoch Time: 0m 47s
Train Loss: 2.2530268319702147 | Train Acc: 22.393999993801117%
Test Loss: 2.2524204956054685 | Test Acc: 22.540000081062317%
Epoch: 4 | Epoch Time: 0m 46s
Train Loss: 2.218044846496582 | Train Acc: 24.437999725341797%
Test Loss: 2.217077378845215 | Test Acc: 24.490000307559967%
Epoch: 5 | Epoch Time: 0m 47s
Train Loss: 2.175760028076172 | Train Acc: 27.149999141693115%
Test Loss: 2.174449662780762 | Test Acc: 27.050000429153442%
Epoch: 6 | Epoch Time: 0m 47s
Train Loss: 2.126203832092285 | Train Acc: 28.690001368522644%
Test Loss: 2.1246518173217774 | Test Acc: 28.510001301765442%
Epoch: 7 | Epoch Time: 0m 46s
Train Loss: 2.0775908563232424 | Train Acc: 30.423998832702637%
Test Loss: 2.075409942626953 | Test Acc: 30.309998989105225%
Epoch: 8 | Epoch Time: 0m 46s
Train Loss: 2.036828483581543 | Train Acc: 32.03200101852417%
Test Loss: 2.034306803894043 | Test Acc: 31.700000166893005%
Epoch: 9 | Epoch Time: 0m 46s
Train Loss: 1.987961563720703 | Train Acc: 33.44799876213074%
Test Loss: 1.9849054107666015 | Test Acc: 33.79000127315521%
Epoch: 10 | Epoch Time: 0m 49s
Train Loss: 1.9391902499389648 | Train Acc: 34.24200117588043%
Test Loss: 1.9360094146728515 | Test Acc: 34.459999203681946%
Epoch: 11 | Epoch Time: 0m 52s
Train Loss: 1.8973759762573241 | Train Acc: 34.24600064754486%
Test Loss: 1.893791487121582 | Test Acc: 33.91000032424927%
Epoch: 12 | Epoch Time: 0m 52s
Train Loss: 1.8609080245971679 | Train Acc: 35.74199974536896%
Test Loss: 1.8572405303955077 | Test Acc: 36.000001430511475%
Epoch: 13 | Epoch Time: 0m 53s
Train Loss: 1.8237086865234375 | Train Acc: 36.6459995508194%
Test Loss: 1.8195925216674804 | Test Acc: 36.50999963283539%
Epoch: 14 | Epoch Time: 0m 53s
Train Loss: 1.7857230130004882 | Train Acc: 37.755998969078064%
Test Loss: 1.7809499740600585 | Test Acc: 37.369999289512634%
Epoch: 15 | Epoch Time: 0m 51s
Train Loss: 1.7607742922973633 | Train Acc: 38.21200132369995%
Test Loss: 1.7566377746582031 | Test Acc: 37.85000145435333%
Epoch: 16 | Epoch Time: 0m 51s
Train Loss: 1.729280520629883 | Train Acc: 39.09600079059601%
Test Loss: 1.7251709884643556 | Test Acc: 38.80999982357025%
Epoch: 17 | Epoch Time: 0m 53s
Train Loss: 1.7039049621582032 | Train Acc: 39.688000082969666%
Test Loss: 1.6990193328857421 | Test Acc: 38.94999921321869%
Epoch: 18 | Epoch Time: 0m 52s
Train Loss: 1.6840593365478516 | Train Acc: 40.18599987030029%
Test Loss: 1.679422901916504 | Test Acc: 39.35000002384186%
Epoch: 19 | Epoch Time: 0m 51s
Train Loss: 1.6552343896484376 | Train Acc: 40.82799851894379%
Test Loss: 1.651436996459961 | Test Acc: 40.72999954223633%
Epoch: 20 | Epoch Time: 0m 47s
Train Loss: 1.636281773071289 | Train Acc: 41.47199988365173%
Test Loss: 1.6332860565185547 | Test Acc: 41.359999775886536%
Epoch: 21 | Epoch Time: 0m 49s
Train Loss: 1.6247458618164063 | Train Acc: 41.784000396728516%
Test Loss: 1.6226353622436522 | Test Acc: 41.42000079154968%
Epoch: 22 | Epoch Time: 0m 56s
Train Loss: 1.6057928884887696 | Train Acc: 42.14999973773956%
Test Loss: 1.6048842880249024 | Test Acc: 41.98000133037567%
Epoch: 23 | Epoch Time: 0m 56s
Train Loss: 1.5985898989868164 | Train Acc: 42.35599935054779%
Test Loss: 1.5976713912963867 | Test Acc: 42.19000041484833%
Epoch: 24 | Epoch Time: 0m 52s
Train Loss: 1.58224677734375 | Train Acc: 42.726001143455505%
Test Loss: 1.5826702835083009 | Test Acc: 42.62999892234802%
Epoch: 25 | Epoch Time: 0m 52s
Train Loss: 1.581184765625 | Train Acc: 42.8600013256073%
Test Loss: 1.5819153442382812 | Test Acc: 42.62000024318695%
Epoch: 26 | Epoch Time: 0m 52s
Train Loss: 1.5599812536621094 | Train Acc: 43.53199899196625%
Test Loss: 1.5606981887817384 | Test Acc: 43.41000020503998%
Epoch: 27 | Epoch Time: 0m 52s
Train Loss: 1.5498450119018554 | Train Acc: 43.856000900268555%
Test Loss: 1.5510231246948243 | Test Acc: 43.36999952793121%
Epoch: 28 | Epoch Time: 0m 53s
Train Loss: 1.5443801849365235 | Train Acc: 44.09399926662445%
Test Loss: 1.5470795761108398 | Test Acc: 43.66999864578247%
Epoch: 29 | Epoch Time: 0m 52s
Train Loss: 1.5243094091796876 | Train Acc: 44.93600130081177%
Test Loss: 1.526820085144043 | Test Acc: 44.69999969005585%
Epoch: 30 | Epoch Time: 0m 51s
Train Loss: 1.5293460163879395 | Train Acc: 44.7519987821579%
Test Loss: 1.5332238967895508 | Test Acc: 44.429999589920044%
Epoch: 31 | Epoch Time: 0m 52s
Train Loss: 1.5061014195251465 | Train Acc: 45.72199881076813%
Test Loss: 1.5107163040161133 | Test Acc: 45.590001344680786%
Epoch: 32 | Epoch Time: 0m 52s
Train Loss: 1.4947177630615234 | Train Acc: 46.149998903274536%
Test Loss: 1.4993835113525391 | Test Acc: 46.059998869895935%
Epoch: 33 | Epoch Time: 0m 47s
Train Loss: 1.4765459075927734 | Train Acc: 46.62199914455414%
Test Loss: 1.480747386932373 | Test Acc: 46.75000011920929%
Epoch: 34 | Epoch Time: 0m 45s
Train Loss: 1.4671567973327637 | Train Acc: 46.91799879074097%
Test Loss: 1.471860386657715 | Test Acc: 47.119998931884766%
Epoch: 35 | Epoch Time: 0m 46s
Train Loss: 1.4532483067321778 | Train Acc: 47.55200147628784%
Test Loss: 1.4586004913330077 | Test Acc: 47.63999879360199%
Epoch: 36 | Epoch Time: 0m 47s
Train Loss: 1.448679800567627 | Train Acc: 47.58400022983551%
Test Loss: 1.4548929977416991 | Test Acc: 47.67000079154968%
Epoch: 37 | Epoch Time: 0m 46s
Train Loss: 1.4419273481750488 | Train Acc: 47.968000173568726%
Test Loss: 1.448528424835205 | Test Acc: 48.23000133037567%
Epoch: 38 | Epoch Time: 0m 46s
Train Loss: 1.4318982283020019 | Train Acc: 48.41200113296509%
Test Loss: 1.4393629348754884 | Test Acc: 48.57000112533569%
Epoch: 39 | Epoch Time: 0m 46s
Train Loss: 1.4327862121582031 | Train Acc: 48.50800037384033%
Test Loss: 1.440720150756836 | Test Acc: 48.60000014305115%
Epoch: 40 | Epoch Time: 0m 47s
Train Loss: 1.4401968157958984 | Train Acc: 48.5619992017746%
Test Loss: 1.449440202331543 | Test Acc: 48.73000085353851%
Epoch: 41 | Epoch Time: 0m 46s
Train Loss: 1.4377181829833985 | Train Acc: 49.02400076389313%
Test Loss: 1.4470289474487306 | Test Acc: 49.059998989105225%
Epoch: 42 | Epoch Time: 0m 46s
Train Loss: 1.4461898919677734 | Train Acc: 49.08599853515625%
Test Loss: 1.4574552490234376 | Test Acc: 48.85999858379364%
Epoch: 43 | Epoch Time: 0m 46s
Train Loss: 1.4522800604248047 | Train Acc: 49.11400079727173%
Test Loss: 1.464728524017334 | Test Acc: 48.7199991941452%
Epoch: 44 | Epoch Time: 0m 46s
Train Loss: 1.464218855895996 | Train Acc: 49.14200007915497%
Test Loss: 1.4774907455444335 | Test Acc: 48.579999804496765%
Epoch: 45 | Epoch Time: 0m 46s
Train Loss: 1.4903649420166016 | Train Acc: 49.035999178886414%
Test Loss: 1.5030819076538087 | Test Acc: 48.44000041484833%
Epoch: 46 | Epoch Time: 0m 46s
Train Loss: 1.5076160215759278 | Train Acc: 49.16999936103821%
Test Loss: 1.5213793395996094 | Test Acc: 48.590001463890076%
Epoch: 47 | Epoch Time: 0m 46s
Train Loss: 1.5462232200622559 | Train Acc: 48.875999450683594%
Test Loss: 1.5607894630432129 | Test Acc: 48.44000041484833%
Epoch: 48 | Epoch Time: 0m 46s
Train Loss: 1.5746653286743164 | Train Acc: 49.0200012922287%
Test Loss: 1.5904249557495118 | Test Acc: 48.44000041484833%
Epoch: 49 | Epoch Time: 0m 46s
Train Loss: 1.6129175921630858 | Train Acc: 49.004000425338745%
Test Loss: 1.6295713920593262 | Test Acc: 48.539999127388%
Epoch: 50 | Epoch Time: 0m 46s
Train Loss: 1.6128153924560547 | Train Acc: 48.853999376297%
Test Loss: 1.6304281272888184 | Test Acc: 48.19000065326691%
Epoch: 51 | Epoch Time: 0m 46s
Train Loss: 1.6088307481384276 | Train Acc: 49.10599887371063%
Test Loss: 1.6276931533813477 | Test Acc: 48.330000042915344%
Epoch: 52 | Epoch Time: 0m 46s
Train Loss: 1.657146086730957 | Train Acc: 48.95600080490112%
Test Loss: 1.6765255043029785 | Test Acc: 48.260000348091125%
Epoch: 53 | Epoch Time: 0m 47s
Train Loss: 1.7068775086975099 | Train Acc: 49.0200012922287%
Test Loss: 1.7261012283325194 | Test Acc: 48.08000028133392%
Epoch: 54 | Epoch Time: 0m 46s
Train Loss: 1.765231519317627 | Train Acc: 48.95400106906891%
Test Loss: 1.7852747344970703 | Test Acc: 47.999998927116394%
Epoch: 55 | Epoch Time: 0m 46s
Train Loss: 1.8221898091125488 | Train Acc: 48.86600077152252%
Test Loss: 1.8426699630737304 | Test Acc: 48.05000126361847%
Epoch: 56 | Epoch Time: 0m 46s
Train Loss: 1.7503207623291015 | Train Acc: 49.347999691963196%
Test Loss: 1.77260047454834 | Test Acc: 48.21999967098236%
Epoch: 57 | Epoch Time: 0m 46s
Train Loss: 1.8127725408935547 | Train Acc: 49.281999468803406%
Test Loss: 1.8355140884399415 | Test Acc: 48.21000099182129%
Epoch: 58 | Epoch Time: 0m 46s
Train Loss: 1.8725468920898438 | Train Acc: 49.22800064086914%
Test Loss: 1.8954698471069336 | Test Acc: 48.03000092506409%
Epoch: 59 | Epoch Time: 0m 50s
Train Loss: 1.94159623046875 | Train Acc: 49.09000098705292%
Test Loss: 1.9645559997558595 | Test Acc: 47.94999957084656%
Epoch: 60 | Epoch Time: 0m 52s
Train Loss: 2.005884864501953 | Train Acc: 49.136000871658325%
Test Loss: 2.029173713684082 | Test Acc: 47.88999855518341%
Epoch: 61 | Epoch Time: 0m 52s
Train Loss: 2.0673700756835935 | Train Acc: 49.046000838279724%
Test Loss: 2.0913455856323244 | Test Acc: 47.67000079154968%
Epoch: 62 | Epoch Time: 0m 51s
Train Loss: 1.9851947274780273 | Train Acc: 49.4379997253418%
Test Loss: 2.009387696838379 | Test Acc: 48.19000065326691%
Epoch: 63 | Epoch Time: 0m 51s
Train Loss: 2.007244820251465 | Train Acc: 49.27600026130676%
Test Loss: 2.0315077713012695 | Test Acc: 47.81000018119812%
Epoch: 64 | Epoch Time: 0m 51s
Train Loss: 2.075851319885254 | Train Acc: 49.21799898147583%
Test Loss: 2.1002775863647463 | Test Acc: 47.90999889373779%
Epoch: 65 | Epoch Time: 0m 51s
Train Loss: 2.1412311459350586 | Train Acc: 49.149999022483826%
Test Loss: 2.165838230895996 | Test Acc: 47.90000021457672%
Epoch: 66 | Epoch Time: 0m 51s
Train Loss: 2.2054348614501955 | Train Acc: 49.0880012512207%
Test Loss: 2.2301115127563476 | Test Acc: 47.85999953746796%
Epoch: 67 | Epoch Time: 0m 51s
Train Loss: 2.265260168762207 | Train Acc: 48.99199903011322%
Test Loss: 2.2903907470703126 | Test Acc: 47.81999886035919%
Epoch: 68 | Epoch Time: 0m 52s
Train Loss: 2.323157775878906 | Train Acc: 48.90399873256683%
Test Loss: 2.3483443588256834 | Test Acc: 47.72999882698059%
Epoch: 69 | Epoch Time: 0m 51s
Train Loss: 2.378535420227051 | Train Acc: 48.83800148963928%
Test Loss: 2.403878042602539 | Test Acc: 47.69999980926514%
Epoch: 70 | Epoch Time: 0m 51s
Train Loss: 2.4304532852172853 | Train Acc: 48.85599911212921%
Test Loss: 2.4560012130737303 | Test Acc: 47.679999470710754%
Epoch: 71 | Epoch Time: 0m 51s
Train Loss: 2.4793924938964844 | Train Acc: 48.875999450683594%
Test Loss: 2.505196098327637 | Test Acc: 47.600001096725464%
Epoch: 72 | Epoch Time: 0m 52s
Train Loss: 2.5266101956176756 | Train Acc: 48.820000886917114%
Test Loss: 2.552464042663574 | Test Acc: 47.600001096725464%
Epoch: 73 | Epoch Time: 0m 52s
Train Loss: 2.570616929016113 | Train Acc: 48.76999855041504%
Test Loss: 2.596554736328125 | Test Acc: 47.5600004196167%
Epoch: 74 | Epoch Time: 0m 50s
Train Loss: 2.612397183227539 | Train Acc: 48.71799945831299%
Test Loss: 2.63830703125 | Test Acc: 47.58999943733215%
Epoch: 75 | Epoch Time: 0m 51s
Train Loss: 2.6512861239624024 | Train Acc: 48.715999722480774%
Test Loss: 2.677315173339844 | Test Acc: 47.58999943733215%
Epoch: 76 | Epoch Time: 0m 51s
Train Loss: 2.688489284667969 | Train Acc: 48.65599870681763%
Test Loss: 2.7145550582885742 | Test Acc: 47.5600004196167%
Epoch: 77 | Epoch Time: 0m 51s
Train Loss: 2.723822308654785 | Train Acc: 48.646000027656555%
Test Loss: 2.7500259979248045 | Test Acc: 47.54000008106232%
Epoch: 78 | Epoch Time: 0m 51s
Train Loss: 2.7573866928100585 | Train Acc: 48.60199987888336%
Test Loss: 2.783512829589844 | Test Acc: 47.620001435279846%
Epoch: 79 | Epoch Time: 0m 52s
Train Loss: 2.7891691693115233 | Train Acc: 48.57400059700012%
Test Loss: 2.8152578231811525 | Test Acc: 47.63000011444092%
Epoch: 80 | Epoch Time: 0m 52s
Train Loss: 2.8198560107421873 | Train Acc: 48.583999276161194%
Test Loss: 2.8457330017089846 | Test Acc: 47.72000014781952%
Epoch: 81 | Epoch Time: 0m 51s
Train Loss: 2.848734797363281 | Train Acc: 48.5619992017746%
Test Loss: 2.8745045272827148 | Test Acc: 47.609999775886536%
Epoch: 82 | Epoch Time: 0m 52s
Train Loss: 2.8764138598632814 | Train Acc: 48.54399859905243%
Test Loss: 2.9022232162475587 | Test Acc: 47.58000075817108%
Epoch: 83 | Epoch Time: 0m 52s
Train Loss: 2.9028929568481447 | Train Acc: 48.55000078678131%
Test Loss: 2.928580032348633 | Test Acc: 47.5600004196167%
Epoch: 84 | Epoch Time: 0m 51s
Train Loss: 2.9277030337524415 | Train Acc: 48.55799973011017%
Test Loss: 2.9533762893676756 | Test Acc: 47.54000008106232%
Epoch: 85 | Epoch Time: 0m 51s
Train Loss: 2.9516195635986326 | Train Acc: 48.552000522613525%
Test Loss: 2.977277301025391 | Test Acc: 47.56999909877777%
Epoch: 86 | Epoch Time: 0m 51s
Train Loss: 2.974669341430664 | Train Acc: 48.5480010509491%
Test Loss: 3.000219058227539 | Test Acc: 47.5600004196167%
Epoch: 87 | Epoch Time: 0m 53s
Train Loss: 2.996433357849121 | Train Acc: 48.524001240730286%
Test Loss: 3.0220183181762694 | Test Acc: 47.450000047683716%
Epoch: 88 | Epoch Time: 0m 51s
Train Loss: 3.0173840255737305 | Train Acc: 48.486000299453735%
Test Loss: 3.0429899856567384 | Test Acc: 47.450000047683716%
Epoch: 89 | Epoch Time: 0m 51s
Train Loss: 3.0374947116088866 | Train Acc: 48.46000075340271%
Test Loss: 3.063062652587891 | Test Acc: 47.440001368522644%
Epoch: 90 | Epoch Time: 0m 51s
Train Loss: 3.0568576461791994 | Train Acc: 48.447999358177185%
Test Loss: 3.0822301879882814 | Test Acc: 47.440001368522644%
Epoch: 91 | Epoch Time: 0m 51s
Train Loss: 3.0755071502685545 | Train Acc: 48.443999886512756%
Test Loss: 3.1007284072875976 | Test Acc: 47.440001368522644%
Epoch: 92 | Epoch Time: 0m 51s
Train Loss: 3.0934425973510744 | Train Acc: 48.4499990940094%
Test Loss: 3.118642233276367 | Test Acc: 47.47999906539917%
Epoch: 93 | Epoch Time: 0m 51s
Train Loss: 3.1104529791259767 | Train Acc: 48.41600060462952%
Test Loss: 3.1357240020751953 | Test Acc: 47.49000072479248%
Epoch: 94 | Epoch Time: 0m 52s
Train Loss: 3.127002235107422 | Train Acc: 48.41000139713287%
Test Loss: 3.1522648651123046 | Test Acc: 47.440001368522644%
Epoch: 95 | Epoch Time: 0m 52s
Train Loss: 3.1431055911254884 | Train Acc: 48.41200113296509%
Test Loss: 3.1682718658447264 | Test Acc: 47.38999903202057%
Epoch: 96 | Epoch Time: 0m 51s
Train Loss: 3.158493091430664 | Train Acc: 48.39999973773956%
Test Loss: 3.1835853103637697 | Test Acc: 47.450000047683716%
Epoch: 97 | Epoch Time: 0m 50s
Train Loss: 3.1733948666381835 | Train Acc: 48.37400019168854%
Test Loss: 3.198291893005371 | Test Acc: 47.4700003862381%
Epoch: 98 | Epoch Time: 0m 51s
Train Loss: 2.982679377441406 | Train Acc: 44.745999574661255%
Test Loss: 3.0251399490356445 | Test Acc: 43.88999938964844%
Epoch: 99 | Epoch Time: 0m 51s
Train Loss: 2.982680310974121 | Train Acc: 45.138001441955566%
Test Loss: 3.0260713363647462 | Test Acc: 44.269999861717224%
Epoch: 100 | Epoch Time: 0m 50s
Train Loss: 2.6329735455322267 | Train Acc: 46.07999920845032%
Test Loss: 2.676579605102539 | Test Acc: 45.14000117778778%
