Namespace(action=8, model='CNN', seed=1)
{'model_name': 'CNN', 'device': device(type='cuda', index=0), 'log_dir': 'log\\CNN', 'ckpt_dir': 'checkpoint\\CNN', 'attack': 'bf', 'defence': 'raw', 'client_epochs': 10, 'server_epochs': 100, 'batch_size': 100, 'client_lr': 0.15, 'server_lr': 0.15, 'server_rate': 2000, 'load_ckpt': 0, 'workers': 20, 'byzantine_workers': 6, 'attack_strength': -1.0, 'k': 1, 'b': 4, 'test_frequency': 1}
======================Start Train Model [Sun May  5 14:25:36 2024]======================
Epoch: 1 | Epoch Time: 0m 48s
Train Loss: 2.30005533203125 | Train Acc: 10.000000149011612%
Test Loss: 2.2999875610351563 | Test Acc: 10.000000149011612%
Epoch: 2 | Epoch Time: 0m 49s
Train Loss: 2.29666366027832 | Train Acc: 10.462000221014023%
Test Loss: 2.2965737228393555 | Test Acc: 10.520000010728836%
Epoch: 3 | Epoch Time: 0m 49s
Train Loss: 2.2916920401000977 | Train Acc: 15.133999288082123%
Test Loss: 2.2915663635253907 | Test Acc: 15.18000066280365%
Epoch: 4 | Epoch Time: 0m 49s
Train Loss: 2.285044819946289 | Train Acc: 15.299999713897705%
Test Loss: 2.2848780426025392 | Test Acc: 15.299999713897705%
Epoch: 5 | Epoch Time: 0m 47s
Train Loss: 2.2767769216918947 | Train Acc: 15.731999278068542%
Test Loss: 2.276551257324219 | Test Acc: 15.559999644756317%
Epoch: 6 | Epoch Time: 0m 47s
Train Loss: 2.267105154418945 | Train Acc: 17.139999568462372%
Test Loss: 2.266817120361328 | Test Acc: 17.110000550746918%
Epoch: 7 | Epoch Time: 0m 47s
Train Loss: 2.255895544433594 | Train Acc: 18.880000710487366%
Test Loss: 2.2555236450195313 | Test Acc: 18.809999525547028%
Epoch: 8 | Epoch Time: 0m 47s
Train Loss: 2.2432825549316404 | Train Acc: 20.951999723911285%
Test Loss: 2.242831202697754 | Test Acc: 21.240000426769257%
Epoch: 9 | Epoch Time: 0m 48s
Train Loss: 2.2290447897338868 | Train Acc: 23.107999563217163%
Test Loss: 2.228504591369629 | Test Acc: 23.489999771118164%
Epoch: 10 | Epoch Time: 0m 47s
Train Loss: 2.213364737854004 | Train Acc: 24.967999756336212%
Test Loss: 2.2127406204223634 | Test Acc: 25.8899986743927%
Epoch: 11 | Epoch Time: 0m 48s
Train Loss: 2.1976754193115235 | Train Acc: 26.524001359939575%
Test Loss: 2.196947994995117 | Test Acc: 27.2599995136261%
Epoch: 12 | Epoch Time: 0m 47s
Train Loss: 2.179763588256836 | Train Acc: 27.937999367713928%
Test Loss: 2.1789337493896483 | Test Acc: 28.769999742507935%
Epoch: 13 | Epoch Time: 0m 48s
Train Loss: 2.1617935443115233 | Train Acc: 28.760001063346863%
Test Loss: 2.160822381591797 | Test Acc: 29.420000314712524%
Epoch: 14 | Epoch Time: 0m 47s
Train Loss: 2.144068504638672 | Train Acc: 29.559999704360962%
Test Loss: 2.1429517288208006 | Test Acc: 29.929998517036438%
Epoch: 15 | Epoch Time: 0m 46s
Train Loss: 2.1245608544921875 | Train Acc: 30.437999963760376%
Test Loss: 2.1233584564208985 | Test Acc: 30.779999494552612%
Epoch: 16 | Epoch Time: 0m 57s
Train Loss: 2.1057068630981446 | Train Acc: 31.110000610351562%
Test Loss: 2.1043435607910155 | Test Acc: 31.270000338554382%
Epoch: 17 | Epoch Time: 0m 56s
Train Loss: 2.0870024151611326 | Train Acc: 31.852000951766968%
Test Loss: 2.0854962707519533 | Test Acc: 32.0499986410141%
Epoch: 18 | Epoch Time: 0m 57s
Train Loss: 2.0674327114868163 | Train Acc: 32.46000111103058%
Test Loss: 2.065758058166504 | Test Acc: 32.57000148296356%
Epoch: 19 | Epoch Time: 0m 57s
Train Loss: 2.0510214251708985 | Train Acc: 32.96799957752228%
Test Loss: 2.049150042724609 | Test Acc: 33.25999975204468%
Epoch: 20 | Epoch Time: 0m 54s
Train Loss: 2.0316761166381836 | Train Acc: 33.44799876213074%
Test Loss: 2.0296679122924806 | Test Acc: 33.8699996471405%
Epoch: 21 | Epoch Time: 0m 56s
Train Loss: 2.0140116775512698 | Train Acc: 33.89599919319153%
Test Loss: 2.0118272750854493 | Test Acc: 34.52000021934509%
Epoch: 22 | Epoch Time: 0m 48s
Train Loss: 1.995384841003418 | Train Acc: 34.34399962425232%
Test Loss: 1.9930526779174804 | Test Acc: 34.81000065803528%
Epoch: 23 | Epoch Time: 0m 47s
Train Loss: 1.9774524353027343 | Train Acc: 34.64600145816803%
Test Loss: 1.9750321060180664 | Test Acc: 35.31000018119812%
Epoch: 24 | Epoch Time: 0m 47s
Train Loss: 1.957280739440918 | Train Acc: 34.97599959373474%
Test Loss: 1.9547634857177734 | Test Acc: 35.62000095844269%
Epoch: 25 | Epoch Time: 0m 47s
Train Loss: 1.9410119418334961 | Train Acc: 35.21000146865845%
Test Loss: 1.9383921829223634 | Test Acc: 35.89999973773956%
Epoch: 26 | Epoch Time: 0m 48s
Train Loss: 1.9231393643188477 | Train Acc: 35.66800057888031%
Test Loss: 1.9203940322875976 | Test Acc: 36.30000054836273%
Epoch: 27 | Epoch Time: 0m 48s
Train Loss: 1.9083999542236327 | Train Acc: 35.94200015068054%
Test Loss: 1.9055995147705078 | Test Acc: 36.719998717308044%
Epoch: 28 | Epoch Time: 0m 48s
Train Loss: 1.8919236459350586 | Train Acc: 36.30400002002716%
Test Loss: 1.889093991088867 | Test Acc: 37.049999833106995%
Epoch: 29 | Epoch Time: 0m 47s
Train Loss: 1.8764437545776367 | Train Acc: 36.6459995508194%
Test Loss: 1.8734748565673829 | Test Acc: 37.34999895095825%
Epoch: 30 | Epoch Time: 0m 48s
Train Loss: 1.8582414233398437 | Train Acc: 37.11000084877014%
Test Loss: 1.8552488861083984 | Test Acc: 37.700000405311584%
Epoch: 31 | Epoch Time: 0m 48s
Train Loss: 1.8429456665039063 | Train Acc: 37.417998909950256%
Test Loss: 1.839838557434082 | Test Acc: 37.92000114917755%
Epoch: 32 | Epoch Time: 0m 48s
Train Loss: 1.8286241958618163 | Train Acc: 37.713998556137085%
Test Loss: 1.8254613220214844 | Test Acc: 38.31999897956848%
Epoch: 33 | Epoch Time: 0m 48s
Train Loss: 1.8144490042114259 | Train Acc: 38.03200125694275%
Test Loss: 1.8112369552612304 | Test Acc: 38.4799987077713%
Epoch: 34 | Epoch Time: 0m 47s
Train Loss: 1.801059489440918 | Train Acc: 38.273999094963074%
Test Loss: 1.7978123153686523 | Test Acc: 38.679999113082886%
Epoch: 35 | Epoch Time: 0m 47s
Train Loss: 1.7888300521850586 | Train Acc: 38.47000002861023%
Test Loss: 1.7856017974853515 | Test Acc: 38.87999951839447%
Epoch: 36 | Epoch Time: 0m 48s
Train Loss: 1.7743749307250976 | Train Acc: 38.745999336242676%
Test Loss: 1.771181884765625 | Test Acc: 39.160001277923584%
Epoch: 37 | Epoch Time: 0m 48s
Train Loss: 1.7606951312255859 | Train Acc: 39.12799954414368%
Test Loss: 1.757481475830078 | Test Acc: 39.37000036239624%
Epoch: 38 | Epoch Time: 0m 47s
Train Loss: 1.7512321859741211 | Train Acc: 39.35199975967407%
Test Loss: 1.7480863967895508 | Test Acc: 39.28000032901764%
Epoch: 39 | Epoch Time: 0m 45s
Train Loss: 1.739853609313965 | Train Acc: 39.65199887752533%
Test Loss: 1.7367525634765626 | Test Acc: 39.730000495910645%
Epoch: 40 | Epoch Time: 0m 48s
Train Loss: 1.730455295715332 | Train Acc: 39.90199863910675%
Test Loss: 1.727530712890625 | Test Acc: 39.86999988555908%
Epoch: 41 | Epoch Time: 0m 47s
Train Loss: 1.7183983850097657 | Train Acc: 40.18599987030029%
Test Loss: 1.7155065414428712 | Test Acc: 40.13000130653381%
Epoch: 42 | Epoch Time: 0m 48s
Train Loss: 1.7088716604614258 | Train Acc: 40.455999970436096%
Test Loss: 1.7060309509277343 | Test Acc: 40.40000140666962%
Epoch: 43 | Epoch Time: 0m 47s
Train Loss: 1.697951228942871 | Train Acc: 40.803998708724976%
Test Loss: 1.69526220703125 | Test Acc: 40.74999988079071%
Epoch: 44 | Epoch Time: 0m 48s
Train Loss: 1.6914952194213868 | Train Acc: 41.08000099658966%
Test Loss: 1.6887078964233397 | Test Acc: 40.97000062465668%
Epoch: 45 | Epoch Time: 0m 47s
Train Loss: 1.6838742864990235 | Train Acc: 41.124001145362854%
Test Loss: 1.6812565963745116 | Test Acc: 41.040000319480896%
Epoch: 46 | Epoch Time: 0m 48s
Train Loss: 1.677593397216797 | Train Acc: 41.26800000667572%
Test Loss: 1.6750420944213866 | Test Acc: 41.1300003528595%
Epoch: 47 | Epoch Time: 0m 47s
Train Loss: 1.6672294140625 | Train Acc: 41.495999693870544%
Test Loss: 1.664882814025879 | Test Acc: 41.31999909877777%
Epoch: 48 | Epoch Time: 0m 47s
Train Loss: 1.6583123028564453 | Train Acc: 41.760000586509705%
Test Loss: 1.656029554748535 | Test Acc: 41.679999232292175%
Epoch: 49 | Epoch Time: 0m 47s
Train Loss: 1.6477181622314454 | Train Acc: 42.02199876308441%
Test Loss: 1.6455965866088866 | Test Acc: 41.920000314712524%
Epoch: 50 | Epoch Time: 0m 48s
Train Loss: 1.639682995300293 | Train Acc: 42.24399924278259%
Test Loss: 1.6377607620239258 | Test Acc: 42.14999973773956%
Epoch: 51 | Epoch Time: 0m 47s
Train Loss: 1.6318574655151368 | Train Acc: 42.41600036621094%
Test Loss: 1.6300741073608398 | Test Acc: 42.28000044822693%
Epoch: 52 | Epoch Time: 0m 47s
Train Loss: 1.6216330981445313 | Train Acc: 42.76599884033203%
Test Loss: 1.6201122741699219 | Test Acc: 42.84999966621399%
Epoch: 53 | Epoch Time: 0m 47s
Train Loss: 1.612182495727539 | Train Acc: 43.05599927902222%
Test Loss: 1.6108104537963868 | Test Acc: 43.11000108718872%
Epoch: 54 | Epoch Time: 0m 48s
Train Loss: 1.6062489569091798 | Train Acc: 43.20400059223175%
Test Loss: 1.6049191513061523 | Test Acc: 43.220001459121704%
Epoch: 55 | Epoch Time: 0m 47s
Train Loss: 1.5982417098999024 | Train Acc: 43.40200126171112%
Test Loss: 1.5972514083862304 | Test Acc: 43.27999949455261%
Epoch: 56 | Epoch Time: 0m 46s
Train Loss: 1.591603078918457 | Train Acc: 43.6379998922348%
Test Loss: 1.5906202987670899 | Test Acc: 43.43999922275543%
Epoch: 57 | Epoch Time: 0m 47s
Train Loss: 1.587205977783203 | Train Acc: 43.74600052833557%
Test Loss: 1.5861840637207032 | Test Acc: 43.57999861240387%
Epoch: 58 | Epoch Time: 0m 47s
Train Loss: 1.5814873608398436 | Train Acc: 43.8620001077652%
Test Loss: 1.5806372146606444 | Test Acc: 43.720000982284546%
Epoch: 59 | Epoch Time: 0m 47s
Train Loss: 1.5760728915405273 | Train Acc: 44.08999979496002%
Test Loss: 1.5754315521240234 | Test Acc: 43.77000033855438%
Epoch: 60 | Epoch Time: 0m 47s
Train Loss: 1.5700126278686524 | Train Acc: 44.231998920440674%
Test Loss: 1.569578628540039 | Test Acc: 43.950000405311584%
Epoch: 61 | Epoch Time: 0m 47s
Train Loss: 1.5642767010498047 | Train Acc: 44.4240003824234%
Test Loss: 1.5641118255615234 | Test Acc: 44.08000111579895%
Epoch: 62 | Epoch Time: 0m 47s
Train Loss: 1.5595595056152343 | Train Acc: 44.457998871803284%
Test Loss: 1.5596078247070313 | Test Acc: 44.13000047206879%
Epoch: 63 | Epoch Time: 0m 47s
Train Loss: 1.5532129064941407 | Train Acc: 44.65000033378601%
Test Loss: 1.5536361373901366 | Test Acc: 44.40999925136566%
Epoch: 64 | Epoch Time: 0m 47s
Train Loss: 1.546961586303711 | Train Acc: 44.916000962257385%
Test Loss: 1.5475392608642577 | Test Acc: 44.609999656677246%
Epoch: 65 | Epoch Time: 0m 47s
Train Loss: 1.5415099826049805 | Train Acc: 45.08599936962128%
Test Loss: 1.5425028549194335 | Test Acc: 44.65000033378601%
Epoch: 66 | Epoch Time: 0m 48s
Train Loss: 1.5350296841430664 | Train Acc: 45.306000113487244%
Test Loss: 1.5362949768066407 | Test Acc: 44.839999079704285%
Epoch: 67 | Epoch Time: 0m 47s
Train Loss: 1.528995842590332 | Train Acc: 45.54400146007538%
Test Loss: 1.530347149658203 | Test Acc: 44.98000144958496%
Epoch: 68 | Epoch Time: 0m 47s
Train Loss: 1.525058887023926 | Train Acc: 45.62999904155731%
Test Loss: 1.5266632263183593 | Test Acc: 45.12999951839447%
Epoch: 69 | Epoch Time: 0m 48s
Train Loss: 1.5189040130615235 | Train Acc: 45.903998613357544%
Test Loss: 1.5206549072265625 | Test Acc: 45.329999923706055%
Epoch: 70 | Epoch Time: 0m 48s
Train Loss: 1.5144048211669923 | Train Acc: 46.02000117301941%
Test Loss: 1.5162338470458985 | Test Acc: 45.46999931335449%
Epoch: 71 | Epoch Time: 0m 53s
Train Loss: 1.5100203309631348 | Train Acc: 46.18600010871887%
Test Loss: 1.5119713607788086 | Test Acc: 45.579999685287476%
Epoch: 72 | Epoch Time: 2m 9s
Train Loss: 1.5049005142211913 | Train Acc: 46.36000096797943%
Test Loss: 1.507127507019043 | Test Acc: 45.55999934673309%
Epoch: 73 | Epoch Time: 2m 9s
Train Loss: 1.500907528076172 | Train Acc: 46.428000926971436%
Test Loss: 1.5035165725708008 | Test Acc: 45.750001072883606%
Epoch: 74 | Epoch Time: 2m 2s
Train Loss: 1.495776460571289 | Train Acc: 46.65000140666962%
Test Loss: 1.4987110168457032 | Test Acc: 45.95000147819519%
Epoch: 75 | Epoch Time: 2m 3s
Train Loss: 1.4925184202575683 | Train Acc: 46.72600030899048%
Test Loss: 1.4955096878051757 | Test Acc: 45.969998836517334%
Epoch: 76 | Epoch Time: 2m 6s
Train Loss: 1.488788063812256 | Train Acc: 46.83200120925903%
Test Loss: 1.492150601196289 | Test Acc: 46.230000257492065%
Epoch: 77 | Epoch Time: 2m 6s
Train Loss: 1.484082981262207 | Train Acc: 47.040000557899475%
Test Loss: 1.4875136276245118 | Test Acc: 46.34999930858612%
Epoch: 78 | Epoch Time: 2m 5s
Train Loss: 1.48096415725708 | Train Acc: 47.1560001373291%
Test Loss: 1.4846524879455567 | Test Acc: 46.50999903678894%
Epoch: 79 | Epoch Time: 2m 4s
Train Loss: 1.4764504438781738 | Train Acc: 47.32599854469299%
Test Loss: 1.4801728561401368 | Test Acc: 46.70000076293945%
Epoch: 80 | Epoch Time: 2m 2s
Train Loss: 1.4736315188598632 | Train Acc: 47.45599925518036%
Test Loss: 1.4774752731323242 | Test Acc: 46.83000147342682%
Epoch: 81 | Epoch Time: 2m 6s
Train Loss: 1.4693036380004882 | Train Acc: 47.59800136089325%
Test Loss: 1.4731998168945313 | Test Acc: 46.97999954223633%
Epoch: 82 | Epoch Time: 2m 5s
Train Loss: 1.464595623779297 | Train Acc: 47.79599905014038%
Test Loss: 1.4685076004028321 | Test Acc: 47.15999960899353%
Epoch: 83 | Epoch Time: 2m 2s
Train Loss: 1.4621287478637695 | Train Acc: 47.87600040435791%
Test Loss: 1.466074243927002 | Test Acc: 47.15999960899353%
Epoch: 84 | Epoch Time: 2m 5s
Train Loss: 1.459560078125 | Train Acc: 47.98800051212311%
Test Loss: 1.4635847396850585 | Test Acc: 47.279998660087585%
Epoch: 85 | Epoch Time: 2m 8s
Train Loss: 1.455141641998291 | Train Acc: 48.0679988861084%
Test Loss: 1.4594038864135743 | Test Acc: 47.519999742507935%
Epoch: 86 | Epoch Time: 2m 3s
Train Loss: 1.4521293911743165 | Train Acc: 48.159998655319214%
Test Loss: 1.4567074798583985 | Test Acc: 47.63000011444092%
Epoch: 87 | Epoch Time: 1m 59s
Train Loss: 1.4489907542419433 | Train Acc: 48.30799996852875%
Test Loss: 1.4538568130493164 | Test Acc: 47.620001435279846%
Epoch: 88 | Epoch Time: 2m 13s
Train Loss: 1.446699585571289 | Train Acc: 48.377999663352966%
Test Loss: 1.451540054321289 | Test Acc: 47.6500004529953%
Epoch: 89 | Epoch Time: 2m 15s
Train Loss: 1.445679051513672 | Train Acc: 48.4279990196228%
Test Loss: 1.4507195861816407 | Test Acc: 47.78999984264374%
Epoch: 90 | Epoch Time: 2m 5s
Train Loss: 1.4419567121887207 | Train Acc: 48.56399893760681%
Test Loss: 1.4474485153198242 | Test Acc: 47.850000858306885%
Epoch: 91 | Epoch Time: 2m 12s
Train Loss: 1.4391173269653321 | Train Acc: 48.684000968933105%
Test Loss: 1.4447194160461425 | Test Acc: 47.88999855518341%
Epoch: 92 | Epoch Time: 2m 9s
Train Loss: 1.435683994140625 | Train Acc: 48.754000663757324%
Test Loss: 1.4415353057861329 | Test Acc: 48.10999929904938%
Epoch: 93 | Epoch Time: 2m 8s
Train Loss: 1.4344382725524902 | Train Acc: 48.7960010766983%
Test Loss: 1.440436157989502 | Test Acc: 48.14999997615814%
Epoch: 94 | Epoch Time: 2m 9s
Train Loss: 1.4311105372619628 | Train Acc: 48.86400103569031%
Test Loss: 1.437396002960205 | Test Acc: 48.28999936580658%
Epoch: 95 | Epoch Time: 2m 8s
Train Loss: 1.4290720997619628 | Train Acc: 48.96399974822998%
Test Loss: 1.4358047355651855 | Test Acc: 48.4499990940094%
Epoch: 96 | Epoch Time: 2m 12s
Train Loss: 1.4256580532836913 | Train Acc: 49.11600053310394%
Test Loss: 1.4326209579467772 | Test Acc: 48.579999804496765%
Epoch: 97 | Epoch Time: 2m 7s
Train Loss: 1.4234189498901366 | Train Acc: 49.22800064086914%
Test Loss: 1.4307042335510254 | Test Acc: 48.78999888896942%
Epoch: 98 | Epoch Time: 1m 59s
Train Loss: 1.4213421545410156 | Train Acc: 49.281999468803406%
Test Loss: 1.4290145561218262 | Test Acc: 48.80000054836273%
Epoch: 99 | Epoch Time: 2m 1s
Train Loss: 1.4190619595336913 | Train Acc: 49.347999691963196%
Test Loss: 1.426854817199707 | Test Acc: 48.989999294281006%
Epoch: 100 | Epoch Time: 2m 7s
Train Loss: 1.4155827607727052 | Train Acc: 49.54800009727478%
Test Loss: 1.4236927925109863 | Test Acc: 49.12000000476837%
