Namespace(action=3, all_clients=False, bs=128, dataset='mnist', epochs=10, frac=0.1, gpu=0, iid=False, kernel_num=9, kernel_sizes='3,4,5', local_bs=10, local_ep=5, lr=0.01, max_pool='True', model='CNN', momentum=0.5, norm='batch_norm', num_channels=3, num_classes=10, num_filters=32, num_users=100, seed=1, split='user', stopping_rounds=10, verbose=False)
{'model_name': 'CNN', 'device': device(type='cuda', index=0), 'log_dir': 'log\\CNN', 'ckpt_dir': 'checkpoint\\CNN', 'mode': 'lf', 'defence': 'raw', 'client_epochs': 10, 'server_epochs': 100, 'batch_size': 100, 'client_lr': 0.15, 'server_lr': 0.15, 'server_rate': 2000, 'load_ckpt': 0, 'workers': 20, 'byzantine_workers': 10, 'attack_strength': 1.0, 'k': 1, 'test_frequency': 1}
======================Start Train Model [Sat May  4 19:03:05 2024]======================
Epoch: 1 | Epoch Time: 1m 5s
Train Loss: 2.2974091687011717 | Train Acc: 13.872000575065613%
Test Loss: 2.297498580932617 | Test Acc: 13.740000128746033%
Epoch: 2 | Epoch Time: 1m 45s
Train Loss: 2.284496841430664 | Train Acc: 14.997999370098114%
Test Loss: 2.2845461975097656 | Test Acc: 15.170000493526459%
Epoch: 3 | Epoch Time: 1m 54s
Train Loss: 2.261943790588379 | Train Acc: 16.633999347686768%
Test Loss: 2.2618811965942385 | Test Acc: 16.94999933242798%
Epoch: 4 | Epoch Time: 1m 52s
Train Loss: 2.2319606948852537 | Train Acc: 18.649999797344208%
Test Loss: 2.2317149276733397 | Test Acc: 18.970000743865967%
Epoch: 5 | Epoch Time: 2m 1s
Train Loss: 2.1970338845825195 | Train Acc: 19.954000413417816%
Test Loss: 2.196628730773926 | Test Acc: 20.389999449253082%
Epoch: 6 | Epoch Time: 1m 58s
Train Loss: 2.160630868225098 | Train Acc: 20.423999428749084%
Test Loss: 2.1600837127685546 | Test Acc: 20.79000025987625%
Epoch: 7 | Epoch Time: 1m 54s
Train Loss: 2.124195361022949 | Train Acc: 20.601999759674072%
Test Loss: 2.1234695083618162 | Test Acc: 20.669999718666077%
Epoch: 8 | Epoch Time: 1m 58s
Train Loss: 2.091715607910156 | Train Acc: 21.06200009584427%
Test Loss: 2.090754951477051 | Test Acc: 21.410000324249268%
Epoch: 9 | Epoch Time: 1m 55s
Train Loss: 2.0624739755249024 | Train Acc: 21.400000154972076%
Test Loss: 2.0614228759765627 | Test Acc: 21.8299999833107%
Epoch: 10 | Epoch Time: 1m 57s
Train Loss: 2.0324672998046873 | Train Acc: 21.682000160217285%
Test Loss: 2.031377001953125 | Test Acc: 21.860000491142273%
Epoch: 11 | Epoch Time: 1m 56s
Train Loss: 2.0078891506958008 | Train Acc: 22.485999763011932%
Test Loss: 2.00672116394043 | Test Acc: 22.429999709129333%
Epoch: 12 | Epoch Time: 1m 52s
Train Loss: 1.9852458923339844 | Train Acc: 23.161999881267548%
Test Loss: 1.984086720275879 | Test Acc: 23.37999939918518%
Epoch: 13 | Epoch Time: 1m 58s
Train Loss: 1.9658218759155273 | Train Acc: 23.785999417304993%
Test Loss: 1.9646511291503905 | Test Acc: 23.880000412464142%
Epoch: 14 | Epoch Time: 1m 54s
Train Loss: 1.9472028103637695 | Train Acc: 24.449999630451202%
Test Loss: 1.946141648864746 | Test Acc: 24.25999939441681%
Epoch: 15 | Epoch Time: 1m 57s
Train Loss: 1.931846042175293 | Train Acc: 24.597999453544617%
Test Loss: 1.93089461517334 | Test Acc: 24.729999899864197%
Epoch: 16 | Epoch Time: 1m 56s
Train Loss: 1.917281891784668 | Train Acc: 24.808000028133392%
Test Loss: 1.9164014953613282 | Test Acc: 24.819999933242798%
Epoch: 17 | Epoch Time: 1m 55s
Train Loss: 1.9031620050048828 | Train Acc: 24.90600049495697%
Test Loss: 1.902397789001465 | Test Acc: 24.84000027179718%
Epoch: 18 | Epoch Time: 1m 57s
Train Loss: 1.8926361645507812 | Train Acc: 25.181999802589417%
Test Loss: 1.891889469909668 | Test Acc: 25.22999942302704%
Epoch: 19 | Epoch Time: 1m 54s
Train Loss: 1.8805314785766603 | Train Acc: 25.81999897956848%
Test Loss: 1.8799122573852538 | Test Acc: 26.05000138282776%
Epoch: 20 | Epoch Time: 1m 57s
Train Loss: 1.8697224502563476 | Train Acc: 26.188001036643982%
Test Loss: 1.869282733154297 | Test Acc: 26.499998569488525%
Epoch: 21 | Epoch Time: 1m 57s
Train Loss: 1.8599537091064453 | Train Acc: 26.23400092124939%
Test Loss: 1.859671354675293 | Test Acc: 26.499998569488525%
Epoch: 22 | Epoch Time: 1m 54s
Train Loss: 1.8497041818237305 | Train Acc: 26.267999410629272%
Test Loss: 1.8495390258789062 | Test Acc: 26.260000467300415%
Epoch: 23 | Epoch Time: 1m 58s
Train Loss: 1.8421228775024414 | Train Acc: 26.155999302864075%
Test Loss: 1.8421079803466798 | Test Acc: 26.109999418258667%
Epoch: 24 | Epoch Time: 1m 55s
Train Loss: 1.8342047152709962 | Train Acc: 26.221999526023865%
Test Loss: 1.834385401916504 | Test Acc: 26.069998741149902%
Epoch: 25 | Epoch Time: 1m 56s
Train Loss: 1.8273134130859374 | Train Acc: 26.190000772476196%
Test Loss: 1.8277220581054687 | Test Acc: 25.859999656677246%
Epoch: 26 | Epoch Time: 1m 57s
Train Loss: 1.8198589419555664 | Train Acc: 26.513999700546265%
Test Loss: 1.820520489501953 | Test Acc: 26.23000144958496%
Epoch: 27 | Epoch Time: 1m 51s
Train Loss: 1.8136962884521484 | Train Acc: 26.583999395370483%
Test Loss: 1.8145710845947265 | Test Acc: 26.330000162124634%
Epoch: 28 | Epoch Time: 1m 58s
Train Loss: 1.807493434753418 | Train Acc: 26.704001426696777%
Test Loss: 1.808582974243164 | Test Acc: 26.53999924659729%
Epoch: 29 | Epoch Time: 1m 57s
Train Loss: 1.8018490133666991 | Train Acc: 26.236000657081604%
Test Loss: 1.8031374313354491 | Test Acc: 25.990000367164612%
Epoch: 30 | Epoch Time: 1m 54s
Train Loss: 1.795569278564453 | Train Acc: 26.256000995635986%
Test Loss: 1.7969957382202149 | Test Acc: 26.190000772476196%
Epoch: 31 | Epoch Time: 1m 56s
Train Loss: 1.7887023352050782 | Train Acc: 26.759999990463257%
Test Loss: 1.7903066864013673 | Test Acc: 26.719999313354492%
Epoch: 32 | Epoch Time: 1m 54s
Train Loss: 1.783092322692871 | Train Acc: 26.8559992313385%
Test Loss: 1.784836474609375 | Test Acc: 26.76999866962433%
Epoch: 33 | Epoch Time: 1m 58s
Train Loss: 1.7766931225585938 | Train Acc: 27.022001147270203%
Test Loss: 1.7786161804199219 | Test Acc: 27.129998803138733%
Epoch: 34 | Epoch Time: 1m 56s
Train Loss: 1.7708062850952149 | Train Acc: 26.99599862098694%
Test Loss: 1.7729206588745117 | Test Acc: 27.180001139640808%
Epoch: 35 | Epoch Time: 1m 55s
Train Loss: 1.765578490600586 | Train Acc: 27.01599895954132%
Test Loss: 1.7679251266479492 | Test Acc: 26.829999685287476%
Epoch: 36 | Epoch Time: 1m 59s
Train Loss: 1.7613927416992188 | Train Acc: 26.802000403404236%
Test Loss: 1.7639768569946288 | Test Acc: 26.5500009059906%
Epoch: 37 | Epoch Time: 1m 55s
Train Loss: 1.7563660549926758 | Train Acc: 26.850000023841858%
Test Loss: 1.7591172012329102 | Test Acc: 26.649999618530273%
Epoch: 38 | Epoch Time: 1m 57s
Train Loss: 1.752014501953125 | Train Acc: 26.914000511169434%
Test Loss: 1.7549853958129882 | Test Acc: 26.69999897480011%
Epoch: 39 | Epoch Time: 1m 58s
Train Loss: 1.7468986779785156 | Train Acc: 26.820001006126404%
Test Loss: 1.7501604782104492 | Test Acc: 26.879999041557312%
Epoch: 40 | Epoch Time: 1m 55s
Train Loss: 1.7431061932373046 | Train Acc: 26.969999074935913%
Test Loss: 1.746740057373047 | Test Acc: 27.03000009059906%
Epoch: 41 | Epoch Time: 1m 58s
Train Loss: 1.7381368786621094 | Train Acc: 27.055999636650085%
Test Loss: 1.7420550231933594 | Test Acc: 27.02000141143799%
Epoch: 42 | Epoch Time: 1m 54s
Train Loss: 1.734146789855957 | Train Acc: 27.230000495910645%
Test Loss: 1.7384590133666993 | Test Acc: 27.27000117301941%
Epoch: 43 | Epoch Time: 1m 55s
Train Loss: 1.7289709231567383 | Train Acc: 27.274000644683838%
Test Loss: 1.7336513778686524 | Test Acc: 27.309998869895935%
Epoch: 44 | Epoch Time: 1m 58s
Train Loss: 1.723231096801758 | Train Acc: 27.68400013446808%
Test Loss: 1.7283122802734374 | Test Acc: 27.84999907016754%
Epoch: 45 | Epoch Time: 1m 47s
Train Loss: 1.721012901916504 | Train Acc: 27.51399874687195%
Test Loss: 1.7264736892700194 | Test Acc: 27.549999952316284%
Epoch: 46 | Epoch Time: 2m 0s
Train Loss: 1.718172184753418 | Train Acc: 27.3499995470047%
Test Loss: 1.7242065063476562 | Test Acc: 27.41999924182892%
Epoch: 47 | Epoch Time: 1m 56s
Train Loss: 1.7145892468261719 | Train Acc: 27.428001165390015%
Test Loss: 1.721092448425293 | Test Acc: 27.239999175071716%
Epoch: 48 | Epoch Time: 1m 57s
Train Loss: 1.7090111767578124 | Train Acc: 27.858000993728638%
Test Loss: 1.7160951293945312 | Test Acc: 27.790001034736633%
Epoch: 49 | Epoch Time: 0m 50s
Train Loss: 1.7073197396850586 | Train Acc: 27.50599980354309%
Test Loss: 1.7148201049804688 | Test Acc: 27.36000120639801%
Epoch: 50 | Epoch Time: 0m 58s
Train Loss: 1.706607289428711 | Train Acc: 27.355998754501343%
Test Loss: 1.714522102355957 | Test Acc: 27.12000012397766%
Epoch: 51 | Epoch Time: 1m 16s
Train Loss: 1.7059008361816406 | Train Acc: 27.12799906730652%
Test Loss: 1.714172673034668 | Test Acc: 26.809999346733093%
Epoch: 52 | Epoch Time: 0m 50s
Train Loss: 1.7028709579467773 | Train Acc: 27.12000012397766%
Test Loss: 1.7117262619018554 | Test Acc: 26.840001344680786%
Epoch: 53 | Epoch Time: 0m 56s
Train Loss: 1.69866419921875 | Train Acc: 27.368000149726868%
Test Loss: 1.7080865264892577 | Test Acc: 26.989999413490295%
Epoch: 54 | Epoch Time: 0m 51s
Train Loss: 1.6953571072387694 | Train Acc: 27.58600115776062%
Test Loss: 1.7053254455566407 | Test Acc: 27.12000012397766%
Epoch: 55 | Epoch Time: 0m 53s
Train Loss: 1.6934109680175782 | Train Acc: 27.404001355171204%
Test Loss: 1.7039701705932617 | Test Acc: 26.820001006126404%
Epoch: 56 | Epoch Time: 0m 52s
Train Loss: 1.6921149035644532 | Train Acc: 27.601999044418335%
Test Loss: 1.7033180618286132 | Test Acc: 26.96000039577484%
Epoch: 57 | Epoch Time: 0m 58s
Train Loss: 1.6898850833129884 | Train Acc: 27.68999934196472%
Test Loss: 1.7017044540405273 | Test Acc: 27.059999108314514%
Epoch: 58 | Epoch Time: 0m 52s
Train Loss: 1.6864139929199218 | Train Acc: 27.95799970626831%
Test Loss: 1.6989867630004882 | Test Acc: 27.320000529289246%
Epoch: 59 | Epoch Time: 0m 53s
Train Loss: 1.6860189804077148 | Train Acc: 27.83600091934204%
Test Loss: 1.6992422988891602 | Test Acc: 27.45000123977661%
Epoch: 60 | Epoch Time: 0m 57s
Train Loss: 1.6840231826782226 | Train Acc: 27.983999252319336%
Test Loss: 1.6979230560302734 | Test Acc: 27.68999934196472%
Epoch: 61 | Epoch Time: 0m 53s
Train Loss: 1.6825871853637695 | Train Acc: 28.073999285697937%
Test Loss: 1.6972249786376954 | Test Acc: 27.75999903678894%
Epoch: 62 | Epoch Time: 1m 2s
Train Loss: 1.6820043328857421 | Train Acc: 27.96800136566162%
Test Loss: 1.697515817260742 | Test Acc: 27.649998664855957%
Epoch: 63 | Epoch Time: 1m 3s
Train Loss: 1.6817235208129884 | Train Acc: 27.963998913764954%
Test Loss: 1.6980065170288086 | Test Acc: 27.68999934196472%
Epoch: 64 | Epoch Time: 0m 51s
Train Loss: 1.6812790716552735 | Train Acc: 27.950000762939453%
Test Loss: 1.698277362060547 | Test Acc: 27.709999680519104%
Epoch: 65 | Epoch Time: 0m 50s
Train Loss: 1.6790324475097655 | Train Acc: 28.123998641967773%
Test Loss: 1.6968320358276368 | Test Acc: 27.75000035762787%
Epoch: 66 | Epoch Time: 0m 49s
Train Loss: 1.6813704675292969 | Train Acc: 27.71199941635132%
Test Loss: 1.6998804580688476 | Test Acc: 27.529999613761902%
Epoch: 67 | Epoch Time: 0m 51s
Train Loss: 1.679880372314453 | Train Acc: 27.845999598503113%
Test Loss: 1.6991813369750977 | Test Acc: 27.619999647140503%
Epoch: 68 | Epoch Time: 0m 51s
Train Loss: 1.6783927508544922 | Train Acc: 27.884000539779663%
Test Loss: 1.6985491958618164 | Test Acc: 27.630001306533813%
Epoch: 69 | Epoch Time: 0m 50s
Train Loss: 1.6793343173217774 | Train Acc: 27.73599922657013%
Test Loss: 1.7004446578979493 | Test Acc: 27.469998598098755%
Epoch: 70 | Epoch Time: 0m 48s
Train Loss: 1.6752222982788085 | Train Acc: 28.26400101184845%
Test Loss: 1.6974216522216796 | Test Acc: 27.75999903678894%
Epoch: 71 | Epoch Time: 0m 52s
Train Loss: 1.6704424975585936 | Train Acc: 28.745999932289124%
Test Loss: 1.693672198486328 | Test Acc: 28.200000524520874%
Epoch: 72 | Epoch Time: 0m 50s
Train Loss: 1.6714158352661133 | Train Acc: 28.633999824523926%
Test Loss: 1.6955165832519532 | Test Acc: 28.259998559951782%
Epoch: 73 | Epoch Time: 0m 50s
Train Loss: 1.6699058157348632 | Train Acc: 28.723999857902527%
Test Loss: 1.6951524322509766 | Test Acc: 28.16999852657318%
Epoch: 74 | Epoch Time: 0m 48s
Train Loss: 1.671081016845703 | Train Acc: 28.79599928855896%
Test Loss: 1.6974650604248047 | Test Acc: 28.429999947547913%
Epoch: 75 | Epoch Time: 0m 52s
Train Loss: 1.672222939453125 | Train Acc: 28.665998578071594%
Test Loss: 1.6997321868896484 | Test Acc: 28.029999136924744%
Epoch: 76 | Epoch Time: 0m 47s
Train Loss: 1.6700081826782227 | Train Acc: 28.905999660491943%
Test Loss: 1.6986724304199219 | Test Acc: 28.290000557899475%
Epoch: 77 | Epoch Time: 0m 49s
Train Loss: 1.6699863720703125 | Train Acc: 28.968000411987305%
Test Loss: 1.6999021224975586 | Test Acc: 28.380000591278076%
Epoch: 78 | Epoch Time: 0m 48s
Train Loss: 1.670937921142578 | Train Acc: 28.99799942970276%
Test Loss: 1.7020612258911132 | Test Acc: 28.380000591278076%
Epoch: 79 | Epoch Time: 0m 53s
Train Loss: 1.673010629272461 | Train Acc: 28.812000155448914%
Test Loss: 1.705166700744629 | Test Acc: 28.15999984741211%
Epoch: 80 | Epoch Time: 0m 48s
Train Loss: 1.6732151361083984 | Train Acc: 28.887999057769775%
Test Loss: 1.706619383239746 | Test Acc: 28.360000252723694%
Epoch: 81 | Epoch Time: 0m 50s
Train Loss: 1.6736343798828126 | Train Acc: 28.995999693870544%
Test Loss: 1.7082523300170898 | Test Acc: 28.220000863075256%
Epoch: 82 | Epoch Time: 0m 50s
Train Loss: 1.6754328414916992 | Train Acc: 28.878000378608704%
Test Loss: 1.7113085876464844 | Test Acc: 28.270000219345093%
Epoch: 83 | Epoch Time: 0m 53s
Train Loss: 1.675285964050293 | Train Acc: 29.09800112247467%
Test Loss: 1.7123236099243164 | Test Acc: 28.270000219345093%
Epoch: 84 | Epoch Time: 0m 54s
Train Loss: 1.6759943542480469 | Train Acc: 29.2820006608963%
Test Loss: 1.7145534301757812 | Test Acc: 28.470000624656677%
Epoch: 85 | Epoch Time: 0m 52s
Train Loss: 1.6749352508544921 | Train Acc: 29.5879989862442%
Test Loss: 1.714812484741211 | Test Acc: 28.65000069141388%
Epoch: 86 | Epoch Time: 0m 58s
Train Loss: 1.675407854614258 | Train Acc: 29.771998524665833%
Test Loss: 1.7164130493164063 | Test Acc: 28.74000072479248%
Epoch: 87 | Epoch Time: 0m 53s
Train Loss: 1.679788441772461 | Train Acc: 29.55400049686432%
Test Loss: 1.7219860610961915 | Test Acc: 28.679999709129333%
Epoch: 88 | Epoch Time: 0m 56s
Train Loss: 1.6789141543579102 | Train Acc: 29.851999878883362%
Test Loss: 1.7223895782470704 | Test Acc: 28.9000004529953%
Epoch: 89 | Epoch Time: 0m 53s
Train Loss: 1.6785139944458007 | Train Acc: 30.05799949169159%
Test Loss: 1.7232261169433594 | Test Acc: 29.100000858306885%
Epoch: 90 | Epoch Time: 0m 56s
Train Loss: 1.6770251416015625 | Train Acc: 30.445998907089233%
Test Loss: 1.7234732055664062 | Test Acc: 29.30999994277954%
Epoch: 91 | Epoch Time: 0m 53s
Train Loss: 1.6819985720825195 | Train Acc: 30.31199872493744%
Test Loss: 1.7300815658569335 | Test Acc: 29.170000553131104%
Epoch: 92 | Epoch Time: 0m 51s
Train Loss: 1.6857567166137695 | Train Acc: 30.197998881340027%
Test Loss: 1.7352720413208007 | Test Acc: 29.080000519752502%
Epoch: 93 | Epoch Time: 0m 55s
Train Loss: 1.6866597103881835 | Train Acc: 30.559998750686646%
Test Loss: 1.737608367919922 | Test Acc: 29.359999299049377%
Epoch: 94 | Epoch Time: 0m 51s
Train Loss: 1.6880217572021485 | Train Acc: 30.78399896621704%
Test Loss: 1.7407281631469727 | Test Acc: 29.559999704360962%
Epoch: 95 | Epoch Time: 0m 52s
Train Loss: 1.6928535696411133 | Train Acc: 30.687999725341797%
Test Loss: 1.7472762771606445 | Test Acc: 29.39000129699707%
Epoch: 96 | Epoch Time: 0m 51s
Train Loss: 1.6964602432250977 | Train Acc: 30.886000394821167%
Test Loss: 1.7529244445800782 | Test Acc: 29.519999027252197%
Epoch: 97 | Epoch Time: 0m 56s
Train Loss: 1.7014632479858398 | Train Acc: 30.94399869441986%
Test Loss: 1.7599267654418946 | Test Acc: 29.559999704360962%
Epoch: 98 | Epoch Time: 0m 51s
Train Loss: 1.7069843682861328 | Train Acc: 30.91599941253662%
Test Loss: 1.767121337890625 | Test Acc: 29.399999976158142%
Epoch: 99 | Epoch Time: 0m 52s
Train Loss: 1.7111142068481446 | Train Acc: 31.001999974250793%
Test Loss: 1.7731168426513673 | Test Acc: 29.510000348091125%
Epoch: 100 | Epoch Time: 0m 52s
Train Loss: 1.7170387295532226 | Train Acc: 31.025999784469604%
Test Loss: 1.7808400375366211 | Test Acc: 29.350000619888306%
