Namespace(action=4, model='CNN', seed=1)
{'model_name': 'CNN', 'device': device(type='cuda', index=0), 'log_dir': 'log\\CNN', 'ckpt_dir': 'checkpoint\\CNN', 'attack': 'lf', 'defence': 'krum', 'client_epochs': 10, 'server_epochs': 100, 'batch_size': 100, 'client_lr': 0.15, 'server_lr': 0.15, 'server_rate': 2000, 'load_ckpt': 0, 'workers': 20, 'byzantine_workers': 8, 'attack_strength': 0.1, 'k': 1, 'b': 4, 'test_frequency': 1}
======================Start Train Model [Tue May  7 02:58:03 2024]======================
Epoch: 1 | Epoch Time: 0m 37s
Train Loss: 2.298299730529785 | Train Acc: 10.636000335216522%
Test Loss: 2.298122662353516 | Test Acc: 10.779999941587448%
Epoch: 2 | Epoch Time: 0m 38s
Train Loss: 2.2837806832885743 | Train Acc: 18.625999987125397%
Test Loss: 2.2833498611450196 | Test Acc: 18.930000066757202%
Epoch: 3 | Epoch Time: 0m 38s
Train Loss: 2.259774414672852 | Train Acc: 22.34400063753128%
Test Loss: 2.2588472106933595 | Test Acc: 22.750000655651093%
Epoch: 4 | Epoch Time: 0m 38s
Train Loss: 2.224457250061035 | Train Acc: 24.527999758720398%
Test Loss: 2.223013430786133 | Test Acc: 24.580000340938568%
Epoch: 5 | Epoch Time: 0m 37s
Train Loss: 2.1819781048583984 | Train Acc: 26.952001452445984%
Test Loss: 2.179974221801758 | Test Acc: 27.180001139640808%
Epoch: 6 | Epoch Time: 0m 37s
Train Loss: 2.1301260610961914 | Train Acc: 29.067999124526978%
Test Loss: 2.1277098571777344 | Test Acc: 29.44999933242798%
Epoch: 7 | Epoch Time: 0m 39s
Train Loss: 2.08333399597168 | Train Acc: 30.274000763893127%
Test Loss: 2.079996078491211 | Test Acc: 30.61000108718872%
Epoch: 8 | Epoch Time: 0m 38s
Train Loss: 2.035472631225586 | Train Acc: 31.02400004863739%
Test Loss: 2.0315614883422852 | Test Acc: 31.33000135421753%
Epoch: 9 | Epoch Time: 0m 38s
Train Loss: 1.9952443032836915 | Train Acc: 30.987998843193054%
Test Loss: 1.9913492385864258 | Test Acc: 30.730000138282776%
Epoch: 10 | Epoch Time: 0m 38s
Train Loss: 1.9417153295898437 | Train Acc: 32.20199942588806%
Test Loss: 1.9372167861938476 | Test Acc: 32.40000009536743%
Epoch: 11 | Epoch Time: 0m 37s
Train Loss: 1.8924415286254883 | Train Acc: 33.39000046253204%
Test Loss: 1.8875727081298828 | Test Acc: 33.5099995136261%
Epoch: 12 | Epoch Time: 0m 38s
Train Loss: 1.8597080422973633 | Train Acc: 34.39599871635437%
Test Loss: 1.8542872009277345 | Test Acc: 34.86999869346619%
Epoch: 13 | Epoch Time: 0m 38s
Train Loss: 1.8166134887695313 | Train Acc: 35.565999150276184%
Test Loss: 1.8109286682128907 | Test Acc: 35.60999929904938%
Epoch: 14 | Epoch Time: 0m 38s
Train Loss: 1.7820331079101563 | Train Acc: 36.37399971485138%
Test Loss: 1.775896208190918 | Test Acc: 36.28000020980835%
Epoch: 15 | Epoch Time: 0m 37s
Train Loss: 1.7646359729003906 | Train Acc: 36.50200068950653%
Test Loss: 1.7571984283447266 | Test Acc: 36.75000071525574%
Epoch: 16 | Epoch Time: 0m 37s
Train Loss: 1.7351392663574219 | Train Acc: 37.23199963569641%
Test Loss: 1.7272693176269531 | Test Acc: 37.450000643730164%
Epoch: 17 | Epoch Time: 0m 38s
Train Loss: 1.713487866821289 | Train Acc: 37.74800002574921%
Test Loss: 1.7050968231201171 | Test Acc: 37.81000077724457%
Epoch: 18 | Epoch Time: 0m 38s
Train Loss: 1.6957219757080078 | Train Acc: 38.999998569488525%
Test Loss: 1.6869697021484376 | Test Acc: 39.10999894142151%
Epoch: 19 | Epoch Time: 0m 38s
Train Loss: 1.6723991177368165 | Train Acc: 39.79400098323822%
Test Loss: 1.6647134170532227 | Test Acc: 39.879998564720154%
Epoch: 20 | Epoch Time: 0m 38s
Train Loss: 1.6534973236083985 | Train Acc: 40.39599895477295%
Test Loss: 1.645791098022461 | Test Acc: 40.50000011920929%
Epoch: 21 | Epoch Time: 0m 39s
Train Loss: 1.6434973864746094 | Train Acc: 40.5460000038147%
Test Loss: 1.6357939071655274 | Test Acc: 40.61000049114227%
Epoch: 22 | Epoch Time: 0m 38s
Train Loss: 1.6271111447143554 | Train Acc: 41.133999824523926%
Test Loss: 1.6206022888183593 | Test Acc: 41.589999198913574%
Epoch: 23 | Epoch Time: 0m 38s
Train Loss: 1.6102561068725585 | Train Acc: 41.863998770713806%
Test Loss: 1.6031780014038086 | Test Acc: 42.28000044822693%
Epoch: 24 | Epoch Time: 0m 38s
Train Loss: 1.5885543161010742 | Train Acc: 42.79800057411194%
Test Loss: 1.581655776977539 | Test Acc: 42.8600013256073%
Epoch: 25 | Epoch Time: 0m 38s
Train Loss: 1.5840767776489257 | Train Acc: 43.004000186920166%
Test Loss: 1.5767690704345703 | Test Acc: 43.16999912261963%
Epoch: 26 | Epoch Time: 0m 37s
Train Loss: 1.5797711935424805 | Train Acc: 43.09400022029877%
Test Loss: 1.5729002548217774 | Test Acc: 43.27999949455261%
Epoch: 27 | Epoch Time: 0m 39s
Train Loss: 1.5778459664916993 | Train Acc: 43.27400028705597%
Test Loss: 1.570654510498047 | Test Acc: 43.52000057697296%
Epoch: 28 | Epoch Time: 0m 38s
Train Loss: 1.578747699279785 | Train Acc: 43.474000692367554%
Test Loss: 1.5718391372680665 | Test Acc: 43.799999356269836%
Epoch: 29 | Epoch Time: 0m 38s
Train Loss: 1.576358855895996 | Train Acc: 43.65000128746033%
Test Loss: 1.569098245239258 | Test Acc: 43.83000135421753%
Epoch: 30 | Epoch Time: 0m 37s
Train Loss: 1.5738303884887694 | Train Acc: 43.873998522758484%
Test Loss: 1.566085154724121 | Test Acc: 43.97999942302704%
Epoch: 31 | Epoch Time: 0m 37s
Train Loss: 1.5704499111938477 | Train Acc: 43.907999992370605%
Test Loss: 1.5626352828979493 | Test Acc: 43.88999938964844%
Epoch: 32 | Epoch Time: 0m 38s
Train Loss: 1.5825183520507813 | Train Acc: 43.69800090789795%
Test Loss: 1.5745272537231445 | Test Acc: 43.36999952793121%
Epoch: 33 | Epoch Time: 0m 38s
Train Loss: 1.603323743133545 | Train Acc: 43.38200092315674%
Test Loss: 1.596019728088379 | Test Acc: 43.23999881744385%
Epoch: 34 | Epoch Time: 0m 38s
Train Loss: 1.6109040380859374 | Train Acc: 43.78199875354767%
Test Loss: 1.603554850769043 | Test Acc: 43.32999885082245%
Epoch: 35 | Epoch Time: 0m 38s
Train Loss: 1.6287526301574706 | Train Acc: 43.959999084472656%
Test Loss: 1.6210559616088867 | Test Acc: 43.4799998998642%
Epoch: 36 | Epoch Time: 0m 37s
Train Loss: 1.6578933209228515 | Train Acc: 44.10200119018555%
Test Loss: 1.6498313842773438 | Test Acc: 43.4799998998642%
Epoch: 37 | Epoch Time: 0m 37s
Train Loss: 1.6817441792297363 | Train Acc: 44.16800141334534%
Test Loss: 1.672999996948242 | Test Acc: 43.540000915527344%
Epoch: 38 | Epoch Time: 0m 38s
Train Loss: 1.722511517944336 | Train Acc: 44.01800036430359%
Test Loss: 1.7117434173583985 | Test Acc: 43.41999888420105%
Epoch: 39 | Epoch Time: 0m 37s
Train Loss: 1.761666099243164 | Train Acc: 44.13000047206879%
Test Loss: 1.7509053253173827 | Test Acc: 43.459999561309814%
Epoch: 40 | Epoch Time: 0m 37s
Train Loss: 1.7742082595825195 | Train Acc: 44.11599934101105%
Test Loss: 1.761935140991211 | Test Acc: 43.220001459121704%
Epoch: 41 | Epoch Time: 0m 37s
Train Loss: 1.8269329739379883 | Train Acc: 44.18199956417084%
Test Loss: 1.81404716796875 | Test Acc: 43.50999891757965%
Epoch: 42 | Epoch Time: 0m 38s
Train Loss: 1.791517760925293 | Train Acc: 43.408000469207764%
Test Loss: 1.7788775787353515 | Test Acc: 42.739999294281006%
Epoch: 43 | Epoch Time: 0m 38s
Train Loss: 1.8467756869506835 | Train Acc: 43.74400079250336%
Test Loss: 1.8336424453735352 | Test Acc: 43.00999939441681%
Epoch: 44 | Epoch Time: 0m 38s
Train Loss: 1.8623646142578125 | Train Acc: 43.81200075149536%
Test Loss: 1.8495423782348632 | Test Acc: 42.87000000476837%
Epoch: 45 | Epoch Time: 0m 37s
Train Loss: 1.936640168762207 | Train Acc: 43.86599957942963%
Test Loss: 1.9231840591430664 | Test Acc: 43.070000410079956%
Epoch: 46 | Epoch Time: 0m 37s
Train Loss: 2.0172370642089845 | Train Acc: 43.8620001077652%
Test Loss: 2.0031687591552734 | Test Acc: 43.209999799728394%
Epoch: 47 | Epoch Time: 0m 38s
Train Loss: 2.0998433596801758 | Train Acc: 43.91399919986725%
Test Loss: 2.0852550094604494 | Test Acc: 43.389999866485596%
Epoch: 48 | Epoch Time: 0m 38s
Train Loss: 2.164233170776367 | Train Acc: 44.012001156806946%
Test Loss: 2.149481245422363 | Test Acc: 43.45000088214874%
Epoch: 49 | Epoch Time: 0m 38s
Train Loss: 2.2465852810668947 | Train Acc: 44.08400058746338%
Test Loss: 2.2310585510253906 | Test Acc: 43.470001220703125%
Epoch: 50 | Epoch Time: 0m 39s
Train Loss: 2.326583310546875 | Train Acc: 44.053998589515686%
Test Loss: 2.310590814208984 | Test Acc: 43.619999289512634%
Epoch: 51 | Epoch Time: 0m 37s
Train Loss: 2.403059848327637 | Train Acc: 44.06999945640564%
Test Loss: 2.386093408203125 | Test Acc: 43.59999895095825%
Epoch: 52 | Epoch Time: 0m 38s
Train Loss: 2.4771169470214844 | Train Acc: 44.07599866390228%
Test Loss: 2.4595502853393554 | Test Acc: 43.41000020503998%
Epoch: 53 | Epoch Time: 0m 38s
Train Loss: 2.5489608422851564 | Train Acc: 44.02399957180023%
Test Loss: 2.5303082595825197 | Test Acc: 43.39999854564667%
Epoch: 54 | Epoch Time: 0m 38s
Train Loss: 2.6163703674316405 | Train Acc: 43.92800033092499%
Test Loss: 2.596954441833496 | Test Acc: 43.39999854564667%
Epoch: 55 | Epoch Time: 0m 37s
Train Loss: 2.6803824481201173 | Train Acc: 43.96199882030487%
Test Loss: 2.6602036743164064 | Test Acc: 43.25000047683716%
Epoch: 56 | Epoch Time: 0m 37s
Train Loss: 2.7402585305786133 | Train Acc: 43.977999687194824%
Test Loss: 2.7194167587280274 | Test Acc: 43.14999878406525%
Epoch: 57 | Epoch Time: 0m 39s
Train Loss: 2.7986149502563475 | Train Acc: 43.92800033092499%
Test Loss: 2.7769249114990235 | Test Acc: 43.209999799728394%
Epoch: 58 | Epoch Time: 0m 38s
Train Loss: 2.853411831665039 | Train Acc: 43.92800033092499%
Test Loss: 2.8307028732299804 | Test Acc: 43.16000044345856%
Epoch: 59 | Epoch Time: 0m 38s
Train Loss: 2.905162417297363 | Train Acc: 43.939998745918274%
Test Loss: 2.8816519943237306 | Test Acc: 43.059998750686646%
Epoch: 60 | Epoch Time: 0m 38s
Train Loss: 2.953573355102539 | Train Acc: 43.922001123428345%
Test Loss: 2.9291912780761717 | Test Acc: 43.1300014257431%
Epoch: 61 | Epoch Time: 0m 37s
Train Loss: 2.9993662203979494 | Train Acc: 43.907999992370605%
Test Loss: 2.974015524291992 | Test Acc: 43.25999915599823%
Epoch: 62 | Epoch Time: 0m 38s
Train Loss: 3.042579857788086 | Train Acc: 43.87800097465515%
Test Loss: 3.0167775115966795 | Test Acc: 43.29000115394592%
Epoch: 63 | Epoch Time: 0m 38s
Train Loss: 3.0829170419311525 | Train Acc: 43.86799931526184%
Test Loss: 3.056393731689453 | Test Acc: 43.27999949455261%
Epoch: 64 | Epoch Time: 0m 38s
Train Loss: 3.1213970391845702 | Train Acc: 43.832001090049744%
Test Loss: 3.094214726257324 | Test Acc: 43.32000017166138%
Epoch: 65 | Epoch Time: 0m 37s
Train Loss: 3.158827495727539 | Train Acc: 43.82399916648865%
Test Loss: 3.1308198303222654 | Test Acc: 43.220001459121704%
Epoch: 66 | Epoch Time: 0m 37s
Train Loss: 3.1935388400268554 | Train Acc: 43.81200075149536%
Test Loss: 3.164739619445801 | Test Acc: 43.27999949455261%
Epoch: 67 | Epoch Time: 0m 39s
Train Loss: 3.2262390017700193 | Train Acc: 43.775999546051025%
Test Loss: 3.196801354980469 | Test Acc: 43.32000017166138%
Epoch: 68 | Epoch Time: 0m 38s
Train Loss: 3.257285075378418 | Train Acc: 43.775999546051025%
Test Loss: 3.227048503112793 | Test Acc: 43.25000047683716%
Epoch: 69 | Epoch Time: 0m 38s
Train Loss: 3.2876336196899416 | Train Acc: 43.76800060272217%
Test Loss: 3.256669291687012 | Test Acc: 43.29000115394592%
Epoch: 70 | Epoch Time: 0m 38s
Train Loss: 3.3158704782104493 | Train Acc: 43.75999867916107%
Test Loss: 3.2842841384887693 | Test Acc: 43.27000081539154%
Epoch: 71 | Epoch Time: 0m 37s
Train Loss: 3.3432789611816407 | Train Acc: 43.73199939727783%
Test Loss: 3.311123321533203 | Test Acc: 43.27999949455261%
Epoch: 72 | Epoch Time: 0m 38s
Train Loss: 3.369024515991211 | Train Acc: 43.720000982284546%
Test Loss: 3.3362848495483397 | Test Acc: 43.23999881744385%
Epoch: 73 | Epoch Time: 0m 38s
Train Loss: 3.393927900390625 | Train Acc: 43.696001172065735%
Test Loss: 3.3605812896728517 | Test Acc: 43.18000078201294%
Epoch: 74 | Epoch Time: 0m 37s
Train Loss: 3.4181650119018556 | Train Acc: 43.696001172065735%
Test Loss: 3.3843002029418945 | Test Acc: 43.16000044345856%
Epoch: 75 | Epoch Time: 0m 38s
Train Loss: 3.441411060180664 | Train Acc: 43.67800056934357%
Test Loss: 3.407034860229492 | Test Acc: 43.16999912261963%
Epoch: 76 | Epoch Time: 0m 37s
Train Loss: 3.4628362783813476 | Train Acc: 43.65000128746033%
Test Loss: 3.427965946960449 | Test Acc: 43.14999878406525%
Epoch: 77 | Epoch Time: 0m 38s
Train Loss: 3.483449878540039 | Train Acc: 43.66399943828583%
Test Loss: 3.4481871871948244 | Test Acc: 43.1300014257431%
Epoch: 78 | Epoch Time: 0m 38s
Train Loss: 3.504565238342285 | Train Acc: 43.66199970245361%
Test Loss: 3.468838458251953 | Test Acc: 43.16000044345856%
Epoch: 79 | Epoch Time: 0m 37s
Train Loss: 3.523658738708496 | Train Acc: 43.65200102329254%
Test Loss: 3.4874356384277343 | Test Acc: 43.14999878406525%
Epoch: 80 | Epoch Time: 0m 38s
Train Loss: 3.5426251666259767 | Train Acc: 43.63200068473816%
Test Loss: 3.5059600036621092 | Test Acc: 43.1300014257431%
Epoch: 81 | Epoch Time: 0m 37s
Train Loss: 3.561066633605957 | Train Acc: 43.62800121307373%
Test Loss: 3.5239987091064453 | Test Acc: 43.1300014257431%
Epoch: 82 | Epoch Time: 0m 38s
Train Loss: 3.5789294085693357 | Train Acc: 43.626001477241516%
Test Loss: 3.5414584411621095 | Test Acc: 43.16999912261963%
Epoch: 83 | Epoch Time: 0m 38s
Train Loss: 3.595707144165039 | Train Acc: 43.61200034618378%
Test Loss: 3.557879217529297 | Test Acc: 43.11999976634979%
Epoch: 84 | Epoch Time: 0m 37s
Train Loss: 3.6124433416748047 | Train Acc: 43.61000061035156%
Test Loss: 3.5741493408203127 | Test Acc: 43.14999878406525%
Epoch: 85 | Epoch Time: 0m 38s
Train Loss: 3.6282315606689455 | Train Acc: 43.61400008201599%
Test Loss: 3.5896036193847656 | Test Acc: 43.16000044345856%
Epoch: 86 | Epoch Time: 0m 37s
Train Loss: 3.6437514489746095 | Train Acc: 43.601998686790466%
Test Loss: 3.604795538330078 | Test Acc: 43.140000104904175%
Epoch: 87 | Epoch Time: 0m 38s
Train Loss: 3.6589262677001955 | Train Acc: 43.601998686790466%
Test Loss: 3.6196806640625 | Test Acc: 43.1300014257431%
Epoch: 88 | Epoch Time: 0m 38s
Train Loss: 3.673185314025879 | Train Acc: 43.59599947929382%
Test Loss: 3.633445657348633 | Test Acc: 43.14999878406525%
Epoch: 89 | Epoch Time: 0m 37s
Train Loss: 3.6872240505981444 | Train Acc: 43.60800087451935%
Test Loss: 3.6471564575195314 | Test Acc: 43.16000044345856%
Epoch: 90 | Epoch Time: 0m 38s
Train Loss: 3.7010118936157226 | Train Acc: 43.57199966907501%
Test Loss: 3.660513610839844 | Test Acc: 43.14999878406525%
Epoch: 91 | Epoch Time: 0m 37s
Train Loss: 3.7145229440307617 | Train Acc: 43.57399940490723%
Test Loss: 3.673614456176758 | Test Acc: 43.140000104904175%
Epoch: 92 | Epoch Time: 0m 38s
Train Loss: 3.727500248413086 | Train Acc: 43.5479998588562%
Test Loss: 3.686168478393555 | Test Acc: 43.07999908924103%
Epoch: 93 | Epoch Time: 0m 38s
Train Loss: 3.7399797213745116 | Train Acc: 43.55799853801727%
Test Loss: 3.6984374572753906 | Test Acc: 43.11000108718872%
Epoch: 94 | Epoch Time: 0m 37s
Train Loss: 3.752056062927246 | Train Acc: 43.549999594688416%
Test Loss: 3.710148986816406 | Test Acc: 43.07999908924103%
Epoch: 95 | Epoch Time: 0m 38s
Train Loss: 3.7642134857177734 | Train Acc: 43.53800117969513%
Test Loss: 3.7220189849853518 | Test Acc: 43.059998750686646%
Epoch: 96 | Epoch Time: 0m 37s
Train Loss: 3.7760745727539065 | Train Acc: 43.53399872779846%
Test Loss: 3.7334939056396483 | Test Acc: 43.0400013923645%
Epoch: 97 | Epoch Time: 0m 38s
Train Loss: 3.787686265563965 | Train Acc: 43.50999891757965%
Test Loss: 3.7448282775878905 | Test Acc: 43.0400013923645%
Epoch: 98 | Epoch Time: 0m 38s
Train Loss: 3.798828694152832 | Train Acc: 43.53399872779846%
Test Loss: 3.755691189575195 | Test Acc: 43.0400013923645%
Epoch: 99 | Epoch Time: 0m 37s
Train Loss: 3.809402262878418 | Train Acc: 43.53399872779846%
Test Loss: 3.7659348663330077 | Test Acc: 43.050000071525574%
Epoch: 100 | Epoch Time: 0m 38s
Train Loss: 3.819582189941406 | Train Acc: 43.522000312805176%
Test Loss: 3.7758739685058593 | Test Acc: 43.059998750686646%
Namespace(action=4, model='CNN', seed=1)
{'model_name': 'CNN', 'device': device(type='cuda', index=0), 'log_dir': 'log\\CNN', 'ckpt_dir': 'checkpoint\\CNN', 'attack': 'lf', 'defence': 'krum', 'client_epochs': 10, 'server_epochs': 100, 'batch_size': 100, 'client_lr': 0.15, 'server_lr': 0.15, 'server_rate': 2000, 'load_ckpt': 0, 'workers': 20, 'byzantine_workers': 8, 'attack_strength': 0.1, 'k': 1, 'b': 4, 'test_frequency': 1}
======================Start Train Model [Wed May  8 07:02:49 2024]======================
Epoch: 1 | Epoch Time: 0m 47s
Train Loss: 2.292472119140625 | Train Acc: 10.068000108003616%
Test Loss: 2.2926110244750975 | Test Acc: 10.090000182390213%
Epoch: 2 | Epoch Time: 0m 46s
Train Loss: 2.2720039151000977 | Train Acc: 14.414000511169434%
Test Loss: 2.272002299499512 | Test Acc: 14.509999752044678%
Epoch: 3 | Epoch Time: 0m 46s
Train Loss: 2.2415870278930665 | Train Acc: 20.015999674797058%
Test Loss: 2.241361082458496 | Test Acc: 20.12999951839447%
Epoch: 4 | Epoch Time: 0m 46s
Train Loss: 2.2028834924316407 | Train Acc: 26.875999569892883%
Test Loss: 2.202228564453125 | Test Acc: 26.989999413490295%
Epoch: 5 | Epoch Time: 0m 47s
Train Loss: 2.157987194213867 | Train Acc: 29.736000299453735%
Test Loss: 2.156802592468262 | Test Acc: 29.919999837875366%
Epoch: 6 | Epoch Time: 0m 46s
Train Loss: 2.112678430175781 | Train Acc: 31.02400004863739%
Test Loss: 2.111087457275391 | Test Acc: 31.150001287460327%
Epoch: 7 | Epoch Time: 0m 46s
Train Loss: 2.065495330505371 | Train Acc: 31.76800012588501%
Test Loss: 2.0632800506591797 | Test Acc: 31.749999523162842%
Epoch: 8 | Epoch Time: 0m 46s
Train Loss: 2.0138135174560547 | Train Acc: 32.8359991312027%
Test Loss: 2.010836749267578 | Test Acc: 32.64999985694885%
Epoch: 9 | Epoch Time: 0m 46s
Train Loss: 1.969038500366211 | Train Acc: 33.267998695373535%
Test Loss: 1.9658493942260742 | Test Acc: 33.61999988555908%
Epoch: 10 | Epoch Time: 0m 47s
Train Loss: 1.933971339416504 | Train Acc: 33.88400077819824%
Test Loss: 1.9305863845825195 | Test Acc: 34.299999475479126%
Epoch: 11 | Epoch Time: 0m 46s
Train Loss: 1.8942935455322265 | Train Acc: 34.70200002193451%
Test Loss: 1.890469546508789 | Test Acc: 35.2400004863739%
Epoch: 12 | Epoch Time: 0m 46s
Train Loss: 1.8558199005126954 | Train Acc: 35.89800000190735%
Test Loss: 1.8519875289916992 | Test Acc: 35.96999943256378%
Epoch: 13 | Epoch Time: 0m 46s
Train Loss: 1.8221095010375976 | Train Acc: 36.6100013256073%
Test Loss: 1.8181289291381837 | Test Acc: 36.50999963283539%
Epoch: 14 | Epoch Time: 0m 47s
Train Loss: 1.7920937649536133 | Train Acc: 37.59799897670746%
Test Loss: 1.788115690612793 | Test Acc: 37.47999966144562%
Epoch: 15 | Epoch Time: 0m 46s
Train Loss: 1.7705513403320312 | Train Acc: 38.05600106716156%
Test Loss: 1.766592169189453 | Test Acc: 38.15000057220459%
Epoch: 16 | Epoch Time: 0m 46s
Train Loss: 1.7332644918823241 | Train Acc: 39.197999238967896%
Test Loss: 1.7302285491943359 | Test Acc: 39.320001006126404%
Epoch: 17 | Epoch Time: 0m 46s
Train Loss: 1.7070773098754883 | Train Acc: 39.7460013628006%
Test Loss: 1.7042068405151367 | Test Acc: 40.00999927520752%
Epoch: 18 | Epoch Time: 0m 46s
Train Loss: 1.6781579702758789 | Train Acc: 40.61000049114227%
Test Loss: 1.6753902267456056 | Test Acc: 40.63999950885773%
Epoch: 19 | Epoch Time: 0m 46s
Train Loss: 1.6614963943481444 | Train Acc: 41.06000065803528%
Test Loss: 1.6587646896362305 | Test Acc: 41.17999970912933%
Epoch: 20 | Epoch Time: 0m 46s
Train Loss: 1.635940892944336 | Train Acc: 41.76599979400635%
Test Loss: 1.6339484481811524 | Test Acc: 41.96999967098236%
Epoch: 21 | Epoch Time: 0m 45s
Train Loss: 1.6167328524780273 | Train Acc: 42.465999722480774%
Test Loss: 1.6151661209106445 | Test Acc: 42.329999804496765%
Epoch: 22 | Epoch Time: 0m 46s
Train Loss: 1.6076597055053712 | Train Acc: 42.67599880695343%
Test Loss: 1.6062086471557617 | Test Acc: 42.71999895572662%
Epoch: 23 | Epoch Time: 0m 46s
Train Loss: 1.5871056784057618 | Train Acc: 43.10399889945984%
Test Loss: 1.5858024795532226 | Test Acc: 43.5699999332428%
Epoch: 24 | Epoch Time: 0m 47s
Train Loss: 1.574344906311035 | Train Acc: 43.626001477241516%
Test Loss: 1.5742014511108398 | Test Acc: 43.8400000333786%
Epoch: 25 | Epoch Time: 0m 46s
Train Loss: 1.5621477145385743 | Train Acc: 44.04599964618683%
Test Loss: 1.562855368041992 | Test Acc: 44.24999952316284%
Epoch: 26 | Epoch Time: 0m 46s
Train Loss: 1.5468641848754883 | Train Acc: 44.582000374794006%
Test Loss: 1.5478370468139648 | Test Acc: 44.80000138282776%
Epoch: 27 | Epoch Time: 0m 47s
Train Loss: 1.5277750012207032 | Train Acc: 45.15399932861328%
Test Loss: 1.5282977783203124 | Test Acc: 45.159998536109924%
Epoch: 28 | Epoch Time: 0m 46s
Train Loss: 1.5204048837280273 | Train Acc: 45.56199908256531%
Test Loss: 1.521651611328125 | Test Acc: 45.579999685287476%
Epoch: 29 | Epoch Time: 0m 46s
Train Loss: 1.521057547302246 | Train Acc: 45.55999934673309%
Test Loss: 1.5221530303955078 | Test Acc: 45.60000002384186%
Epoch: 30 | Epoch Time: 0m 47s
Train Loss: 1.5048712008666991 | Train Acc: 45.90800106525421%
Test Loss: 1.5064730514526368 | Test Acc: 46.09000086784363%
Epoch: 31 | Epoch Time: 0m 46s
Train Loss: 1.5056463430786133 | Train Acc: 45.89599967002869%
Test Loss: 1.5071128692626954 | Test Acc: 46.070000529289246%
Epoch: 32 | Epoch Time: 0m 46s
Train Loss: 1.5065995912170411 | Train Acc: 45.89599967002869%
Test Loss: 1.5079586334228516 | Test Acc: 46.11000120639801%
Epoch: 33 | Epoch Time: 0m 46s
Train Loss: 1.5076974554443359 | Train Acc: 45.914000272750854%
Test Loss: 1.5089429824829101 | Test Acc: 46.0999995470047%
Epoch: 34 | Epoch Time: 0m 47s
Train Loss: 1.509071423034668 | Train Acc: 45.941999554634094%
Test Loss: 1.5101949081420898 | Test Acc: 46.16999924182892%
Epoch: 35 | Epoch Time: 0m 46s
Train Loss: 1.5103883088684082 | Train Acc: 45.95800042152405%
Test Loss: 1.5114127517700195 | Test Acc: 46.11999988555908%
Epoch: 36 | Epoch Time: 0m 46s
Train Loss: 1.5120830935668945 | Train Acc: 45.96199989318848%
Test Loss: 1.5130258895874023 | Test Acc: 46.16000056266785%
Epoch: 37 | Epoch Time: 0m 46s
Train Loss: 1.5138969937133788 | Train Acc: 45.96199989318848%
Test Loss: 1.5147575866699219 | Test Acc: 46.02999985218048%
Epoch: 38 | Epoch Time: 0m 46s
Train Loss: 1.4979710287475585 | Train Acc: 46.34999930858612%
Test Loss: 1.4997759246826172 | Test Acc: 46.149998903274536%
Epoch: 39 | Epoch Time: 0m 47s
Train Loss: 1.499769275970459 | Train Acc: 46.39599919319153%
Test Loss: 1.5014800003051758 | Test Acc: 46.0999995470047%
Epoch: 40 | Epoch Time: 0m 46s
Train Loss: 1.5013689465332032 | Train Acc: 46.40200138092041%
Test Loss: 1.5029680633544922 | Test Acc: 46.11000120639801%
Epoch: 41 | Epoch Time: 0m 46s
Train Loss: 1.5030269664001465 | Train Acc: 46.417999267578125%
Test Loss: 1.504534878540039 | Test Acc: 46.11000120639801%
Epoch: 42 | Epoch Time: 0m 45s
Train Loss: 1.5048461465454102 | Train Acc: 46.413999795913696%
Test Loss: 1.5062586517333985 | Test Acc: 46.07999920845032%
Epoch: 43 | Epoch Time: 0m 46s
Train Loss: 1.5070721893310546 | Train Acc: 46.39999866485596%
Test Loss: 1.5083726165771485 | Test Acc: 46.05000019073486%
Epoch: 44 | Epoch Time: 0m 46s
Train Loss: 1.5094948278808593 | Train Acc: 46.32200002670288%
Test Loss: 1.510743263244629 | Test Acc: 45.95000147819519%
Epoch: 45 | Epoch Time: 0m 46s
Train Loss: 1.5123342468261718 | Train Acc: 46.230000257492065%
Test Loss: 1.5135427841186524 | Test Acc: 45.910000801086426%
Epoch: 46 | Epoch Time: 0m 46s
Train Loss: 1.5145874768066405 | Train Acc: 46.21799886226654%
Test Loss: 1.5157118347167968 | Test Acc: 45.969998836517334%
Epoch: 47 | Epoch Time: 0m 46s
Train Loss: 1.517512993774414 | Train Acc: 46.12799882888794%
Test Loss: 1.5185726135253905 | Test Acc: 45.89000046253204%
Epoch: 48 | Epoch Time: 0m 46s
Train Loss: 1.5195313528442382 | Train Acc: 46.16200029850006%
Test Loss: 1.5205591659545898 | Test Acc: 45.9199994802475%
Epoch: 49 | Epoch Time: 0m 47s
Train Loss: 1.5220870022583008 | Train Acc: 46.13400101661682%
Test Loss: 1.5230886032104491 | Test Acc: 45.86000144481659%
Epoch: 50 | Epoch Time: 0m 46s
Train Loss: 1.5249390698242187 | Train Acc: 46.07599973678589%
Test Loss: 1.5258792068481446 | Test Acc: 45.87000012397766%
Epoch: 51 | Epoch Time: 0m 46s
Train Loss: 1.527826056213379 | Train Acc: 46.0640013217926%
Test Loss: 1.5287410766601564 | Test Acc: 45.77000141143799%
Epoch: 52 | Epoch Time: 0m 47s
Train Loss: 1.5306059622192383 | Train Acc: 46.07999920845032%
Test Loss: 1.531507452392578 | Test Acc: 45.750001072883606%
Epoch: 53 | Epoch Time: 0m 46s
Train Loss: 1.5335192739868164 | Train Acc: 46.0099995136261%
Test Loss: 1.5343830780029297 | Test Acc: 45.739999413490295%
Epoch: 54 | Epoch Time: 0m 46s
Train Loss: 1.5367888439941406 | Train Acc: 45.90199887752533%
Test Loss: 1.5376414993286134 | Test Acc: 45.68000137805939%
Epoch: 55 | Epoch Time: 0m 46s
Train Loss: 1.5397607952880858 | Train Acc: 45.80000042915344%
Test Loss: 1.540604736328125 | Test Acc: 45.649999380111694%
Epoch: 56 | Epoch Time: 0m 46s
Train Loss: 1.5353524124145508 | Train Acc: 45.42999863624573%
Test Loss: 1.5372700790405274 | Test Acc: 45.26999890804291%
Epoch: 57 | Epoch Time: 0m 46s
Train Loss: 1.5384575399780274 | Train Acc: 45.30799984931946%
Test Loss: 1.5402901626586913 | Test Acc: 45.23000121116638%
Epoch: 58 | Epoch Time: 0m 46s
Train Loss: 1.5410610180664062 | Train Acc: 45.28000056743622%
Test Loss: 1.5428131240844727 | Test Acc: 45.19999921321869%
Epoch: 59 | Epoch Time: 0m 46s
Train Loss: 1.5440059249877929 | Train Acc: 45.2239990234375%
Test Loss: 1.545683187866211 | Test Acc: 45.19000053405762%
Epoch: 60 | Epoch Time: 0m 46s
Train Loss: 1.5473933517456055 | Train Acc: 45.089998841285706%
Test Loss: 1.5490140243530273 | Test Acc: 45.14000117778778%
Epoch: 61 | Epoch Time: 0m 46s
Train Loss: 1.5504950466918945 | Train Acc: 45.04599869251251%
Test Loss: 1.5520387252807617 | Test Acc: 45.100000500679016%
Epoch: 62 | Epoch Time: 0m 46s
Train Loss: 1.5529609716796875 | Train Acc: 44.995999336242676%
Test Loss: 1.5544454864501953 | Test Acc: 45.100000500679016%
Epoch: 63 | Epoch Time: 0m 46s
Train Loss: 1.5572922747802735 | Train Acc: 44.892001152038574%
Test Loss: 1.5586417419433594 | Test Acc: 45.05999982357025%
Epoch: 64 | Epoch Time: 0m 46s
Train Loss: 1.5605001724243164 | Train Acc: 44.8060005903244%
Test Loss: 1.5618025924682617 | Test Acc: 44.940000772476196%
Epoch: 65 | Epoch Time: 0m 46s
Train Loss: 1.5636037252807617 | Train Acc: 44.69600021839142%
Test Loss: 1.564837890625 | Test Acc: 44.74000036716461%
Epoch: 66 | Epoch Time: 0m 46s
Train Loss: 1.56710626373291 | Train Acc: 44.585999846458435%
Test Loss: 1.5683193466186522 | Test Acc: 44.609999656677246%
Epoch: 67 | Epoch Time: 0m 46s
Train Loss: 1.5705641943359374 | Train Acc: 44.426000118255615%
Test Loss: 1.571776934814453 | Test Acc: 44.56999897956848%
Epoch: 68 | Epoch Time: 0m 47s
Train Loss: 1.5740554208374022 | Train Acc: 44.24999952316284%
Test Loss: 1.5752234283447266 | Test Acc: 44.38000023365021%
Epoch: 69 | Epoch Time: 0m 46s
Train Loss: 1.5773215270996093 | Train Acc: 44.10400092601776%
Test Loss: 1.5784636322021484 | Test Acc: 44.29999887943268%
Epoch: 70 | Epoch Time: 0m 46s
Train Loss: 1.5807340756225585 | Train Acc: 43.96199882030487%
Test Loss: 1.5818293991088868 | Test Acc: 43.99999976158142%
Epoch: 71 | Epoch Time: 0m 46s
Train Loss: 1.5837715957641603 | Train Acc: 43.88599991798401%
Test Loss: 1.5848445266723632 | Test Acc: 44.040000438690186%
Epoch: 72 | Epoch Time: 0m 47s
Train Loss: 1.5879221786499023 | Train Acc: 43.762001395225525%
Test Loss: 1.5889692489624023 | Test Acc: 43.84999871253967%
Epoch: 73 | Epoch Time: 0m 46s
Train Loss: 1.5918425091552735 | Train Acc: 43.59799921512604%
Test Loss: 1.5928616226196288 | Test Acc: 43.709999322891235%
Epoch: 74 | Epoch Time: 0m 47s
Train Loss: 1.5958032028198241 | Train Acc: 43.34399998188019%
Test Loss: 1.5968094635009766 | Test Acc: 43.4799998998642%
Epoch: 75 | Epoch Time: 0m 46s
Train Loss: 1.5997906692504882 | Train Acc: 43.21399927139282%
Test Loss: 1.6007847595214844 | Test Acc: 43.309998512268066%
Epoch: 76 | Epoch Time: 0m 47s
Train Loss: 1.6039545904541015 | Train Acc: 43.02400052547455%
Test Loss: 1.6049481964111327 | Test Acc: 43.0400013923645%
Epoch: 77 | Epoch Time: 0m 47s
Train Loss: 1.6091021981811524 | Train Acc: 42.62999892234802%
Test Loss: 1.610103610229492 | Test Acc: 42.820000648498535%
Epoch: 78 | Epoch Time: 0m 46s
Train Loss: 1.5802646383666992 | Train Acc: 43.65000128746033%
Test Loss: 1.5822965881347657 | Test Acc: 43.560001254081726%
Epoch: 79 | Epoch Time: 0m 46s
Train Loss: 1.5838301342773438 | Train Acc: 43.50799918174744%
Test Loss: 1.5858479248046875 | Test Acc: 43.39999854564667%
Epoch: 80 | Epoch Time: 0m 47s
Train Loss: 1.5868252374267577 | Train Acc: 43.44800114631653%
Test Loss: 1.5888221755981444 | Test Acc: 43.32999885082245%
Epoch: 81 | Epoch Time: 0m 47s
Train Loss: 1.5914255410766602 | Train Acc: 43.22400093078613%
Test Loss: 1.5933303588867187 | Test Acc: 43.18999946117401%
Epoch: 82 | Epoch Time: 0m 47s
Train Loss: 1.5953561282348634 | Train Acc: 42.96199977397919%
Test Loss: 1.5972872009277344 | Test Acc: 43.02000105381012%
Epoch: 83 | Epoch Time: 0m 46s
Train Loss: 1.5996708990478516 | Train Acc: 42.7480012178421%
Test Loss: 1.6016139190673828 | Test Acc: 42.78999865055084%
Epoch: 84 | Epoch Time: 0m 46s
Train Loss: 1.6040360968017577 | Train Acc: 42.53999888896942%
Test Loss: 1.6059782104492188 | Test Acc: 42.500001192092896%
Epoch: 85 | Epoch Time: 0m 47s
Train Loss: 1.6084869668579103 | Train Acc: 42.32000112533569%
Test Loss: 1.6104565567016602 | Test Acc: 42.23000109195709%
Epoch: 86 | Epoch Time: 0m 46s
Train Loss: 1.6132641458129884 | Train Acc: 42.11199879646301%
Test Loss: 1.6152290237426759 | Test Acc: 42.05000102519989%
Epoch: 87 | Epoch Time: 0m 47s
Train Loss: 1.6177072824096679 | Train Acc: 41.87000095844269%
Test Loss: 1.6197144577026368 | Test Acc: 41.850000619888306%
Epoch: 88 | Epoch Time: 0m 46s
Train Loss: 1.6221967160034179 | Train Acc: 41.58399999141693%
Test Loss: 1.6241881927490234 | Test Acc: 41.749998927116394%
Epoch: 89 | Epoch Time: 0m 47s
Train Loss: 1.6266326666259765 | Train Acc: 41.32800102233887%
Test Loss: 1.6286365615844727 | Test Acc: 41.60999953746796%
Epoch: 90 | Epoch Time: 0m 47s
Train Loss: 1.6305723275756836 | Train Acc: 41.09399914741516%
Test Loss: 1.6326134857177734 | Test Acc: 41.33999943733215%
Epoch: 91 | Epoch Time: 0m 46s
Train Loss: 1.6351088052368163 | Train Acc: 40.8380001783371%
Test Loss: 1.6371171310424806 | Test Acc: 41.110000014305115%
Epoch: 92 | Epoch Time: 0m 46s
Train Loss: 1.6394411157226563 | Train Acc: 40.60400128364563%
Test Loss: 1.6414645751953125 | Test Acc: 40.95999896526337%
Epoch: 93 | Epoch Time: 0m 47s
Train Loss: 1.6438053341674805 | Train Acc: 40.33600091934204%
Test Loss: 1.6458545623779297 | Test Acc: 40.68000018596649%
Epoch: 94 | Epoch Time: 0m 46s
Train Loss: 1.6485615979003907 | Train Acc: 40.03799855709076%
Test Loss: 1.6506410736083985 | Test Acc: 40.380001068115234%
Epoch: 95 | Epoch Time: 0m 47s
Train Loss: 1.6529319528198243 | Train Acc: 39.71799910068512%
Test Loss: 1.6550661468505858 | Test Acc: 40.07000029087067%
Epoch: 96 | Epoch Time: 0m 46s
Train Loss: 1.6581230990600586 | Train Acc: 39.40800130367279%
Test Loss: 1.6603157196044922 | Test Acc: 39.75000083446503%
Epoch: 97 | Epoch Time: 0m 47s
Train Loss: 1.6627574169921875 | Train Acc: 39.07400071620941%
Test Loss: 1.6650066116333009 | Test Acc: 39.37000036239624%
Epoch: 98 | Epoch Time: 0m 46s
Train Loss: 1.667906275024414 | Train Acc: 38.65399956703186%
Test Loss: 1.670224983215332 | Test Acc: 38.82000148296356%
Epoch: 99 | Epoch Time: 0m 47s
Train Loss: 1.672526974182129 | Train Acc: 38.273999094963074%
Test Loss: 1.674884913635254 | Test Acc: 38.58000040054321%
Epoch: 100 | Epoch Time: 0m 48s
Train Loss: 1.677141378479004 | Train Acc: 37.92800009250641%
Test Loss: 1.6795737197875977 | Test Acc: 38.13999891281128%
