Namespace(action=8, model='CNN', seed=1)
{'model_name': 'CNN', 'device': device(type='cuda', index=0), 'log_dir': 'log\\CNN', 'ckpt_dir': 'checkpoint\\CNN', 'attack': 'bf', 'defence': 'raw', 'client_epochs': 10, 'server_epochs': 100, 'batch_size': 100, 'client_lr': 0.15, 'server_lr': 0.15, 'server_rate': 2000, 'load_ckpt': 0, 'workers': 20, 'byzantine_workers': 14, 'attack_strength': -1.0, 'k': 1, 'b': 4, 'test_frequency': 1}
======================Start Train Model [Sun May  5 22:34:27 2024]======================
Epoch: 1 | Epoch Time: 0m 58s
Train Loss: 2.304608276062012 | Train Acc: 8.888000249862671%
Test Loss: 2.304667315673828 | Test Acc: 8.959999680519104%
Epoch: 2 | Epoch Time: 0m 58s
Train Loss: 2.30550685546875 | Train Acc: 7.981999963521957%
Test Loss: 2.3055690231323243 | Test Acc: 8.03999975323677%
Epoch: 3 | Epoch Time: 0m 57s
Train Loss: 2.3062794979858396 | Train Acc: 7.4539996683597565%
Test Loss: 2.306342498779297 | Test Acc: 7.329999655485153%
Epoch: 4 | Epoch Time: 1m 0s
Train Loss: 2.3070247268676756 | Train Acc: 7.57799968123436%
Test Loss: 2.3070887481689453 | Test Acc: 7.670000195503235%
Epoch: 5 | Epoch Time: 1m 2s
Train Loss: 2.307766294555664 | Train Acc: 8.173999935388565%
Test Loss: 2.3078315307617188 | Test Acc: 8.370000123977661%
Epoch: 6 | Epoch Time: 1m 3s
Train Loss: 2.308522755432129 | Train Acc: 8.563999831676483%
Test Loss: 2.308589028930664 | Test Acc: 8.619999885559082%
Epoch: 7 | Epoch Time: 1m 0s
Train Loss: 2.30931947265625 | Train Acc: 8.845999836921692%
Test Loss: 2.3093851638793947 | Test Acc: 8.910000324249268%
Epoch: 8 | Epoch Time: 1m 2s
Train Loss: 2.310161279296875 | Train Acc: 9.030000120401382%
Test Loss: 2.3102279983520506 | Test Acc: 9.019999951124191%
Epoch: 9 | Epoch Time: 1m 1s
Train Loss: 2.311068974609375 | Train Acc: 9.22200009226799%
Test Loss: 2.311138398742676 | Test Acc: 9.229999780654907%
Epoch: 10 | Epoch Time: 0m 58s
Train Loss: 2.3120462591552733 | Train Acc: 9.449999779462814%
Test Loss: 2.3121185729980467 | Test Acc: 9.430000185966492%
Epoch: 11 | Epoch Time: 0m 55s
Train Loss: 2.31312983795166 | Train Acc: 9.650000184774399%
Test Loss: 2.3132041961669922 | Test Acc: 9.600000083446503%
Epoch: 12 | Epoch Time: 0m 56s
Train Loss: 2.314301082458496 | Train Acc: 9.743999689817429%
Test Loss: 2.3143799713134765 | Test Acc: 9.780000150203705%
Epoch: 13 | Epoch Time: 0m 54s
Train Loss: 2.3156133303833006 | Train Acc: 9.8580002784729%
Test Loss: 2.3156944213867185 | Test Acc: 9.880000352859497%
Epoch: 14 | Epoch Time: 0m 56s
Train Loss: 2.3170459442138673 | Train Acc: 9.920000284910202%
Test Loss: 2.317132502746582 | Test Acc: 9.929999709129333%
Epoch: 15 | Epoch Time: 0m 55s
Train Loss: 2.3186443740844727 | Train Acc: 9.957999736070633%
Test Loss: 2.318734196472168 | Test Acc: 9.950000047683716%
Epoch: 16 | Epoch Time: 0m 55s
Train Loss: 2.320426180725098 | Train Acc: 9.973999857902527%
Test Loss: 2.3205186614990234 | Test Acc: 9.969999641180038%
Epoch: 17 | Epoch Time: 0m 55s
Train Loss: 2.3224200048828125 | Train Acc: 9.991999715566635%
Test Loss: 2.322513525390625 | Test Acc: 9.97999981045723%
Epoch: 18 | Epoch Time: 0m 57s
Train Loss: 2.3246268692016603 | Train Acc: 9.99400019645691%
Test Loss: 2.3247249435424804 | Test Acc: 10.000000149011612%
Epoch: 19 | Epoch Time: 0m 57s
Train Loss: 2.3271178817749023 | Train Acc: 9.997999668121338%
Test Loss: 2.3272200759887696 | Test Acc: 10.000000149011612%
Epoch: 20 | Epoch Time: 0m 56s
Train Loss: 2.3299101489257814 | Train Acc: 9.997999668121338%
Test Loss: 2.3300157318115233 | Test Acc: 10.000000149011612%
Epoch: 21 | Epoch Time: 0m 56s
Train Loss: 2.3330569091796876 | Train Acc: 10.000000149011612%
Test Loss: 2.3331631286621093 | Test Acc: 10.000000149011612%
Epoch: 22 | Epoch Time: 0m 56s
Train Loss: 2.33662205078125 | Train Acc: 10.000000149011612%
Test Loss: 2.3367287994384767 | Test Acc: 10.000000149011612%
Epoch: 23 | Epoch Time: 0m 56s
Train Loss: 2.340641891479492 | Train Acc: 10.000000149011612%
Test Loss: 2.340748425292969 | Test Acc: 10.000000149011612%
Epoch: 24 | Epoch Time: 0m 56s
Train Loss: 2.345219409484863 | Train Acc: 10.000000149011612%
Test Loss: 2.3453235656738283 | Test Acc: 10.000000149011612%
Epoch: 25 | Epoch Time: 0m 58s
Train Loss: 2.3504214569091797 | Train Acc: 10.000000149011612%
Test Loss: 2.350524676513672 | Test Acc: 10.000000149011612%
Epoch: 26 | Epoch Time: 0m 58s
Train Loss: 2.356358486022949 | Train Acc: 10.000000149011612%
Test Loss: 2.356455975341797 | Test Acc: 10.000000149011612%
Epoch: 27 | Epoch Time: 0m 57s
Train Loss: 2.363204241333008 | Train Acc: 10.000000149011612%
Test Loss: 2.3632922134399412 | Test Acc: 10.000000149011612%
Epoch: 28 | Epoch Time: 0m 56s
Train Loss: 2.371039151916504 | Train Acc: 10.000000149011612%
Test Loss: 2.3711176055908205 | Test Acc: 10.000000149011612%
Epoch: 29 | Epoch Time: 0m 57s
Train Loss: 2.380148946533203 | Train Acc: 10.000000149011612%
Test Loss: 2.3802084365844727 | Test Acc: 10.000000149011612%
Epoch: 30 | Epoch Time: 0m 58s
Train Loss: 2.3907349700927734 | Train Acc: 10.000000149011612%
Test Loss: 2.3907740356445313 | Test Acc: 10.000000149011612%
Epoch: 31 | Epoch Time: 0m 56s
Train Loss: 2.4032028619384764 | Train Acc: 10.000000149011612%
Test Loss: 2.4032108459472656 | Test Acc: 10.000000149011612%
Epoch: 32 | Epoch Time: 0m 57s
Train Loss: 2.417678796386719 | Train Acc: 10.000000149011612%
Test Loss: 2.4176421981811522 | Test Acc: 10.000000149011612%
Epoch: 33 | Epoch Time: 0m 58s
Train Loss: 2.4349775372314455 | Train Acc: 10.000000149011612%
Test Loss: 2.4348943267822265 | Test Acc: 10.000000149011612%
Epoch: 34 | Epoch Time: 0m 56s
Train Loss: 2.455335559997559 | Train Acc: 10.000000149011612%
Test Loss: 2.455187692260742 | Test Acc: 10.000000149011612%
Epoch: 35 | Epoch Time: 0m 56s
Train Loss: 2.4794173681640626 | Train Acc: 10.000000149011612%
Test Loss: 2.4791925033569338 | Test Acc: 10.000000149011612%
Epoch: 36 | Epoch Time: 0m 53s
Train Loss: 2.5087397772216797 | Train Acc: 10.000000149011612%
Test Loss: 2.5084038986206054 | Test Acc: 10.000000149011612%
Epoch: 37 | Epoch Time: 0m 56s
Train Loss: 2.544009715576172 | Train Acc: 10.000000149011612%
Test Loss: 2.5435251037597655 | Test Acc: 10.000000149011612%
Epoch: 38 | Epoch Time: 0m 55s
Train Loss: 2.586391437988281 | Train Acc: 10.000000149011612%
Test Loss: 2.585760366821289 | Test Acc: 10.000000149011612%
Epoch: 39 | Epoch Time: 0m 54s
Train Loss: 2.6389031762695314 | Train Acc: 10.000000149011612%
Test Loss: 2.6380344863891603 | Test Acc: 10.000000149011612%
Epoch: 40 | Epoch Time: 0m 54s
Train Loss: 2.7033751217651365 | Train Acc: 10.000000149011612%
Test Loss: 2.702201206970215 | Test Acc: 10.000000149011612%
Epoch: 41 | Epoch Time: 0m 54s
Train Loss: 2.7846541201782227 | Train Acc: 10.000000149011612%
Test Loss: 2.783090119934082 | Test Acc: 10.000000149011612%
Epoch: 42 | Epoch Time: 0m 54s
Train Loss: 2.8862615518188477 | Train Acc: 10.000000149011612%
Test Loss: 2.8841797332763672 | Test Acc: 10.000000149011612%
Epoch: 43 | Epoch Time: 0m 54s
Train Loss: 3.0146852044677734 | Train Acc: 10.000000149011612%
Test Loss: 3.0119236175537107 | Test Acc: 10.000000149011612%
Epoch: 44 | Epoch Time: 0m 56s
Train Loss: 3.1834619512939453 | Train Acc: 10.000000149011612%
Test Loss: 3.179773449707031 | Test Acc: 10.000000149011612%
Epoch: 45 | Epoch Time: 0m 55s
Train Loss: 3.3997192517089845 | Train Acc: 10.000000149011612%
Test Loss: 3.39485087890625 | Test Acc: 10.000000149011612%
Epoch: 46 | Epoch Time: 0m 59s
Train Loss: 3.682833402099609 | Train Acc: 10.000000149011612%
Test Loss: 3.676305953979492 | Test Acc: 10.000000149011612%
Epoch: 47 | Epoch Time: 0m 59s
Train Loss: 4.07436815612793 | Train Acc: 10.000000149011612%
Test Loss: 4.065600747680664 | Test Acc: 10.000000149011612%
Epoch: 48 | Epoch Time: 0m 56s
Train Loss: 4.610290379028321 | Train Acc: 10.000000149011612%
Test Loss: 4.598394204711914 | Test Acc: 10.000000149011612%
Epoch: 49 | Epoch Time: 0m 58s
Train Loss: 5.403898928222656 | Train Acc: 10.000000149011612%
Test Loss: 5.387371325683594 | Test Acc: 10.000000149011612%
Epoch: 50 | Epoch Time: 0m 59s
Train Loss: 6.6110148828125 | Train Acc: 10.000000149011612%
Test Loss: 6.587697326660156 | Test Acc: 10.000000149011612%
Epoch: 51 | Epoch Time: 1m 1s
Train Loss: 8.490386241455077 | Train Acc: 10.000000149011612%
Test Loss: 8.456382232666016 | Test Acc: 10.000000149011612%
Epoch: 52 | Epoch Time: 1m 0s
Train Loss: 11.530708822021484 | Train Acc: 10.000000149011612%
Test Loss: 11.479308227539063 | Test Acc: 10.000000149011612%
Epoch: 53 | Epoch Time: 0m 51s
Train Loss: 16.991472768554686 | Train Acc: 10.000000149011612%
Test Loss: 16.907002001953124 | Test Acc: 10.000000149011612%
Epoch: 54 | Epoch Time: 0m 48s
Train Loss: 28.049179770507813 | Train Acc: 10.000000149011612%
Test Loss: 27.893182421875 | Test Acc: 10.000000149011612%
Epoch: 55 | Epoch Time: 0m 49s
Train Loss: 55.1402906640625 | Train Acc: 10.000000149011612%
Test Loss: 54.79982866210938 | Test Acc: 10.000000149011612%
Epoch: 56 | Epoch Time: 0m 49s
Train Loss: 150.005344921875 | Train Acc: 10.000000149011612%
Test Loss: 148.985941796875 | Test Acc: 10.000000149011612%
Epoch: 57 | Epoch Time: 0m 51s
Train Loss: 839.30001546875 | Train Acc: 10.000000149011612%
Test Loss: 833.14275 | Test Acc: 10.000000149011612%
Epoch: 58 | Epoch Time: 0m 51s
Train Loss: 38524.229825 | Train Acc: 10.000000149011612%
Test Loss: 38228.117475 | Test Acc: 10.000000149011612%
Epoch: 59 | Epoch Time: 0m 51s
Train Loss: nan | Train Acc: 10.000000149011612%
Test Loss: nan | Test Acc: 10.000000149011612%
Epoch: 60 | Epoch Time: 0m 51s
Train Loss: nan | Train Acc: 10.000000149011612%
Test Loss: nan | Test Acc: 10.000000149011612%
Epoch: 61 | Epoch Time: 0m 52s
Train Loss: nan | Train Acc: 10.000000149011612%
Test Loss: nan | Test Acc: 10.000000149011612%
Epoch: 62 | Epoch Time: 0m 51s
Train Loss: nan | Train Acc: 10.000000149011612%
Test Loss: nan | Test Acc: 10.000000149011612%
Epoch: 63 | Epoch Time: 0m 50s
Train Loss: nan | Train Acc: 10.000000149011612%
Test Loss: nan | Test Acc: 10.000000149011612%
Epoch: 64 | Epoch Time: 0m 52s
Train Loss: nan | Train Acc: 10.000000149011612%
Test Loss: nan | Test Acc: 10.000000149011612%
Epoch: 65 | Epoch Time: 0m 51s
Train Loss: nan | Train Acc: 10.000000149011612%
Test Loss: nan | Test Acc: 10.000000149011612%
Epoch: 66 | Epoch Time: 0m 48s
Train Loss: nan | Train Acc: 10.000000149011612%
Test Loss: nan | Test Acc: 10.000000149011612%
Epoch: 67 | Epoch Time: 0m 48s
Train Loss: nan | Train Acc: 10.000000149011612%
Test Loss: nan | Test Acc: 10.000000149011612%
Epoch: 68 | Epoch Time: 0m 58s
Train Loss: nan | Train Acc: 10.000000149011612%
Test Loss: nan | Test Acc: 10.000000149011612%
Epoch: 69 | Epoch Time: 0m 57s
Train Loss: nan | Train Acc: 10.000000149011612%
Test Loss: nan | Test Acc: 10.000000149011612%
Epoch: 70 | Epoch Time: 0m 55s
Train Loss: nan | Train Acc: 10.000000149011612%
Test Loss: nan | Test Acc: 10.000000149011612%
Epoch: 71 | Epoch Time: 0m 57s
Train Loss: nan | Train Acc: 10.000000149011612%
Test Loss: nan | Test Acc: 10.000000149011612%
Epoch: 72 | Epoch Time: 0m 57s
Train Loss: nan | Train Acc: 10.000000149011612%
Test Loss: nan | Test Acc: 10.000000149011612%
Epoch: 73 | Epoch Time: 0m 55s
Train Loss: nan | Train Acc: 10.000000149011612%
Test Loss: nan | Test Acc: 10.000000149011612%
Epoch: 74 | Epoch Time: 0m 57s
Train Loss: nan | Train Acc: 10.000000149011612%
Test Loss: nan | Test Acc: 10.000000149011612%
Epoch: 75 | Epoch Time: 0m 57s
Train Loss: nan | Train Acc: 10.000000149011612%
Test Loss: nan | Test Acc: 10.000000149011612%
Epoch: 76 | Epoch Time: 0m 46s
Train Loss: nan | Train Acc: 10.000000149011612%
Test Loss: nan | Test Acc: 10.000000149011612%
Epoch: 77 | Epoch Time: 0m 46s
Train Loss: nan | Train Acc: 10.000000149011612%
Test Loss: nan | Test Acc: 10.000000149011612%
Epoch: 78 | Epoch Time: 0m 45s
Train Loss: nan | Train Acc: 10.000000149011612%
Test Loss: nan | Test Acc: 10.000000149011612%
Epoch: 79 | Epoch Time: 0m 47s
Train Loss: nan | Train Acc: 10.000000149011612%
Test Loss: nan | Test Acc: 10.000000149011612%
Epoch: 80 | Epoch Time: 0m 46s
Train Loss: nan | Train Acc: 10.000000149011612%
Test Loss: nan | Test Acc: 10.000000149011612%
Epoch: 81 | Epoch Time: 0m 46s
Train Loss: nan | Train Acc: 10.000000149011612%
Test Loss: nan | Test Acc: 10.000000149011612%
Epoch: 82 | Epoch Time: 0m 46s
Train Loss: nan | Train Acc: 10.000000149011612%
Test Loss: nan | Test Acc: 10.000000149011612%
Epoch: 83 | Epoch Time: 0m 46s
Train Loss: nan | Train Acc: 10.000000149011612%
Test Loss: nan | Test Acc: 10.000000149011612%
Epoch: 84 | Epoch Time: 0m 46s
Train Loss: nan | Train Acc: 10.000000149011612%
Test Loss: nan | Test Acc: 10.000000149011612%
Epoch: 85 | Epoch Time: 0m 47s
Train Loss: nan | Train Acc: 10.000000149011612%
Test Loss: nan | Test Acc: 10.000000149011612%
Epoch: 86 | Epoch Time: 0m 46s
Train Loss: nan | Train Acc: 10.000000149011612%
Test Loss: nan | Test Acc: 10.000000149011612%
Epoch: 87 | Epoch Time: 0m 47s
Train Loss: nan | Train Acc: 10.000000149011612%
Test Loss: nan | Test Acc: 10.000000149011612%
Epoch: 88 | Epoch Time: 0m 47s
Train Loss: nan | Train Acc: 10.000000149011612%
Test Loss: nan | Test Acc: 10.000000149011612%
Epoch: 89 | Epoch Time: 0m 46s
Train Loss: nan | Train Acc: 10.000000149011612%
Test Loss: nan | Test Acc: 10.000000149011612%
Epoch: 90 | Epoch Time: 0m 46s
Train Loss: nan | Train Acc: 10.000000149011612%
Test Loss: nan | Test Acc: 10.000000149011612%
Epoch: 91 | Epoch Time: 0m 46s
Train Loss: nan | Train Acc: 10.000000149011612%
Test Loss: nan | Test Acc: 10.000000149011612%
Epoch: 92 | Epoch Time: 0m 47s
Train Loss: nan | Train Acc: 10.000000149011612%
Test Loss: nan | Test Acc: 10.000000149011612%
Epoch: 93 | Epoch Time: 0m 46s
Train Loss: nan | Train Acc: 10.000000149011612%
Test Loss: nan | Test Acc: 10.000000149011612%
Epoch: 94 | Epoch Time: 0m 45s
Train Loss: nan | Train Acc: 10.000000149011612%
Test Loss: nan | Test Acc: 10.000000149011612%
Epoch: 95 | Epoch Time: 0m 46s
Train Loss: nan | Train Acc: 10.000000149011612%
Test Loss: nan | Test Acc: 10.000000149011612%
Epoch: 96 | Epoch Time: 0m 47s
Train Loss: nan | Train Acc: 10.000000149011612%
Test Loss: nan | Test Acc: 10.000000149011612%
Epoch: 97 | Epoch Time: 0m 45s
Train Loss: nan | Train Acc: 10.000000149011612%
Test Loss: nan | Test Acc: 10.000000149011612%
Epoch: 98 | Epoch Time: 0m 46s
Train Loss: nan | Train Acc: 10.000000149011612%
Test Loss: nan | Test Acc: 10.000000149011612%
Epoch: 99 | Epoch Time: 0m 46s
Train Loss: nan | Train Acc: 10.000000149011612%
Test Loss: nan | Test Acc: 10.000000149011612%
Epoch: 100 | Epoch Time: 0m 53s
Train Loss: nan | Train Acc: 10.000000149011612%
Test Loss: nan | Test Acc: 10.000000149011612%
