Namespace(action=8, model='CNN', seed=1)
{'model_name': 'CNN', 'device': device(type='cuda', index=0), 'log_dir': 'log\\CNN', 'ckpt_dir': 'checkpoint\\CNN', 'attack': 'bf', 'defence': 'krum', 'client_epochs': 10, 'server_epochs': 100, 'batch_size': 100, 'client_lr': 0.15, 'server_lr': 0.15, 'server_rate': 2000, 'load_ckpt': 0, 'workers': 20, 'byzantine_workers': 8, 'attack_strength': -5.0, 'k': 1, 'b': 4, 'test_frequency': 1}
======================Start Train Model [Tue May  7 04:18:40 2024]======================
Epoch: 1 | Epoch Time: 0m 39s
Train Loss: 2.2956990182495116 | Train Acc: 11.097999662160873%
Test Loss: 2.295788848876953 | Test Acc: 10.849999636411667%
Epoch: 2 | Epoch Time: 0m 38s
Train Loss: 2.2787885540771486 | Train Acc: 16.962000727653503%
Test Loss: 2.278903384399414 | Test Acc: 16.70999974012375%
Epoch: 3 | Epoch Time: 0m 37s
Train Loss: 2.252791445617676 | Train Acc: 20.496000349521637%
Test Loss: 2.25294787902832 | Test Acc: 20.46000063419342%
Epoch: 4 | Epoch Time: 0m 38s
Train Loss: 2.220489348144531 | Train Acc: 22.337999939918518%
Test Loss: 2.220716134643555 | Test Acc: 22.589999437332153%
Epoch: 5 | Epoch Time: 0m 37s
Train Loss: 2.179186358947754 | Train Acc: 25.06600022315979%
Test Loss: 2.1796420669555663 | Test Acc: 25.08000135421753%
Epoch: 6 | Epoch Time: 0m 38s
Train Loss: 2.1360558551025393 | Train Acc: 28.233999013900757%
Test Loss: 2.1367849014282227 | Test Acc: 28.00999879837036%
Epoch: 7 | Epoch Time: 0m 38s
Train Loss: 2.091131114501953 | Train Acc: 30.259999632835388%
Test Loss: 2.092023376464844 | Test Acc: 30.09999990463257%
Epoch: 8 | Epoch Time: 0m 38s
Train Loss: 2.04306996673584 | Train Acc: 31.63999915122986%
Test Loss: 2.044444821166992 | Test Acc: 31.549999117851257%
Epoch: 9 | Epoch Time: 0m 37s
Train Loss: 2.002503871459961 | Train Acc: 31.97599947452545%
Test Loss: 2.0040754959106444 | Test Acc: 31.959998607635498%
Epoch: 10 | Epoch Time: 0m 37s
Train Loss: 1.962101011352539 | Train Acc: 33.64599943161011%
Test Loss: 1.9643882232666015 | Test Acc: 33.629998564720154%
Epoch: 11 | Epoch Time: 0m 38s
Train Loss: 1.9234546408081055 | Train Acc: 34.08400118350983%
Test Loss: 1.9260676681518554 | Test Acc: 34.04000103473663%
Epoch: 12 | Epoch Time: 0m 38s
Train Loss: 1.8841156408691406 | Train Acc: 35.10800004005432%
Test Loss: 1.8866590530395508 | Test Acc: 35.40999889373779%
Epoch: 13 | Epoch Time: 0m 36s
Train Loss: 1.8567817498779298 | Train Acc: 35.56399941444397%
Test Loss: 1.8588521026611329 | Test Acc: 35.71999967098236%
Epoch: 14 | Epoch Time: 0m 37s
Train Loss: 1.8244074536132813 | Train Acc: 36.452001333236694%
Test Loss: 1.826736099243164 | Test Acc: 36.50999963283539%
Epoch: 15 | Epoch Time: 0m 37s
Train Loss: 1.7938655883789063 | Train Acc: 36.86400055885315%
Test Loss: 1.7964331069946289 | Test Acc: 37.130001187324524%
Epoch: 16 | Epoch Time: 0m 37s
Train Loss: 1.7690825015258789 | Train Acc: 37.25199997425079%
Test Loss: 1.7721762878417968 | Test Acc: 37.43000030517578%
Epoch: 17 | Epoch Time: 0m 38s
Train Loss: 1.7522905340576171 | Train Acc: 37.709999084472656%
Test Loss: 1.754664323425293 | Test Acc: 38.24000060558319%
Epoch: 18 | Epoch Time: 0m 37s
Train Loss: 1.733880290222168 | Train Acc: 37.84399926662445%
Test Loss: 1.7367627792358398 | Test Acc: 38.62999975681305%
Epoch: 19 | Epoch Time: 0m 37s
Train Loss: 1.7156273254394532 | Train Acc: 38.36199939250946%
Test Loss: 1.7186491592407227 | Test Acc: 38.7800008058548%
Epoch: 20 | Epoch Time: 0m 37s
Train Loss: 1.701510871887207 | Train Acc: 38.94599974155426%
Test Loss: 1.7047227279663086 | Test Acc: 39.12999927997589%
Epoch: 21 | Epoch Time: 0m 37s
Train Loss: 1.6812347763061524 | Train Acc: 39.23799991607666%
Test Loss: 1.6849991027832032 | Test Acc: 39.500001072883606%
Epoch: 22 | Epoch Time: 0m 38s
Train Loss: 1.6707001119995117 | Train Acc: 39.386001229286194%
Test Loss: 1.6756387969970703 | Test Acc: 39.9399995803833%
Epoch: 23 | Epoch Time: 0m 37s
Train Loss: 1.6666244641113281 | Train Acc: 39.6479994058609%
Test Loss: 1.6723496856689453 | Test Acc: 40.00000059604645%
Epoch: 24 | Epoch Time: 0m 37s
Train Loss: 1.6638047692871094 | Train Acc: 39.76199924945831%
Test Loss: 1.6712698928833007 | Test Acc: 39.71000015735626%
Epoch: 25 | Epoch Time: 0m 37s
Train Loss: 1.6542449139404296 | Train Acc: 40.116000175476074%
Test Loss: 1.662556756591797 | Test Acc: 40.07999897003174%
Epoch: 26 | Epoch Time: 0m 37s
Train Loss: 1.645057264404297 | Train Acc: 40.709999203681946%
Test Loss: 1.6535036056518555 | Test Acc: 40.68999886512756%
Epoch: 27 | Epoch Time: 0m 38s
Train Loss: 1.6385967126464844 | Train Acc: 41.31999909877777%
Test Loss: 1.6482938674926757 | Test Acc: 41.33000075817108%
Epoch: 28 | Epoch Time: 0m 37s
Train Loss: 1.6324293249511719 | Train Acc: 41.679999232292175%
Test Loss: 1.6427916442871093 | Test Acc: 41.62000119686127%
Epoch: 29 | Epoch Time: 0m 38s
Train Loss: 1.6299413928222657 | Train Acc: 41.995999217033386%
Test Loss: 1.6410781021118164 | Test Acc: 41.850000619888306%
Epoch: 30 | Epoch Time: 0m 37s
Train Loss: 1.6292310107421875 | Train Acc: 42.43200123310089%
Test Loss: 1.6407576934814454 | Test Acc: 42.26999878883362%
Epoch: 31 | Epoch Time: 0m 37s
Train Loss: 1.6366087780761718 | Train Acc: 42.50600039958954%
Test Loss: 1.6485405715942383 | Test Acc: 42.21000075340271%
Epoch: 32 | Epoch Time: 0m 38s
Train Loss: 1.6427955422973632 | Train Acc: 42.559999227523804%
Test Loss: 1.6537962097167969 | Test Acc: 42.03999936580658%
Epoch: 33 | Epoch Time: 0m 37s
Train Loss: 1.6739435263061524 | Train Acc: 41.975998878479004%
Test Loss: 1.687144270324707 | Test Acc: 41.49999916553497%
Epoch: 34 | Epoch Time: 0m 37s
Train Loss: 1.6931164791870117 | Train Acc: 41.760000586509705%
Test Loss: 1.707897380065918 | Test Acc: 41.600000858306885%
Epoch: 35 | Epoch Time: 0m 37s
Train Loss: 1.6950202389526368 | Train Acc: 42.193999886512756%
Test Loss: 1.70992666015625 | Test Acc: 42.05999970436096%
Epoch: 36 | Epoch Time: 0m 37s
Train Loss: 1.7017188595581054 | Train Acc: 42.73200035095215%
Test Loss: 1.7175003372192383 | Test Acc: 42.50999987125397%
Epoch: 37 | Epoch Time: 0m 38s
Train Loss: 1.7299640167236328 | Train Acc: 42.809998989105225%
Test Loss: 1.7458530136108399 | Test Acc: 42.080000042915344%
Epoch: 38 | Epoch Time: 0m 37s
Train Loss: 1.753560866394043 | Train Acc: 42.97400116920471%
Test Loss: 1.7710445068359375 | Test Acc: 42.089998722076416%
Epoch: 39 | Epoch Time: 0m 38s
Train Loss: 1.7785656588745118 | Train Acc: 43.16200017929077%
Test Loss: 1.797087808227539 | Test Acc: 42.089998722076416%
Epoch: 40 | Epoch Time: 0m 37s
Train Loss: 1.8112553302001952 | Train Acc: 43.136000633239746%
Test Loss: 1.8316996856689454 | Test Acc: 42.19000041484833%
Epoch: 41 | Epoch Time: 0m 37s
Train Loss: 1.8821293350219725 | Train Acc: 42.6939994096756%
Test Loss: 1.9025889862060548 | Test Acc: 41.440001130104065%
Epoch: 42 | Epoch Time: 0m 38s
Train Loss: 1.928439962463379 | Train Acc: 42.93400049209595%
Test Loss: 1.9504937789916992 | Test Acc: 41.850000619888306%
Epoch: 43 | Epoch Time: 0m 37s
Train Loss: 1.975945378112793 | Train Acc: 43.15199851989746%
Test Loss: 1.9989288711547852 | Test Acc: 41.83000028133392%
Epoch: 44 | Epoch Time: 0m 38s
Train Loss: 1.9683997766113281 | Train Acc: 43.059998750686646%
Test Loss: 1.9884513977050782 | Test Acc: 41.589999198913574%
Epoch: 45 | Epoch Time: 0m 37s
Train Loss: 2.043444725341797 | Train Acc: 42.976000905036926%
Test Loss: 2.066492481994629 | Test Acc: 41.62999987602234%
Epoch: 46 | Epoch Time: 0m 37s
Train Loss: 2.117293732910156 | Train Acc: 43.031999468803406%
Test Loss: 2.142381394958496 | Test Acc: 41.49999916553497%
Epoch: 47 | Epoch Time: 0m 37s
Train Loss: 2.1849530795288086 | Train Acc: 43.09000074863434%
Test Loss: 2.211411003112793 | Test Acc: 41.72999858856201%
Epoch: 48 | Epoch Time: 0m 37s
Train Loss: 2.249066696472168 | Train Acc: 43.07799935340881%
Test Loss: 2.2765709777832033 | Test Acc: 41.749998927116394%
Epoch: 49 | Epoch Time: 0m 38s
Train Loss: 2.258879700012207 | Train Acc: 43.2559996843338%
Test Loss: 2.289375064086914 | Test Acc: 42.30000078678131%
Epoch: 50 | Epoch Time: 0m 37s
Train Loss: 2.3024131381225588 | Train Acc: 43.09200048446655%
Test Loss: 2.3320940689086913 | Test Acc: 41.94999933242798%
Epoch: 51 | Epoch Time: 0m 37s
Train Loss: 2.380844365539551 | Train Acc: 43.12399923801422%
Test Loss: 2.4121157318115234 | Test Acc: 41.98000133037567%
Epoch: 52 | Epoch Time: 0m 38s
Train Loss: 2.4552872991943357 | Train Acc: 43.11000108718872%
Test Loss: 2.4882866821289062 | Test Acc: 41.94000065326691%
Epoch: 53 | Epoch Time: 0m 37s
Train Loss: 2.527200712890625 | Train Acc: 43.08199882507324%
Test Loss: 2.5618526779174804 | Test Acc: 42.080000042915344%
Epoch: 54 | Epoch Time: 0m 37s
Train Loss: 2.5965097122192384 | Train Acc: 42.98799932003021%
Test Loss: 2.632609539794922 | Test Acc: 42.10000038146973%
Epoch: 55 | Epoch Time: 0m 38s
Train Loss: 2.6598882345581054 | Train Acc: 42.9500013589859%
Test Loss: 2.6974420440673827 | Test Acc: 41.99000000953674%
Epoch: 56 | Epoch Time: 0m 37s
Train Loss: 2.7204791006469726 | Train Acc: 42.94799864292145%
Test Loss: 2.759443553161621 | Test Acc: 42.07000136375427%
Epoch: 57 | Epoch Time: 0m 38s
Train Loss: 2.7782439453125 | Train Acc: 42.952001094818115%
Test Loss: 2.8186421020507813 | Test Acc: 42.12000072002411%
Epoch: 58 | Epoch Time: 0m 37s
Train Loss: 2.83290725402832 | Train Acc: 42.90800094604492%
Test Loss: 2.8744675064086915 | Test Acc: 42.080000042915344%
Epoch: 59 | Epoch Time: 0m 37s
Train Loss: 2.884829872741699 | Train Acc: 42.85799860954285%
Test Loss: 2.9275236068725587 | Test Acc: 41.94999933242798%
Epoch: 60 | Epoch Time: 0m 37s
Train Loss: 2.93390412689209 | Train Acc: 42.81800091266632%
Test Loss: 2.977721905517578 | Test Acc: 41.85999929904938%
Epoch: 61 | Epoch Time: 0m 37s
Train Loss: 2.978969568786621 | Train Acc: 42.77200102806091%
Test Loss: 3.024001840209961 | Test Acc: 41.85999929904938%
Epoch: 62 | Epoch Time: 0m 38s
Train Loss: 3.0224328002929686 | Train Acc: 42.72400140762329%
Test Loss: 3.068439131164551 | Test Acc: 41.87999963760376%
Epoch: 63 | Epoch Time: 0m 37s
Train Loss: 3.062667619018555 | Train Acc: 42.73799955844879%
Test Loss: 3.109420362854004 | Test Acc: 41.850000619888306%
Epoch: 64 | Epoch Time: 0m 38s
Train Loss: 3.1013159497070313 | Train Acc: 42.72199869155884%
Test Loss: 3.1486856552124025 | Test Acc: 41.850000619888306%
Epoch: 65 | Epoch Time: 0m 37s
Train Loss: 3.1377804321289062 | Train Acc: 42.69999861717224%
Test Loss: 3.1858344635009765 | Test Acc: 41.74000024795532%
Epoch: 66 | Epoch Time: 0m 37s
Train Loss: 3.171726710205078 | Train Acc: 42.72400140762329%
Test Loss: 3.220597561645508 | Test Acc: 41.78000092506409%
Epoch: 67 | Epoch Time: 0m 38s
Train Loss: 3.203444828186035 | Train Acc: 42.69999861717224%
Test Loss: 3.2527505783081057 | Test Acc: 41.80999994277954%
Epoch: 68 | Epoch Time: 0m 37s
Train Loss: 3.2344625701904297 | Train Acc: 42.67599880695343%
Test Loss: 3.2844663711547852 | Test Acc: 41.80000126361847%
Epoch: 69 | Epoch Time: 0m 37s
Train Loss: 3.2636094998168947 | Train Acc: 42.63199865818024%
Test Loss: 3.314025309753418 | Test Acc: 41.760000586509705%
Epoch: 70 | Epoch Time: 0m 37s
Train Loss: 3.2914760092163085 | Train Acc: 42.61400103569031%
Test Loss: 3.3426021697998047 | Test Acc: 41.80000126361847%
Epoch: 71 | Epoch Time: 0m 37s
Train Loss: 3.317415701293945 | Train Acc: 42.603999376297%
Test Loss: 3.3690009033203125 | Test Acc: 41.78000092506409%
Epoch: 72 | Epoch Time: 0m 37s
Train Loss: 3.342159986877441 | Train Acc: 42.58599877357483%
Test Loss: 3.394188610839844 | Test Acc: 41.83000028133392%
Epoch: 73 | Epoch Time: 0m 38s
Train Loss: 3.3664738592529297 | Train Acc: 42.552000284194946%
Test Loss: 3.418758139038086 | Test Acc: 41.78000092506409%
Epoch: 74 | Epoch Time: 0m 37s
Train Loss: 3.3895899102783202 | Train Acc: 42.559999227523804%
Test Loss: 3.442285150146484 | Test Acc: 41.80000126361847%
Epoch: 75 | Epoch Time: 0m 37s
Train Loss: 3.411170015563965 | Train Acc: 42.52600073814392%
Test Loss: 3.4642113983154297 | Test Acc: 41.760000586509705%
Epoch: 76 | Epoch Time: 0m 37s
Train Loss: 3.432334970397949 | Train Acc: 42.52600073814392%
Test Loss: 3.4857060089111327 | Test Acc: 41.749998927116394%
Epoch: 77 | Epoch Time: 0m 38s
Train Loss: 3.4525626345825193 | Train Acc: 42.51599907875061%
Test Loss: 3.506073880004883 | Test Acc: 41.760000586509705%
Epoch: 78 | Epoch Time: 0m 38s
Train Loss: 3.471680588989258 | Train Acc: 42.51599907875061%
Test Loss: 3.5255784393310545 | Test Acc: 41.749998927116394%
Epoch: 79 | Epoch Time: 0m 37s
Train Loss: 3.4902927825927734 | Train Acc: 42.54400134086609%
Test Loss: 3.5446360015869143 | Test Acc: 41.78000092506409%
Epoch: 80 | Epoch Time: 0m 37s
Train Loss: 3.508435989990234 | Train Acc: 42.55000054836273%
Test Loss: 3.5631090057373047 | Test Acc: 41.769999265670776%
Epoch: 81 | Epoch Time: 0m 37s
Train Loss: 3.5259793756103517 | Train Acc: 42.531999945640564%
Test Loss: 3.5809266326904297 | Test Acc: 41.769999265670776%
Epoch: 82 | Epoch Time: 0m 37s
Train Loss: 3.5428701071166993 | Train Acc: 42.53799915313721%
Test Loss: 3.5979710144042967 | Test Acc: 41.769999265670776%
Epoch: 83 | Epoch Time: 0m 38s
Train Loss: 3.558997578430176 | Train Acc: 42.53999888896942%
Test Loss: 3.6145283782958986 | Test Acc: 41.760000586509705%
Epoch: 84 | Epoch Time: 0m 37s
Train Loss: 3.574866338195801 | Train Acc: 42.54400134086609%
Test Loss: 3.6306090759277345 | Test Acc: 41.72999858856201%
Epoch: 85 | Epoch Time: 0m 37s
Train Loss: 3.5895916848754883 | Train Acc: 42.517998814582825%
Test Loss: 3.6456492462158203 | Test Acc: 41.690000891685486%
Epoch: 86 | Epoch Time: 0m 37s
Train Loss: 3.6044960452270507 | Train Acc: 42.51199960708618%
Test Loss: 3.660727624511719 | Test Acc: 41.749998927116394%
Epoch: 87 | Epoch Time: 0m 38s
Train Loss: 3.6187962014770507 | Train Acc: 42.50999987125397%
Test Loss: 3.6751511627197266 | Test Acc: 41.71000123023987%
Epoch: 88 | Epoch Time: 0m 38s
Train Loss: 3.6321067114257812 | Train Acc: 42.50600039958954%
Test Loss: 3.6888092346191406 | Test Acc: 41.71999990940094%
Epoch: 89 | Epoch Time: 0m 37s
Train Loss: 3.6451042028808596 | Train Acc: 42.50200092792511%
Test Loss: 3.7019150329589845 | Test Acc: 41.749998927116394%
Epoch: 90 | Epoch Time: 0m 37s
Train Loss: 3.658077427368164 | Train Acc: 42.50800013542175%
Test Loss: 3.7150228729248047 | Test Acc: 41.72999858856201%
Epoch: 91 | Epoch Time: 0m 37s
Train Loss: 3.670809702758789 | Train Acc: 42.48200058937073%
Test Loss: 3.7278571380615233 | Test Acc: 41.760000586509705%
Epoch: 92 | Epoch Time: 0m 37s
Train Loss: 3.6827913333129882 | Train Acc: 42.46799945831299%
Test Loss: 3.7399890686035158 | Test Acc: 41.69999957084656%
Epoch: 93 | Epoch Time: 0m 38s
Train Loss: 3.6945009024047852 | Train Acc: 42.46799945831299%
Test Loss: 3.751830111694336 | Test Acc: 41.679999232292175%
Epoch: 94 | Epoch Time: 0m 37s
Train Loss: 3.705755793457031 | Train Acc: 42.47199892997742%
Test Loss: 3.7632698638916016 | Test Acc: 41.690000891685486%
Epoch: 95 | Epoch Time: 0m 38s
Train Loss: 3.7168836267089844 | Train Acc: 42.49800145626068%
Test Loss: 3.774552508544922 | Test Acc: 41.69999957084656%
Epoch: 96 | Epoch Time: 0m 37s
Train Loss: 3.727871966247559 | Train Acc: 42.49599874019623%
Test Loss: 3.7858114959716795 | Test Acc: 41.69999957084656%
Epoch: 97 | Epoch Time: 0m 38s
Train Loss: 3.738259778137207 | Train Acc: 42.48200058937073%
Test Loss: 3.7963934539794923 | Test Acc: 41.679999232292175%
Epoch: 98 | Epoch Time: 0m 38s
Train Loss: 3.7485249279785156 | Train Acc: 42.4699991941452%
Test Loss: 3.80674501953125 | Test Acc: 41.71000123023987%
Epoch: 99 | Epoch Time: 0m 37s
Train Loss: 3.7584063803100585 | Train Acc: 42.46799945831299%
Test Loss: 3.8167918975830077 | Test Acc: 41.690000891685486%
Epoch: 100 | Epoch Time: 0m 38s
Train Loss: 3.7681722296142577 | Train Acc: 42.465999722480774%
Test Loss: 3.82676403503418 | Test Acc: 41.690000891685486%
Namespace(action=8, model='CNN', seed=1)
{'model_name': 'CNN', 'device': device(type='cuda', index=0), 'log_dir': 'log\\CNN', 'ckpt_dir': 'checkpoint\\CNN', 'attack': 'bf', 'defence': 'krum', 'client_epochs': 10, 'server_epochs': 100, 'batch_size': 100, 'client_lr': 0.15, 'server_lr': 0.15, 'server_rate': 2000, 'load_ckpt': 0, 'workers': 20, 'byzantine_workers': 8, 'attack_strength': -5.0, 'k': 1, 'b': 4, 'test_frequency': 1}
======================Start Train Model [Wed May  8 09:00:41 2024]======================
Epoch: 1 | Epoch Time: 0m 47s
Train Loss: 2.295323747253418 | Train Acc: 14.127999544143677%
Test Loss: 2.2952405303955077 | Test Acc: 14.569999277591705%
Epoch: 2 | Epoch Time: 0m 46s
Train Loss: 2.2773386636352537 | Train Acc: 19.832000136375427%
Test Loss: 2.2770130630493166 | Test Acc: 20.170000195503235%
Epoch: 3 | Epoch Time: 0m 47s
Train Loss: 2.2484292260742187 | Train Acc: 23.093999922275543%
Test Loss: 2.2478003524780275 | Test Acc: 23.03999960422516%
Epoch: 4 | Epoch Time: 0m 47s
Train Loss: 2.214595282897949 | Train Acc: 24.72199946641922%
Test Loss: 2.213387170410156 | Test Acc: 24.83000010251999%
Epoch: 5 | Epoch Time: 0m 47s
Train Loss: 2.168722022705078 | Train Acc: 26.927998661994934%
Test Loss: 2.1668308380126953 | Test Acc: 27.309998869895935%
Epoch: 6 | Epoch Time: 0m 47s
Train Loss: 2.1236985150146483 | Train Acc: 29.15000021457672%
Test Loss: 2.121212812805176 | Test Acc: 29.87000048160553%
Epoch: 7 | Epoch Time: 0m 47s
Train Loss: 2.071891836242676 | Train Acc: 30.215999484062195%
Test Loss: 2.068717169189453 | Test Acc: 30.84000051021576%
Epoch: 8 | Epoch Time: 0m 47s
Train Loss: 2.0169901889038084 | Train Acc: 31.21599853038788%
Test Loss: 2.0129802154541014 | Test Acc: 31.67000114917755%
Epoch: 9 | Epoch Time: 0m 46s
Train Loss: 1.964370530090332 | Train Acc: 32.09199905395508%
Test Loss: 1.9595575286865234 | Test Acc: 32.46000111103058%
Epoch: 10 | Epoch Time: 0m 47s
Train Loss: 1.9138060202026368 | Train Acc: 34.53199863433838%
Test Loss: 1.9092697265625 | Test Acc: 34.9700003862381%
Epoch: 11 | Epoch Time: 0m 47s
Train Loss: 1.8744334094238282 | Train Acc: 35.71799993515015%
Test Loss: 1.8698523635864257 | Test Acc: 36.500000953674316%
Epoch: 12 | Epoch Time: 0m 47s
Train Loss: 1.8376730126953125 | Train Acc: 37.018001079559326%
Test Loss: 1.8333171005249023 | Test Acc: 37.630000710487366%
Epoch: 13 | Epoch Time: 0m 46s
Train Loss: 1.794527022705078 | Train Acc: 37.82399892807007%
Test Loss: 1.7896561294555664 | Test Acc: 37.88000047206879%
Epoch: 14 | Epoch Time: 0m 46s
Train Loss: 1.759885221862793 | Train Acc: 38.23400139808655%
Test Loss: 1.7549125991821288 | Test Acc: 38.26000094413757%
Epoch: 15 | Epoch Time: 0m 46s
Train Loss: 1.7295993334960937 | Train Acc: 38.65000009536743%
Test Loss: 1.7246624282836913 | Test Acc: 39.010000228881836%
Epoch: 16 | Epoch Time: 0m 47s
Train Loss: 1.7007555307006836 | Train Acc: 39.53799903392792%
Test Loss: 1.696617723083496 | Test Acc: 40.00000059604645%
Epoch: 17 | Epoch Time: 0m 46s
Train Loss: 1.6760439797973632 | Train Acc: 40.04800021648407%
Test Loss: 1.6717280380249024 | Test Acc: 40.58000147342682%
Epoch: 18 | Epoch Time: 0m 46s
Train Loss: 1.6549927755737304 | Train Acc: 40.681999921798706%
Test Loss: 1.6511944717407228 | Test Acc: 40.88999927043915%
Epoch: 19 | Epoch Time: 0m 46s
Train Loss: 1.6364485177612305 | Train Acc: 41.148000955581665%
Test Loss: 1.6323617156982422 | Test Acc: 41.15999937057495%
Epoch: 20 | Epoch Time: 0m 47s
Train Loss: 1.6197373440551759 | Train Acc: 41.38999879360199%
Test Loss: 1.6169867416381836 | Test Acc: 41.589999198913574%
Epoch: 21 | Epoch Time: 0m 46s
Train Loss: 1.6017315631103515 | Train Acc: 41.850000619888306%
Test Loss: 1.5988247848510742 | Test Acc: 42.21000075340271%
Epoch: 22 | Epoch Time: 0m 47s
Train Loss: 1.5844985607910156 | Train Acc: 42.38399863243103%
Test Loss: 1.5819575454711914 | Test Acc: 42.739999294281006%
Epoch: 23 | Epoch Time: 0m 46s
Train Loss: 1.566292763671875 | Train Acc: 42.712000012397766%
Test Loss: 1.5643828918457032 | Test Acc: 43.549999594688416%
Epoch: 24 | Epoch Time: 0m 47s
Train Loss: 1.550831629333496 | Train Acc: 43.43000054359436%
Test Loss: 1.5497110168457031 | Test Acc: 44.29999887943268%
Epoch: 25 | Epoch Time: 0m 47s
Train Loss: 1.5387320825195312 | Train Acc: 43.841999769210815%
Test Loss: 1.536821760559082 | Test Acc: 44.449999928474426%
Epoch: 26 | Epoch Time: 0m 46s
Train Loss: 1.5240458712768554 | Train Acc: 44.279998540878296%
Test Loss: 1.5229219512939454 | Test Acc: 45.21999955177307%
Epoch: 27 | Epoch Time: 0m 46s
Train Loss: 1.5101533299255372 | Train Acc: 44.93800103664398%
Test Loss: 1.5095851669311524 | Test Acc: 45.68000137805939%
Epoch: 28 | Epoch Time: 0m 47s
Train Loss: 1.4946395243835449 | Train Acc: 45.57600021362305%
Test Loss: 1.4954368347167968 | Test Acc: 46.25000059604645%
Epoch: 29 | Epoch Time: 0m 47s
Train Loss: 1.486270835876465 | Train Acc: 45.83599865436554%
Test Loss: 1.4874341255187988 | Test Acc: 46.639999747276306%
Epoch: 30 | Epoch Time: 0m 47s
Train Loss: 1.4731760110473633 | Train Acc: 46.38600051403046%
Test Loss: 1.475974131011963 | Test Acc: 46.68999910354614%
Epoch: 31 | Epoch Time: 0m 46s
Train Loss: 1.4701357102966308 | Train Acc: 46.417999267578125%
Test Loss: 1.4723358253479004 | Test Acc: 46.790000796318054%
Epoch: 32 | Epoch Time: 0m 47s
Train Loss: 1.458718901977539 | Train Acc: 46.87800109386444%
Test Loss: 1.4608231880187987 | Test Acc: 47.42000102996826%
Epoch: 33 | Epoch Time: 0m 47s
Train Loss: 1.4486329225158692 | Train Acc: 47.176000475883484%
Test Loss: 1.4516485549926759 | Test Acc: 47.71000146865845%
Epoch: 34 | Epoch Time: 0m 47s
Train Loss: 1.4362884158325195 | Train Acc: 47.628000378608704%
Test Loss: 1.4403791191101074 | Test Acc: 48.179998993873596%
Epoch: 35 | Epoch Time: 0m 46s
Train Loss: 1.4297830172729493 | Train Acc: 47.9420006275177%
Test Loss: 1.4353545127868652 | Test Acc: 48.41000139713287%
Epoch: 36 | Epoch Time: 0m 46s
Train Loss: 1.4196063047790528 | Train Acc: 48.298001289367676%
Test Loss: 1.425970090484619 | Test Acc: 48.87999892234802%
Epoch: 37 | Epoch Time: 0m 47s
Train Loss: 1.4113427040100097 | Train Acc: 48.67599904537201%
Test Loss: 1.4186827590942384 | Test Acc: 49.230000376701355%
Epoch: 38 | Epoch Time: 0m 47s
Train Loss: 1.4019609211730957 | Train Acc: 49.101999402046204%
Test Loss: 1.4096299278259277 | Test Acc: 49.810001254081726%
Epoch: 39 | Epoch Time: 0m 46s
Train Loss: 1.3971316090393067 | Train Acc: 49.52000081539154%
Test Loss: 1.4063994606018067 | Test Acc: 50.0%
Epoch: 40 | Epoch Time: 0m 46s
Train Loss: 1.3946587619018556 | Train Acc: 49.63600039482117%
Test Loss: 1.4036850952148439 | Test Acc: 50.300002098083496%
Epoch: 41 | Epoch Time: 0m 47s
Train Loss: 1.3864275367736816 | Train Acc: 49.851998686790466%
Test Loss: 1.3972537506103515 | Test Acc: 50.48999786376953%
Epoch: 42 | Epoch Time: 0m 46s
Train Loss: 1.3832991520690918 | Train Acc: 50.15400052070618%
Test Loss: 1.3948785125732421 | Test Acc: 50.59000253677368%
Epoch: 43 | Epoch Time: 0m 46s
Train Loss: 1.381476012878418 | Train Acc: 50.31599998474121%
Test Loss: 1.393392862701416 | Test Acc: 50.83000063896179%
Epoch: 44 | Epoch Time: 0m 47s
Train Loss: 1.372786658782959 | Train Acc: 50.66999793052673%
Test Loss: 1.3861532722473144 | Test Acc: 51.179999113082886%
Epoch: 45 | Epoch Time: 0m 47s
Train Loss: 1.3676840449523926 | Train Acc: 50.915998220443726%
Test Loss: 1.383570825958252 | Test Acc: 51.21999979019165%
Epoch: 46 | Epoch Time: 0m 46s
Train Loss: 1.3576357688903808 | Train Acc: 51.260000467300415%
Test Loss: 1.3738611625671386 | Test Acc: 51.60999894142151%
Epoch: 47 | Epoch Time: 0m 47s
Train Loss: 1.3537042182922363 | Train Acc: 51.45000219345093%
Test Loss: 1.372605729675293 | Test Acc: 51.71999931335449%
Epoch: 48 | Epoch Time: 0m 46s
Train Loss: 1.3474555004882813 | Train Acc: 51.899999380111694%
Test Loss: 1.3676653694152832 | Test Acc: 51.95000171661377%
Epoch: 49 | Epoch Time: 0m 47s
Train Loss: 1.3535766255187989 | Train Acc: 51.77000164985657%
Test Loss: 1.3757493301391601 | Test Acc: 51.74000263214111%
Epoch: 50 | Epoch Time: 0m 46s
Train Loss: 1.3676754588317872 | Train Acc: 51.58600211143494%
Test Loss: 1.3916819679260255 | Test Acc: 51.28999948501587%
Epoch: 51 | Epoch Time: 0m 51s
Train Loss: 1.373500321044922 | Train Acc: 51.70000195503235%
Test Loss: 1.4009287078857422 | Test Acc: 50.7099986076355%
Epoch: 52 | Epoch Time: 0m 52s
Train Loss: 1.3876043017578126 | Train Acc: 51.31400227546692%
Test Loss: 1.4161386199951171 | Test Acc: 50.38999915122986%
Epoch: 53 | Epoch Time: 0m 52s
Train Loss: 1.3983700900268554 | Train Acc: 51.42199993133545%
Test Loss: 1.4286528549194335 | Test Acc: 50.279998779296875%
Epoch: 54 | Epoch Time: 0m 52s
Train Loss: 1.4122062355041505 | Train Acc: 51.590001583099365%
Test Loss: 1.4442408561706543 | Test Acc: 50.48999786376953%
Epoch: 55 | Epoch Time: 0m 51s
Train Loss: 1.438211559448242 | Train Acc: 51.099997758865356%
Test Loss: 1.4708320182800294 | Test Acc: 49.97999966144562%
Epoch: 56 | Epoch Time: 0m 53s
Train Loss: 1.4577853129577636 | Train Acc: 51.256000995635986%
Test Loss: 1.4931319122314453 | Test Acc: 49.86000061035156%
Epoch: 57 | Epoch Time: 0m 52s
Train Loss: 1.488232640838623 | Train Acc: 51.25799775123596%
Test Loss: 1.5262642974853515 | Test Acc: 49.93999898433685%
Epoch: 58 | Epoch Time: 0m 51s
Train Loss: 1.5193905186462402 | Train Acc: 51.24800205230713%
Test Loss: 1.5589585952758789 | Test Acc: 49.90000128746033%
Epoch: 59 | Epoch Time: 0m 52s
Train Loss: 1.559731635284424 | Train Acc: 51.0699987411499%
Test Loss: 1.6008753303527832 | Test Acc: 49.84999895095825%
Epoch: 60 | Epoch Time: 0m 53s
Train Loss: 1.602982287902832 | Train Acc: 51.07399821281433%
Test Loss: 1.645443832397461 | Test Acc: 49.82999861240387%
Epoch: 61 | Epoch Time: 0m 49s
Train Loss: 1.5642442105102539 | Train Acc: 51.576000452041626%
Test Loss: 1.6064119331359863 | Test Acc: 50.1800000667572%
Epoch: 62 | Epoch Time: 0m 48s
Train Loss: 1.5838929501342773 | Train Acc: 51.38999819755554%
Test Loss: 1.6256065078735351 | Test Acc: 50.199997425079346%
Epoch: 63 | Epoch Time: 0m 56s
Train Loss: 1.618439249572754 | Train Acc: 51.27800107002258%
Test Loss: 1.6591389831542969 | Test Acc: 50.16999840736389%
Epoch: 64 | Epoch Time: 0m 57s
Train Loss: 1.666671997680664 | Train Acc: 51.256000995635986%
Test Loss: 1.7088888900756836 | Test Acc: 50.09999871253967%
Epoch: 65 | Epoch Time: 0m 57s
Train Loss: 1.721503006286621 | Train Acc: 51.235997676849365%
Test Loss: 1.7655546417236327 | Test Acc: 49.84000027179718%
Epoch: 66 | Epoch Time: 0m 56s
Train Loss: 1.7771670854187012 | Train Acc: 51.146000623703%
Test Loss: 1.823520297241211 | Test Acc: 49.77000057697296%
Epoch: 67 | Epoch Time: 0m 57s
Train Loss: 1.8275994360351562 | Train Acc: 51.12000107765198%
Test Loss: 1.8756027221679688 | Test Acc: 49.84000027179718%
Epoch: 68 | Epoch Time: 0m 57s
Train Loss: 1.8828833718872071 | Train Acc: 51.10999941825867%
Test Loss: 1.93304599609375 | Test Acc: 49.7299998998642%
Epoch: 69 | Epoch Time: 0m 55s
Train Loss: 1.9334837023925782 | Train Acc: 51.033997535705566%
Test Loss: 1.985587661743164 | Test Acc: 49.720001220703125%
Epoch: 70 | Epoch Time: 0m 57s
Train Loss: 1.9781549368286133 | Train Acc: 50.93600153923035%
Test Loss: 2.0314770141601564 | Test Acc: 49.64999854564667%
Epoch: 71 | Epoch Time: 0m 48s
Train Loss: 2.0102578686523436 | Train Acc: 50.853997468948364%
Test Loss: 2.0639554473876953 | Test Acc: 49.61999952793121%
Epoch: 72 | Epoch Time: 0m 46s
Train Loss: 2.057836463317871 | Train Acc: 50.79600214958191%
Test Loss: 2.113234963989258 | Test Acc: 49.630001187324524%
Epoch: 73 | Epoch Time: 0m 46s
Train Loss: 2.1023243435668943 | Train Acc: 50.77800154685974%
Test Loss: 2.159293295288086 | Test Acc: 49.66000020503998%
Epoch: 74 | Epoch Time: 0m 46s
Train Loss: 2.145070433654785 | Train Acc: 50.69800019264221%
Test Loss: 2.2034593399047853 | Test Acc: 49.61000084877014%
Epoch: 75 | Epoch Time: 0m 47s
Train Loss: 2.1850563644409178 | Train Acc: 50.66800117492676%
Test Loss: 2.2447775939941406 | Test Acc: 49.57000017166138%
Epoch: 76 | Epoch Time: 0m 46s
Train Loss: 2.2247796868896486 | Train Acc: 50.634002685546875%
Test Loss: 2.285510157775879 | Test Acc: 49.52999949455261%
Epoch: 77 | Epoch Time: 0m 46s
Train Loss: 2.261901370849609 | Train Acc: 50.585997104644775%
Test Loss: 2.323852684020996 | Test Acc: 49.52000081539154%
Epoch: 78 | Epoch Time: 0m 46s
Train Loss: 2.297487615356445 | Train Acc: 50.59400200843811%
Test Loss: 2.360404928588867 | Test Acc: 49.43000078201294%
Epoch: 79 | Epoch Time: 0m 47s
Train Loss: 2.330949378967285 | Train Acc: 50.51800012588501%
Test Loss: 2.3948700546264647 | Test Acc: 49.41000044345856%
Epoch: 80 | Epoch Time: 0m 46s
Train Loss: 2.3624409838867186 | Train Acc: 50.48400163650513%
Test Loss: 2.427263180541992 | Test Acc: 49.48999881744385%
Epoch: 81 | Epoch Time: 0m 46s
Train Loss: 2.392768305969238 | Train Acc: 50.44199824333191%
Test Loss: 2.4584560958862305 | Test Acc: 49.36999976634979%
Epoch: 82 | Epoch Time: 0m 47s
Train Loss: 2.421432984008789 | Train Acc: 50.432002544403076%
Test Loss: 2.487890542602539 | Test Acc: 49.36999976634979%
Epoch: 83 | Epoch Time: 0m 47s
Train Loss: 2.4489513592529297 | Train Acc: 50.401997566223145%
Test Loss: 2.5160734954833983 | Test Acc: 49.36999976634979%
Epoch: 84 | Epoch Time: 0m 47s
Train Loss: 2.4748332678222655 | Train Acc: 50.35399794578552%
Test Loss: 2.5427788452148437 | Test Acc: 49.36999976634979%
Epoch: 85 | Epoch Time: 0m 46s
Train Loss: 2.500160368652344 | Train Acc: 50.31599998474121%
Test Loss: 2.568689744567871 | Test Acc: 49.32999908924103%
Epoch: 86 | Epoch Time: 0m 46s
Train Loss: 2.5231600985717773 | Train Acc: 50.28600096702576%
Test Loss: 2.592469584655762 | Test Acc: 49.27999973297119%
Epoch: 87 | Epoch Time: 0m 46s
Train Loss: 2.544726575012207 | Train Acc: 50.32200217247009%
Test Loss: 2.6148943771362303 | Test Acc: 49.21000003814697%
Epoch: 88 | Epoch Time: 0m 53s
Train Loss: 2.5659071545410157 | Train Acc: 50.31999945640564%
Test Loss: 2.636973393249512 | Test Acc: 49.2000013589859%
Epoch: 89 | Epoch Time: 0m 52s
Train Loss: 2.587047585144043 | Train Acc: 50.279998779296875%
Test Loss: 2.658741435241699 | Test Acc: 49.18999969959259%
Epoch: 90 | Epoch Time: 0m 52s
Train Loss: 2.6069098068237304 | Train Acc: 50.24200081825256%
Test Loss: 2.6790874145507813 | Test Acc: 49.18000102043152%
Epoch: 91 | Epoch Time: 0m 53s
Train Loss: 2.6264401141357423 | Train Acc: 50.24799704551697%
Test Loss: 2.6990630767822266 | Test Acc: 49.219998717308044%
Epoch: 92 | Epoch Time: 0m 52s
Train Loss: 2.644482889099121 | Train Acc: 50.23199915885925%
Test Loss: 2.7177064056396483 | Test Acc: 49.160000681877136%
Epoch: 93 | Epoch Time: 0m 51s
Train Loss: 2.3591828067016603 | Train Acc: 49.26599860191345%
Test Loss: 2.42038611907959 | Test Acc: 48.19999933242798%
Epoch: 94 | Epoch Time: 0m 52s
Train Loss: 2.384013952026367 | Train Acc: 49.43000078201294%
Test Loss: 2.4473329177856447 | Test Acc: 48.420000076293945%
Epoch: 95 | Epoch Time: 0m 52s
Train Loss: 2.409290905456543 | Train Acc: 49.58600103855133%
Test Loss: 2.4742278625488283 | Test Acc: 48.510000109672546%
Epoch: 96 | Epoch Time: 0m 51s
Train Loss: 2.4331872113037107 | Train Acc: 49.75000023841858%
Test Loss: 2.4997531463623046 | Test Acc: 48.55999946594238%
Epoch: 97 | Epoch Time: 0m 50s
Train Loss: 2.4567961224365233 | Train Acc: 49.880000948905945%
Test Loss: 2.5249327255249026 | Test Acc: 48.73000085353851%
Epoch: 98 | Epoch Time: 0m 47s
Train Loss: 2.478810802307129 | Train Acc: 49.98599886894226%
Test Loss: 2.5485334732055662 | Test Acc: 48.75999987125397%
Epoch: 99 | Epoch Time: 0m 56s
Train Loss: 2.5011614385986327 | Train Acc: 50.077998638153076%
Test Loss: 2.57240397644043 | Test Acc: 48.739999532699585%
Epoch: 100 | Epoch Time: 0m 56s
Train Loss: 2.5236246130371094 | Train Acc: 50.116002559661865%
Test Loss: 2.5961059173583982 | Test Acc: 48.809999227523804%
