Namespace(action=12, model='CNN', seed=1)
{'model_name': 'CNN', 'device': device(type='cuda', index=0), 'log_dir': 'log\\CNN', 'ckpt_dir': 'checkpoint\\CNN', 'attack': 'raw', 'defence': 'krum', 'client_epochs': 10, 'server_epochs': 100, 'batch_size': 100, 'client_lr': 0.15, 'server_lr': 0.15, 'server_rate': 2000, 'load_ckpt': 0, 'workers': 20, 'byzantine_workers': 8, 'attack_strength': 1.0, 'k': 1, 'b': 12, 'test_frequency': 1}
======================Start Train Model [Mon May  6 11:56:05 2024]======================
Epoch: 1 | Epoch Time: 1m 4s
Train Loss: 2.295249482421875 | Train Acc: 15.153999626636505%
Test Loss: 2.2951419357299803 | Test Acc: 15.219999849796295%
Epoch: 2 | Epoch Time: 1m 1s
Train Loss: 2.277204037475586 | Train Acc: 18.050000071525574%
Test Loss: 2.2768120391845703 | Test Acc: 18.310000002384186%
Epoch: 3 | Epoch Time: 1m 0s
Train Loss: 2.247544013671875 | Train Acc: 22.808000445365906%
Test Loss: 2.2467829452514647 | Test Acc: 23.409999907016754%
Epoch: 4 | Epoch Time: 1m 0s
Train Loss: 2.2111850796508787 | Train Acc: 25.053998827934265%
Test Loss: 2.209745719909668 | Test Acc: 25.56999921798706%
Epoch: 5 | Epoch Time: 0m 57s
Train Loss: 2.167091934814453 | Train Acc: 26.837998628616333%
Test Loss: 2.1648613662719725 | Test Acc: 27.219998836517334%
Epoch: 6 | Epoch Time: 0m 57s
Train Loss: 2.1249494342041015 | Train Acc: 27.952000498771667%
Test Loss: 2.121950686645508 | Test Acc: 28.690001368522644%
Epoch: 7 | Epoch Time: 0m 59s
Train Loss: 2.0777878857421874 | Train Acc: 28.676000237464905%
Test Loss: 2.073602296447754 | Test Acc: 29.080000519752502%
Epoch: 8 | Epoch Time: 0m 58s
Train Loss: 2.034821739807129 | Train Acc: 29.81800138950348%
Test Loss: 2.0300601608276367 | Test Acc: 30.540001392364502%
Epoch: 9 | Epoch Time: 0m 54s
Train Loss: 1.9846285568237305 | Train Acc: 31.200000643730164%
Test Loss: 1.9793256301879882 | Test Acc: 31.720000505447388%
Epoch: 10 | Epoch Time: 0m 57s
Train Loss: 1.9386878958129883 | Train Acc: 32.01000094413757%
Test Loss: 1.932523846435547 | Test Acc: 32.64000117778778%
Epoch: 11 | Epoch Time: 0m 59s
Train Loss: 1.904791234741211 | Train Acc: 32.59600102901459%
Test Loss: 1.8980844039916993 | Test Acc: 33.12999904155731%
Epoch: 12 | Epoch Time: 0m 59s
Train Loss: 1.8638278063964844 | Train Acc: 33.59600007534027%
Test Loss: 1.8562860137939454 | Test Acc: 34.02999937534332%
Epoch: 13 | Epoch Time: 1m 2s
Train Loss: 1.8318984927368165 | Train Acc: 34.36200022697449%
Test Loss: 1.8241055572509766 | Test Acc: 34.86999869346619%
Epoch: 14 | Epoch Time: 1m 13s
Train Loss: 1.7943958306884766 | Train Acc: 35.6220006942749%
Test Loss: 1.7867541290283202 | Test Acc: 36.37000024318695%
Epoch: 15 | Epoch Time: 1m 10s
Train Loss: 1.76016421875 | Train Acc: 36.371999979019165%
Test Loss: 1.752360464477539 | Test Acc: 37.11999952793121%
Epoch: 16 | Epoch Time: 1m 10s
Train Loss: 1.7447890228271485 | Train Acc: 36.792001128196716%
Test Loss: 1.7370854095458985 | Test Acc: 37.40000128746033%
Epoch: 17 | Epoch Time: 1m 9s
Train Loss: 1.7452114190673829 | Train Acc: 36.10999882221222%
Test Loss: 1.7375085739135743 | Test Acc: 37.18999922275543%
Epoch: 18 | Epoch Time: 1m 9s
Train Loss: 1.726487511291504 | Train Acc: 36.838001012802124%
Test Loss: 1.7180923446655274 | Test Acc: 37.65000104904175%
Epoch: 19 | Epoch Time: 1m 10s
Train Loss: 1.6977023950195314 | Train Acc: 37.91800141334534%
Test Loss: 1.689211961364746 | Test Acc: 38.26000094413757%
Epoch: 20 | Epoch Time: 1m 1s
Train Loss: 1.6928386572265626 | Train Acc: 38.067999482154846%
Test Loss: 1.6850163696289062 | Test Acc: 38.44999969005585%
Epoch: 21 | Epoch Time: 0m 58s
Train Loss: 1.6619720651245118 | Train Acc: 39.29600119590759%
Test Loss: 1.6534416793823241 | Test Acc: 39.86999988555908%
Epoch: 22 | Epoch Time: 0m 58s
Train Loss: 1.6420693118286134 | Train Acc: 40.007999539375305%
Test Loss: 1.634816389465332 | Test Acc: 40.700000524520874%
Epoch: 23 | Epoch Time: 0m 57s
Train Loss: 1.6295623190307618 | Train Acc: 40.459999442100525%
Test Loss: 1.6228806457519531 | Test Acc: 41.10000133514404%
Epoch: 24 | Epoch Time: 0m 56s
Train Loss: 1.6264066540527344 | Train Acc: 40.70200026035309%
Test Loss: 1.6207228713989257 | Test Acc: 41.4000004529953%
Epoch: 25 | Epoch Time: 0m 56s
Train Loss: 1.6239427465820313 | Train Acc: 41.172000765800476%
Test Loss: 1.6181483245849608 | Test Acc: 41.749998927116394%
Epoch: 26 | Epoch Time: 0m 58s
Train Loss: 1.6207476025390626 | Train Acc: 41.4000004529953%
Test Loss: 1.6153548461914062 | Test Acc: 42.03000068664551%
Epoch: 27 | Epoch Time: 0m 57s
Train Loss: 1.6109512255859375 | Train Acc: 41.868001222610474%
Test Loss: 1.6065984756469727 | Test Acc: 42.489999532699585%
Epoch: 28 | Epoch Time: 0m 56s
Train Loss: 1.6076734504699708 | Train Acc: 42.30799973011017%
Test Loss: 1.6050228973388672 | Test Acc: 42.96000003814697%
Epoch: 29 | Epoch Time: 0m 58s
Train Loss: 1.6242369067382814 | Train Acc: 42.26999878883362%
Test Loss: 1.6225504669189452 | Test Acc: 42.8600013256073%
Epoch: 30 | Epoch Time: 0m 57s
Train Loss: 1.6320108435058593 | Train Acc: 42.566001415252686%
Test Loss: 1.6316304931640624 | Test Acc: 42.9500013589859%
Epoch: 31 | Epoch Time: 0m 57s
Train Loss: 1.638253483581543 | Train Acc: 42.85399913787842%
Test Loss: 1.6398494140625 | Test Acc: 43.23999881744385%
Epoch: 32 | Epoch Time: 0m 57s
Train Loss: 1.6582760757446289 | Train Acc: 42.69799888134003%
Test Loss: 1.6608552627563478 | Test Acc: 42.750000953674316%
Epoch: 33 | Epoch Time: 0m 58s
Train Loss: 1.6559491564941407 | Train Acc: 42.60999858379364%
Test Loss: 1.6611672454833983 | Test Acc: 42.489999532699585%
Epoch: 34 | Epoch Time: 0m 57s
Train Loss: 1.6656168280029298 | Train Acc: 42.684000730514526%
Test Loss: 1.6721501174926758 | Test Acc: 42.42999851703644%
Epoch: 35 | Epoch Time: 0m 56s
Train Loss: 1.6839799090576173 | Train Acc: 42.3880010843277%
Test Loss: 1.6920673217773436 | Test Acc: 42.05000102519989%
Epoch: 36 | Epoch Time: 0m 59s
Train Loss: 1.7013640853881835 | Train Acc: 42.59200096130371%
Test Loss: 1.7100491439819336 | Test Acc: 42.53999888896942%
Epoch: 37 | Epoch Time: 0m 57s
Train Loss: 1.722491572265625 | Train Acc: 43.16000044345856%
Test Loss: 1.7340594375610352 | Test Acc: 42.890000343322754%
Epoch: 38 | Epoch Time: 0m 56s
Train Loss: 1.7511175048828125 | Train Acc: 43.421998620033264%
Test Loss: 1.763580647277832 | Test Acc: 42.910000681877136%
Epoch: 39 | Epoch Time: 1m 3s
Train Loss: 1.7971315612792969 | Train Acc: 43.32000017166138%
Test Loss: 1.8112552124023438 | Test Acc: 42.93999969959259%
Epoch: 40 | Epoch Time: 0m 59s
Train Loss: 1.8037785900878907 | Train Acc: 43.56200098991394%
Test Loss: 1.819565853881836 | Test Acc: 43.27999949455261%
Epoch: 41 | Epoch Time: 0m 59s
Train Loss: 1.8590595574951172 | Train Acc: 43.69400143623352%
Test Loss: 1.8778667098999025 | Test Acc: 43.36000084877014%
Epoch: 42 | Epoch Time: 1m 9s
Train Loss: 1.9153912078857422 | Train Acc: 43.79799962043762%
Test Loss: 1.936885662841797 | Test Acc: 43.389999866485596%
Epoch: 43 | Epoch Time: 1m 50s
Train Loss: 1.874294337158203 | Train Acc: 43.51600110530853%
Test Loss: 1.9006725509643554 | Test Acc: 43.27999949455261%
Epoch: 44 | Epoch Time: 1m 53s
Train Loss: 1.9399820242309571 | Train Acc: 43.67800056934357%
Test Loss: 1.9691502334594726 | Test Acc: 43.32000017166138%
Epoch: 45 | Epoch Time: 1m 22s
Train Loss: 2.004721285095215 | Train Acc: 43.78199875354767%
Test Loss: 2.0364846282958986 | Test Acc: 43.29000115394592%
Epoch: 46 | Epoch Time: 1m 41s
Train Loss: 2.054311255493164 | Train Acc: 43.77000033855438%
Test Loss: 2.0882055099487307 | Test Acc: 43.470001220703125%
Epoch: 47 | Epoch Time: 1m 42s
Train Loss: 2.1150760803222655 | Train Acc: 43.21399927139282%
Test Loss: 2.154119741821289 | Test Acc: 42.48000085353851%
Epoch: 48 | Epoch Time: 0m 56s
Train Loss: 2.0848858532714845 | Train Acc: 43.21599900722504%
Test Loss: 2.1171288467407225 | Test Acc: 42.570000886917114%
Epoch: 49 | Epoch Time: 0m 57s
Train Loss: 2.164805207824707 | Train Acc: 43.35600137710571%
Test Loss: 2.200448585510254 | Test Acc: 42.62999892234802%
Epoch: 50 | Epoch Time: 0m 56s
Train Loss: 2.2371911279296874 | Train Acc: 43.50599944591522%
Test Loss: 2.2758204559326174 | Test Acc: 42.62999892234802%
Epoch: 51 | Epoch Time: 0m 55s
Train Loss: 2.317269016418457 | Train Acc: 43.57199966907501%
Test Loss: 2.3587692489624024 | Test Acc: 42.7700012922287%
Epoch: 52 | Epoch Time: 0m 59s
Train Loss: 2.3951178869628906 | Train Acc: 43.61200034618378%
Test Loss: 2.4392785095214844 | Test Acc: 42.809998989105225%
Epoch: 53 | Epoch Time: 0m 59s
Train Loss: 2.4695708798217773 | Train Acc: 43.619999289512634%
Test Loss: 2.5161632919311523 | Test Acc: 42.68999993801117%
Epoch: 54 | Epoch Time: 0m 56s
Train Loss: 2.5407908288574217 | Train Acc: 43.66399943828583%
Test Loss: 2.5895253158569336 | Test Acc: 42.820000648498535%
Epoch: 55 | Epoch Time: 0m 56s
Train Loss: 2.6093431097412108 | Train Acc: 43.69400143623352%
Test Loss: 2.660007305908203 | Test Acc: 42.899999022483826%
Epoch: 56 | Epoch Time: 0m 57s
Train Loss: 2.6738035284423827 | Train Acc: 43.69199872016907%
Test Loss: 2.726203533935547 | Test Acc: 42.96000003814697%
Epoch: 57 | Epoch Time: 0m 57s
Train Loss: 2.736472691040039 | Train Acc: 43.71800124645233%
Test Loss: 2.7904901290893553 | Test Acc: 42.899999022483826%
Epoch: 58 | Epoch Time: 1m 0s
Train Loss: 2.7951087295532226 | Train Acc: 43.69199872016907%
Test Loss: 2.8506847412109373 | Test Acc: 42.93999969959259%
Epoch: 59 | Epoch Time: 1m 0s
Train Loss: 2.8499877111816407 | Train Acc: 43.700000643730164%
Test Loss: 2.9069193466186523 | Test Acc: 43.00000071525574%
Epoch: 60 | Epoch Time: 0m 59s
Train Loss: 2.902314995727539 | Train Acc: 43.720000982284546%
Test Loss: 2.9602374282836914 | Test Acc: 42.91999936103821%
Epoch: 61 | Epoch Time: 0m 58s
Train Loss: 2.9527685342407226 | Train Acc: 43.751999735832214%
Test Loss: 3.011967086791992 | Test Acc: 42.890000343322754%
Epoch: 62 | Epoch Time: 0m 57s
Train Loss: 3.000731125793457 | Train Acc: 43.709999322891235%
Test Loss: 3.061080599975586 | Test Acc: 42.87000000476837%
Epoch: 63 | Epoch Time: 0m 58s
Train Loss: 3.0459769281005857 | Train Acc: 43.71599853038788%
Test Loss: 3.1074771209716796 | Test Acc: 42.87999868392944%
Epoch: 64 | Epoch Time: 0m 57s
Train Loss: 3.0897257345581055 | Train Acc: 43.71800124645233%
Test Loss: 3.1520377304077147 | Test Acc: 42.890000343322754%
Epoch: 65 | Epoch Time: 0m 58s
Train Loss: 3.1311969454956055 | Train Acc: 43.66999864578247%
Test Loss: 3.1941729888916015 | Test Acc: 42.78999865055084%
Epoch: 66 | Epoch Time: 1m 0s
Train Loss: 3.16937528503418 | Train Acc: 43.696001172065735%
Test Loss: 3.2331304016113283 | Test Acc: 42.71999895572662%
Epoch: 67 | Epoch Time: 0m 58s
Train Loss: 3.205215899963379 | Train Acc: 43.672001361846924%
Test Loss: 3.269924198913574 | Test Acc: 42.750000953674316%
Epoch: 68 | Epoch Time: 0m 57s
Train Loss: 3.2401263323974607 | Train Acc: 43.65200102329254%
Test Loss: 3.3055039947509766 | Test Acc: 42.739999294281006%
Epoch: 69 | Epoch Time: 1m 1s
Train Loss: 3.273396817932129 | Train Acc: 43.6379998922348%
Test Loss: 3.33956895904541 | Test Acc: 42.78999865055084%
Epoch: 70 | Epoch Time: 0m 57s
Train Loss: 3.304124494934082 | Train Acc: 43.606001138687134%
Test Loss: 3.370894515991211 | Test Acc: 42.8600013256073%
Epoch: 71 | Epoch Time: 0m 57s
Train Loss: 3.333958513793945 | Train Acc: 43.56800019741058%
Test Loss: 3.4015271026611327 | Test Acc: 42.87999868392944%
Epoch: 72 | Epoch Time: 0m 59s
Train Loss: 3.3630521755981446 | Train Acc: 43.55199933052063%
Test Loss: 3.4313307846069336 | Test Acc: 42.899999022483826%
Epoch: 73 | Epoch Time: 0m 59s
Train Loss: 3.389972434387207 | Train Acc: 43.55199933052063%
Test Loss: 3.4590491638183596 | Test Acc: 42.87000000476837%
Epoch: 74 | Epoch Time: 0m 57s
Train Loss: 3.4161286251831053 | Train Acc: 43.54600012302399%
Test Loss: 3.485958200073242 | Test Acc: 42.8600013256073%
Epoch: 75 | Epoch Time: 0m 58s
Train Loss: 3.4412106579589845 | Train Acc: 43.54600012302399%
Test Loss: 3.5116917358398436 | Test Acc: 42.84000098705292%
Epoch: 76 | Epoch Time: 1m 1s
Train Loss: 3.4646611212158205 | Train Acc: 43.540000915527344%
Test Loss: 3.535561456298828 | Test Acc: 42.809998989105225%
Epoch: 77 | Epoch Time: 0m 57s
Train Loss: 3.4876598959350584 | Train Acc: 43.54600012302399%
Test Loss: 3.5590876068115236 | Test Acc: 42.809998989105225%
Epoch: 78 | Epoch Time: 0m 56s
Train Loss: 3.5096813723754883 | Train Acc: 43.525999784469604%
Test Loss: 3.581594772338867 | Test Acc: 42.77999997138977%
Epoch: 79 | Epoch Time: 0m 59s
Train Loss: 3.5304244158935547 | Train Acc: 43.52400004863739%
Test Loss: 3.602896594238281 | Test Acc: 42.77999997138977%
Epoch: 80 | Epoch Time: 0m 59s
Train Loss: 3.55082227142334 | Train Acc: 43.50999891757965%
Test Loss: 3.623778547668457 | Test Acc: 42.78999865055084%
Epoch: 81 | Epoch Time: 0m 58s
Train Loss: 3.5702252630615234 | Train Acc: 43.50399971008301%
Test Loss: 3.643552572631836 | Test Acc: 42.84000098705292%
Epoch: 82 | Epoch Time: 0m 59s
Train Loss: 3.5889720709228516 | Train Acc: 43.522000312805176%
Test Loss: 3.6627486450195312 | Test Acc: 42.80000030994415%
Epoch: 83 | Epoch Time: 1m 0s
Train Loss: 3.606419147338867 | Train Acc: 43.540000915527344%
Test Loss: 3.6807330413818358 | Test Acc: 42.750000953674316%
Epoch: 84 | Epoch Time: 1m 14s
Train Loss: 3.623826557006836 | Train Acc: 43.522000312805176%
Test Loss: 3.6984314376831056 | Test Acc: 42.7700012922287%
Epoch: 85 | Epoch Time: 1m 1s
Train Loss: 3.640530320739746 | Train Acc: 43.52000057697296%
Test Loss: 3.7155223037719725 | Test Acc: 42.739999294281006%
Epoch: 86 | Epoch Time: 0m 58s
Train Loss: 3.6567543112182617 | Train Acc: 43.51400136947632%
Test Loss: 3.732172981262207 | Test Acc: 42.750000953674316%
Epoch: 87 | Epoch Time: 0m 59s
Train Loss: 3.672986053161621 | Train Acc: 43.50399971008301%
Test Loss: 3.7488460556030274 | Test Acc: 42.69999861717224%
Epoch: 88 | Epoch Time: 1m 40s
Train Loss: 3.6885811276245115 | Train Acc: 43.511998653411865%
Test Loss: 3.7647287292480467 | Test Acc: 42.75999963283539%
Epoch: 89 | Epoch Time: 1m 53s
Train Loss: 3.7036597854614257 | Train Acc: 43.50599944591522%
Test Loss: 3.780191000366211 | Test Acc: 42.7700012922287%
Epoch: 90 | Epoch Time: 1m 15s
Train Loss: 3.718441549682617 | Train Acc: 43.50599944591522%
Test Loss: 3.795340789794922 | Test Acc: 42.75999963283539%
Epoch: 91 | Epoch Time: 1m 9s
Train Loss: 3.7327675872802732 | Train Acc: 43.50000023841858%
Test Loss: 3.8098645568847656 | Test Acc: 42.75999963283539%
Epoch: 92 | Epoch Time: 1m 4s
Train Loss: 3.746782452697754 | Train Acc: 43.50199997425079%
Test Loss: 3.824141748046875 | Test Acc: 42.739999294281006%
Epoch: 93 | Epoch Time: 1m 2s
Train Loss: 3.7593685116577147 | Train Acc: 43.49600076675415%
Test Loss: 3.837070779418945 | Test Acc: 42.739999294281006%
Epoch: 94 | Epoch Time: 1m 4s
Train Loss: 3.771590467224121 | Train Acc: 43.48999857902527%
Test Loss: 3.8495777740478516 | Test Acc: 42.730000615119934%
Epoch: 95 | Epoch Time: 1m 4s
Train Loss: 3.7838417614746094 | Train Acc: 43.494001030921936%
Test Loss: 3.8621454376220705 | Test Acc: 42.66999959945679%
Epoch: 96 | Epoch Time: 1m 5s
Train Loss: 3.7961290991210936 | Train Acc: 43.48599910736084%
Test Loss: 3.8746442352294923 | Test Acc: 42.649999260902405%
Epoch: 97 | Epoch Time: 1m 6s
Train Loss: 3.808069760131836 | Train Acc: 43.48199963569641%
Test Loss: 3.886818460083008 | Test Acc: 42.62999892234802%
Epoch: 98 | Epoch Time: 1m 2s
Train Loss: 3.819868779296875 | Train Acc: 43.48599910736084%
Test Loss: 3.898900271606445 | Test Acc: 42.5900012254715%
Epoch: 99 | Epoch Time: 1m 0s
Train Loss: 3.8308237817382813 | Train Acc: 43.47600042819977%
Test Loss: 3.910113345336914 | Test Acc: 42.5900012254715%
Epoch: 100 | Epoch Time: 0m 56s
Train Loss: 3.8416526000976563 | Train Acc: 43.47800016403198%
Test Loss: 3.9211710632324217 | Test Acc: 42.559999227523804%
Namespace(action=14, model='CNN', seed=1)
{'model_name': 'CNN', 'device': device(type='cuda', index=0), 'log_dir': 'log\\CNN', 'ckpt_dir': 'checkpoint\\CNN', 'attack': 'raw', 'defence': 'krum', 'client_epochs': 10, 'server_epochs': 100, 'batch_size': 100, 'client_lr': 0.15, 'server_lr': 0.15, 'server_rate': 2000, 'load_ckpt': 0, 'workers': 20, 'byzantine_workers': 8, 'attack_strength': 1.0, 'k': 1, 'b': 12, 'test_frequency': 1}
======================Start Train Model [Tue May  7 17:09:17 2024]======================
Epoch: 1 | Epoch Time: 1m 26s
Train Loss: 2.2992144277954103 | Train Acc: 11.033999919891357%
Test Loss: 2.299079275512695 | Test Acc: 11.289999634027481%
Epoch: 2 | Epoch Time: 1m 25s
Train Loss: 2.2879434631347655 | Train Acc: 18.167999386787415%
Test Loss: 2.2876922607421877 | Test Acc: 18.160000443458557%
Epoch: 3 | Epoch Time: 1m 43s
Train Loss: 2.2683216766357424 | Train Acc: 21.126000583171844%
Test Loss: 2.2679092071533202 | Test Acc: 21.160000562667847%
Epoch: 4 | Epoch Time: 1m 50s
Train Loss: 2.241774027099609 | Train Acc: 22.89000004529953%
Test Loss: 2.2411037826538087 | Test Acc: 22.849999368190765%
Epoch: 5 | Epoch Time: 2m 17s
Train Loss: 2.2046978857421875 | Train Acc: 26.006001234054565%
Test Loss: 2.203649253845215 | Test Acc: 26.05000138282776%
Epoch: 6 | Epoch Time: 0m 56s
Train Loss: 2.1691069497680666 | Train Acc: 27.500000596046448%
Test Loss: 2.1675167541503906 | Test Acc: 27.820000052452087%
Epoch: 7 | Epoch Time: 0m 50s
Train Loss: 2.112477173461914 | Train Acc: 30.583998560905457%
Test Loss: 2.1100980056762695 | Test Acc: 30.480000376701355%
Epoch: 8 | Epoch Time: 0m 50s
Train Loss: 2.06145412109375 | Train Acc: 31.718000769615173%
Test Loss: 2.0587077545166017 | Test Acc: 31.99000060558319%
Epoch: 9 | Epoch Time: 0m 50s
Train Loss: 2.01048176574707 | Train Acc: 32.79600143432617%
Test Loss: 2.006816554260254 | Test Acc: 33.079999685287476%
Epoch: 10 | Epoch Time: 0m 51s
Train Loss: 1.9632170495605468 | Train Acc: 33.687999844551086%
Test Loss: 1.9592815704345703 | Test Acc: 34.09000039100647%
Epoch: 11 | Epoch Time: 0m 54s
Train Loss: 1.921537899169922 | Train Acc: 34.564000368118286%
Test Loss: 1.917257762145996 | Test Acc: 34.950000047683716%
Epoch: 12 | Epoch Time: 0m 52s
Train Loss: 1.8787275979614257 | Train Acc: 35.242000222206116%
Test Loss: 1.8740675750732423 | Test Acc: 35.53000092506409%
Epoch: 13 | Epoch Time: 0m 52s
Train Loss: 1.8474882458496094 | Train Acc: 35.67599952220917%
Test Loss: 1.8430340118408204 | Test Acc: 36.21000051498413%
Epoch: 14 | Epoch Time: 0m 51s
Train Loss: 1.8071214459228515 | Train Acc: 36.75000071525574%
Test Loss: 1.8023028610229492 | Test Acc: 37.27000057697296%
Epoch: 15 | Epoch Time: 0m 51s
Train Loss: 1.7738116940307618 | Train Acc: 37.540000677108765%
Test Loss: 1.7686557815551758 | Test Acc: 37.7700001001358%
Epoch: 16 | Epoch Time: 0m 52s
Train Loss: 1.740775708618164 | Train Acc: 38.15000057220459%
Test Loss: 1.7366139358520507 | Test Acc: 38.55000138282776%
Epoch: 17 | Epoch Time: 0m 52s
Train Loss: 1.7097530233764648 | Train Acc: 38.8839989900589%
Test Loss: 1.7049712142944335 | Test Acc: 39.1400009393692%
Epoch: 18 | Epoch Time: 0m 51s
Train Loss: 1.6869314044189454 | Train Acc: 39.342001080513%
Test Loss: 1.6824835357666015 | Test Acc: 39.7599995136261%
Epoch: 19 | Epoch Time: 0m 51s
Train Loss: 1.6657589566040039 | Train Acc: 39.99199867248535%
Test Loss: 1.660719938659668 | Test Acc: 40.220001339912415%
Epoch: 20 | Epoch Time: 0m 50s
Train Loss: 1.6506144744873046 | Train Acc: 40.45000076293945%
Test Loss: 1.6458843826293945 | Test Acc: 40.700000524520874%
Epoch: 21 | Epoch Time: 0m 48s
Train Loss: 1.6341639434814452 | Train Acc: 40.82599878311157%
Test Loss: 1.628976544189453 | Test Acc: 41.019999980926514%
Epoch: 22 | Epoch Time: 0m 59s
Train Loss: 1.6160238247680665 | Train Acc: 41.32800102233887%
Test Loss: 1.6125866302490235 | Test Acc: 41.24999940395355%
Epoch: 23 | Epoch Time: 0m 59s
Train Loss: 1.601122939758301 | Train Acc: 41.8940007686615%
Test Loss: 1.597630305480957 | Test Acc: 41.78000092506409%
Epoch: 24 | Epoch Time: 0m 59s
Train Loss: 1.5869776940917968 | Train Acc: 42.3660010099411%
Test Loss: 1.5841015213012695 | Test Acc: 42.39000082015991%
Epoch: 25 | Epoch Time: 0m 58s
Train Loss: 1.576998274230957 | Train Acc: 42.6939994096756%
Test Loss: 1.5739722625732422 | Test Acc: 42.84000098705292%
Epoch: 26 | Epoch Time: 1m 2s
Train Loss: 1.5602564736938476 | Train Acc: 43.31800043582916%
Test Loss: 1.5559626220703124 | Test Acc: 43.63999962806702%
Epoch: 27 | Epoch Time: 0m 59s
Train Loss: 1.543028146057129 | Train Acc: 43.97599995136261%
Test Loss: 1.5383123016357423 | Test Acc: 44.22999918460846%
Epoch: 28 | Epoch Time: 0m 58s
Train Loss: 1.5246131213378906 | Train Acc: 44.745999574661255%
Test Loss: 1.5215693496704101 | Test Acc: 44.7299987077713%
Epoch: 29 | Epoch Time: 0m 58s
Train Loss: 1.5110880545043945 | Train Acc: 45.1880007982254%
Test Loss: 1.509371258544922 | Test Acc: 45.37999927997589%
Epoch: 30 | Epoch Time: 0m 48s
Train Loss: 1.497074738922119 | Train Acc: 45.67199945449829%
Test Loss: 1.495194711303711 | Test Acc: 45.68000137805939%
Epoch: 31 | Epoch Time: 0m 47s
Train Loss: 1.497822784423828 | Train Acc: 45.552000403404236%
Test Loss: 1.4969148544311524 | Test Acc: 45.3000009059906%
Epoch: 32 | Epoch Time: 0m 47s
Train Loss: 1.4828832037353517 | Train Acc: 45.95600068569183%
Test Loss: 1.4818359489440918 | Test Acc: 46.0099995136261%
Epoch: 33 | Epoch Time: 0m 47s
Train Loss: 1.4706820684814452 | Train Acc: 46.74400091171265%
Test Loss: 1.4699127792358397 | Test Acc: 46.470001339912415%
Epoch: 34 | Epoch Time: 0m 47s
Train Loss: 1.4646146325683593 | Train Acc: 47.23199903964996%
Test Loss: 1.4637091850280761 | Test Acc: 47.029998898506165%
Epoch: 35 | Epoch Time: 0m 47s
Train Loss: 1.451092409362793 | Train Acc: 47.67799973487854%
Test Loss: 1.4505803840637208 | Test Acc: 47.519999742507935%
Epoch: 36 | Epoch Time: 0m 47s
Train Loss: 1.4427536434936523 | Train Acc: 47.79399931430817%
Test Loss: 1.4417950401306152 | Test Acc: 47.94999957084656%
Epoch: 37 | Epoch Time: 0m 46s
Train Loss: 1.4396504272460937 | Train Acc: 48.14000129699707%
Test Loss: 1.4404005996704101 | Test Acc: 48.170000314712524%
Epoch: 38 | Epoch Time: 0m 47s
Train Loss: 1.435178773651123 | Train Acc: 48.29599857330322%
Test Loss: 1.436049097442627 | Test Acc: 48.28999936580658%
Epoch: 39 | Epoch Time: 0m 47s
Train Loss: 1.4251291218566895 | Train Acc: 48.77400100231171%
Test Loss: 1.4258696060180664 | Test Acc: 48.75999987125397%
Epoch: 40 | Epoch Time: 0m 47s
Train Loss: 1.4230403427124023 | Train Acc: 49.06800091266632%
Test Loss: 1.4238859924316407 | Test Acc: 49.09000098705292%
Epoch: 41 | Epoch Time: 0m 47s
Train Loss: 1.4194748815917968 | Train Acc: 49.35599863529205%
Test Loss: 1.4194711631774903 | Test Acc: 49.12999868392944%
Epoch: 42 | Epoch Time: 0m 47s
Train Loss: 1.4188277490234376 | Train Acc: 49.66199994087219%
Test Loss: 1.418492407989502 | Test Acc: 49.36999976634979%
Epoch: 43 | Epoch Time: 0m 47s
Train Loss: 1.4349067573547363 | Train Acc: 49.07599985599518%
Test Loss: 1.4357051368713378 | Test Acc: 48.78999888896942%
Epoch: 44 | Epoch Time: 0m 47s
Train Loss: 1.434216503601074 | Train Acc: 49.24199879169464%
Test Loss: 1.4351365142822265 | Test Acc: 49.05000030994415%
Epoch: 45 | Epoch Time: 0m 46s
Train Loss: 1.4373888526916503 | Train Acc: 49.20800030231476%
Test Loss: 1.4381801704406738 | Test Acc: 48.989999294281006%
Epoch: 46 | Epoch Time: 0m 47s
Train Loss: 1.446704903869629 | Train Acc: 49.14200007915497%
Test Loss: 1.447273536682129 | Test Acc: 48.87999892234802%
Epoch: 47 | Epoch Time: 0m 47s
Train Loss: 1.4782417320251464 | Train Acc: 48.607999086380005%
Test Loss: 1.4796167991638183 | Test Acc: 48.32000136375427%
Epoch: 48 | Epoch Time: 0m 47s
Train Loss: 1.476477732849121 | Train Acc: 49.08599853515625%
Test Loss: 1.4773318199157714 | Test Acc: 48.80000054836273%
Epoch: 49 | Epoch Time: 0m 47s
Train Loss: 1.486816383972168 | Train Acc: 49.206000566482544%
Test Loss: 1.4876234840393066 | Test Acc: 49.09000098705292%
Epoch: 50 | Epoch Time: 0m 47s
Train Loss: 1.5156858265686035 | Train Acc: 49.140000343322754%
Test Loss: 1.5172013961791992 | Test Acc: 48.89000058174133%
Epoch: 51 | Epoch Time: 0m 47s
Train Loss: 1.5204221362304688 | Train Acc: 48.49599897861481%
Test Loss: 1.5254836250305175 | Test Acc: 48.23000133037567%
Epoch: 52 | Epoch Time: 0m 47s
Train Loss: 1.5533483891296387 | Train Acc: 48.555999994277954%
Test Loss: 1.5587265426635741 | Test Acc: 48.330000042915344%
Epoch: 53 | Epoch Time: 0m 46s
Train Loss: 1.5560181802368165 | Train Acc: 48.579999804496765%
Test Loss: 1.5596396797180176 | Test Acc: 48.539999127388%
Epoch: 54 | Epoch Time: 0m 47s
Train Loss: 1.5895027267456054 | Train Acc: 48.4279990196228%
Test Loss: 1.5924131126403809 | Test Acc: 48.339998722076416%
Epoch: 55 | Epoch Time: 0m 48s
Train Loss: 1.6196724172973633 | Train Acc: 48.34400117397308%
Test Loss: 1.622546939086914 | Test Acc: 48.159998655319214%
Epoch: 56 | Epoch Time: 0m 47s
Train Loss: 1.6703827934265136 | Train Acc: 48.36199879646301%
Test Loss: 1.6728800254821776 | Test Acc: 48.100000619888306%
Epoch: 57 | Epoch Time: 0m 47s
Train Loss: 1.7094071313476562 | Train Acc: 48.32000136375427%
Test Loss: 1.7109404792785645 | Test Acc: 48.12000095844269%
Epoch: 58 | Epoch Time: 0m 47s
Train Loss: 1.7683583995056151 | Train Acc: 48.3240008354187%
Test Loss: 1.770125242614746 | Test Acc: 48.089998960494995%
Epoch: 59 | Epoch Time: 0m 47s
Train Loss: 1.8277803079223633 | Train Acc: 48.25800061225891%
Test Loss: 1.829164697265625 | Test Acc: 47.94999957084656%
Epoch: 60 | Epoch Time: 0m 47s
Train Loss: 1.7630755839538574 | Train Acc: 48.844000697135925%
Test Loss: 1.7669583114624023 | Test Acc: 48.660001158714294%
Epoch: 61 | Epoch Time: 0m 47s
Train Loss: 1.828390802154541 | Train Acc: 48.70400130748749%
Test Loss: 1.8321360580444337 | Test Acc: 48.48000109195709%
Epoch: 62 | Epoch Time: 0m 47s
Train Loss: 1.896021007385254 | Train Acc: 48.67199957370758%
Test Loss: 1.9000762008666991 | Test Acc: 48.3599990606308%
Epoch: 63 | Epoch Time: 0m 48s
Train Loss: 1.9583906958007813 | Train Acc: 48.62399995326996%
Test Loss: 1.962205487060547 | Test Acc: 48.37000072002411%
Epoch: 64 | Epoch Time: 0m 47s
Train Loss: 2.011266437988281 | Train Acc: 48.458001017570496%
Test Loss: 2.0152980407714844 | Test Acc: 48.14999997615814%
Epoch: 65 | Epoch Time: 0m 47s
Train Loss: 2.075303038330078 | Train Acc: 48.392000794410706%
Test Loss: 2.0792521377563475 | Test Acc: 48.05999994277954%
Epoch: 66 | Epoch Time: 0m 47s
Train Loss: 2.1372498361206054 | Train Acc: 48.30799996852875%
Test Loss: 2.1412948669433596 | Test Acc: 48.05999994277954%
Epoch: 67 | Epoch Time: 0m 47s
Train Loss: 2.1962284973144532 | Train Acc: 48.249998688697815%
Test Loss: 2.200241290283203 | Test Acc: 47.99000024795532%
Epoch: 68 | Epoch Time: 0m 47s
Train Loss: 2.252839845275879 | Train Acc: 48.19200038909912%
Test Loss: 2.256813070678711 | Test Acc: 47.96999990940094%
Epoch: 69 | Epoch Time: 0m 47s
Train Loss: 2.3059792678833007 | Train Acc: 48.19000065326691%
Test Loss: 2.3098464309692384 | Test Acc: 47.97999858856201%
Epoch: 70 | Epoch Time: 0m 47s
Train Loss: 2.355824566040039 | Train Acc: 48.14000129699707%
Test Loss: 2.359803062438965 | Test Acc: 47.929999232292175%
Epoch: 71 | Epoch Time: 0m 47s
Train Loss: 2.403871973876953 | Train Acc: 48.12999963760376%
Test Loss: 2.408154574584961 | Test Acc: 47.9200005531311%
Epoch: 72 | Epoch Time: 0m 47s
Train Loss: 2.449572260437012 | Train Acc: 48.10999929904938%
Test Loss: 2.4539947052001954 | Test Acc: 47.940000891685486%
Epoch: 73 | Epoch Time: 0m 47s
Train Loss: 2.4933099880981446 | Train Acc: 48.05999994277954%
Test Loss: 2.4977142929077147 | Test Acc: 47.85999953746796%
Epoch: 74 | Epoch Time: 0m 47s
Train Loss: 2.53329843170166 | Train Acc: 48.00199866294861%
Test Loss: 2.5379346939086913 | Test Acc: 47.8300005197525%
Epoch: 75 | Epoch Time: 0m 47s
Train Loss: 2.571495989379883 | Train Acc: 47.97999858856201%
Test Loss: 2.57639415435791 | Test Acc: 47.79999852180481%
Epoch: 76 | Epoch Time: 0m 47s
Train Loss: 2.6082685079956054 | Train Acc: 47.93800115585327%
Test Loss: 2.6132663314819338 | Test Acc: 47.69999980926514%
Epoch: 77 | Epoch Time: 0m 47s
Train Loss: 2.6427811022949217 | Train Acc: 47.933998703956604%
Test Loss: 2.6480900924682618 | Test Acc: 47.65999913215637%
Epoch: 78 | Epoch Time: 0m 47s
Train Loss: 2.6756088079833984 | Train Acc: 47.87000119686127%
Test Loss: 2.6810063842773437 | Test Acc: 47.63000011444092%
Epoch: 79 | Epoch Time: 0m 47s
Train Loss: 2.7070611822509765 | Train Acc: 47.82400131225586%
Test Loss: 2.712587452697754 | Test Acc: 47.600001096725464%
Epoch: 80 | Epoch Time: 0m 47s
Train Loss: 2.7374700106811525 | Train Acc: 47.81000018119812%
Test Loss: 2.743088754272461 | Test Acc: 47.58000075817108%
Epoch: 81 | Epoch Time: 0m 46s
Train Loss: 2.7661869833374024 | Train Acc: 47.78600037097931%
Test Loss: 2.7718165283203127 | Test Acc: 47.56999909877777%
Epoch: 82 | Epoch Time: 0m 47s
Train Loss: 2.7931766275024414 | Train Acc: 47.79399931430817%
Test Loss: 2.798847802734375 | Test Acc: 47.58999943733215%
Epoch: 83 | Epoch Time: 0m 47s
Train Loss: 2.8180892312622072 | Train Acc: 47.79199957847595%
Test Loss: 2.823820771789551 | Test Acc: 47.56999909877777%
Epoch: 84 | Epoch Time: 0m 47s
Train Loss: 2.842392886657715 | Train Acc: 47.75800108909607%
Test Loss: 2.84843063659668 | Test Acc: 47.5600004196167%
Epoch: 85 | Epoch Time: 0m 47s
Train Loss: 2.865647456665039 | Train Acc: 47.74799942970276%
Test Loss: 2.871700193786621 | Test Acc: 47.54999876022339%
Epoch: 86 | Epoch Time: 0m 46s
Train Loss: 2.8878708471679686 | Train Acc: 47.71200120449066%
Test Loss: 2.8938660537719727 | Test Acc: 47.47999906539917%
Epoch: 87 | Epoch Time: 0m 47s
Train Loss: 2.9092522265625 | Train Acc: 47.68800139427185%
Test Loss: 2.915373681640625 | Test Acc: 47.51000106334686%
Epoch: 88 | Epoch Time: 0m 47s
Train Loss: 2.9299668353271486 | Train Acc: 47.68199920654297%
Test Loss: 2.9362609008789065 | Test Acc: 47.49999940395355%
Epoch: 89 | Epoch Time: 0m 46s
Train Loss: 2.9496142791748046 | Train Acc: 47.690001130104065%
Test Loss: 2.955977978515625 | Test Acc: 47.49999940395355%
Epoch: 90 | Epoch Time: 0m 47s
Train Loss: 2.9691936416625975 | Train Acc: 47.68399894237518%
Test Loss: 2.9754965728759766 | Test Acc: 47.51000106334686%
Epoch: 91 | Epoch Time: 0m 47s
Train Loss: 2.9877610568237305 | Train Acc: 47.64400124549866%
Test Loss: 2.993985237121582 | Test Acc: 47.47999906539917%
Epoch: 92 | Epoch Time: 0m 47s
Train Loss: 3.004976143798828 | Train Acc: 47.63000011444092%
Test Loss: 3.011189585876465 | Test Acc: 47.47999906539917%
Epoch: 93 | Epoch Time: 0m 46s
Train Loss: 3.021976187438965 | Train Acc: 47.61599898338318%
Test Loss: 3.028334893798828 | Test Acc: 47.440001368522644%
Epoch: 94 | Epoch Time: 0m 46s
Train Loss: 3.038220639953613 | Train Acc: 47.613999247550964%
Test Loss: 3.0446071212768553 | Test Acc: 47.4700003862381%
Epoch: 95 | Epoch Time: 0m 47s
Train Loss: 3.0538680200195314 | Train Acc: 47.613999247550964%
Test Loss: 3.0602969635009765 | Test Acc: 47.40000069141388%
Epoch: 96 | Epoch Time: 0m 47s
Train Loss: 3.0693340771484374 | Train Acc: 47.60200083255768%
Test Loss: 3.075741241455078 | Test Acc: 47.450000047683716%
Epoch: 97 | Epoch Time: 0m 47s
Train Loss: 3.084134417114258 | Train Acc: 47.58000075817108%
Test Loss: 3.090516720581055 | Test Acc: 47.450000047683716%
Epoch: 98 | Epoch Time: 0m 47s
Train Loss: 3.097708920288086 | Train Acc: 47.5739985704422%
Test Loss: 3.1041441986083984 | Test Acc: 47.42999970912933%
Epoch: 99 | Epoch Time: 0m 47s
Train Loss: 3.1117243133544923 | Train Acc: 47.571998834609985%
Test Loss: 3.118138887023926 | Test Acc: 47.38999903202057%
Epoch: 100 | Epoch Time: 0m 47s
Train Loss: 2.892216735534668 | Train Acc: 44.9319988489151%
Test Loss: 2.8718520935058596 | Test Acc: 44.7299987077713%
