Namespace(action=8, model='CNN', seed=1)
{'model_name': 'CNN', 'device': device(type='cuda', index=0), 'log_dir': 'log\\CNN', 'ckpt_dir': 'checkpoint\\CNN', 'attack': 'bf', 'defence': 'krum', 'client_epochs': 10, 'server_epochs': 100, 'batch_size': 100, 'client_lr': 0.15, 'server_lr': 0.15, 'server_rate': 2000, 'load_ckpt': 0, 'workers': 20, 'byzantine_workers': 10, 'attack_strength': -1.0, 'k': 1, 'b': 4, 'test_frequency': 1}
======================Start Train Model [Mon May  6 19:19:29 2024]======================
Epoch: 1 | Epoch Time: 1m 3s
Train Loss: 2.2974492868041994 | Train Acc: 16.274000704288483%
Test Loss: 2.2974972473144533 | Test Acc: 16.429999470710754%
Epoch: 2 | Epoch Time: 1m 4s
Train Loss: 2.2830031048583983 | Train Acc: 17.316000163555145%
Test Loss: 2.2829990798950197 | Test Acc: 17.389999330043793%
Epoch: 3 | Epoch Time: 1m 3s
Train Loss: 2.2572873901367188 | Train Acc: 19.803999364376068%
Test Loss: 2.257128968811035 | Test Acc: 20.229999721050262%
Epoch: 4 | Epoch Time: 1m 2s
Train Loss: 2.2215755343627928 | Train Acc: 23.175999522209167%
Test Loss: 2.221118357849121 | Test Acc: 23.479999601840973%
Epoch: 5 | Epoch Time: 1m 3s
Train Loss: 2.1925520275878907 | Train Acc: 23.931999504566193%
Test Loss: 2.1912981384277344 | Test Acc: 24.230000376701355%
Epoch: 6 | Epoch Time: 1m 2s
Train Loss: 2.1448674865722657 | Train Acc: 27.296000719070435%
Test Loss: 2.1431746704101564 | Test Acc: 27.129998803138733%
Epoch: 7 | Epoch Time: 1m 2s
Train Loss: 2.088072534790039 | Train Acc: 30.489999055862427%
Test Loss: 2.08639948425293 | Test Acc: 30.790001153945923%
Epoch: 8 | Epoch Time: 1m 0s
Train Loss: 2.038276248779297 | Train Acc: 31.242001056671143%
Test Loss: 2.036409748840332 | Test Acc: 30.93000054359436%
Epoch: 9 | Epoch Time: 1m 3s
Train Loss: 1.9935345568847656 | Train Acc: 31.907999515533447%
Test Loss: 1.9917630325317384 | Test Acc: 31.920000910758972%
Epoch: 10 | Epoch Time: 1m 3s
Train Loss: 1.9639504077148437 | Train Acc: 33.05799961090088%
Test Loss: 1.9616698806762696 | Test Acc: 32.62999951839447%
Epoch: 11 | Epoch Time: 1m 2s
Train Loss: 1.920572508544922 | Train Acc: 33.80599915981293%
Test Loss: 1.91814912109375 | Test Acc: 33.7799996137619%
Epoch: 12 | Epoch Time: 1m 2s
Train Loss: 1.8761703048706055 | Train Acc: 34.689998626708984%
Test Loss: 1.8736624404907227 | Test Acc: 34.83000099658966%
Epoch: 13 | Epoch Time: 1m 2s
Train Loss: 1.8450778787231445 | Train Acc: 36.14799976348877%
Test Loss: 1.8428225616455078 | Test Acc: 36.5200012922287%
Epoch: 14 | Epoch Time: 1m 3s
Train Loss: 1.8073826205444337 | Train Acc: 37.342000007629395%
Test Loss: 1.806094076538086 | Test Acc: 37.56999969482422%
Epoch: 15 | Epoch Time: 1m 4s
Train Loss: 1.772045578918457 | Train Acc: 37.91399896144867%
Test Loss: 1.7702700958251953 | Test Acc: 38.5699987411499%
Epoch: 16 | Epoch Time: 1m 2s
Train Loss: 1.7468440908813476 | Train Acc: 38.047999143600464%
Test Loss: 1.7457984619140625 | Test Acc: 38.22000026702881%
Epoch: 17 | Epoch Time: 1m 3s
Train Loss: 1.7283018905639649 | Train Acc: 37.67000138759613%
Test Loss: 1.7277383743286132 | Test Acc: 37.380000948905945%
Epoch: 18 | Epoch Time: 1m 3s
Train Loss: 1.7029921923828124 | Train Acc: 38.45199942588806%
Test Loss: 1.7028303512573242 | Test Acc: 38.06999921798706%
Epoch: 19 | Epoch Time: 1m 2s
Train Loss: 1.6726539605712891 | Train Acc: 39.30799961090088%
Test Loss: 1.6741702621459962 | Test Acc: 39.12000060081482%
Epoch: 20 | Epoch Time: 1m 3s
Train Loss: 1.6583887719726562 | Train Acc: 39.809998869895935%
Test Loss: 1.6609356353759765 | Test Acc: 39.35000002384186%
Epoch: 21 | Epoch Time: 1m 0s
Train Loss: 1.6487173861694335 | Train Acc: 39.83199894428253%
Test Loss: 1.6512421600341798 | Test Acc: 39.6699994802475%
Epoch: 22 | Epoch Time: 1m 1s
Train Loss: 1.6356101837158203 | Train Acc: 40.417999029159546%
Test Loss: 1.6399496719360351 | Test Acc: 39.95000123977661%
Epoch: 23 | Epoch Time: 1m 1s
Train Loss: 1.6288041000366211 | Train Acc: 40.685999393463135%
Test Loss: 1.6340757843017577 | Test Acc: 40.230000019073486%
Epoch: 24 | Epoch Time: 1m 2s
Train Loss: 1.620878116760254 | Train Acc: 41.11799895763397%
Test Loss: 1.627013639831543 | Test Acc: 40.75999855995178%
Epoch: 25 | Epoch Time: 1m 0s
Train Loss: 1.6105189569091798 | Train Acc: 41.69999957084656%
Test Loss: 1.6184955520629882 | Test Acc: 40.88999927043915%
Epoch: 26 | Epoch Time: 1m 1s
Train Loss: 1.6171547241210937 | Train Acc: 41.76400005817413%
Test Loss: 1.6263272994995117 | Test Acc: 41.06999933719635%
Epoch: 27 | Epoch Time: 1m 4s
Train Loss: 1.612121413269043 | Train Acc: 42.21599996089935%
Test Loss: 1.6242408416748046 | Test Acc: 41.33999943733215%
Epoch: 28 | Epoch Time: 1m 5s
Train Loss: 1.6211215493774414 | Train Acc: 41.958001255989075%
Test Loss: 1.6339660903930664 | Test Acc: 41.42000079154968%
Epoch: 29 | Epoch Time: 0m 57s
Train Loss: 1.6317705528259276 | Train Acc: 42.1860009431839%
Test Loss: 1.6470899291992187 | Test Acc: 41.4900004863739%
Epoch: 30 | Epoch Time: 1m 1s
Train Loss: 1.6356502462768554 | Train Acc: 42.353999614715576%
Test Loss: 1.65459697265625 | Test Acc: 41.78000092506409%
Epoch: 31 | Epoch Time: 1m 3s
Train Loss: 1.6379485304260253 | Train Acc: 42.44000017642975%
Test Loss: 1.6599732162475587 | Test Acc: 41.62999987602234%
Epoch: 32 | Epoch Time: 1m 1s
Train Loss: 1.650095235900879 | Train Acc: 42.4019992351532%
Test Loss: 1.675286979675293 | Test Acc: 41.5800005197525%
Epoch: 33 | Epoch Time: 0m 59s
Train Loss: 1.649562508544922 | Train Acc: 42.778000235557556%
Test Loss: 1.6767781677246094 | Test Acc: 41.760000586509705%
Epoch: 34 | Epoch Time: 1m 2s
Train Loss: 1.6807405841064453 | Train Acc: 42.54400134086609%
Test Loss: 1.7120749710083007 | Test Acc: 41.6700005531311%
Epoch: 35 | Epoch Time: 1m 1s
Train Loss: 1.704971121673584 | Train Acc: 42.62399971485138%
Test Loss: 1.7375215209960937 | Test Acc: 41.429999470710754%
Epoch: 36 | Epoch Time: 1m 3s
Train Loss: 1.7360401902770997 | Train Acc: 42.82599985599518%
Test Loss: 1.771816781616211 | Test Acc: 41.60999953746796%
Epoch: 37 | Epoch Time: 1m 4s
Train Loss: 1.77249674118042 | Train Acc: 42.86800026893616%
Test Loss: 1.810234373474121 | Test Acc: 41.87999963760376%
Epoch: 38 | Epoch Time: 1m 1s
Train Loss: 1.8041049967956544 | Train Acc: 43.06400120258331%
Test Loss: 1.8447711044311523 | Test Acc: 42.10000038146973%
Epoch: 39 | Epoch Time: 1m 2s
Train Loss: 1.836398365020752 | Train Acc: 43.00000071525574%
Test Loss: 1.8787608825683593 | Test Acc: 42.03999936580658%
Epoch: 40 | Epoch Time: 1m 5s
Train Loss: 1.8848829391479491 | Train Acc: 43.13200116157532%
Test Loss: 1.9295055938720702 | Test Acc: 42.14999973773956%
Epoch: 41 | Epoch Time: 1m 1s
Train Loss: 1.9230396575927735 | Train Acc: 43.070000410079956%
Test Loss: 1.9697894912719727 | Test Acc: 42.30000078678131%
Epoch: 42 | Epoch Time: 1m 3s
Train Loss: 1.9822206106567384 | Train Acc: 43.116000294685364%
Test Loss: 2.031721147155762 | Test Acc: 42.289999127388%
Epoch: 43 | Epoch Time: 1m 1s
Train Loss: 1.8838860845947265 | Train Acc: 41.86199903488159%
Test Loss: 1.929649774169922 | Test Acc: 40.860000252723694%
Epoch: 44 | Epoch Time: 1m 8s
Train Loss: 1.8554797039794921 | Train Acc: 41.35200083255768%
Test Loss: 1.897901057434082 | Test Acc: 40.63999950885773%
Epoch: 45 | Epoch Time: 1m 5s
Train Loss: 1.8646418353271483 | Train Acc: 41.26800000667572%
Test Loss: 1.9069434463500976 | Test Acc: 40.25999903678894%
Epoch: 46 | Epoch Time: 1m 8s
Train Loss: 1.9246292980957032 | Train Acc: 41.65000021457672%
Test Loss: 1.9699462768554687 | Test Acc: 40.720000863075256%
Epoch: 47 | Epoch Time: 1m 2s
Train Loss: 2.0013666683959963 | Train Acc: 41.92799925804138%
Test Loss: 2.0499823608398438 | Test Acc: 40.97000062465668%
Epoch: 48 | Epoch Time: 1m 8s
Train Loss: 2.0789119161987304 | Train Acc: 41.98800027370453%
Test Loss: 2.1292743362426756 | Test Acc: 40.97999930381775%
Epoch: 49 | Epoch Time: 1m 8s
Train Loss: 2.1596062133789062 | Train Acc: 42.12400019168854%
Test Loss: 2.2132602920532225 | Test Acc: 41.280001401901245%
Epoch: 50 | Epoch Time: 1m 7s
Train Loss: 2.243212537536621 | Train Acc: 42.28200018405914%
Test Loss: 2.300021824645996 | Test Acc: 41.3100004196167%
Epoch: 51 | Epoch Time: 1m 7s
Train Loss: 2.3241419299316406 | Train Acc: 42.3799991607666%
Test Loss: 2.3834476440429686 | Test Acc: 41.510000824928284%
Epoch: 52 | Epoch Time: 1m 3s
Train Loss: 2.401309118347168 | Train Acc: 42.49599874019623%
Test Loss: 2.4631895309448244 | Test Acc: 41.65999889373779%
Epoch: 53 | Epoch Time: 1m 4s
Train Loss: 2.473632180786133 | Train Acc: 42.50200092792511%
Test Loss: 2.5382528060913088 | Test Acc: 41.44999980926514%
Epoch: 54 | Epoch Time: 1m 5s
Train Loss: 2.545290478210449 | Train Acc: 42.52200126647949%
Test Loss: 2.6121288940429688 | Test Acc: 41.33999943733215%
Epoch: 55 | Epoch Time: 1m 7s
Train Loss: 2.616370029907227 | Train Acc: 42.54800081253052%
Test Loss: 2.684893061828613 | Test Acc: 41.40999913215637%
Epoch: 56 | Epoch Time: 1m 8s
Train Loss: 2.682319264526367 | Train Acc: 42.56199896335602%
Test Loss: 2.752533004760742 | Test Acc: 41.46000146865845%
Epoch: 57 | Epoch Time: 1m 7s
Train Loss: 2.7454909451293945 | Train Acc: 42.541998624801636%
Test Loss: 2.817250833129883 | Test Acc: 41.42000079154968%
Epoch: 58 | Epoch Time: 1m 7s
Train Loss: 2.804768246459961 | Train Acc: 42.49599874019623%
Test Loss: 2.8779705871582033 | Test Acc: 41.33999943733215%
Epoch: 59 | Epoch Time: 1m 6s
Train Loss: 2.860423694763184 | Train Acc: 42.49800145626068%
Test Loss: 2.934852993774414 | Test Acc: 41.29999876022339%
Epoch: 60 | Epoch Time: 1m 5s
Train Loss: 2.9129644290161134 | Train Acc: 42.50600039958954%
Test Loss: 2.9885783615112307 | Test Acc: 41.350001096725464%
Epoch: 61 | Epoch Time: 1m 5s
Train Loss: 2.9633543536376954 | Train Acc: 42.504000663757324%
Test Loss: 3.0400664505004884 | Test Acc: 41.280001401901245%
Epoch: 62 | Epoch Time: 1m 3s
Train Loss: 3.0101775369262693 | Train Acc: 42.46000051498413%
Test Loss: 3.0880353775024414 | Test Acc: 41.29000008106232%
Epoch: 63 | Epoch Time: 1m 5s
Train Loss: 3.055603138122559 | Train Acc: 42.44199991226196%
Test Loss: 3.1344113052368163 | Test Acc: 41.24999940395355%
Epoch: 64 | Epoch Time: 1m 3s
Train Loss: 3.097217562866211 | Train Acc: 42.447999119758606%
Test Loss: 3.1769960861206057 | Test Acc: 41.24999940395355%
Epoch: 65 | Epoch Time: 1m 7s
Train Loss: 3.137230182495117 | Train Acc: 42.41800010204315%
Test Loss: 3.2179765197753905 | Test Acc: 41.29999876022339%
Epoch: 66 | Epoch Time: 1m 11s
Train Loss: 3.1746770697021485 | Train Acc: 42.381998896598816%
Test Loss: 3.256320301818848 | Test Acc: 41.359999775886536%
Epoch: 67 | Epoch Time: 1m 10s
Train Loss: 3.210181455993652 | Train Acc: 42.4019992351532%
Test Loss: 3.2927215087890627 | Test Acc: 41.40999913215637%
Epoch: 68 | Epoch Time: 1m 9s
Train Loss: 3.2440168936157225 | Train Acc: 42.39799976348877%
Test Loss: 3.3272454193115233 | Test Acc: 41.38000011444092%
Epoch: 69 | Epoch Time: 1m 8s
Train Loss: 3.275418603515625 | Train Acc: 42.41800010204315%
Test Loss: 3.3595267852783204 | Test Acc: 41.29000008106232%
Epoch: 70 | Epoch Time: 1m 6s
Train Loss: 3.3051109963989256 | Train Acc: 42.4019992351532%
Test Loss: 3.389968620300293 | Test Acc: 41.29000008106232%
Epoch: 71 | Epoch Time: 1m 5s
Train Loss: 3.3341222998046876 | Train Acc: 42.39799976348877%
Test Loss: 3.4195876953125 | Test Acc: 41.3100004196167%
Epoch: 72 | Epoch Time: 1m 4s
Train Loss: 3.3619298529052735 | Train Acc: 42.39200055599213%
Test Loss: 3.448085092163086 | Test Acc: 41.3100004196167%
Epoch: 73 | Epoch Time: 1m 5s
Train Loss: 3.387963161621094 | Train Acc: 42.399999499320984%
Test Loss: 3.474770198059082 | Test Acc: 41.280001401901245%
Epoch: 74 | Epoch Time: 1m 12s
Train Loss: 3.4129446875 | Train Acc: 42.39200055599213%
Test Loss: 3.500362887573242 | Test Acc: 41.24999940395355%
Epoch: 75 | Epoch Time: 1m 11s
Train Loss: 3.437363298950195 | Train Acc: 42.368000745773315%
Test Loss: 3.525338421630859 | Test Acc: 41.22999906539917%
Epoch: 76 | Epoch Time: 1m 9s
Train Loss: 3.459847456359863 | Train Acc: 42.38399863243103%
Test Loss: 3.548438885498047 | Test Acc: 41.2200003862381%
Epoch: 77 | Epoch Time: 1m 10s
Train Loss: 3.4823235873413085 | Train Acc: 42.34800040721893%
Test Loss: 3.5714437759399416 | Test Acc: 41.22999906539917%
Epoch: 78 | Epoch Time: 1m 8s
Train Loss: 3.5038216305541994 | Train Acc: 42.333999276161194%
Test Loss: 3.5933278427124025 | Test Acc: 41.24999940395355%
Epoch: 79 | Epoch Time: 1m 14s
Train Loss: 3.5242310568237305 | Train Acc: 42.333999276161194%
Test Loss: 3.6141935653686525 | Test Acc: 41.280001401901245%
Epoch: 80 | Epoch Time: 1m 12s
Train Loss: 3.543623327026367 | Train Acc: 42.32400059700012%
Test Loss: 3.634087399291992 | Test Acc: 41.29000008106232%
Epoch: 81 | Epoch Time: 1m 1s
Train Loss: 3.5628936199951173 | Train Acc: 42.305999994277954%
Test Loss: 3.653752145385742 | Test Acc: 41.280001401901245%
Epoch: 82 | Epoch Time: 1m 11s
Train Loss: 3.581036735229492 | Train Acc: 42.30000078678131%
Test Loss: 3.6723442474365235 | Test Acc: 41.24999940395355%
Epoch: 83 | Epoch Time: 1m 12s
Train Loss: 3.59867580871582 | Train Acc: 42.29399859905243%
Test Loss: 3.6903723999023437 | Test Acc: 41.22999906539917%
Epoch: 84 | Epoch Time: 1m 10s
Train Loss: 3.615819747314453 | Train Acc: 42.29399859905243%
Test Loss: 3.7078749084472657 | Test Acc: 41.24999940395355%
Epoch: 85 | Epoch Time: 1m 10s
Train Loss: 3.631809969177246 | Train Acc: 42.289999127388%
Test Loss: 3.7243302825927733 | Test Acc: 41.269999742507935%
Epoch: 86 | Epoch Time: 1m 9s
Train Loss: 3.6474640884399414 | Train Acc: 42.291998863220215%
Test Loss: 3.740255532836914 | Test Acc: 41.26000106334686%
Epoch: 87 | Epoch Time: 1m 4s
Train Loss: 3.6625900283813477 | Train Acc: 42.28599965572357%
Test Loss: 3.7557150329589843 | Test Acc: 41.24000072479248%
Epoch: 88 | Epoch Time: 1m 10s
Train Loss: 3.6772170977783203 | Train Acc: 42.28200018405914%
Test Loss: 3.7706779388427734 | Test Acc: 41.22999906539917%
Epoch: 89 | Epoch Time: 1m 12s
Train Loss: 3.6913354248046875 | Train Acc: 42.2980010509491%
Test Loss: 3.7849979858398437 | Test Acc: 41.24000072479248%
Epoch: 90 | Epoch Time: 1m 10s
Train Loss: 3.7055041995239257 | Train Acc: 42.30400025844574%
Test Loss: 3.799419223022461 | Test Acc: 41.26000106334686%
Epoch: 91 | Epoch Time: 1m 12s
Train Loss: 3.7182979388427735 | Train Acc: 42.29399859905243%
Test Loss: 3.812572412109375 | Test Acc: 41.29999876022339%
Epoch: 92 | Epoch Time: 1m 9s
Train Loss: 3.730803718261719 | Train Acc: 42.30000078678131%
Test Loss: 3.8254094543457033 | Test Acc: 41.269999742507935%
Epoch: 93 | Epoch Time: 1m 4s
Train Loss: 3.7434944415283202 | Train Acc: 42.32200086116791%
Test Loss: 3.8383795104980467 | Test Acc: 41.280001401901245%
Epoch: 94 | Epoch Time: 1m 3s
Train Loss: 3.756279308166504 | Train Acc: 42.33199954032898%
Test Loss: 3.851469274902344 | Test Acc: 41.3100004196167%
Epoch: 95 | Epoch Time: 0m 59s
Train Loss: 3.7685379751586914 | Train Acc: 42.32400059700012%
Test Loss: 3.8638950103759764 | Test Acc: 41.3100004196167%
Epoch: 96 | Epoch Time: 1m 1s
Train Loss: 3.780113818664551 | Train Acc: 42.32000112533569%
Test Loss: 3.875723455810547 | Test Acc: 41.29999876022339%
Epoch: 97 | Epoch Time: 1m 2s
Train Loss: 3.7910632290649415 | Train Acc: 42.315998673439026%
Test Loss: 3.8869765014648436 | Test Acc: 41.3100004196167%
Epoch: 98 | Epoch Time: 1m 1s
Train Loss: 3.8017219442749024 | Train Acc: 42.32200086116791%
Test Loss: 3.8978696960449217 | Test Acc: 41.29000008106232%
Epoch: 99 | Epoch Time: 1m 4s
Train Loss: 3.8123792782592774 | Train Acc: 42.32000112533569%
Test Loss: 3.9087083587646485 | Test Acc: 41.29999876022339%
Epoch: 100 | Epoch Time: 0m 58s
Train Loss: 3.8228371337890623 | Train Acc: 42.305999994277954%
Test Loss: 3.919362805175781 | Test Acc: 41.3100004196167%
Namespace(action=8, model='CNN', seed=1)
{'model_name': 'CNN', 'device': device(type='cuda', index=0), 'log_dir': 'log\\CNN', 'ckpt_dir': 'checkpoint\\CNN', 'attack': 'bf', 'defence': 'krum', 'client_epochs': 10, 'server_epochs': 100, 'batch_size': 100, 'client_lr': 0.15, 'server_lr': 0.15, 'server_rate': 2000, 'load_ckpt': 0, 'workers': 20, 'byzantine_workers': 10, 'attack_strength': -1.0, 'k': 1, 'b': 4, 'test_frequency': 1}
======================Start Train Model [Wed May  8 01:01:11 2024]======================
Epoch: 1 | Epoch Time: 0m 45s
Train Loss: 2.2956167395019533 | Train Acc: 16.033999621868134%
Test Loss: 2.2956627685546875 | Test Acc: 16.050000488758087%
Epoch: 2 | Epoch Time: 0m 46s
Train Loss: 2.2792301635742187 | Train Acc: 19.213999807834625%
Test Loss: 2.279158654785156 | Test Acc: 19.370000064373016%
Epoch: 3 | Epoch Time: 0m 46s
Train Loss: 2.2535350927734377 | Train Acc: 23.24800044298172%
Test Loss: 2.253207371520996 | Test Acc: 23.37999939918518%
Epoch: 4 | Epoch Time: 0m 46s
Train Loss: 2.2151270733642576 | Train Acc: 25.698000192642212%
Test Loss: 2.21455732421875 | Test Acc: 26.010000705718994%
Epoch: 5 | Epoch Time: 0m 46s
Train Loss: 2.1750017514038085 | Train Acc: 29.34800088405609%
Test Loss: 2.174165687561035 | Test Acc: 29.28999960422516%
Epoch: 6 | Epoch Time: 0m 46s
Train Loss: 2.1279025469970705 | Train Acc: 31.349998712539673%
Test Loss: 2.1268203704833986 | Test Acc: 31.769999861717224%
Epoch: 7 | Epoch Time: 0m 46s
Train Loss: 2.0786365716552733 | Train Acc: 32.44999945163727%
Test Loss: 2.0766637725830077 | Test Acc: 32.749998569488525%
Epoch: 8 | Epoch Time: 0m 46s
Train Loss: 2.0302066662597658 | Train Acc: 34.101998805999756%
Test Loss: 2.0280940231323243 | Test Acc: 34.79999899864197%
Epoch: 9 | Epoch Time: 0m 46s
Train Loss: 1.98208658203125 | Train Acc: 34.606000781059265%
Test Loss: 1.979606494140625 | Test Acc: 35.24999916553497%
Epoch: 10 | Epoch Time: 0m 45s
Train Loss: 1.9343776580810548 | Train Acc: 36.15399897098541%
Test Loss: 1.9314357955932617 | Test Acc: 36.649999022483826%
Epoch: 11 | Epoch Time: 0m 46s
Train Loss: 1.887151731567383 | Train Acc: 37.05599904060364%
Test Loss: 1.8836905166625977 | Test Acc: 37.49000132083893%
Epoch: 12 | Epoch Time: 0m 46s
Train Loss: 1.8478675415039063 | Train Acc: 37.365999817848206%
Test Loss: 1.844242886352539 | Test Acc: 37.79999911785126%
Epoch: 13 | Epoch Time: 0m 47s
Train Loss: 1.8097260409545899 | Train Acc: 38.58399987220764%
Test Loss: 1.8058307266235352 | Test Acc: 38.999998569488525%
Epoch: 14 | Epoch Time: 0m 46s
Train Loss: 1.779149813232422 | Train Acc: 39.513999223709106%
Test Loss: 1.7754790252685546 | Test Acc: 39.86000120639801%
Epoch: 15 | Epoch Time: 0m 47s
Train Loss: 1.7467887268066407 | Train Acc: 40.14999866485596%
Test Loss: 1.7427496688842774 | Test Acc: 40.299999713897705%
Epoch: 16 | Epoch Time: 0m 47s
Train Loss: 1.7150929522705078 | Train Acc: 40.74400067329407%
Test Loss: 1.7115798080444335 | Test Acc: 41.040000319480896%
Epoch: 17 | Epoch Time: 0m 46s
Train Loss: 1.689466480102539 | Train Acc: 41.35800004005432%
Test Loss: 1.6860722457885742 | Test Acc: 41.679999232292175%
Epoch: 18 | Epoch Time: 0m 46s
Train Loss: 1.6657385299682617 | Train Acc: 41.76200032234192%
Test Loss: 1.6625830062866211 | Test Acc: 42.10000038146973%
Epoch: 19 | Epoch Time: 0m 46s
Train Loss: 1.6506414517211914 | Train Acc: 41.8940007686615%
Test Loss: 1.6491720260620117 | Test Acc: 42.16000139713287%
Epoch: 20 | Epoch Time: 0m 46s
Train Loss: 1.6211355822753906 | Train Acc: 42.68200099468231%
Test Loss: 1.619729344177246 | Test Acc: 42.87999868392944%
Epoch: 21 | Epoch Time: 0m 45s
Train Loss: 1.5992658560180664 | Train Acc: 43.15800070762634%
Test Loss: 1.5992364959716796 | Test Acc: 43.540000915527344%
Epoch: 22 | Epoch Time: 0m 46s
Train Loss: 1.5850416033935546 | Train Acc: 43.11000108718872%
Test Loss: 1.5856535369873046 | Test Acc: 43.66999864578247%
Epoch: 23 | Epoch Time: 0m 46s
Train Loss: 1.567445375366211 | Train Acc: 43.78400146961212%
Test Loss: 1.5682264785766602 | Test Acc: 43.77000033855438%
Epoch: 24 | Epoch Time: 0m 46s
Train Loss: 1.5492879571533202 | Train Acc: 44.223999977111816%
Test Loss: 1.5507897232055665 | Test Acc: 44.4599986076355%
Epoch: 25 | Epoch Time: 0m 46s
Train Loss: 1.5314681008911133 | Train Acc: 44.613999128341675%
Test Loss: 1.5324502990722657 | Test Acc: 45.100000500679016%
Epoch: 26 | Epoch Time: 0m 46s
Train Loss: 1.5199623355102538 | Train Acc: 45.298001170158386%
Test Loss: 1.5212702682495116 | Test Acc: 45.60000002384186%
Epoch: 27 | Epoch Time: 0m 46s
Train Loss: 1.514884262084961 | Train Acc: 45.32400071620941%
Test Loss: 1.5170824569702148 | Test Acc: 45.28000056743622%
Epoch: 28 | Epoch Time: 0m 46s
Train Loss: 1.4940677233886719 | Train Acc: 45.98599970340729%
Test Loss: 1.4965195846557617 | Test Acc: 46.389999985694885%
Epoch: 29 | Epoch Time: 0m 46s
Train Loss: 1.4801686254882813 | Train Acc: 46.612000465393066%
Test Loss: 1.48332308883667 | Test Acc: 46.59000039100647%
Epoch: 30 | Epoch Time: 0m 46s
Train Loss: 1.4835732205200196 | Train Acc: 46.522000432014465%
Test Loss: 1.487300634765625 | Test Acc: 46.480000019073486%
Epoch: 31 | Epoch Time: 0m 46s
Train Loss: 1.4895559753417968 | Train Acc: 46.15199863910675%
Test Loss: 1.4934817596435548 | Test Acc: 46.129998564720154%
Epoch: 32 | Epoch Time: 0m 46s
Train Loss: 1.4753238606262207 | Train Acc: 46.841999888420105%
Test Loss: 1.4802825622558593 | Test Acc: 46.790000796318054%
Epoch: 33 | Epoch Time: 0m 46s
Train Loss: 1.4748592915344239 | Train Acc: 46.922001242637634%
Test Loss: 1.4810924476623535 | Test Acc: 46.43999934196472%
Epoch: 34 | Epoch Time: 0m 47s
Train Loss: 1.4679384005737304 | Train Acc: 47.266000509262085%
Test Loss: 1.4759599906921386 | Test Acc: 46.97999954223633%
Epoch: 35 | Epoch Time: 0m 46s
Train Loss: 1.4409653842163086 | Train Acc: 48.33199977874756%
Test Loss: 1.449422135925293 | Test Acc: 47.769999504089355%
Epoch: 36 | Epoch Time: 0m 46s
Train Loss: 1.4294120402526855 | Train Acc: 48.73000085353851%
Test Loss: 1.438177251434326 | Test Acc: 47.97999858856201%
Epoch: 37 | Epoch Time: 0m 47s
Train Loss: 1.4354356266784667 | Train Acc: 48.70400130748749%
Test Loss: 1.4446894218444823 | Test Acc: 48.28000068664551%
Epoch: 38 | Epoch Time: 0m 46s
Train Loss: 1.451631865234375 | Train Acc: 48.443999886512756%
Test Loss: 1.4617043731689454 | Test Acc: 48.14000129699707%
Epoch: 39 | Epoch Time: 0m 46s
Train Loss: 1.4578793725585937 | Train Acc: 48.41600060462952%
Test Loss: 1.4693291786193847 | Test Acc: 48.06999862194061%
Epoch: 40 | Epoch Time: 0m 46s
Train Loss: 1.4624142338562012 | Train Acc: 48.62799942493439%
Test Loss: 1.4749566947937012 | Test Acc: 48.669999837875366%
Epoch: 41 | Epoch Time: 0m 46s
Train Loss: 1.4761868743896485 | Train Acc: 48.618000745773315%
Test Loss: 1.4896228286743165 | Test Acc: 48.28999936580658%
Epoch: 42 | Epoch Time: 0m 46s
Train Loss: 1.4949281550598144 | Train Acc: 48.66400063037872%
Test Loss: 1.5092256416320802 | Test Acc: 48.37999939918518%
Epoch: 43 | Epoch Time: 0m 46s
Train Loss: 1.5105299638366698 | Train Acc: 48.46400022506714%
Test Loss: 1.526673715209961 | Test Acc: 47.88999855518341%
Epoch: 44 | Epoch Time: 0m 46s
Train Loss: 1.5241456747436524 | Train Acc: 48.462000489234924%
Test Loss: 1.5417878456115723 | Test Acc: 47.679999470710754%
Epoch: 45 | Epoch Time: 0m 46s
Train Loss: 1.5215504997253417 | Train Acc: 47.9640007019043%
Test Loss: 1.5447174049377441 | Test Acc: 47.02000021934509%
Epoch: 46 | Epoch Time: 0m 46s
Train Loss: 1.537908291168213 | Train Acc: 47.58999943733215%
Test Loss: 1.5620577758789063 | Test Acc: 46.470001339912415%
Epoch: 47 | Epoch Time: 0m 46s
Train Loss: 1.5048615773010254 | Train Acc: 48.669999837875366%
Test Loss: 1.5293218376159667 | Test Acc: 47.5600004196167%
Epoch: 48 | Epoch Time: 0m 46s
Train Loss: 1.5316626219177245 | Train Acc: 48.513999581336975%
Test Loss: 1.557805948638916 | Test Acc: 47.519999742507935%
Epoch: 49 | Epoch Time: 0m 47s
Train Loss: 1.56369566696167 | Train Acc: 48.611998558044434%
Test Loss: 1.5916176109313964 | Test Acc: 47.54999876022339%
Epoch: 50 | Epoch Time: 0m 46s
Train Loss: 1.5551016384887695 | Train Acc: 48.49399924278259%
Test Loss: 1.583689533996582 | Test Acc: 47.24999964237213%
Epoch: 51 | Epoch Time: 0m 46s
Train Loss: 1.5911748599243165 | Train Acc: 48.579999804496765%
Test Loss: 1.6218069442749024 | Test Acc: 47.36999869346619%
Epoch: 52 | Epoch Time: 0m 46s
Train Loss: 1.6285545402526855 | Train Acc: 48.58599901199341%
Test Loss: 1.6595254943847657 | Test Acc: 47.519999742507935%
Epoch: 53 | Epoch Time: 0m 46s
Train Loss: 1.6719807359313965 | Train Acc: 48.50800037384033%
Test Loss: 1.703907292175293 | Test Acc: 47.56999909877777%
Epoch: 54 | Epoch Time: 0m 46s
Train Loss: 1.7194711807250977 | Train Acc: 48.552000522613525%
Test Loss: 1.7533277557373046 | Test Acc: 47.54000008106232%
Epoch: 55 | Epoch Time: 0m 46s
Train Loss: 1.7833750318908692 | Train Acc: 48.62000048160553%
Test Loss: 1.8196732727050782 | Test Acc: 47.38999903202057%
Epoch: 56 | Epoch Time: 0m 46s
Train Loss: 1.8391887730407714 | Train Acc: 48.64200055599213%
Test Loss: 1.87751339263916 | Test Acc: 47.33999967575073%
Epoch: 57 | Epoch Time: 0m 46s
Train Loss: 1.9076838676452637 | Train Acc: 48.6299991607666%
Test Loss: 1.9479033340454102 | Test Acc: 47.26000130176544%
Epoch: 58 | Epoch Time: 0m 46s
Train Loss: 1.97765427734375 | Train Acc: 48.53399991989136%
Test Loss: 2.0200071960449217 | Test Acc: 47.200000286102295%
Epoch: 59 | Epoch Time: 0m 46s
Train Loss: 2.032318243713379 | Train Acc: 48.510000109672546%
Test Loss: 2.074572149658203 | Test Acc: 46.86000049114227%
Epoch: 60 | Epoch Time: 0m 46s
Train Loss: 2.0965028634643557 | Train Acc: 48.44000041484833%
Test Loss: 2.1414063247680666 | Test Acc: 46.93999886512756%
Epoch: 61 | Epoch Time: 0m 46s
Train Loss: 2.1595575112915038 | Train Acc: 48.36399853229523%
Test Loss: 2.2069572494506837 | Test Acc: 46.86000049114227%
Epoch: 62 | Epoch Time: 0m 47s
Train Loss: 2.220453277282715 | Train Acc: 48.3599990606308%
Test Loss: 2.26993009185791 | Test Acc: 46.86000049114227%
Epoch: 63 | Epoch Time: 0m 46s
Train Loss: 2.2781621896362303 | Train Acc: 48.249998688697815%
Test Loss: 2.3297809600830077 | Test Acc: 46.83000147342682%
Epoch: 64 | Epoch Time: 0m 46s
Train Loss: 2.3334938928222657 | Train Acc: 48.166000843048096%
Test Loss: 2.3869660446166994 | Test Acc: 46.880000829696655%
Epoch: 65 | Epoch Time: 0m 46s
Train Loss: 2.386903553466797 | Train Acc: 48.12400043010712%
Test Loss: 2.4421898956298826 | Test Acc: 46.81999981403351%
Epoch: 66 | Epoch Time: 0m 46s
Train Loss: 2.4359423211669924 | Train Acc: 48.118001222610474%
Test Loss: 2.4925462036132813 | Test Acc: 46.77000045776367%
Epoch: 67 | Epoch Time: 0m 46s
Train Loss: 2.4836609674072267 | Train Acc: 48.08000028133392%
Test Loss: 2.541679739379883 | Test Acc: 46.72999978065491%
Epoch: 68 | Epoch Time: 0m 46s
Train Loss: 2.5292268606567383 | Train Acc: 48.05800020694733%
Test Loss: 2.588307780456543 | Test Acc: 46.799999475479126%
Epoch: 69 | Epoch Time: 0m 46s
Train Loss: 2.572918994445801 | Train Acc: 48.03999960422516%
Test Loss: 2.633297425842285 | Test Acc: 46.90000116825104%
Epoch: 70 | Epoch Time: 0m 46s
Train Loss: 2.613368669433594 | Train Acc: 48.02199900150299%
Test Loss: 2.6750194595336914 | Test Acc: 46.99000120162964%
Epoch: 71 | Epoch Time: 0m 46s
Train Loss: 2.651280181274414 | Train Acc: 48.023998737335205%
Test Loss: 2.7141303451538086 | Test Acc: 46.88999950885773%
Epoch: 72 | Epoch Time: 0m 46s
Train Loss: 2.6881016033935548 | Train Acc: 48.019999265670776%
Test Loss: 2.7521532165527343 | Test Acc: 46.81000113487244%
Epoch: 73 | Epoch Time: 0m 46s
Train Loss: 2.7223440982055664 | Train Acc: 47.982001304626465%
Test Loss: 2.787580841064453 | Test Acc: 46.81000113487244%
Epoch: 74 | Epoch Time: 0m 46s
Train Loss: 2.7553568963623047 | Train Acc: 47.916001081466675%
Test Loss: 2.821598614501953 | Test Acc: 46.75000011920929%
Epoch: 75 | Epoch Time: 0m 46s
Train Loss: 2.7865625201416018 | Train Acc: 47.901999950408936%
Test Loss: 2.853986639404297 | Test Acc: 46.75999879837036%
Epoch: 76 | Epoch Time: 0m 46s
Train Loss: 2.815875563354492 | Train Acc: 47.87000119686127%
Test Loss: 2.8843428512573244 | Test Acc: 46.75999879837036%
Epoch: 77 | Epoch Time: 0m 46s
Train Loss: 2.844028307495117 | Train Acc: 47.83799946308136%
Test Loss: 2.913436488342285 | Test Acc: 46.70000076293945%
Epoch: 78 | Epoch Time: 0m 46s
Train Loss: 2.870556121520996 | Train Acc: 47.81399965286255%
Test Loss: 2.9407961669921874 | Test Acc: 46.68999910354614%
Epoch: 79 | Epoch Time: 0m 47s
Train Loss: 2.8962702780151366 | Train Acc: 47.808000445365906%
Test Loss: 2.9673890396118163 | Test Acc: 46.630001068115234%
Epoch: 80 | Epoch Time: 0m 47s
Train Loss: 2.9209176077270507 | Train Acc: 47.797998785972595%
Test Loss: 2.9929185470581054 | Test Acc: 46.61000072956085%
Epoch: 81 | Epoch Time: 0m 46s
Train Loss: 2.9444589172363282 | Train Acc: 47.784000635147095%
Test Loss: 3.0172509399414063 | Test Acc: 46.619999408721924%
Epoch: 82 | Epoch Time: 0m 46s
Train Loss: 2.9670914233398435 | Train Acc: 47.773998975753784%
Test Loss: 3.040553601074219 | Test Acc: 46.61000072956085%
Epoch: 83 | Epoch Time: 0m 47s
Train Loss: 2.9879527508544923 | Train Acc: 47.773998975753784%
Test Loss: 3.062037774658203 | Test Acc: 46.52999937534332%
Epoch: 84 | Epoch Time: 0m 46s
Train Loss: 3.0077443380737305 | Train Acc: 47.7620005607605%
Test Loss: 3.0824117568969727 | Test Acc: 46.48999869823456%
Epoch: 85 | Epoch Time: 0m 46s
Train Loss: 3.0273045932006837 | Train Acc: 47.7539986371994%
Test Loss: 3.1025618728637694 | Test Acc: 46.50000035762787%
Epoch: 86 | Epoch Time: 0m 46s
Train Loss: 3.045665478820801 | Train Acc: 47.73600101470947%
Test Loss: 3.1214057495117187 | Test Acc: 46.50999903678894%
Epoch: 87 | Epoch Time: 0m 46s
Train Loss: 2.680612322998047 | Train Acc: 46.233999729156494%
Test Loss: 2.758933285522461 | Test Acc: 44.940000772476196%
Epoch: 88 | Epoch Time: 0m 46s
Train Loss: 2.7078047689819336 | Train Acc: 46.39799892902374%
Test Loss: 2.7855576477050783 | Test Acc: 44.85999941825867%
Epoch: 89 | Epoch Time: 0m 46s
Train Loss: 2.734962730102539 | Train Acc: 46.58600091934204%
Test Loss: 2.8123994277954103 | Test Acc: 45.19999921321869%
Epoch: 90 | Epoch Time: 0m 46s
Train Loss: 2.7624400860595704 | Train Acc: 46.82399928569794%
Test Loss: 2.839622608947754 | Test Acc: 45.35000026226044%
Epoch: 91 | Epoch Time: 0m 46s
Train Loss: 2.7906102481079103 | Train Acc: 46.959999203681946%
Test Loss: 2.867891275024414 | Test Acc: 45.39999961853027%
Epoch: 92 | Epoch Time: 0m 46s
Train Loss: 2.8180423864746094 | Train Acc: 47.06200063228607%
Test Loss: 2.8952329360961913 | Test Acc: 45.53000032901764%
Epoch: 93 | Epoch Time: 0m 46s
Train Loss: 2.8445314471435545 | Train Acc: 47.15999960899353%
Test Loss: 2.9218013473510744 | Test Acc: 45.62999904155731%
Epoch: 94 | Epoch Time: 0m 46s
Train Loss: 2.8699666983032226 | Train Acc: 47.21800088882446%
Test Loss: 2.9473679122924805 | Test Acc: 45.750001072883606%
Epoch: 95 | Epoch Time: 0m 46s
Train Loss: 2.8951537030029297 | Train Acc: 47.304001450538635%
Test Loss: 2.9727142883300783 | Test Acc: 45.899999141693115%
Epoch: 96 | Epoch Time: 0m 46s
Train Loss: 2.9197504208374023 | Train Acc: 47.387999296188354%
Test Loss: 2.99752491607666 | Test Acc: 46.0099995136261%
Epoch: 97 | Epoch Time: 0m 46s
Train Loss: 2.9433440118408205 | Train Acc: 47.468000650405884%
Test Loss: 3.0213892532348634 | Test Acc: 45.989999175071716%
Epoch: 98 | Epoch Time: 0m 45s
Train Loss: 2.966266647644043 | Train Acc: 47.52199947834015%
Test Loss: 3.0445503387451174 | Test Acc: 46.070000529289246%
Epoch: 99 | Epoch Time: 0m 46s
Train Loss: 2.9885278146362304 | Train Acc: 47.5600004196167%
Test Loss: 3.067121890258789 | Test Acc: 46.140000224113464%
Epoch: 100 | Epoch Time: 0m 46s
Train Loss: 3.010008851928711 | Train Acc: 47.63199985027313%
Test Loss: 3.0888556686401367 | Test Acc: 46.2799996137619%
