Namespace(action=10, model='CNN', seed=1)
{'model_name': 'CNN', 'device': device(type='cuda', index=0), 'log_dir': 'log\\CNN', 'ckpt_dir': 'checkpoint\\CNN', 'attack': 'bf', 'defence': 'raw', 'client_epochs': 10, 'server_epochs': 100, 'batch_size': 100, 'client_lr': 0.15, 'server_lr': 0.15, 'server_rate': 2000, 'load_ckpt': 0, 'workers': 20, 'byzantine_workers': 8, 'attack_strength': -0.1, 'k': 1, 'b': 4, 'test_frequency': 1}
======================Start Train Model [Mon May  6 02:02:02 2024]======================
Epoch: 1 | Epoch Time: 0m 46s
Train Loss: 2.3004153997802734 | Train Acc: 10.000000149011612%
Test Loss: 2.300479986572266 | Test Acc: 10.000000149011612%
Epoch: 2 | Epoch Time: 0m 46s
Train Loss: 2.2954439724731444 | Train Acc: 10.294000059366226%
Test Loss: 2.295439012145996 | Test Acc: 10.249999910593033%
Epoch: 3 | Epoch Time: 0m 47s
Train Loss: 2.2875179052734373 | Train Acc: 14.127999544143677%
Test Loss: 2.2874148071289064 | Test Acc: 14.239999651908875%
Epoch: 4 | Epoch Time: 0m 46s
Train Loss: 2.276447841491699 | Train Acc: 17.7839994430542%
Test Loss: 2.276225326538086 | Test Acc: 18.58000010251999%
Epoch: 5 | Epoch Time: 0m 46s
Train Loss: 2.262344553833008 | Train Acc: 20.413999259471893%
Test Loss: 2.2619846954345704 | Test Acc: 21.25999927520752%
Epoch: 6 | Epoch Time: 0m 46s
Train Loss: 2.245540131530762 | Train Acc: 22.412000596523285%
Test Loss: 2.2450248916625974 | Test Acc: 23.28999936580658%
Epoch: 7 | Epoch Time: 0m 47s
Train Loss: 2.227296084899902 | Train Acc: 23.887999355793%
Test Loss: 2.2265805221557615 | Test Acc: 24.33999925851822%
Epoch: 8 | Epoch Time: 0m 46s
Train Loss: 2.20597787109375 | Train Acc: 25.293999910354614%
Test Loss: 2.205073306274414 | Test Acc: 25.74000060558319%
Epoch: 9 | Epoch Time: 0m 47s
Train Loss: 2.1821307122802733 | Train Acc: 26.59200131893158%
Test Loss: 2.1810157363891602 | Test Acc: 27.45000123977661%
Epoch: 10 | Epoch Time: 0m 46s
Train Loss: 2.156809560546875 | Train Acc: 28.03800106048584%
Test Loss: 2.155524258422852 | Test Acc: 28.709998726844788%
Epoch: 11 | Epoch Time: 0m 46s
Train Loss: 2.1306390438842775 | Train Acc: 29.35599982738495%
Test Loss: 2.1291404525756836 | Test Acc: 30.050000548362732%
Epoch: 12 | Epoch Time: 0m 46s
Train Loss: 2.103371128845215 | Train Acc: 30.406001210212708%
Test Loss: 2.1017027709960936 | Test Acc: 31.130000948905945%
Epoch: 13 | Epoch Time: 0m 46s
Train Loss: 2.076230688781738 | Train Acc: 31.393998861312866%
Test Loss: 2.074339321899414 | Test Acc: 32.17000067234039%
Epoch: 14 | Epoch Time: 0m 47s
Train Loss: 2.0485528170776366 | Train Acc: 32.328000664711%
Test Loss: 2.0465140701293945 | Test Acc: 32.94000029563904%
Epoch: 15 | Epoch Time: 0m 46s
Train Loss: 2.0219815026855468 | Train Acc: 33.052000403404236%
Test Loss: 2.0198155670166016 | Test Acc: 33.55000019073486%
Epoch: 16 | Epoch Time: 0m 45s
Train Loss: 1.9952168124389649 | Train Acc: 33.79200100898743%
Test Loss: 1.9929231124877929 | Test Acc: 34.24000144004822%
Epoch: 17 | Epoch Time: 0m 45s
Train Loss: 1.9688183557128907 | Train Acc: 34.42600071430206%
Test Loss: 1.9663550445556641 | Test Acc: 34.99999940395355%
Epoch: 18 | Epoch Time: 0m 46s
Train Loss: 1.9425647729492188 | Train Acc: 34.95799899101257%
Test Loss: 1.9399603164672852 | Test Acc: 35.53999960422516%
Epoch: 19 | Epoch Time: 0m 47s
Train Loss: 1.9164513946533204 | Train Acc: 35.47399938106537%
Test Loss: 1.9136996887207032 | Test Acc: 36.160001158714294%
Epoch: 20 | Epoch Time: 0m 46s
Train Loss: 1.8943077487182618 | Train Acc: 36.06800138950348%
Test Loss: 1.8914275146484374 | Test Acc: 36.84000074863434%
Epoch: 21 | Epoch Time: 0m 46s
Train Loss: 1.8718586080932618 | Train Acc: 36.44599914550781%
Test Loss: 1.8689307678222655 | Test Acc: 37.25000023841858%
Epoch: 22 | Epoch Time: 0m 46s
Train Loss: 1.8499961227416992 | Train Acc: 36.96799874305725%
Test Loss: 1.8470636993408203 | Test Acc: 37.58000135421753%
Epoch: 23 | Epoch Time: 0m 47s
Train Loss: 1.8293314297485352 | Train Acc: 37.42600083351135%
Test Loss: 1.8264271911621093 | Test Acc: 38.04999887943268%
Epoch: 24 | Epoch Time: 0m 46s
Train Loss: 1.8090133532714843 | Train Acc: 37.926000356674194%
Test Loss: 1.8061159957885742 | Test Acc: 38.56000006198883%
Epoch: 25 | Epoch Time: 0m 46s
Train Loss: 1.790005502319336 | Train Acc: 38.23600113391876%
Test Loss: 1.7871408279418945 | Test Acc: 38.760000467300415%
Epoch: 26 | Epoch Time: 0m 47s
Train Loss: 1.7733806646728516 | Train Acc: 38.61800134181976%
Test Loss: 1.7706505630493163 | Test Acc: 39.10000026226044%
Epoch: 27 | Epoch Time: 0m 46s
Train Loss: 1.757242464904785 | Train Acc: 38.89800012111664%
Test Loss: 1.7546250137329102 | Test Acc: 39.28999900817871%
Epoch: 28 | Epoch Time: 0m 46s
Train Loss: 1.741462876586914 | Train Acc: 39.278000593185425%
Test Loss: 1.7389314392089843 | Test Acc: 39.46999907493591%
Epoch: 29 | Epoch Time: 0m 46s
Train Loss: 1.7246890634155274 | Train Acc: 39.68000113964081%
Test Loss: 1.7222587341308593 | Test Acc: 39.660000801086426%
Epoch: 30 | Epoch Time: 0m 46s
Train Loss: 1.7102012957763673 | Train Acc: 39.96799886226654%
Test Loss: 1.707883186340332 | Test Acc: 40.02000093460083%
Epoch: 31 | Epoch Time: 0m 46s
Train Loss: 1.695189703979492 | Train Acc: 40.33400118350983%
Test Loss: 1.6929992248535157 | Test Acc: 40.27000069618225%
Epoch: 32 | Epoch Time: 0m 46s
Train Loss: 1.6805081881713868 | Train Acc: 40.66599905490875%
Test Loss: 1.678460987854004 | Test Acc: 40.65000116825104%
Epoch: 33 | Epoch Time: 0m 46s
Train Loss: 1.6678058847045898 | Train Acc: 40.926000475883484%
Test Loss: 1.6659752960205079 | Test Acc: 40.950000286102295%
Epoch: 34 | Epoch Time: 0m 47s
Train Loss: 1.6556670175170898 | Train Acc: 41.18799865245819%
Test Loss: 1.653938916015625 | Test Acc: 41.10000133514404%
Epoch: 35 | Epoch Time: 0m 46s
Train Loss: 1.643736605834961 | Train Acc: 41.48800075054169%
Test Loss: 1.6422131271362306 | Test Acc: 41.31999909877777%
Epoch: 36 | Epoch Time: 0m 46s
Train Loss: 1.633146427307129 | Train Acc: 41.72599911689758%
Test Loss: 1.6318169845581054 | Test Acc: 41.60999953746796%
Epoch: 37 | Epoch Time: 0m 46s
Train Loss: 1.6221032086181641 | Train Acc: 41.99399948120117%
Test Loss: 1.6209069290161133 | Test Acc: 41.96000099182129%
Epoch: 38 | Epoch Time: 0m 46s
Train Loss: 1.6127662991333007 | Train Acc: 42.221999168395996%
Test Loss: 1.6118479064941407 | Test Acc: 42.03000068664551%
Epoch: 39 | Epoch Time: 0m 46s
Train Loss: 1.6029981802368165 | Train Acc: 42.486000061035156%
Test Loss: 1.602258479309082 | Test Acc: 42.410001158714294%
Epoch: 40 | Epoch Time: 0m 47s
Train Loss: 1.5946450579833984 | Train Acc: 42.83199906349182%
Test Loss: 1.5939202758789062 | Test Acc: 42.750000953674316%
Epoch: 41 | Epoch Time: 0m 47s
Train Loss: 1.5850813626098632 | Train Acc: 43.154001235961914%
Test Loss: 1.5845585540771485 | Test Acc: 43.059998750686646%
Epoch: 42 | Epoch Time: 0m 46s
Train Loss: 1.5771611651611328 | Train Acc: 43.362000584602356%
Test Loss: 1.5769738418579102 | Test Acc: 43.050000071525574%
Epoch: 43 | Epoch Time: 0m 46s
Train Loss: 1.5672570462036133 | Train Acc: 43.63999962806702%
Test Loss: 1.5672973419189453 | Test Acc: 43.470001220703125%
Epoch: 44 | Epoch Time: 0m 47s
Train Loss: 1.560429751586914 | Train Acc: 43.817999958992004%
Test Loss: 1.560777507019043 | Test Acc: 43.75999867916107%
Epoch: 45 | Epoch Time: 0m 47s
Train Loss: 1.5525035101318359 | Train Acc: 44.07599866390228%
Test Loss: 1.5530423217773437 | Test Acc: 43.9300000667572%
Epoch: 46 | Epoch Time: 0m 46s
Train Loss: 1.5438339566040038 | Train Acc: 44.29599940776825%
Test Loss: 1.5444846603393554 | Test Acc: 44.33000087738037%
Epoch: 47 | Epoch Time: 0m 47s
Train Loss: 1.5367617999267578 | Train Acc: 44.48800086975098%
Test Loss: 1.5377511154174806 | Test Acc: 44.429999589920044%
Epoch: 48 | Epoch Time: 0m 47s
Train Loss: 1.528600604248047 | Train Acc: 44.7519987821579%
Test Loss: 1.5297936431884767 | Test Acc: 44.690001010894775%
Epoch: 49 | Epoch Time: 0m 46s
Train Loss: 1.5219071954345702 | Train Acc: 44.99199986457825%
Test Loss: 1.523469952392578 | Test Acc: 45.010000467300415%
Epoch: 50 | Epoch Time: 0m 46s
Train Loss: 1.5137921856689454 | Train Acc: 45.28599977493286%
Test Loss: 1.515514178466797 | Test Acc: 45.3000009059906%
Epoch: 51 | Epoch Time: 0m 46s
Train Loss: 1.5061344766235352 | Train Acc: 45.524001121520996%
Test Loss: 1.5081892272949218 | Test Acc: 45.46000063419342%
Epoch: 52 | Epoch Time: 0m 47s
Train Loss: 1.4986022912597656 | Train Acc: 45.80200016498566%
Test Loss: 1.50094541015625 | Test Acc: 45.80000042915344%
Epoch: 53 | Epoch Time: 0m 46s
Train Loss: 1.4918278480529785 | Train Acc: 45.98399996757507%
Test Loss: 1.4944456436157227 | Test Acc: 45.95000147819519%
Epoch: 54 | Epoch Time: 0m 46s
Train Loss: 1.4852768106079102 | Train Acc: 46.19799852371216%
Test Loss: 1.488150316619873 | Test Acc: 46.230000257492065%
Epoch: 55 | Epoch Time: 0m 47s
Train Loss: 1.4788501614379883 | Train Acc: 46.417999267578125%
Test Loss: 1.4819899200439453 | Test Acc: 46.43000066280365%
Epoch: 56 | Epoch Time: 0m 47s
Train Loss: 1.473757736968994 | Train Acc: 46.59599959850311%
Test Loss: 1.4771107223510742 | Test Acc: 46.59000039100647%
Epoch: 57 | Epoch Time: 0m 46s
Train Loss: 1.4688898542785644 | Train Acc: 46.748000383377075%
Test Loss: 1.4725660102844238 | Test Acc: 46.86000049114227%
Epoch: 58 | Epoch Time: 0m 46s
Train Loss: 1.4618811366271973 | Train Acc: 47.02000021934509%
Test Loss: 1.4657052368164063 | Test Acc: 47.269999980926514%
Epoch: 59 | Epoch Time: 0m 47s
Train Loss: 1.4541232946777343 | Train Acc: 47.29799926280975%
Test Loss: 1.4581010299682617 | Test Acc: 47.620001435279846%
Epoch: 60 | Epoch Time: 0m 47s
Train Loss: 1.448227082824707 | Train Acc: 47.46600091457367%
Test Loss: 1.4523877853393554 | Test Acc: 47.760000824928284%
Epoch: 61 | Epoch Time: 0m 46s
Train Loss: 1.4409053652954102 | Train Acc: 47.69800007343292%
Test Loss: 1.4452154052734374 | Test Acc: 48.010000586509705%
Epoch: 62 | Epoch Time: 0m 46s
Train Loss: 1.4358572927856446 | Train Acc: 48.00400137901306%
Test Loss: 1.4403518699645996 | Test Acc: 48.28999936580658%
Epoch: 63 | Epoch Time: 0m 46s
Train Loss: 1.429217783203125 | Train Acc: 48.25200140476227%
Test Loss: 1.4339189498901368 | Test Acc: 48.4499990940094%
Epoch: 64 | Epoch Time: 0m 47s
Train Loss: 1.4232405972290039 | Train Acc: 48.52199852466583%
Test Loss: 1.428131265258789 | Test Acc: 48.669999837875366%
Epoch: 65 | Epoch Time: 0m 46s
Train Loss: 1.4175465982055664 | Train Acc: 48.736000061035156%
Test Loss: 1.4225104568481446 | Test Acc: 48.80000054836273%
Epoch: 66 | Epoch Time: 0m 46s
Train Loss: 1.411697504119873 | Train Acc: 48.99600148200989%
Test Loss: 1.4169511520385742 | Test Acc: 49.070000648498535%
Epoch: 67 | Epoch Time: 0m 46s
Train Loss: 1.4084664604187012 | Train Acc: 49.046000838279724%
Test Loss: 1.4141057479858399 | Test Acc: 49.219998717308044%
Epoch: 68 | Epoch Time: 0m 46s
Train Loss: 1.403992633972168 | Train Acc: 49.300000071525574%
Test Loss: 1.4098726570129394 | Test Acc: 49.27999973297119%
Epoch: 69 | Epoch Time: 0m 47s
Train Loss: 1.399449274597168 | Train Acc: 49.52400028705597%
Test Loss: 1.4055823959350586 | Test Acc: 49.459999799728394%
Epoch: 70 | Epoch Time: 0m 46s
Train Loss: 1.3937720184326172 | Train Acc: 49.709999561309814%
Test Loss: 1.400099211883545 | Test Acc: 49.68999922275543%
Epoch: 71 | Epoch Time: 0m 47s
Train Loss: 1.3886911892700196 | Train Acc: 49.94800090789795%
Test Loss: 1.3953470275878905 | Test Acc: 50.06999969482422%
Epoch: 72 | Epoch Time: 0m 47s
Train Loss: 1.3840631956481935 | Train Acc: 50.13599991798401%
Test Loss: 1.3909869667053223 | Test Acc: 50.11000037193298%
Epoch: 73 | Epoch Time: 0m 46s
Train Loss: 1.3800008879089356 | Train Acc: 50.33000111579895%
Test Loss: 1.3871407096862793 | Test Acc: 50.279998779296875%
Epoch: 74 | Epoch Time: 0m 45s
Train Loss: 1.3758500280761718 | Train Acc: 50.44400095939636%
Test Loss: 1.383439030456543 | Test Acc: 50.41999816894531%
Epoch: 75 | Epoch Time: 0m 47s
Train Loss: 1.372850093536377 | Train Acc: 50.59400200843811%
Test Loss: 1.3809041206359862 | Test Acc: 50.609999895095825%
Epoch: 76 | Epoch Time: 0m 47s
Train Loss: 1.3683142471313476 | Train Acc: 50.770002603530884%
Test Loss: 1.376678542327881 | Test Acc: 50.77999830245972%
Epoch: 77 | Epoch Time: 0m 46s
Train Loss: 1.365315152282715 | Train Acc: 50.944000482559204%
Test Loss: 1.374119041442871 | Test Acc: 50.88000297546387%
Epoch: 78 | Epoch Time: 0m 46s
Train Loss: 1.3615993824768067 | Train Acc: 51.103997230529785%
Test Loss: 1.370733306121826 | Test Acc: 51.099997758865356%
Epoch: 79 | Epoch Time: 0m 46s
Train Loss: 1.3572220516967775 | Train Acc: 51.33200287818909%
Test Loss: 1.3667125007629395 | Test Acc: 51.12000107765198%
Epoch: 80 | Epoch Time: 0m 46s
Train Loss: 1.3525224932861328 | Train Acc: 51.513999700546265%
Test Loss: 1.3623642753601075 | Test Acc: 51.249998807907104%
Epoch: 81 | Epoch Time: 0m 47s
Train Loss: 1.3484605216979981 | Train Acc: 51.708000898361206%
Test Loss: 1.3585218521118163 | Test Acc: 51.3700008392334%
Epoch: 82 | Epoch Time: 0m 46s
Train Loss: 1.345348957824707 | Train Acc: 51.85199975967407%
Test Loss: 1.3557059280395507 | Test Acc: 51.49000287055969%
Epoch: 83 | Epoch Time: 0m 46s
Train Loss: 1.3421361233520508 | Train Acc: 52.01600193977356%
Test Loss: 1.3529197830200195 | Test Acc: 51.5500009059906%
Epoch: 84 | Epoch Time: 0m 46s
Train Loss: 1.3376812759399415 | Train Acc: 52.15799808502197%
Test Loss: 1.348672583770752 | Test Acc: 51.749998331069946%
Epoch: 85 | Epoch Time: 0m 46s
Train Loss: 1.333910302581787 | Train Acc: 52.42000222206116%
Test Loss: 1.345261139678955 | Test Acc: 51.78999900817871%
Epoch: 86 | Epoch Time: 0m 46s
Train Loss: 1.330673137664795 | Train Acc: 52.54799723625183%
Test Loss: 1.3424248657226563 | Test Acc: 51.910001039505005%
Epoch: 87 | Epoch Time: 0m 46s
Train Loss: 1.327060418548584 | Train Acc: 52.64800190925598%
Test Loss: 1.3391204635620118 | Test Acc: 51.94000005722046%
Epoch: 88 | Epoch Time: 0m 46s
Train Loss: 1.324515447845459 | Train Acc: 52.75999903678894%
Test Loss: 1.3369279731750487 | Test Acc: 52.09000110626221%
Epoch: 89 | Epoch Time: 0m 46s
Train Loss: 1.3219546505737305 | Train Acc: 52.84600257873535%
Test Loss: 1.3347377326965333 | Test Acc: 52.160000801086426%
Epoch: 90 | Epoch Time: 0m 46s
Train Loss: 1.3180765032958985 | Train Acc: 52.95799970626831%
Test Loss: 1.3312524543762208 | Test Acc: 52.36999988555908%
Epoch: 91 | Epoch Time: 0m 46s
Train Loss: 1.315858878173828 | Train Acc: 53.068000078201294%
Test Loss: 1.3295949676513672 | Test Acc: 52.389997243881226%
Epoch: 92 | Epoch Time: 0m 47s
Train Loss: 1.3132296305847169 | Train Acc: 53.12600135803223%
Test Loss: 1.3273933959960937 | Test Acc: 52.67999768257141%
Epoch: 93 | Epoch Time: 0m 46s
Train Loss: 1.309979799041748 | Train Acc: 53.289997577667236%
Test Loss: 1.3245986656188964 | Test Acc: 52.67999768257141%
Epoch: 94 | Epoch Time: 0m 46s
Train Loss: 1.3074033779907226 | Train Acc: 53.380000591278076%
Test Loss: 1.3223207786560058 | Test Acc: 52.869999408721924%
Epoch: 95 | Epoch Time: 0m 46s
Train Loss: 1.3040142179870606 | Train Acc: 53.53400111198425%
Test Loss: 1.3192994972229004 | Test Acc: 53.06000113487244%
Epoch: 96 | Epoch Time: 0m 47s
Train Loss: 1.3009552940368652 | Train Acc: 53.70200276374817%
Test Loss: 1.316610765838623 | Test Acc: 53.07999849319458%
Epoch: 97 | Epoch Time: 0m 46s
Train Loss: 1.2993289450073242 | Train Acc: 53.825998306274414%
Test Loss: 1.3156928009033204 | Test Acc: 53.15999984741211%
Epoch: 98 | Epoch Time: 0m 47s
Train Loss: 1.2969950723266601 | Train Acc: 53.93800139427185%
Test Loss: 1.3136990852355956 | Test Acc: 53.29999923706055%
Epoch: 99 | Epoch Time: 0m 46s
Train Loss: 1.2935697138977051 | Train Acc: 54.10199761390686%
Test Loss: 1.3108233955383302 | Test Acc: 53.47999930381775%
Epoch: 100 | Epoch Time: 0m 47s
Train Loss: 1.291003639831543 | Train Acc: 54.24399971961975%
Test Loss: 1.3086217224121093 | Test Acc: 53.56000065803528%
