Namespace(action=4, model='CNN', seed=1)
{'model_name': 'CNN', 'device': device(type='cuda', index=0), 'log_dir': 'log\\CNN', 'ckpt_dir': 'checkpoint\\CNN', 'attack': 'lf', 'defence': 'krum', 'client_epochs': 10, 'server_epochs': 100, 'batch_size': 100, 'client_lr': 0.15, 'server_lr': 0.15, 'server_rate': 2000, 'load_ckpt': 0, 'workers': 20, 'byzantine_workers': 8, 'attack_strength': 5.0, 'k': 1, 'b': 4, 'test_frequency': 1}
======================Start Train Model [Tue May  7 05:37:00 2024]======================
Epoch: 1 | Epoch Time: 0m 38s
Train Loss: 2.2994832846069335 | Train Acc: 10.474000126123428%
Test Loss: 2.2995111404418944 | Test Acc: 10.589999705553055%
Epoch: 2 | Epoch Time: 0m 37s
Train Loss: 2.288532191772461 | Train Acc: 14.156000316143036%
Test Loss: 2.2885427703857424 | Test Acc: 14.309999346733093%
Epoch: 3 | Epoch Time: 0m 38s
Train Loss: 2.2689935440063476 | Train Acc: 17.46000051498413%
Test Loss: 2.268970509338379 | Test Acc: 17.38000065088272%
Epoch: 4 | Epoch Time: 0m 38s
Train Loss: 2.242438363952637 | Train Acc: 22.543999552726746%
Test Loss: 2.2423709442138673 | Test Acc: 22.849999368190765%
Epoch: 5 | Epoch Time: 0m 38s
Train Loss: 2.2087677316284178 | Train Acc: 26.78000032901764%
Test Loss: 2.2086075439453126 | Test Acc: 27.250000834465027%
Epoch: 6 | Epoch Time: 0m 38s
Train Loss: 2.1712601846313477 | Train Acc: 29.109999537467957%
Test Loss: 2.1707818725585937 | Test Acc: 29.030001163482666%
Epoch: 7 | Epoch Time: 0m 37s
Train Loss: 2.1335182815551756 | Train Acc: 30.05400002002716%
Test Loss: 2.1323969985961915 | Test Acc: 30.390000343322754%
Epoch: 8 | Epoch Time: 0m 38s
Train Loss: 2.086553678894043 | Train Acc: 31.384000182151794%
Test Loss: 2.0852102478027343 | Test Acc: 31.90999925136566%
Epoch: 9 | Epoch Time: 0m 38s
Train Loss: 2.0452392318725585 | Train Acc: 31.661999225616455%
Test Loss: 2.043358404541016 | Test Acc: 32.109999656677246%
Epoch: 10 | Epoch Time: 0m 37s
Train Loss: 1.9946533999633789 | Train Acc: 32.495999336242676%
Test Loss: 1.9927191970825195 | Test Acc: 33.090001344680786%
Epoch: 11 | Epoch Time: 0m 38s
Train Loss: 1.9428185885620117 | Train Acc: 33.68600010871887%
Test Loss: 1.941268147277832 | Test Acc: 34.220001101493835%
Epoch: 12 | Epoch Time: 0m 38s
Train Loss: 1.9165502169799804 | Train Acc: 32.989999651908875%
Test Loss: 1.9152857604980469 | Test Acc: 33.61000120639801%
Epoch: 13 | Epoch Time: 0m 38s
Train Loss: 1.8788320443725586 | Train Acc: 33.959999680519104%
Test Loss: 1.878214079284668 | Test Acc: 34.38999950885773%
Epoch: 14 | Epoch Time: 0m 38s
Train Loss: 1.839396872253418 | Train Acc: 35.16800105571747%
Test Loss: 1.8395901077270507 | Test Acc: 35.679998993873596%
Epoch: 15 | Epoch Time: 0m 37s
Train Loss: 1.7994382186889648 | Train Acc: 36.77000105381012%
Test Loss: 1.8006089050292968 | Test Acc: 37.00999915599823%
Epoch: 16 | Epoch Time: 0m 38s
Train Loss: 1.764134736328125 | Train Acc: 37.540000677108765%
Test Loss: 1.766879098510742 | Test Acc: 37.79999911785126%
Epoch: 17 | Epoch Time: 0m 38s
Train Loss: 1.7384052639770509 | Train Acc: 38.047999143600464%
Test Loss: 1.7420627090454102 | Test Acc: 38.01000118255615%
Epoch: 18 | Epoch Time: 0m 38s
Train Loss: 1.7225491668701172 | Train Acc: 38.40399980545044%
Test Loss: 1.7266022613525391 | Test Acc: 38.510000705718994%
Epoch: 19 | Epoch Time: 0m 38s
Train Loss: 1.6931593222045898 | Train Acc: 39.7460013628006%
Test Loss: 1.6975818740844726 | Test Acc: 39.95000123977661%
Epoch: 20 | Epoch Time: 0m 37s
Train Loss: 1.701170809326172 | Train Acc: 39.653998613357544%
Test Loss: 1.7064657897949218 | Test Acc: 39.61000144481659%
Epoch: 21 | Epoch Time: 0m 38s
Train Loss: 1.6882114028930664 | Train Acc: 40.09000062942505%
Test Loss: 1.6938608581542969 | Test Acc: 39.59999978542328%
Epoch: 22 | Epoch Time: 0m 37s
Train Loss: 1.6705967498779297 | Train Acc: 40.470001101493835%
Test Loss: 1.6776695236206054 | Test Acc: 40.14999866485596%
Epoch: 23 | Epoch Time: 0m 38s
Train Loss: 1.6721391012573241 | Train Acc: 40.18599987030029%
Test Loss: 1.6806972717285156 | Test Acc: 40.049999952316284%
Epoch: 24 | Epoch Time: 0m 38s
Train Loss: 1.6511010699462891 | Train Acc: 40.83600044250488%
Test Loss: 1.6609815338134766 | Test Acc: 40.50000011920929%
Epoch: 25 | Epoch Time: 0m 37s
Train Loss: 1.6441893841552735 | Train Acc: 41.078001260757446%
Test Loss: 1.6571260482788086 | Test Acc: 40.75999855995178%
Epoch: 26 | Epoch Time: 0m 38s
Train Loss: 1.6427982696533203 | Train Acc: 41.42000079154968%
Test Loss: 1.6557101272583008 | Test Acc: 41.11999869346619%
Epoch: 27 | Epoch Time: 0m 38s
Train Loss: 1.6451316766357422 | Train Acc: 41.481998562812805%
Test Loss: 1.6594541412353516 | Test Acc: 40.97000062465668%
Epoch: 28 | Epoch Time: 0m 37s
Train Loss: 1.6532683804321289 | Train Acc: 41.35600030422211%
Test Loss: 1.671677522277832 | Test Acc: 40.47999978065491%
Epoch: 29 | Epoch Time: 0m 38s
Train Loss: 1.648077850036621 | Train Acc: 42.05799996852875%
Test Loss: 1.6695710998535156 | Test Acc: 41.08000099658966%
Epoch: 30 | Epoch Time: 0m 37s
Train Loss: 1.682919328918457 | Train Acc: 41.703999042510986%
Test Loss: 1.7048829071044922 | Test Acc: 40.97999930381775%
Epoch: 31 | Epoch Time: 0m 38s
Train Loss: 1.6860809649658204 | Train Acc: 42.155998945236206%
Test Loss: 1.709178012084961 | Test Acc: 41.49999916553497%
Epoch: 32 | Epoch Time: 0m 38s
Train Loss: 1.6741858499145508 | Train Acc: 42.76399910449982%
Test Loss: 1.700569499206543 | Test Acc: 41.80999994277954%
Epoch: 33 | Epoch Time: 0m 37s
Train Loss: 1.6801405618286134 | Train Acc: 42.983999848365784%
Test Loss: 1.7096527450561523 | Test Acc: 41.94000065326691%
Epoch: 34 | Epoch Time: 0m 38s
Train Loss: 1.6953742413330077 | Train Acc: 43.38800013065338%
Test Loss: 1.728318455505371 | Test Acc: 42.21000075340271%
Epoch: 35 | Epoch Time: 0m 37s
Train Loss: 1.7336613327026367 | Train Acc: 43.432000279426575%
Test Loss: 1.770289453125 | Test Acc: 42.14000105857849%
Epoch: 36 | Epoch Time: 0m 37s
Train Loss: 1.7623558764648437 | Train Acc: 43.48999857902527%
Test Loss: 1.8017540786743165 | Test Acc: 42.250001430511475%
Epoch: 37 | Epoch Time: 0m 38s
Train Loss: 1.8285045858764648 | Train Acc: 43.27400028705597%
Test Loss: 1.8722465713500978 | Test Acc: 42.080000042915344%
Epoch: 38 | Epoch Time: 0m 37s
Train Loss: 1.8461013354492188 | Train Acc: 43.33199858665466%
Test Loss: 1.89035146484375 | Test Acc: 41.98000133037567%
Epoch: 39 | Epoch Time: 0m 38s
Train Loss: 1.9159797610473632 | Train Acc: 43.45000088214874%
Test Loss: 1.96447371673584 | Test Acc: 41.96999967098236%
Epoch: 40 | Epoch Time: 0m 37s
Train Loss: 1.936981527709961 | Train Acc: 43.53800117969513%
Test Loss: 1.9860864791870116 | Test Acc: 42.14999973773956%
Epoch: 41 | Epoch Time: 0m 38s
Train Loss: 2.014354140319824 | Train Acc: 43.58200132846832%
Test Loss: 2.0676569274902343 | Test Acc: 42.1999990940094%
Epoch: 42 | Epoch Time: 0m 38s
Train Loss: 2.080186948852539 | Train Acc: 43.470001220703125%
Test Loss: 2.136724819946289 | Test Acc: 42.16000139713287%
Epoch: 43 | Epoch Time: 0m 38s
Train Loss: 2.1340202990722656 | Train Acc: 43.47200095653534%
Test Loss: 2.1923488037109373 | Test Acc: 42.14999973773956%
Epoch: 44 | Epoch Time: 0m 39s
Train Loss: 2.1795811346435547 | Train Acc: 43.30399930477142%
Test Loss: 2.241396263122559 | Test Acc: 42.30000078678131%
Epoch: 45 | Epoch Time: 0m 37s
Train Loss: 2.181681653137207 | Train Acc: 42.96000003814697%
Test Loss: 2.236158952331543 | Test Acc: 42.07000136375427%
Epoch: 46 | Epoch Time: 0m 38s
Train Loss: 2.1036239511108397 | Train Acc: 42.99800097942352%
Test Loss: 2.1527857345581056 | Test Acc: 41.589999198913574%
Epoch: 47 | Epoch Time: 0m 37s
Train Loss: 2.190928090209961 | Train Acc: 43.02000105381012%
Test Loss: 2.2445550018310545 | Test Acc: 41.71999990940094%
Epoch: 48 | Epoch Time: 0m 38s
Train Loss: 2.277394855041504 | Train Acc: 43.05199980735779%
Test Loss: 2.334909796142578 | Test Acc: 41.69999957084656%
Epoch: 49 | Epoch Time: 0m 38s
Train Loss: 2.3621166302490235 | Train Acc: 43.08399856090546%
Test Loss: 2.4232041641235353 | Test Acc: 41.89000129699707%
Epoch: 50 | Epoch Time: 0m 37s
Train Loss: 2.4444078955078123 | Train Acc: 43.09000074863434%
Test Loss: 2.5090350677490236 | Test Acc: 41.929998993873596%
Epoch: 51 | Epoch Time: 0m 38s
Train Loss: 2.5245583334350585 | Train Acc: 43.035998940467834%
Test Loss: 2.5917735443115233 | Test Acc: 42.03000068664551%
Epoch: 52 | Epoch Time: 0m 37s
Train Loss: 2.6004417541503906 | Train Acc: 43.04400086402893%
Test Loss: 2.670571662902832 | Test Acc: 42.03000068664551%
Epoch: 53 | Epoch Time: 0m 38s
Train Loss: 2.672988262634277 | Train Acc: 43.070000410079956%
Test Loss: 2.7459099182128908 | Test Acc: 42.0199990272522%
Epoch: 54 | Epoch Time: 0m 38s
Train Loss: 2.742035176086426 | Train Acc: 43.06800067424774%
Test Loss: 2.8171699645996093 | Test Acc: 42.03000068664551%
Epoch: 55 | Epoch Time: 0m 38s
Train Loss: 2.80653338684082 | Train Acc: 43.00999939441681%
Test Loss: 2.8836669815063476 | Test Acc: 41.929998993873596%
Epoch: 56 | Epoch Time: 0m 38s
Train Loss: 2.8673905068969727 | Train Acc: 43.042001128196716%
Test Loss: 2.946545065307617 | Test Acc: 41.920000314712524%
Epoch: 57 | Epoch Time: 0m 38s
Train Loss: 2.9245577014160156 | Train Acc: 43.07799935340881%
Test Loss: 3.00543671875 | Test Acc: 42.010000348091125%
Epoch: 58 | Epoch Time: 0m 38s
Train Loss: 2.9797938006591798 | Train Acc: 43.06800067424774%
Test Loss: 3.0626373748779296 | Test Acc: 41.87000095844269%
Epoch: 59 | Epoch Time: 0m 38s
Train Loss: 3.0308988693237304 | Train Acc: 43.06600093841553%
Test Loss: 3.115199201965332 | Test Acc: 41.920000314712524%
Epoch: 60 | Epoch Time: 0m 37s
Train Loss: 3.0797777728271485 | Train Acc: 42.983999848365784%
Test Loss: 3.1652734100341795 | Test Acc: 41.96999967098236%
Epoch: 61 | Epoch Time: 0m 38s
Train Loss: 3.124688468017578 | Train Acc: 42.99600124359131%
Test Loss: 3.2115962692260744 | Test Acc: 41.96999967098236%
Epoch: 62 | Epoch Time: 0m 38s
Train Loss: 3.1678958697509767 | Train Acc: 42.9720014333725%
Test Loss: 3.2558571029663086 | Test Acc: 41.94000065326691%
Epoch: 63 | Epoch Time: 0m 38s
Train Loss: 3.2081458978271487 | Train Acc: 42.96199977397919%
Test Loss: 3.2972789154052733 | Test Acc: 41.89000129699707%
Epoch: 64 | Epoch Time: 0m 38s
Train Loss: 3.2463727960205078 | Train Acc: 42.93600022792816%
Test Loss: 3.3366178146362304 | Test Acc: 41.850000619888306%
Epoch: 65 | Epoch Time: 0m 37s
Train Loss: 3.2822363150024416 | Train Acc: 42.91599988937378%
Test Loss: 3.3734563095092773 | Test Acc: 41.78999960422516%
Epoch: 66 | Epoch Time: 0m 38s
Train Loss: 3.3166211355590822 | Train Acc: 42.86400079727173%
Test Loss: 3.408656297302246 | Test Acc: 41.83000028133392%
Epoch: 67 | Epoch Time: 0m 38s
Train Loss: 3.3491263330078125 | Train Acc: 42.8600013256073%
Test Loss: 3.441957768249512 | Test Acc: 41.83000028133392%
Epoch: 68 | Epoch Time: 0m 38s
Train Loss: 3.3793972421264646 | Train Acc: 42.85599887371063%
Test Loss: 3.473116523742676 | Test Acc: 41.89000129699707%
Epoch: 69 | Epoch Time: 0m 38s
Train Loss: 3.4088254623413086 | Train Acc: 42.83199906349182%
Test Loss: 3.5032291763305663 | Test Acc: 41.87999963760376%
Epoch: 70 | Epoch Time: 0m 37s
Train Loss: 3.4372422229003905 | Train Acc: 42.833998799324036%
Test Loss: 3.5324003845214844 | Test Acc: 41.87999963760376%
Epoch: 71 | Epoch Time: 0m 38s
Train Loss: 3.4639074768066407 | Train Acc: 42.83199906349182%
Test Loss: 3.5597368865966796 | Test Acc: 41.89999997615814%
Epoch: 72 | Epoch Time: 0m 38s
Train Loss: 3.489172918395996 | Train Acc: 42.82799959182739%
Test Loss: 3.585656292724609 | Test Acc: 41.87000095844269%
Epoch: 73 | Epoch Time: 0m 37s
Train Loss: 3.513684376220703 | Train Acc: 42.84200072288513%
Test Loss: 3.6108497619628905 | Test Acc: 41.839998960494995%
Epoch: 74 | Epoch Time: 0m 38s
Train Loss: 3.537145383300781 | Train Acc: 42.82799959182739%
Test Loss: 3.634822479248047 | Test Acc: 41.81999862194061%
Epoch: 75 | Epoch Time: 0m 37s
Train Loss: 3.559669298400879 | Train Acc: 42.82599985599518%
Test Loss: 3.6579533203125 | Test Acc: 41.78999960422516%
Epoch: 76 | Epoch Time: 0m 38s
Train Loss: 3.5801221661376954 | Train Acc: 42.805999517440796%
Test Loss: 3.6788841918945314 | Test Acc: 41.78000092506409%
Epoch: 77 | Epoch Time: 0m 38s
Train Loss: 3.600906911010742 | Train Acc: 42.79800057411194%
Test Loss: 3.7003014739990236 | Test Acc: 41.78000092506409%
Epoch: 78 | Epoch Time: 0m 37s
Train Loss: 3.620450643005371 | Train Acc: 42.76599884033203%
Test Loss: 3.720329309082031 | Test Acc: 41.78999960422516%
Epoch: 79 | Epoch Time: 0m 38s
Train Loss: 3.639706842956543 | Train Acc: 42.77400076389313%
Test Loss: 3.740014584350586 | Test Acc: 41.760000586509705%
Epoch: 80 | Epoch Time: 0m 38s
Train Loss: 3.657786866455078 | Train Acc: 42.7619993686676%
Test Loss: 3.7585587463378904 | Test Acc: 41.72999858856201%
Epoch: 81 | Epoch Time: 0m 38s
Train Loss: 3.675277520446777 | Train Acc: 42.76399910449982%
Test Loss: 3.7766106567382813 | Test Acc: 41.74000024795532%
Epoch: 82 | Epoch Time: 0m 37s
Train Loss: 3.692347613220215 | Train Acc: 42.75600016117096%
Test Loss: 3.7940628967285157 | Test Acc: 41.769999265670776%
Epoch: 83 | Epoch Time: 0m 38s
Train Loss: 3.7081746759033205 | Train Acc: 42.73200035095215%
Test Loss: 3.810259622192383 | Test Acc: 41.760000586509705%
Epoch: 84 | Epoch Time: 0m 38s
Train Loss: 3.723449790649414 | Train Acc: 42.77400076389313%
Test Loss: 3.826006494140625 | Test Acc: 41.760000586509705%
Epoch: 85 | Epoch Time: 0m 38s
Train Loss: 3.73823869140625 | Train Acc: 42.7619993686676%
Test Loss: 3.8411297393798827 | Test Acc: 41.769999265670776%
Epoch: 86 | Epoch Time: 0m 38s
Train Loss: 3.7528187829589843 | Train Acc: 42.739999294281006%
Test Loss: 3.856033297729492 | Test Acc: 41.760000586509705%
Epoch: 87 | Epoch Time: 0m 38s
Train Loss: 3.766336940917969 | Train Acc: 42.75600016117096%
Test Loss: 3.869981234741211 | Test Acc: 41.760000586509705%
Epoch: 88 | Epoch Time: 0m 37s
Train Loss: 3.7799573669433593 | Train Acc: 42.74600148200989%
Test Loss: 3.8839464447021483 | Test Acc: 41.749998927116394%
Epoch: 89 | Epoch Time: 0m 38s
Train Loss: 3.7933669677734376 | Train Acc: 42.73799955844879%
Test Loss: 3.89778342590332 | Test Acc: 41.74000024795532%
Epoch: 90 | Epoch Time: 0m 38s
Train Loss: 3.8059574682617185 | Train Acc: 42.7480012178421%
Test Loss: 3.9107792663574217 | Test Acc: 41.72999858856201%
Epoch: 91 | Epoch Time: 0m 39s
Train Loss: 3.8182222448730467 | Train Acc: 42.75200068950653%
Test Loss: 3.9233567993164065 | Test Acc: 41.69999957084656%
Epoch: 92 | Epoch Time: 0m 38s
Train Loss: 3.8302857067871092 | Train Acc: 42.73400008678436%
Test Loss: 3.9356300689697266 | Test Acc: 41.71000123023987%
Epoch: 93 | Epoch Time: 0m 37s
Train Loss: 3.8424377813720705 | Train Acc: 42.73599982261658%
Test Loss: 3.9481401428222656 | Test Acc: 41.71000123023987%
Epoch: 94 | Epoch Time: 0m 38s
Train Loss: 3.8542599652099607 | Train Acc: 42.726001143455505%
Test Loss: 3.960392691040039 | Test Acc: 41.72999858856201%
Epoch: 95 | Epoch Time: 0m 38s
Train Loss: 3.865136983642578 | Train Acc: 42.72800087928772%
Test Loss: 3.971519671630859 | Test Acc: 41.74000024795532%
Epoch: 96 | Epoch Time: 0m 38s
Train Loss: 3.875976094970703 | Train Acc: 42.73599982261658%
Test Loss: 3.9825443054199217 | Test Acc: 41.769999265670776%
Epoch: 97 | Epoch Time: 0m 38s
Train Loss: 3.886481970825195 | Train Acc: 42.74199903011322%
Test Loss: 3.9933909637451173 | Test Acc: 41.769999265670776%
Epoch: 98 | Epoch Time: 0m 37s
Train Loss: 3.897129290161133 | Train Acc: 42.73200035095215%
Test Loss: 4.004184912109375 | Test Acc: 41.69999957084656%
Epoch: 99 | Epoch Time: 0m 38s
Train Loss: 3.9072746850585935 | Train Acc: 42.71799921989441%
Test Loss: 4.014540609741211 | Test Acc: 41.71999990940094%
Epoch: 100 | Epoch Time: 0m 38s
Train Loss: 3.9170418927001953 | Train Acc: 42.73400008678436%
Test Loss: 4.024514743041992 | Test Acc: 41.71999990940094%
Namespace(action=4, model='CNN', seed=1)
{'model_name': 'CNN', 'device': device(type='cuda', index=0), 'log_dir': 'log\\CNN', 'ckpt_dir': 'checkpoint\\CNN', 'attack': 'lf', 'defence': 'krum', 'client_epochs': 10, 'server_epochs': 100, 'batch_size': 100, 'client_lr': 0.15, 'server_lr': 0.15, 'server_rate': 2000, 'load_ckpt': 0, 'workers': 20, 'byzantine_workers': 8, 'attack_strength': 5.0, 'k': 1, 'b': 4, 'test_frequency': 1}
======================Start Train Model [Wed May  8 08:38:54 2024]======================
Epoch: 1 | Epoch Time: 0m 47s
Train Loss: 2.295323747253418 | Train Acc: 14.127999544143677%
Test Loss: 2.2952405303955077 | Test Acc: 14.569999277591705%
Epoch: 2 | Epoch Time: 0m 46s
Train Loss: 2.2773386636352537 | Train Acc: 19.832000136375427%
Test Loss: 2.2770130630493166 | Test Acc: 20.170000195503235%
Epoch: 3 | Epoch Time: 0m 47s
Train Loss: 2.2484292260742187 | Train Acc: 23.093999922275543%
Test Loss: 2.2478003524780275 | Test Acc: 23.03999960422516%
Epoch: 4 | Epoch Time: 0m 46s
Train Loss: 2.214595282897949 | Train Acc: 24.72199946641922%
Test Loss: 2.213387170410156 | Test Acc: 24.83000010251999%
Epoch: 5 | Epoch Time: 0m 47s
Train Loss: 2.168722022705078 | Train Acc: 26.927998661994934%
Test Loss: 2.1668308380126953 | Test Acc: 27.309998869895935%
Epoch: 6 | Epoch Time: 0m 47s
Train Loss: 2.1236985150146483 | Train Acc: 29.15000021457672%
Test Loss: 2.121212812805176 | Test Acc: 29.87000048160553%
Epoch: 7 | Epoch Time: 0m 46s
Train Loss: 2.071891836242676 | Train Acc: 30.215999484062195%
Test Loss: 2.068717169189453 | Test Acc: 30.84000051021576%
Epoch: 8 | Epoch Time: 0m 46s
Train Loss: 2.0169901889038084 | Train Acc: 31.21599853038788%
Test Loss: 2.0129802154541014 | Test Acc: 31.67000114917755%
Epoch: 9 | Epoch Time: 0m 46s
Train Loss: 1.964370530090332 | Train Acc: 32.09199905395508%
Test Loss: 1.9595575286865234 | Test Acc: 32.46000111103058%
Epoch: 10 | Epoch Time: 0m 47s
Train Loss: 1.9138060202026368 | Train Acc: 34.53199863433838%
Test Loss: 1.9092697265625 | Test Acc: 34.9700003862381%
Epoch: 11 | Epoch Time: 0m 47s
Train Loss: 1.8744334094238282 | Train Acc: 35.71799993515015%
Test Loss: 1.8698523635864257 | Test Acc: 36.500000953674316%
Epoch: 12 | Epoch Time: 0m 46s
Train Loss: 1.8376730126953125 | Train Acc: 37.018001079559326%
Test Loss: 1.8333171005249023 | Test Acc: 37.630000710487366%
Epoch: 13 | Epoch Time: 0m 46s
Train Loss: 1.794527022705078 | Train Acc: 37.82399892807007%
Test Loss: 1.7896561294555664 | Test Acc: 37.88000047206879%
Epoch: 14 | Epoch Time: 0m 47s
Train Loss: 1.759885221862793 | Train Acc: 38.23400139808655%
Test Loss: 1.7549125991821288 | Test Acc: 38.26000094413757%
Epoch: 15 | Epoch Time: 0m 47s
Train Loss: 1.7295993334960937 | Train Acc: 38.65000009536743%
Test Loss: 1.7246624282836913 | Test Acc: 39.010000228881836%
Epoch: 16 | Epoch Time: 0m 46s
Train Loss: 1.7007555307006836 | Train Acc: 39.53799903392792%
Test Loss: 1.696617723083496 | Test Acc: 40.00000059604645%
Epoch: 17 | Epoch Time: 0m 46s
Train Loss: 1.6760439797973632 | Train Acc: 40.04800021648407%
Test Loss: 1.6717280380249024 | Test Acc: 40.58000147342682%
Epoch: 18 | Epoch Time: 0m 47s
Train Loss: 1.6549927755737304 | Train Acc: 40.681999921798706%
Test Loss: 1.6511944717407228 | Test Acc: 40.88999927043915%
Epoch: 19 | Epoch Time: 0m 46s
Train Loss: 1.6364485177612305 | Train Acc: 41.148000955581665%
Test Loss: 1.6323617156982422 | Test Acc: 41.15999937057495%
Epoch: 20 | Epoch Time: 0m 46s
Train Loss: 1.6197373440551759 | Train Acc: 41.38999879360199%
Test Loss: 1.6169867416381836 | Test Acc: 41.589999198913574%
Epoch: 21 | Epoch Time: 0m 46s
Train Loss: 1.6017315631103515 | Train Acc: 41.850000619888306%
Test Loss: 1.5988247848510742 | Test Acc: 42.21000075340271%
Epoch: 22 | Epoch Time: 0m 47s
Train Loss: 1.5844985607910156 | Train Acc: 42.38399863243103%
Test Loss: 1.5819575454711914 | Test Acc: 42.739999294281006%
Epoch: 23 | Epoch Time: 0m 46s
Train Loss: 1.566292763671875 | Train Acc: 42.712000012397766%
Test Loss: 1.5643828918457032 | Test Acc: 43.549999594688416%
Epoch: 24 | Epoch Time: 0m 47s
Train Loss: 1.550831629333496 | Train Acc: 43.43000054359436%
Test Loss: 1.5497110168457031 | Test Acc: 44.29999887943268%
Epoch: 25 | Epoch Time: 0m 46s
Train Loss: 1.5387320825195312 | Train Acc: 43.841999769210815%
Test Loss: 1.536821760559082 | Test Acc: 44.449999928474426%
Epoch: 26 | Epoch Time: 0m 46s
Train Loss: 1.5240458712768554 | Train Acc: 44.279998540878296%
Test Loss: 1.5229219512939454 | Test Acc: 45.21999955177307%
Epoch: 27 | Epoch Time: 0m 46s
Train Loss: 1.5101533299255372 | Train Acc: 44.93800103664398%
Test Loss: 1.5095851669311524 | Test Acc: 45.68000137805939%
Epoch: 28 | Epoch Time: 0m 47s
Train Loss: 1.4946395243835449 | Train Acc: 45.57600021362305%
Test Loss: 1.4954368347167968 | Test Acc: 46.25000059604645%
Epoch: 29 | Epoch Time: 0m 46s
Train Loss: 1.486270835876465 | Train Acc: 45.83599865436554%
Test Loss: 1.4874341255187988 | Test Acc: 46.639999747276306%
Epoch: 30 | Epoch Time: 0m 47s
Train Loss: 1.4731760110473633 | Train Acc: 46.38600051403046%
Test Loss: 1.475974131011963 | Test Acc: 46.68999910354614%
Epoch: 31 | Epoch Time: 0m 46s
Train Loss: 1.4701357102966308 | Train Acc: 46.417999267578125%
Test Loss: 1.4723358253479004 | Test Acc: 46.790000796318054%
Epoch: 32 | Epoch Time: 0m 47s
Train Loss: 1.458718901977539 | Train Acc: 46.87800109386444%
Test Loss: 1.4608231880187987 | Test Acc: 47.42000102996826%
Epoch: 33 | Epoch Time: 0m 47s
Train Loss: 1.4486329225158692 | Train Acc: 47.176000475883484%
Test Loss: 1.4516485549926759 | Test Acc: 47.71000146865845%
Epoch: 34 | Epoch Time: 0m 47s
Train Loss: 1.4362884158325195 | Train Acc: 47.628000378608704%
Test Loss: 1.4403791191101074 | Test Acc: 48.179998993873596%
Epoch: 35 | Epoch Time: 0m 47s
Train Loss: 1.4297830172729493 | Train Acc: 47.9420006275177%
Test Loss: 1.4353545127868652 | Test Acc: 48.41000139713287%
Epoch: 36 | Epoch Time: 0m 47s
Train Loss: 1.4196063047790528 | Train Acc: 48.298001289367676%
Test Loss: 1.425970090484619 | Test Acc: 48.87999892234802%
Epoch: 37 | Epoch Time: 0m 46s
Train Loss: 1.4113427040100097 | Train Acc: 48.67599904537201%
Test Loss: 1.4186827590942384 | Test Acc: 49.230000376701355%
Epoch: 38 | Epoch Time: 0m 47s
Train Loss: 1.4019609211730957 | Train Acc: 49.101999402046204%
Test Loss: 1.4096299278259277 | Test Acc: 49.810001254081726%
Epoch: 39 | Epoch Time: 0m 47s
Train Loss: 1.3971316090393067 | Train Acc: 49.52000081539154%
Test Loss: 1.4063994606018067 | Test Acc: 50.0%
Epoch: 40 | Epoch Time: 0m 47s
Train Loss: 1.3946587619018556 | Train Acc: 49.63600039482117%
Test Loss: 1.4036850952148439 | Test Acc: 50.300002098083496%
Epoch: 41 | Epoch Time: 0m 46s
Train Loss: 1.3864275367736816 | Train Acc: 49.851998686790466%
Test Loss: 1.3972537506103515 | Test Acc: 50.48999786376953%
Epoch: 42 | Epoch Time: 0m 47s
Train Loss: 1.3832991520690918 | Train Acc: 50.15400052070618%
Test Loss: 1.3948785125732421 | Test Acc: 50.59000253677368%
Epoch: 43 | Epoch Time: 0m 47s
Train Loss: 1.381476012878418 | Train Acc: 50.31599998474121%
Test Loss: 1.393392862701416 | Test Acc: 50.83000063896179%
Epoch: 44 | Epoch Time: 0m 47s
Train Loss: 1.372786658782959 | Train Acc: 50.66999793052673%
Test Loss: 1.3861532722473144 | Test Acc: 51.179999113082886%
Epoch: 45 | Epoch Time: 0m 46s
Train Loss: 1.3676840449523926 | Train Acc: 50.915998220443726%
Test Loss: 1.383570825958252 | Test Acc: 51.21999979019165%
Epoch: 46 | Epoch Time: 0m 47s
Train Loss: 1.3576357688903808 | Train Acc: 51.260000467300415%
Test Loss: 1.3738611625671386 | Test Acc: 51.60999894142151%
Epoch: 47 | Epoch Time: 0m 47s
Train Loss: 1.3537042182922363 | Train Acc: 51.45000219345093%
Test Loss: 1.372605729675293 | Test Acc: 51.71999931335449%
Epoch: 48 | Epoch Time: 0m 47s
Train Loss: 1.3474555004882813 | Train Acc: 51.899999380111694%
Test Loss: 1.3676653694152832 | Test Acc: 51.95000171661377%
Epoch: 49 | Epoch Time: 0m 46s
Train Loss: 1.3535766255187989 | Train Acc: 51.77000164985657%
Test Loss: 1.3757493301391601 | Test Acc: 51.74000263214111%
Epoch: 50 | Epoch Time: 0m 46s
Train Loss: 1.3676754588317872 | Train Acc: 51.58600211143494%
Test Loss: 1.3916819679260255 | Test Acc: 51.28999948501587%
Epoch: 51 | Epoch Time: 0m 47s
Train Loss: 1.373500321044922 | Train Acc: 51.70000195503235%
Test Loss: 1.4009287078857422 | Test Acc: 50.7099986076355%
Epoch: 52 | Epoch Time: 0m 46s
Train Loss: 1.3876043017578126 | Train Acc: 51.31400227546692%
Test Loss: 1.4161386199951171 | Test Acc: 50.38999915122986%
Epoch: 53 | Epoch Time: 0m 47s
Train Loss: 1.3983700900268554 | Train Acc: 51.42199993133545%
Test Loss: 1.4286528549194335 | Test Acc: 50.279998779296875%
Epoch: 54 | Epoch Time: 0m 46s
Train Loss: 1.4122062355041505 | Train Acc: 51.590001583099365%
Test Loss: 1.4442408561706543 | Test Acc: 50.48999786376953%
Epoch: 55 | Epoch Time: 0m 47s
Train Loss: 1.438211559448242 | Train Acc: 51.099997758865356%
Test Loss: 1.4708320182800294 | Test Acc: 49.97999966144562%
Epoch: 56 | Epoch Time: 0m 47s
Train Loss: 1.4577853129577636 | Train Acc: 51.256000995635986%
Test Loss: 1.4931319122314453 | Test Acc: 49.86000061035156%
Epoch: 57 | Epoch Time: 0m 46s
Train Loss: 1.488232640838623 | Train Acc: 51.25799775123596%
Test Loss: 1.5262642974853515 | Test Acc: 49.93999898433685%
Epoch: 58 | Epoch Time: 0m 46s
Train Loss: 1.5193905186462402 | Train Acc: 51.24800205230713%
Test Loss: 1.5589585952758789 | Test Acc: 49.90000128746033%
Epoch: 59 | Epoch Time: 0m 47s
Train Loss: 1.559731635284424 | Train Acc: 51.0699987411499%
Test Loss: 1.6008753303527832 | Test Acc: 49.84999895095825%
Epoch: 60 | Epoch Time: 0m 46s
Train Loss: 1.602982287902832 | Train Acc: 51.07399821281433%
Test Loss: 1.645443832397461 | Test Acc: 49.82999861240387%
Epoch: 61 | Epoch Time: 0m 47s
Train Loss: 1.5642442105102539 | Train Acc: 51.576000452041626%
Test Loss: 1.6064119331359863 | Test Acc: 50.1800000667572%
Epoch: 62 | Epoch Time: 0m 46s
Train Loss: 1.5838929501342773 | Train Acc: 51.38999819755554%
Test Loss: 1.6256065078735351 | Test Acc: 50.199997425079346%
Epoch: 63 | Epoch Time: 0m 47s
Train Loss: 1.618439249572754 | Train Acc: 51.27800107002258%
Test Loss: 1.6591389831542969 | Test Acc: 50.16999840736389%
Epoch: 64 | Epoch Time: 0m 46s
Train Loss: 1.666671997680664 | Train Acc: 51.256000995635986%
Test Loss: 1.7088888900756836 | Test Acc: 50.09999871253967%
Epoch: 65 | Epoch Time: 0m 47s
Train Loss: 1.721503006286621 | Train Acc: 51.235997676849365%
Test Loss: 1.7655546417236327 | Test Acc: 49.84000027179718%
Epoch: 66 | Epoch Time: 0m 46s
Train Loss: 1.7771670854187012 | Train Acc: 51.146000623703%
Test Loss: 1.823520297241211 | Test Acc: 49.77000057697296%
Epoch: 67 | Epoch Time: 0m 47s
Train Loss: 1.8275994360351562 | Train Acc: 51.12000107765198%
Test Loss: 1.8756027221679688 | Test Acc: 49.84000027179718%
Epoch: 68 | Epoch Time: 0m 47s
Train Loss: 1.8828833718872071 | Train Acc: 51.10999941825867%
Test Loss: 1.93304599609375 | Test Acc: 49.7299998998642%
Epoch: 69 | Epoch Time: 0m 47s
Train Loss: 1.9334837023925782 | Train Acc: 51.033997535705566%
Test Loss: 1.985587661743164 | Test Acc: 49.720001220703125%
Epoch: 70 | Epoch Time: 0m 47s
Train Loss: 1.9781549368286133 | Train Acc: 50.93600153923035%
Test Loss: 2.0314770141601564 | Test Acc: 49.64999854564667%
Epoch: 71 | Epoch Time: 0m 47s
Train Loss: 2.0102578686523436 | Train Acc: 50.853997468948364%
Test Loss: 2.0639554473876953 | Test Acc: 49.61999952793121%
Epoch: 72 | Epoch Time: 0m 47s
Train Loss: 2.057836463317871 | Train Acc: 50.79600214958191%
Test Loss: 2.113234963989258 | Test Acc: 49.630001187324524%
Epoch: 73 | Epoch Time: 0m 47s
Train Loss: 2.1023243435668943 | Train Acc: 50.77800154685974%
Test Loss: 2.159293295288086 | Test Acc: 49.66000020503998%
Epoch: 74 | Epoch Time: 0m 53s
Train Loss: 2.145070433654785 | Train Acc: 50.69800019264221%
Test Loss: 2.2034593399047853 | Test Acc: 49.61000084877014%
Epoch: 75 | Epoch Time: 0m 52s
Train Loss: 2.1850563644409178 | Train Acc: 50.66800117492676%
Test Loss: 2.2447775939941406 | Test Acc: 49.57000017166138%
Epoch: 76 | Epoch Time: 0m 53s
Train Loss: 2.2247796868896486 | Train Acc: 50.634002685546875%
Test Loss: 2.285510157775879 | Test Acc: 49.52999949455261%
Epoch: 77 | Epoch Time: 0m 51s
Train Loss: 2.261901370849609 | Train Acc: 50.585997104644775%
Test Loss: 2.323852684020996 | Test Acc: 49.52000081539154%
Epoch: 78 | Epoch Time: 0m 52s
Train Loss: 2.297487615356445 | Train Acc: 50.59400200843811%
Test Loss: 2.360404928588867 | Test Acc: 49.43000078201294%
Epoch: 79 | Epoch Time: 0m 53s
Train Loss: 2.330949378967285 | Train Acc: 50.51800012588501%
Test Loss: 2.3948700546264647 | Test Acc: 49.41000044345856%
Epoch: 80 | Epoch Time: 0m 52s
Train Loss: 2.3624409838867186 | Train Acc: 50.48400163650513%
Test Loss: 2.427263180541992 | Test Acc: 49.48999881744385%
Epoch: 81 | Epoch Time: 0m 51s
Train Loss: 2.392768305969238 | Train Acc: 50.44199824333191%
Test Loss: 2.4584560958862305 | Test Acc: 49.36999976634979%
Epoch: 82 | Epoch Time: 0m 52s
Train Loss: 2.421432984008789 | Train Acc: 50.432002544403076%
Test Loss: 2.487890542602539 | Test Acc: 49.36999976634979%
Epoch: 83 | Epoch Time: 0m 53s
Train Loss: 2.4489513592529297 | Train Acc: 50.401997566223145%
Test Loss: 2.5160734954833983 | Test Acc: 49.36999976634979%
Epoch: 84 | Epoch Time: 0m 47s
Train Loss: 2.4748332678222655 | Train Acc: 50.35399794578552%
Test Loss: 2.5427788452148437 | Test Acc: 49.36999976634979%
Epoch: 85 | Epoch Time: 0m 52s
Train Loss: 2.500160368652344 | Train Acc: 50.31599998474121%
Test Loss: 2.568689744567871 | Test Acc: 49.32999908924103%
Epoch: 86 | Epoch Time: 0m 57s
Train Loss: 2.5231600985717773 | Train Acc: 50.28600096702576%
Test Loss: 2.592469584655762 | Test Acc: 49.27999973297119%
Epoch: 87 | Epoch Time: 0m 57s
Train Loss: 2.544726575012207 | Train Acc: 50.32200217247009%
Test Loss: 2.6148943771362303 | Test Acc: 49.21000003814697%
Epoch: 88 | Epoch Time: 0m 55s
Train Loss: 2.5659071545410157 | Train Acc: 50.31999945640564%
Test Loss: 2.636973393249512 | Test Acc: 49.2000013589859%
Epoch: 89 | Epoch Time: 0m 57s
Train Loss: 2.587047585144043 | Train Acc: 50.279998779296875%
Test Loss: 2.658741435241699 | Test Acc: 49.18999969959259%
Epoch: 90 | Epoch Time: 0m 57s
Train Loss: 2.6069098068237304 | Train Acc: 50.24200081825256%
Test Loss: 2.6790874145507813 | Test Acc: 49.18000102043152%
Epoch: 91 | Epoch Time: 0m 56s
Train Loss: 2.6264401141357423 | Train Acc: 50.24799704551697%
Test Loss: 2.6990630767822266 | Test Acc: 49.219998717308044%
Epoch: 92 | Epoch Time: 0m 56s
Train Loss: 2.644482889099121 | Train Acc: 50.23199915885925%
Test Loss: 2.7177064056396483 | Test Acc: 49.160000681877136%
Epoch: 93 | Epoch Time: 0m 55s
Train Loss: 2.3591828067016603 | Train Acc: 49.26599860191345%
Test Loss: 2.42038611907959 | Test Acc: 48.19999933242798%
Epoch: 94 | Epoch Time: 0m 46s
Train Loss: 2.384013952026367 | Train Acc: 49.43000078201294%
Test Loss: 2.4473329177856447 | Test Acc: 48.420000076293945%
Epoch: 95 | Epoch Time: 0m 46s
Train Loss: 2.409290905456543 | Train Acc: 49.58600103855133%
Test Loss: 2.4742278625488283 | Test Acc: 48.510000109672546%
Epoch: 96 | Epoch Time: 0m 46s
Train Loss: 2.4331872113037107 | Train Acc: 49.75000023841858%
Test Loss: 2.4997531463623046 | Test Acc: 48.55999946594238%
Epoch: 97 | Epoch Time: 0m 47s
Train Loss: 2.4567961224365233 | Train Acc: 49.880000948905945%
Test Loss: 2.5249327255249026 | Test Acc: 48.73000085353851%
Epoch: 98 | Epoch Time: 0m 47s
Train Loss: 2.478810802307129 | Train Acc: 49.98599886894226%
Test Loss: 2.5485334732055662 | Test Acc: 48.75999987125397%
Epoch: 99 | Epoch Time: 0m 47s
Train Loss: 2.5011614385986327 | Train Acc: 50.077998638153076%
Test Loss: 2.57240397644043 | Test Acc: 48.739999532699585%
Epoch: 100 | Epoch Time: 0m 46s
Train Loss: 2.5236246130371094 | Train Acc: 50.116002559661865%
Test Loss: 2.5961059173583982 | Test Acc: 48.809999227523804%
