Namespace(action=12, model='CNN', seed=1)
{'model_name': 'CNN', 'device': device(type='cuda', index=0), 'log_dir': 'log\\CNN', 'ckpt_dir': 'checkpoint\\CNN', 'attack': 'raw', 'defence': 'krum', 'client_epochs': 10, 'server_epochs': 100, 'batch_size': 100, 'client_lr': 0.15, 'server_lr': 0.15, 'server_rate': 2000, 'load_ckpt': 0, 'workers': 20, 'byzantine_workers': 8, 'attack_strength': 1.0, 'k': 15, 'b': 4, 'test_frequency': 1}
======================Start Train Model [Mon May  6 02:55:00 2024]======================
Epoch: 1 | Epoch Time: 0m 47s
Train Loss: 2.295947681274414 | Train Acc: 16.609999537467957%
Test Loss: 2.2959983673095703 | Test Acc: 16.78999960422516%
Epoch: 2 | Epoch Time: 0m 47s
Train Loss: 2.2800361978149413 | Train Acc: 19.485999643802643%
Test Loss: 2.279993135070801 | Test Acc: 19.82000023126602%
Epoch: 3 | Epoch Time: 0m 46s
Train Loss: 2.2528198468017577 | Train Acc: 25.022000074386597%
Test Loss: 2.2525746643066404 | Test Acc: 25.38999915122986%
Epoch: 4 | Epoch Time: 0m 46s
Train Loss: 2.2159437121582033 | Train Acc: 28.284001350402832%
Test Loss: 2.215381121826172 | Test Acc: 28.65000069141388%
Epoch: 5 | Epoch Time: 0m 46s
Train Loss: 2.1726178759765626 | Train Acc: 30.103999376296997%
Test Loss: 2.171670654296875 | Test Acc: 30.250000953674316%
Epoch: 6 | Epoch Time: 0m 47s
Train Loss: 2.124592526245117 | Train Acc: 31.521999835968018%
Test Loss: 2.1232530654907227 | Test Acc: 31.709998846054077%
Epoch: 7 | Epoch Time: 0m 46s
Train Loss: 2.0734330816650393 | Train Acc: 32.56799876689911%
Test Loss: 2.0716190689086913 | Test Acc: 33.37000012397766%
Epoch: 8 | Epoch Time: 0m 46s
Train Loss: 2.025468815612793 | Train Acc: 33.46799910068512%
Test Loss: 2.0231776123046874 | Test Acc: 34.16999876499176%
Epoch: 9 | Epoch Time: 0m 46s
Train Loss: 1.9800701776123046 | Train Acc: 34.52199995517731%
Test Loss: 1.9775123931884766 | Test Acc: 35.22999882698059%
Epoch: 10 | Epoch Time: 0m 47s
Train Loss: 1.9347063668823241 | Train Acc: 35.23800075054169%
Test Loss: 1.931944758605957 | Test Acc: 35.9499990940094%
Epoch: 11 | Epoch Time: 0m 46s
Train Loss: 1.8912208416748046 | Train Acc: 36.173999309539795%
Test Loss: 1.8882908935546876 | Test Acc: 36.66999936103821%
Epoch: 12 | Epoch Time: 0m 46s
Train Loss: 1.849325159301758 | Train Acc: 37.14999854564667%
Test Loss: 1.8465282424926759 | Test Acc: 37.4099999666214%
Epoch: 13 | Epoch Time: 0m 46s
Train Loss: 1.8128363330078126 | Train Acc: 37.98600137233734%
Test Loss: 1.8099128967285156 | Test Acc: 38.22999894618988%
Epoch: 14 | Epoch Time: 0m 46s
Train Loss: 1.7785750469970703 | Train Acc: 38.74000012874603%
Test Loss: 1.7759124603271483 | Test Acc: 39.19000029563904%
Epoch: 15 | Epoch Time: 0m 46s
Train Loss: 1.7452001901245118 | Train Acc: 39.49599862098694%
Test Loss: 1.7428421936035157 | Test Acc: 39.899998903274536%
Epoch: 16 | Epoch Time: 0m 46s
Train Loss: 1.7160188879394531 | Train Acc: 40.1199996471405%
Test Loss: 1.7138784896850585 | Test Acc: 40.540000796318054%
Epoch: 17 | Epoch Time: 0m 47s
Train Loss: 1.68507369140625 | Train Acc: 40.82599878311157%
Test Loss: 1.683108103942871 | Test Acc: 41.13999903202057%
Epoch: 18 | Epoch Time: 0m 46s
Train Loss: 1.6595587173461914 | Train Acc: 41.47799909114838%
Test Loss: 1.6577399658203125 | Test Acc: 41.589999198913574%
Epoch: 19 | Epoch Time: 0m 46s
Train Loss: 1.6353712051391602 | Train Acc: 42.052000761032104%
Test Loss: 1.633759959411621 | Test Acc: 42.17999875545502%
Epoch: 20 | Epoch Time: 0m 45s
Train Loss: 1.6134143740844726 | Train Acc: 42.570000886917114%
Test Loss: 1.6123059265136719 | Test Acc: 42.71999895572662%
Epoch: 21 | Epoch Time: 0m 46s
Train Loss: 1.5935966146850586 | Train Acc: 43.0759996175766%
Test Loss: 1.59279044342041 | Test Acc: 43.25999915599823%
Epoch: 22 | Epoch Time: 0m 47s
Train Loss: 1.57299552734375 | Train Acc: 43.601998686790466%
Test Loss: 1.5728791900634767 | Test Acc: 43.81000101566315%
Epoch: 23 | Epoch Time: 0m 46s
Train Loss: 1.5548864810180665 | Train Acc: 44.07599866390228%
Test Loss: 1.555165266418457 | Test Acc: 44.15999948978424%
Epoch: 24 | Epoch Time: 0m 46s
Train Loss: 1.538619888305664 | Train Acc: 44.65799927711487%
Test Loss: 1.5394539413452148 | Test Acc: 44.679999351501465%
Epoch: 25 | Epoch Time: 0m 46s
Train Loss: 1.5214425540161134 | Train Acc: 45.3000009059906%
Test Loss: 1.5226230377197265 | Test Acc: 45.42999863624573%
Epoch: 26 | Epoch Time: 0m 46s
Train Loss: 1.5047506546020508 | Train Acc: 45.81800103187561%
Test Loss: 1.50633653717041 | Test Acc: 45.980000495910645%
Epoch: 27 | Epoch Time: 0m 46s
Train Loss: 1.4904890444946288 | Train Acc: 46.215999126434326%
Test Loss: 1.492439389038086 | Test Acc: 46.43000066280365%
Epoch: 28 | Epoch Time: 0m 46s
Train Loss: 1.475195338897705 | Train Acc: 46.76400125026703%
Test Loss: 1.4775164833068848 | Test Acc: 46.75999879837036%
Epoch: 29 | Epoch Time: 0m 46s
Train Loss: 1.4643451383972168 | Train Acc: 47.15200066566467%
Test Loss: 1.4671532020568847 | Test Acc: 47.33999967575073%
Epoch: 30 | Epoch Time: 0m 46s
Train Loss: 1.452631226348877 | Train Acc: 47.55600094795227%
Test Loss: 1.4558470245361328 | Test Acc: 47.7400004863739%
Epoch: 31 | Epoch Time: 0m 46s
Train Loss: 1.4387747122192382 | Train Acc: 48.08000028133392%
Test Loss: 1.4427424507141113 | Test Acc: 48.41000139713287%
Epoch: 32 | Epoch Time: 0m 46s
Train Loss: 1.4257812811279298 | Train Acc: 48.45399856567383%
Test Loss: 1.4302956130981446 | Test Acc: 48.829999566078186%
Epoch: 33 | Epoch Time: 0m 46s
Train Loss: 1.415305523223877 | Train Acc: 48.833999037742615%
Test Loss: 1.420212338256836 | Test Acc: 48.980000615119934%
Epoch: 34 | Epoch Time: 0m 46s
Train Loss: 1.4038075244140624 | Train Acc: 49.27600026130676%
Test Loss: 1.4093948951721191 | Test Acc: 49.470001459121704%
Epoch: 35 | Epoch Time: 0m 46s
Train Loss: 1.3927041418457031 | Train Acc: 49.616000056266785%
Test Loss: 1.3992449668884277 | Test Acc: 49.86000061035156%
Epoch: 36 | Epoch Time: 0m 46s
Train Loss: 1.383249345550537 | Train Acc: 49.97200071811676%
Test Loss: 1.3903477394104005 | Test Acc: 50.12999773025513%
Epoch: 37 | Epoch Time: 0m 46s
Train Loss: 1.3747608874511719 | Train Acc: 50.23199915885925%
Test Loss: 1.3823441749572754 | Test Acc: 50.349998474121094%
Epoch: 38 | Epoch Time: 0m 47s
Train Loss: 1.3660853901672363 | Train Acc: 50.52800178527832%
Test Loss: 1.3744195426940917 | Test Acc: 50.679999589920044%
Epoch: 39 | Epoch Time: 0m 46s
Train Loss: 1.3562141514587402 | Train Acc: 50.874000787734985%
Test Loss: 1.365365451812744 | Test Acc: 51.010000705718994%
Epoch: 40 | Epoch Time: 0m 46s
Train Loss: 1.3478009779357911 | Train Acc: 51.20999813079834%
Test Loss: 1.358078165435791 | Test Acc: 51.190000772476196%
Epoch: 41 | Epoch Time: 0m 46s
Train Loss: 1.3386230335998535 | Train Acc: 51.5720009803772%
Test Loss: 1.3498440948486328 | Test Acc: 51.52000188827515%
Epoch: 42 | Epoch Time: 0m 47s
Train Loss: 1.329581517791748 | Train Acc: 51.94399952888489%
Test Loss: 1.3419391563415528 | Test Acc: 51.87000036239624%
Epoch: 43 | Epoch Time: 0m 46s
Train Loss: 1.3206242916870117 | Train Acc: 52.219998836517334%
Test Loss: 1.3339868019104004 | Test Acc: 52.170002460479736%
Epoch: 44 | Epoch Time: 0m 47s
Train Loss: 1.3124069891357422 | Train Acc: 52.58200168609619%
Test Loss: 1.326394036102295 | Test Acc: 52.42999792098999%
Epoch: 45 | Epoch Time: 0m 45s
Train Loss: 1.3056184523010255 | Train Acc: 52.82599925994873%
Test Loss: 1.3206769798278808 | Test Acc: 52.52000093460083%
Epoch: 46 | Epoch Time: 0m 46s
Train Loss: 1.2970328465270997 | Train Acc: 53.2260000705719%
Test Loss: 1.3131547065734863 | Test Acc: 52.70000100135803%
Epoch: 47 | Epoch Time: 0m 47s
Train Loss: 1.290768279876709 | Train Acc: 53.39199900627136%
Test Loss: 1.3078069427490235 | Test Acc: 52.719998359680176%
Epoch: 48 | Epoch Time: 0m 46s
Train Loss: 1.2832641343688964 | Train Acc: 53.65999937057495%
Test Loss: 1.301180990600586 | Test Acc: 53.2800018787384%
Epoch: 49 | Epoch Time: 0m 46s
Train Loss: 1.2772077667236328 | Train Acc: 53.90599966049194%
Test Loss: 1.29619600982666 | Test Acc: 53.460001945495605%
Epoch: 50 | Epoch Time: 0m 47s
Train Loss: 1.27123755859375 | Train Acc: 54.2140007019043%
Test Loss: 1.2913580795288087 | Test Acc: 53.860002756118774%
Epoch: 51 | Epoch Time: 0m 47s
Train Loss: 1.2652632124328613 | Train Acc: 54.475998878479004%
Test Loss: 1.2867714904785157 | Test Acc: 53.96000146865845%
Epoch: 52 | Epoch Time: 0m 46s
Train Loss: 1.2590824609375 | Train Acc: 54.787999391555786%
Test Loss: 1.2819974395751954 | Test Acc: 54.1700005531311%
Epoch: 53 | Epoch Time: 0m 46s
Train Loss: 1.2536652926635743 | Train Acc: 55.055999755859375%
Test Loss: 1.2775503509521484 | Test Acc: 54.32000160217285%
Epoch: 54 | Epoch Time: 0m 46s
Train Loss: 1.2491515129089354 | Train Acc: 55.20600080490112%
Test Loss: 1.2739824409484863 | Test Acc: 54.339998960494995%
Epoch: 55 | Epoch Time: 0m 47s
Train Loss: 1.2435177101135253 | Train Acc: 55.51999807357788%
Test Loss: 1.2696394737243653 | Test Acc: 54.49000000953674%
Epoch: 56 | Epoch Time: 0m 47s
Train Loss: 1.2382428964233398 | Train Acc: 55.78799843788147%
Test Loss: 1.2658166862487792 | Test Acc: 54.6500027179718%
Epoch: 57 | Epoch Time: 0m 46s
Train Loss: 1.2344610891723633 | Train Acc: 55.9440016746521%
Test Loss: 1.2633169815063476 | Test Acc: 54.72000241279602%
Epoch: 58 | Epoch Time: 0m 46s
Train Loss: 1.2293539077758788 | Train Acc: 56.18399977684021%
Test Loss: 1.2596554054260254 | Test Acc: 55.08999824523926%
Epoch: 59 | Epoch Time: 0m 46s
Train Loss: 1.2255691654968262 | Train Acc: 56.411999464035034%
Test Loss: 1.2578024543762207 | Test Acc: 55.22000193595886%
Epoch: 60 | Epoch Time: 0m 46s
Train Loss: 1.2216761233520508 | Train Acc: 56.61799907684326%
Test Loss: 1.2550200424194335 | Test Acc: 55.36999702453613%
Epoch: 61 | Epoch Time: 0m 46s
Train Loss: 1.218288197479248 | Train Acc: 56.779998540878296%
Test Loss: 1.253413427734375 | Test Acc: 55.400002002716064%
Epoch: 62 | Epoch Time: 0m 45s
Train Loss: 1.2146378005981446 | Train Acc: 56.95199966430664%
Test Loss: 1.2517419052124024 | Test Acc: 55.5899977684021%
Epoch: 63 | Epoch Time: 0m 47s
Train Loss: 1.2104721365356446 | Train Acc: 57.14200139045715%
Test Loss: 1.249352219390869 | Test Acc: 55.72999715805054%
Epoch: 64 | Epoch Time: 0m 46s
Train Loss: 1.2063456076049806 | Train Acc: 57.44600296020508%
Test Loss: 1.247405389404297 | Test Acc: 55.980002880096436%
Epoch: 65 | Epoch Time: 0m 46s
Train Loss: 1.202835378112793 | Train Acc: 57.590001821517944%
Test Loss: 1.2460078948974609 | Test Acc: 55.980002880096436%
Epoch: 66 | Epoch Time: 0m 46s
Train Loss: 1.2001652178955078 | Train Acc: 57.708001136779785%
Test Loss: 1.2448837448120118 | Test Acc: 56.11000061035156%
Epoch: 67 | Epoch Time: 0m 46s
Train Loss: 1.1982438739013672 | Train Acc: 57.85999894142151%
Test Loss: 1.2447831474304198 | Test Acc: 56.19000196456909%
Epoch: 68 | Epoch Time: 0m 47s
Train Loss: 1.1971918728637696 | Train Acc: 58.0020010471344%
Test Loss: 1.2458793891906739 | Test Acc: 56.34999871253967%
Epoch: 69 | Epoch Time: 0m 46s
Train Loss: 1.196192522125244 | Train Acc: 58.16799998283386%
Test Loss: 1.2473078804016113 | Test Acc: 56.540000438690186%
Epoch: 70 | Epoch Time: 0m 46s
Train Loss: 1.1952956666564942 | Train Acc: 58.31599831581116%
Test Loss: 1.2489645904541016 | Test Acc: 56.67999982833862%
Epoch: 71 | Epoch Time: 0m 47s
Train Loss: 1.1935111846923827 | Train Acc: 58.4879994392395%
Test Loss: 1.2496898979187012 | Test Acc: 56.790000200271606%
Epoch: 72 | Epoch Time: 0m 46s
Train Loss: 1.1930530502319336 | Train Acc: 58.664000034332275%
Test Loss: 1.2518556571960449 | Test Acc: 56.9100022315979%
Epoch: 73 | Epoch Time: 0m 46s
Train Loss: 1.1916427735900879 | Train Acc: 58.841997385025024%
Test Loss: 1.2532854370117188 | Test Acc: 56.98999762535095%
Epoch: 74 | Epoch Time: 0m 46s
Train Loss: 1.190762741394043 | Train Acc: 58.96199941635132%
Test Loss: 1.2547858085632324 | Test Acc: 57.05999732017517%
Epoch: 75 | Epoch Time: 0m 47s
Train Loss: 1.189255144958496 | Train Acc: 59.09799933433533%
Test Loss: 1.2552936950683593 | Test Acc: 57.260000705718994%
Epoch: 76 | Epoch Time: 0m 46s
Train Loss: 1.1895748196411133 | Train Acc: 59.29800271987915%
Test Loss: 1.258002825164795 | Test Acc: 57.419997453689575%
Epoch: 77 | Epoch Time: 0m 46s
Train Loss: 1.1898144059753417 | Train Acc: 59.45799946784973%
Test Loss: 1.261842024230957 | Test Acc: 57.55000114440918%
Epoch: 78 | Epoch Time: 0m 47s
Train Loss: 1.1903241366577149 | Train Acc: 59.66399908065796%
Test Loss: 1.2654770988464354 | Test Acc: 57.60999917984009%
Epoch: 79 | Epoch Time: 0m 47s
Train Loss: 1.1918288899230958 | Train Acc: 59.75000262260437%
Test Loss: 1.269429867553711 | Test Acc: 57.760000228881836%
Epoch: 80 | Epoch Time: 0m 46s
Train Loss: 1.1921027738952636 | Train Acc: 59.92000102996826%
Test Loss: 1.2724979499816895 | Test Acc: 57.8499972820282%
Epoch: 81 | Epoch Time: 0m 46s
Train Loss: 1.192725569152832 | Train Acc: 60.06600260734558%
Test Loss: 1.276067359161377 | Test Acc: 57.94000029563904%
Epoch: 82 | Epoch Time: 0m 46s
Train Loss: 1.1933735905456544 | Train Acc: 60.203999280929565%
Test Loss: 1.2797343688964844 | Test Acc: 58.02000164985657%
Epoch: 83 | Epoch Time: 0m 47s
Train Loss: 1.1952094158935547 | Train Acc: 60.30200123786926%
Test Loss: 1.2847356002807617 | Test Acc: 58.17999839782715%
Epoch: 84 | Epoch Time: 0m 47s
Train Loss: 1.1971810891723633 | Train Acc: 60.482001304626465%
Test Loss: 1.29026416015625 | Test Acc: 58.240002393722534%
Epoch: 85 | Epoch Time: 0m 46s
Train Loss: 1.1988587762451173 | Train Acc: 60.60600280761719%
Test Loss: 1.2950704376220703 | Test Acc: 58.25999975204468%
Epoch: 86 | Epoch Time: 0m 46s
Train Loss: 1.1986059802246094 | Train Acc: 60.70200204849243%
Test Loss: 1.297320442199707 | Test Acc: 58.240002393722534%
Epoch: 87 | Epoch Time: 0m 47s
Train Loss: 1.2012280786132812 | Train Acc: 60.8240008354187%
Test Loss: 1.3031982963562012 | Test Acc: 58.38000178337097%
Epoch: 88 | Epoch Time: 0m 46s
Train Loss: 1.2062441564941406 | Train Acc: 60.923999547958374%
Test Loss: 1.3120323707580566 | Test Acc: 58.420002460479736%
Epoch: 89 | Epoch Time: 0m 46s
Train Loss: 1.2100685861206055 | Train Acc: 61.06399893760681%
Test Loss: 1.3194274520874023 | Test Acc: 58.60000252723694%
Epoch: 90 | Epoch Time: 0m 46s
Train Loss: 1.210325223236084 | Train Acc: 61.23200058937073%
Test Loss: 1.322046622467041 | Test Acc: 58.719998598098755%
Epoch: 91 | Epoch Time: 0m 47s
Train Loss: 1.2157607020568848 | Train Acc: 61.36000156402588%
Test Loss: 1.331184326171875 | Test Acc: 58.78000259399414%
Epoch: 92 | Epoch Time: 0m 47s
Train Loss: 1.2172697036743163 | Train Acc: 61.466002464294434%
Test Loss: 1.3355919677734376 | Test Acc: 58.85999798774719%
Epoch: 93 | Epoch Time: 0m 47s
Train Loss: 1.2187835145568848 | Train Acc: 61.60399913787842%
Test Loss: 1.3399651908874513 | Test Acc: 58.92000198364258%
Epoch: 94 | Epoch Time: 0m 46s
Train Loss: 1.2236364440917968 | Train Acc: 61.69599890708923%
Test Loss: 1.348318839263916 | Test Acc: 58.969998359680176%
Epoch: 95 | Epoch Time: 0m 46s
Train Loss: 1.2266249058532714 | Train Acc: 61.795997619628906%
Test Loss: 1.3545151397705077 | Test Acc: 58.99999737739563%
Epoch: 96 | Epoch Time: 0m 46s
Train Loss: 1.2302549151611328 | Train Acc: 61.875998973846436%
Test Loss: 1.3615904838562012 | Test Acc: 59.02000069618225%
Epoch: 97 | Epoch Time: 0m 47s
Train Loss: 1.2356241944885253 | Train Acc: 61.9920015335083%
Test Loss: 1.3705044342041015 | Test Acc: 59.03000235557556%
Epoch: 98 | Epoch Time: 0m 46s
Train Loss: 1.2397547895812988 | Train Acc: 62.06200122833252%
Test Loss: 1.3776184677124024 | Test Acc: 59.049999713897705%
Epoch: 99 | Epoch Time: 0m 47s
Train Loss: 1.2424623887634276 | Train Acc: 62.13200092315674%
Test Loss: 1.3827779335021972 | Test Acc: 59.06999707221985%
Epoch: 100 | Epoch Time: 0m 47s
Train Loss: 1.2446939515686035 | Train Acc: 62.25799918174744%
Test Loss: 1.3872180786132813 | Test Acc: 59.039998054504395%
Namespace(action=12, model='CNN', seed=1)
{'model_name': 'CNN', 'device': device(type='cuda', index=0), 'log_dir': 'log\\CNN', 'ckpt_dir': 'checkpoint\\CNN', 'attack': 'raw', 'defence': 'krum', 'client_epochs': 10, 'server_epochs': 100, 'batch_size': 100, 'client_lr': 0.15, 'server_lr': 0.15, 'server_rate': 2000, 'load_ckpt': 0, 'workers': 20, 'byzantine_workers': 8, 'attack_strength': 1.0, 'k': 15, 'b': 4, 'test_frequency': 1}
======================Start Train Model [Tue May  7 17:05:35 2024]======================
Epoch: 1 | Epoch Time: 0m 51s
Train Loss: 2.2986947692871094 | Train Acc: 11.209999769926071%
Test Loss: 2.2985556365966797 | Test Acc: 11.389999836683273%
Epoch: 2 | Epoch Time: 0m 53s
Train Loss: 2.285861994628906 | Train Acc: 18.14199984073639%
Test Loss: 2.285569253540039 | Test Acc: 18.320000171661377%
Epoch: 3 | Epoch Time: 0m 53s
Train Loss: 2.2633605657958986 | Train Acc: 23.06399941444397%
Test Loss: 2.2627800674438476 | Test Acc: 23.190000653266907%
Epoch: 4 | Epoch Time: 1m 12s
Train Loss: 2.2304611712646483 | Train Acc: 25.83799958229065%
Test Loss: 2.229508627319336 | Test Acc: 25.81999897956848%
Epoch: 5 | Epoch Time: 1m 18s
Train Loss: 2.1890079107666014 | Train Acc: 28.45200002193451%
Test Loss: 2.1876554809570314 | Test Acc: 28.749999403953552%
Epoch: 6 | Epoch Time: 1m 34s
Train Loss: 2.1421332522583008 | Train Acc: 30.54800033569336%
Test Loss: 2.140279899597168 | Test Acc: 30.559998750686646%
Epoch: 7 | Epoch Time: 1m 49s
Train Loss: 2.0912961264038086 | Train Acc: 32.0279985666275%
Test Loss: 2.08889612121582 | Test Acc: 32.30000138282776%
Epoch: 8 | Epoch Time: 2m 10s
Train Loss: 2.0420289547729493 | Train Acc: 33.2940012216568%
Test Loss: 2.0391351486206055 | Test Acc: 33.34999978542328%
Epoch: 9 | Epoch Time: 1m 18s
Train Loss: 1.994624010925293 | Train Acc: 34.17400121688843%
Test Loss: 1.9913278717041016 | Test Acc: 34.139999747276306%
Epoch: 10 | Epoch Time: 0m 52s
Train Loss: 1.9474395346069335 | Train Acc: 34.81000065803528%
Test Loss: 1.9437924407958984 | Test Acc: 35.04000008106232%
Epoch: 11 | Epoch Time: 0m 48s
Train Loss: 1.9035918667602538 | Train Acc: 35.58200001716614%
Test Loss: 1.899580746459961 | Test Acc: 35.7699990272522%
Epoch: 12 | Epoch Time: 0m 50s
Train Loss: 1.863406022338867 | Train Acc: 36.37799918651581%
Test Loss: 1.859235186767578 | Test Acc: 36.50999963283539%
Epoch: 13 | Epoch Time: 0m 51s
Train Loss: 1.827155241394043 | Train Acc: 36.998000741004944%
Test Loss: 1.8229115493774415 | Test Acc: 37.36000061035156%
Epoch: 14 | Epoch Time: 0m 54s
Train Loss: 1.794858016357422 | Train Acc: 37.55800127983093%
Test Loss: 1.7907035095214843 | Test Acc: 38.01000118255615%
Epoch: 15 | Epoch Time: 0m 51s
Train Loss: 1.7635397079467774 | Train Acc: 38.22999894618988%
Test Loss: 1.7594369567871093 | Test Acc: 38.909998536109924%
Epoch: 16 | Epoch Time: 0m 52s
Train Loss: 1.7356113290405273 | Train Acc: 38.94999921321869%
Test Loss: 1.7316454467773437 | Test Acc: 39.46999907493591%
Epoch: 17 | Epoch Time: 0m 51s
Train Loss: 1.7104670742797852 | Train Acc: 39.49800133705139%
Test Loss: 1.7066280456542968 | Test Acc: 40.04000127315521%
Epoch: 18 | Epoch Time: 0m 51s
Train Loss: 1.6861265393066407 | Train Acc: 40.10800123214722%
Test Loss: 1.6824332244873046 | Test Acc: 40.369999408721924%
Epoch: 19 | Epoch Time: 0m 51s
Train Loss: 1.6652815252685547 | Train Acc: 40.80600142478943%
Test Loss: 1.6619019622802735 | Test Acc: 40.880000591278076%
Epoch: 20 | Epoch Time: 0m 52s
Train Loss: 1.6430636743164062 | Train Acc: 41.54199957847595%
Test Loss: 1.6398129699707031 | Test Acc: 41.29999876022339%
Epoch: 21 | Epoch Time: 0m 51s
Train Loss: 1.622878063659668 | Train Acc: 42.11600124835968%
Test Loss: 1.6196365234375 | Test Acc: 41.839998960494995%
Epoch: 22 | Epoch Time: 0m 52s
Train Loss: 1.6037524938964844 | Train Acc: 42.66799986362457%
Test Loss: 1.6007425735473633 | Test Acc: 42.55000054836273%
Epoch: 23 | Epoch Time: 0m 52s
Train Loss: 1.5835280020141602 | Train Acc: 43.27400028705597%
Test Loss: 1.5805262664794921 | Test Acc: 43.5699999332428%
Epoch: 24 | Epoch Time: 0m 47s
Train Loss: 1.5662424829101562 | Train Acc: 43.75399947166443%
Test Loss: 1.5636601196289062 | Test Acc: 43.97000074386597%
Epoch: 25 | Epoch Time: 0m 55s
Train Loss: 1.5504015188598632 | Train Acc: 44.297999143600464%
Test Loss: 1.5483181686401368 | Test Acc: 44.440001249313354%
Epoch: 26 | Epoch Time: 0m 59s
Train Loss: 1.5329566390991212 | Train Acc: 45.00400125980377%
Test Loss: 1.530987141418457 | Test Acc: 45.03999948501587%
Epoch: 27 | Epoch Time: 0m 58s
Train Loss: 1.5189016595458984 | Train Acc: 45.46400010585785%
Test Loss: 1.5174386672973632 | Test Acc: 45.570001006126404%
Epoch: 28 | Epoch Time: 0m 59s
Train Loss: 1.5043769296264649 | Train Acc: 45.95800042152405%
Test Loss: 1.5032715515136719 | Test Acc: 46.230000257492065%
Epoch: 29 | Epoch Time: 0m 58s
Train Loss: 1.491337794342041 | Train Acc: 46.38400077819824%
Test Loss: 1.490833401489258 | Test Acc: 46.81999981403351%
Epoch: 30 | Epoch Time: 1m 2s
Train Loss: 1.477916303253174 | Train Acc: 46.922001242637634%
Test Loss: 1.477792124938965 | Test Acc: 47.17000126838684%
Epoch: 31 | Epoch Time: 0m 58s
Train Loss: 1.464713515472412 | Train Acc: 47.492000460624695%
Test Loss: 1.4649512817382813 | Test Acc: 47.65999913215637%
Epoch: 32 | Epoch Time: 0m 57s
Train Loss: 1.4530934869384766 | Train Acc: 47.80400097370148%
Test Loss: 1.4539072013854981 | Test Acc: 48.14000129699707%
Epoch: 33 | Epoch Time: 0m 52s
Train Loss: 1.4408982881164552 | Train Acc: 48.32000136375427%
Test Loss: 1.4421930419921876 | Test Acc: 48.660001158714294%
Epoch: 34 | Epoch Time: 0m 47s
Train Loss: 1.4275693135070802 | Train Acc: 48.74599874019623%
Test Loss: 1.429040690612793 | Test Acc: 48.94999861717224%
Epoch: 35 | Epoch Time: 0m 47s
Train Loss: 1.4167339027404786 | Train Acc: 49.14399981498718%
Test Loss: 1.4187164009094237 | Test Acc: 49.140000343322754%
Epoch: 36 | Epoch Time: 0m 46s
Train Loss: 1.4066214393615724 | Train Acc: 49.51600134372711%
Test Loss: 1.409234800720215 | Test Acc: 49.43000078201294%
Epoch: 37 | Epoch Time: 0m 47s
Train Loss: 1.3972463209533692 | Train Acc: 49.76600110530853%
Test Loss: 1.4005699661254882 | Test Acc: 49.869999289512634%
Epoch: 38 | Epoch Time: 0m 47s
Train Loss: 1.387499312286377 | Train Acc: 50.19000172615051%
Test Loss: 1.3916229225158692 | Test Acc: 50.08000135421753%
Epoch: 39 | Epoch Time: 0m 47s
Train Loss: 1.3774685794067383 | Train Acc: 50.52400231361389%
Test Loss: 1.3822073371887207 | Test Acc: 50.599998235702515%
Epoch: 40 | Epoch Time: 0m 47s
Train Loss: 1.368332625579834 | Train Acc: 50.8679986000061%
Test Loss: 1.373891918182373 | Test Acc: 50.97000002861023%
Epoch: 41 | Epoch Time: 0m 46s
Train Loss: 1.3611867901611328 | Train Acc: 51.10599994659424%
Test Loss: 1.3676603256225586 | Test Acc: 51.20999813079834%
Epoch: 42 | Epoch Time: 0m 46s
Train Loss: 1.3520619450378417 | Train Acc: 51.444000005722046%
Test Loss: 1.3592313819885253 | Test Acc: 51.569998264312744%
Epoch: 43 | Epoch Time: 0m 46s
Train Loss: 1.3436169627380372 | Train Acc: 51.86799764633179%
Test Loss: 1.3516773750305175 | Test Acc: 51.85999870300293%
Epoch: 44 | Epoch Time: 0m 47s
Train Loss: 1.3366566929626464 | Train Acc: 52.1340012550354%
Test Loss: 1.345548141479492 | Test Acc: 51.889997720718384%
Epoch: 45 | Epoch Time: 0m 46s
Train Loss: 1.3276761183166503 | Train Acc: 52.55799889564514%
Test Loss: 1.3373685523986816 | Test Acc: 52.42999792098999%
Epoch: 46 | Epoch Time: 0m 47s
Train Loss: 1.3182672064208985 | Train Acc: 52.880001068115234%
Test Loss: 1.328977555847168 | Test Acc: 52.78000235557556%
Epoch: 47 | Epoch Time: 0m 46s
Train Loss: 1.3115541987609862 | Train Acc: 53.15600037574768%
Test Loss: 1.323155037689209 | Test Acc: 52.960002422332764%
Epoch: 48 | Epoch Time: 0m 46s
Train Loss: 1.3052176374816895 | Train Acc: 53.421998023986816%
Test Loss: 1.31800691986084 | Test Acc: 53.22999954223633%
Epoch: 49 | Epoch Time: 0m 46s
Train Loss: 1.2990623045349121 | Train Acc: 53.67199778556824%
Test Loss: 1.3128067863464354 | Test Acc: 53.17000150680542%
Epoch: 50 | Epoch Time: 0m 47s
Train Loss: 1.293119802093506 | Train Acc: 53.89599800109863%
Test Loss: 1.3080296539306642 | Test Acc: 53.32000255584717%
Epoch: 51 | Epoch Time: 0m 46s
Train Loss: 1.2861462133789063 | Train Acc: 54.14800047874451%
Test Loss: 1.302241283416748 | Test Acc: 53.46999764442444%
Epoch: 52 | Epoch Time: 0m 47s
Train Loss: 1.27996077835083 | Train Acc: 54.41799759864807%
Test Loss: 1.2971449844360352 | Test Acc: 53.82000207901001%
Epoch: 53 | Epoch Time: 0m 47s
Train Loss: 1.2746509284973144 | Train Acc: 54.67600226402283%
Test Loss: 1.2930694709777832 | Test Acc: 53.94999980926514%
Epoch: 54 | Epoch Time: 0m 47s
Train Loss: 1.2686637358093262 | Train Acc: 54.99799847602844%
Test Loss: 1.2885134567260743 | Test Acc: 54.180002212524414%
Epoch: 55 | Epoch Time: 0m 46s
Train Loss: 1.2644791160583495 | Train Acc: 55.19999861717224%
Test Loss: 1.2856955543518067 | Test Acc: 54.420000314712524%
Epoch: 56 | Epoch Time: 0m 46s
Train Loss: 1.2594151750183105 | Train Acc: 55.43400049209595%
Test Loss: 1.2817180397033692 | Test Acc: 54.49000000953674%
Epoch: 57 | Epoch Time: 0m 46s
Train Loss: 1.2546209312438965 | Train Acc: 55.62800168991089%
Test Loss: 1.2782590225219728 | Test Acc: 54.71000075340271%
Epoch: 58 | Epoch Time: 0m 47s
Train Loss: 1.249674313812256 | Train Acc: 55.85799813270569%
Test Loss: 1.2747629325866698 | Test Acc: 54.86000180244446%
Epoch: 59 | Epoch Time: 0m 47s
Train Loss: 1.2452818450927734 | Train Acc: 56.133997440338135%
Test Loss: 1.271817488861084 | Test Acc: 55.11000156402588%
Epoch: 60 | Epoch Time: 0m 47s
Train Loss: 1.2400589767456054 | Train Acc: 56.341999769210815%
Test Loss: 1.268256081390381 | Test Acc: 55.34999966621399%
Epoch: 61 | Epoch Time: 0m 46s
Train Loss: 1.2356632527160645 | Train Acc: 56.64399862289429%
Test Loss: 1.2656525024414063 | Test Acc: 55.570000410079956%
Epoch: 62 | Epoch Time: 0m 47s
Train Loss: 1.2328449067687988 | Train Acc: 56.74999952316284%
Test Loss: 1.2643582977294923 | Test Acc: 55.66999912261963%
Epoch: 63 | Epoch Time: 0m 47s
Train Loss: 1.2297149234008788 | Train Acc: 56.97600245475769%
Test Loss: 1.2630762519836425 | Test Acc: 55.879998207092285%
Epoch: 64 | Epoch Time: 0m 47s
Train Loss: 1.2274500178527832 | Train Acc: 57.1120023727417%
Test Loss: 1.2626423225402832 | Test Acc: 56.11000061035156%
Epoch: 65 | Epoch Time: 0m 46s
Train Loss: 1.2247598526000976 | Train Acc: 57.28800296783447%
Test Loss: 1.2620825798034667 | Test Acc: 56.199997663497925%
Epoch: 66 | Epoch Time: 0m 46s
Train Loss: 1.2219794709777831 | Train Acc: 57.4720025062561%
Test Loss: 1.2614940231323242 | Test Acc: 56.44000172615051%
Epoch: 67 | Epoch Time: 0m 47s
Train Loss: 1.2213306033325195 | Train Acc: 57.60200023651123%
Test Loss: 1.2626781936645508 | Test Acc: 56.48000240325928%
Epoch: 68 | Epoch Time: 0m 47s
Train Loss: 1.2200885749816894 | Train Acc: 57.79200196266174%
Test Loss: 1.2634751327514648 | Test Acc: 56.84000253677368%
Epoch: 69 | Epoch Time: 0m 46s
Train Loss: 1.2174863082885743 | Train Acc: 58.01600217819214%
Test Loss: 1.2629030555725098 | Test Acc: 56.940001249313354%
Epoch: 70 | Epoch Time: 0m 46s
Train Loss: 1.2152976068115235 | Train Acc: 58.13800096511841%
Test Loss: 1.2628730949401856 | Test Acc: 56.859999895095825%
Epoch: 71 | Epoch Time: 0m 47s
Train Loss: 1.2131585710144044 | Train Acc: 58.31199884414673%
Test Loss: 1.2628375701904297 | Test Acc: 56.80999755859375%
Epoch: 72 | Epoch Time: 0m 46s
Train Loss: 1.2122970909118653 | Train Acc: 58.451998233795166%
Test Loss: 1.2643226959228515 | Test Acc: 56.98999762535095%
Epoch: 73 | Epoch Time: 0m 46s
Train Loss: 1.2106783142089843 | Train Acc: 58.59400033950806%
Test Loss: 1.2647119804382325 | Test Acc: 57.109999656677246%
Epoch: 74 | Epoch Time: 0m 46s
Train Loss: 1.2091498825073241 | Train Acc: 58.83200168609619%
Test Loss: 1.2654779731750487 | Test Acc: 57.20999836921692%
Epoch: 75 | Epoch Time: 0m 47s
Train Loss: 1.2093545265197754 | Train Acc: 58.95000100135803%
Test Loss: 1.2680056861877442 | Test Acc: 57.249999046325684%
Epoch: 76 | Epoch Time: 0m 46s
Train Loss: 1.207732043762207 | Train Acc: 59.2199981212616%
Test Loss: 1.269032396697998 | Test Acc: 57.30000138282776%
Epoch: 77 | Epoch Time: 0m 46s
Train Loss: 1.2090380142211914 | Train Acc: 59.42800045013428%
Test Loss: 1.2733334381103516 | Test Acc: 57.45999813079834%
Epoch: 78 | Epoch Time: 0m 46s
Train Loss: 1.2070430104064942 | Train Acc: 59.567999839782715%
Test Loss: 1.2736870330810548 | Test Acc: 57.580000162124634%
Epoch: 79 | Epoch Time: 0m 47s
Train Loss: 1.2089793928527832 | Train Acc: 59.67400074005127%
Test Loss: 1.2784150093078612 | Test Acc: 57.64999985694885%
Epoch: 80 | Epoch Time: 0m 47s
Train Loss: 1.209900763092041 | Train Acc: 59.84399914741516%
Test Loss: 1.2819432273864746 | Test Acc: 57.8000009059906%
Epoch: 81 | Epoch Time: 0m 46s
Train Loss: 1.2119608666992188 | Train Acc: 60.009998083114624%
Test Loss: 1.2868093475341797 | Test Acc: 57.85999894142151%
Epoch: 82 | Epoch Time: 0m 47s
Train Loss: 1.2110517584228515 | Train Acc: 60.162001848220825%
Test Loss: 1.2882813941955567 | Test Acc: 58.00999999046326%
Epoch: 83 | Epoch Time: 0m 47s
Train Loss: 1.210428292236328 | Train Acc: 60.269999504089355%
Test Loss: 1.289937503051758 | Test Acc: 58.17999839782715%
Epoch: 84 | Epoch Time: 0m 47s
Train Loss: 1.2127837478637695 | Train Acc: 60.35199761390686%
Test Loss: 1.2952219718933105 | Test Acc: 58.28999876976013%
Epoch: 85 | Epoch Time: 0m 46s
Train Loss: 1.2184110737609863 | Train Acc: 60.461997985839844%
Test Loss: 1.3045712348937988 | Test Acc: 58.35999846458435%
Epoch: 86 | Epoch Time: 0m 47s
Train Loss: 1.2216021669006347 | Train Acc: 60.56600213050842%
Test Loss: 1.3110280151367188 | Test Acc: 58.560001850128174%
Epoch: 87 | Epoch Time: 0m 47s
Train Loss: 1.2263936227416992 | Train Acc: 60.628002882003784%
Test Loss: 1.3191541000366211 | Test Acc: 58.60000252723694%
Epoch: 88 | Epoch Time: 0m 47s
Train Loss: 1.2323381823730468 | Train Acc: 60.750001668930054%
Test Loss: 1.3285938034057616 | Test Acc: 58.63000154495239%
Epoch: 89 | Epoch Time: 0m 47s
Train Loss: 1.237445454864502 | Train Acc: 60.88399887084961%
Test Loss: 1.337344472503662 | Test Acc: 58.74999761581421%
Epoch: 90 | Epoch Time: 0m 46s
Train Loss: 1.240944764251709 | Train Acc: 60.95799803733826%
Test Loss: 1.3440133781433106 | Test Acc: 58.81999731063843%
Epoch: 91 | Epoch Time: 0m 47s
Train Loss: 1.241501852722168 | Train Acc: 61.01800203323364%
Test Loss: 1.3469429489135742 | Test Acc: 58.74999761581421%
Epoch: 92 | Epoch Time: 0m 47s
Train Loss: 1.2454508610534667 | Train Acc: 61.17200255393982%
Test Loss: 1.3539071296691894 | Test Acc: 58.85000228881836%
Epoch: 93 | Epoch Time: 0m 46s
Train Loss: 1.2505002769470215 | Train Acc: 61.28000020980835%
Test Loss: 1.3622280876159667 | Test Acc: 58.93999934196472%
Epoch: 94 | Epoch Time: 0m 47s
Train Loss: 1.2557252276611328 | Train Acc: 61.44000291824341%
Test Loss: 1.371138218688965 | Test Acc: 58.96000266075134%
Epoch: 95 | Epoch Time: 0m 47s
Train Loss: 1.2578823954772949 | Train Acc: 61.466002464294434%
Test Loss: 1.3759695770263671 | Test Acc: 58.96000266075134%
Epoch: 96 | Epoch Time: 0m 47s
Train Loss: 1.2604785331726074 | Train Acc: 61.54000163078308%
Test Loss: 1.3815860641479492 | Test Acc: 59.00999903678894%
Epoch: 97 | Epoch Time: 0m 47s
Train Loss: 1.2636103845214843 | Train Acc: 61.625999212265015%
Test Loss: 1.3876180953979491 | Test Acc: 59.060001373291016%
Epoch: 98 | Epoch Time: 0m 46s
Train Loss: 1.2672384774780274 | Train Acc: 61.72400116920471%
Test Loss: 1.3940815170288086 | Test Acc: 59.06999707221985%
Epoch: 99 | Epoch Time: 0m 47s
Train Loss: 1.2711692637634278 | Train Acc: 61.834001541137695%
Test Loss: 1.401118473815918 | Test Acc: 59.119999408721924%
Epoch: 100 | Epoch Time: 0m 47s
Train Loss: 1.2737360537719726 | Train Acc: 61.86400055885315%
Test Loss: 1.4065517211914063 | Test Acc: 59.18999910354614%
