Namespace(action=8, model='CNN', seed=1)
{'model_name': 'CNN', 'device': device(type='cuda', index=0), 'log_dir': 'log\\CNN', 'ckpt_dir': 'checkpoint\\CNN', 'attack': 'bf', 'defence': 'krum', 'client_epochs': 10, 'server_epochs': 100, 'batch_size': 100, 'client_lr': 0.15, 'server_lr': 0.15, 'server_rate': 2000, 'load_ckpt': 0, 'workers': 20, 'byzantine_workers': 12, 'attack_strength': -1.0, 'k': 1, 'b': 4, 'test_frequency': 1}
======================Start Train Model [Mon May  6 21:35:54 2024]======================
Epoch: 1 | Epoch Time: 1m 2s
Train Loss: 2.298299730529785 | Train Acc: 10.636000335216522%
Test Loss: 2.298122662353516 | Test Acc: 10.779999941587448%
Epoch: 2 | Epoch Time: 1m 3s
Train Loss: 2.2837806832885743 | Train Acc: 18.625999987125397%
Test Loss: 2.2833498611450196 | Test Acc: 18.930000066757202%
Epoch: 3 | Epoch Time: 1m 2s
Train Loss: 2.259774414672852 | Train Acc: 22.34400063753128%
Test Loss: 2.2588472106933595 | Test Acc: 22.750000655651093%
Epoch: 4 | Epoch Time: 1m 1s
Train Loss: 2.224457250061035 | Train Acc: 24.527999758720398%
Test Loss: 2.223013430786133 | Test Acc: 24.580000340938568%
Epoch: 5 | Epoch Time: 1m 2s
Train Loss: 2.1819781048583984 | Train Acc: 26.952001452445984%
Test Loss: 2.179974221801758 | Test Acc: 27.180001139640808%
Epoch: 6 | Epoch Time: 1m 2s
Train Loss: 2.1301260610961914 | Train Acc: 29.067999124526978%
Test Loss: 2.1277098571777344 | Test Acc: 29.44999933242798%
Epoch: 7 | Epoch Time: 1m 1s
Train Loss: 2.08333399597168 | Train Acc: 30.274000763893127%
Test Loss: 2.079996078491211 | Test Acc: 30.61000108718872%
Epoch: 8 | Epoch Time: 1m 2s
Train Loss: 2.035472631225586 | Train Acc: 31.02400004863739%
Test Loss: 2.0315614883422852 | Test Acc: 31.33000135421753%
Epoch: 9 | Epoch Time: 1m 2s
Train Loss: 1.9952443032836915 | Train Acc: 30.987998843193054%
Test Loss: 1.9913492385864258 | Test Acc: 30.730000138282776%
Epoch: 10 | Epoch Time: 1m 1s
Train Loss: 1.9417153295898437 | Train Acc: 32.20199942588806%
Test Loss: 1.9372167861938476 | Test Acc: 32.40000009536743%
Epoch: 11 | Epoch Time: 1m 1s
Train Loss: 1.8924415286254883 | Train Acc: 33.39000046253204%
Test Loss: 1.8875727081298828 | Test Acc: 33.5099995136261%
Epoch: 12 | Epoch Time: 1m 1s
Train Loss: 1.8597080422973633 | Train Acc: 34.39599871635437%
Test Loss: 1.8542872009277345 | Test Acc: 34.86999869346619%
Epoch: 13 | Epoch Time: 1m 6s
Train Loss: 1.8166134887695313 | Train Acc: 35.565999150276184%
Test Loss: 1.8109286682128907 | Test Acc: 35.60999929904938%
Epoch: 14 | Epoch Time: 1m 9s
Train Loss: 1.7820331079101563 | Train Acc: 36.37399971485138%
Test Loss: 1.775896208190918 | Test Acc: 36.28000020980835%
Epoch: 15 | Epoch Time: 1m 9s
Train Loss: 1.7646359729003906 | Train Acc: 36.50200068950653%
Test Loss: 1.7571984283447266 | Test Acc: 36.75000071525574%
Epoch: 16 | Epoch Time: 1m 12s
Train Loss: 1.7351392663574219 | Train Acc: 37.23199963569641%
Test Loss: 1.7272693176269531 | Test Acc: 37.450000643730164%
Epoch: 17 | Epoch Time: 1m 10s
Train Loss: 1.713487866821289 | Train Acc: 37.74800002574921%
Test Loss: 1.7050968231201171 | Test Acc: 37.81000077724457%
Epoch: 18 | Epoch Time: 1m 7s
Train Loss: 1.6957219757080078 | Train Acc: 38.999998569488525%
Test Loss: 1.6869697021484376 | Test Acc: 39.10999894142151%
Epoch: 19 | Epoch Time: 1m 2s
Train Loss: 1.6723991177368165 | Train Acc: 39.79400098323822%
Test Loss: 1.6647134170532227 | Test Acc: 39.879998564720154%
Epoch: 20 | Epoch Time: 1m 0s
Train Loss: 1.6534973236083985 | Train Acc: 40.39599895477295%
Test Loss: 1.645791098022461 | Test Acc: 40.50000011920929%
Epoch: 21 | Epoch Time: 1m 2s
Train Loss: 1.6434973864746094 | Train Acc: 40.5460000038147%
Test Loss: 1.6357939071655274 | Test Acc: 40.61000049114227%
Epoch: 22 | Epoch Time: 1m 1s
Train Loss: 1.6271111447143554 | Train Acc: 41.133999824523926%
Test Loss: 1.6206022888183593 | Test Acc: 41.589999198913574%
Epoch: 23 | Epoch Time: 1m 0s
Train Loss: 1.6102561068725585 | Train Acc: 41.863998770713806%
Test Loss: 1.6031780014038086 | Test Acc: 42.28000044822693%
Epoch: 24 | Epoch Time: 1m 2s
Train Loss: 1.5885543161010742 | Train Acc: 42.79800057411194%
Test Loss: 1.581655776977539 | Test Acc: 42.8600013256073%
Epoch: 25 | Epoch Time: 1m 3s
Train Loss: 1.5840767776489257 | Train Acc: 43.004000186920166%
Test Loss: 1.5767690704345703 | Test Acc: 43.16999912261963%
Epoch: 26 | Epoch Time: 1m 4s
Train Loss: 1.5797711935424805 | Train Acc: 43.09400022029877%
Test Loss: 1.5729002548217774 | Test Acc: 43.27999949455261%
Epoch: 27 | Epoch Time: 1m 1s
Train Loss: 1.5778459664916993 | Train Acc: 43.27400028705597%
Test Loss: 1.570654510498047 | Test Acc: 43.52000057697296%
Epoch: 28 | Epoch Time: 1m 4s
Train Loss: 1.578747699279785 | Train Acc: 43.474000692367554%
Test Loss: 1.5718391372680665 | Test Acc: 43.799999356269836%
Epoch: 29 | Epoch Time: 1m 7s
Train Loss: 1.576358855895996 | Train Acc: 43.65000128746033%
Test Loss: 1.569098245239258 | Test Acc: 43.83000135421753%
Epoch: 30 | Epoch Time: 1m 10s
Train Loss: 1.5738303884887694 | Train Acc: 43.873998522758484%
Test Loss: 1.566085154724121 | Test Acc: 43.97999942302704%
Epoch: 31 | Epoch Time: 1m 7s
Train Loss: 1.5704499111938477 | Train Acc: 43.907999992370605%
Test Loss: 1.5626352828979493 | Test Acc: 43.88999938964844%
Epoch: 32 | Epoch Time: 1m 7s
Train Loss: 1.5825183520507813 | Train Acc: 43.69800090789795%
Test Loss: 1.5745272537231445 | Test Acc: 43.36999952793121%
Epoch: 33 | Epoch Time: 1m 10s
Train Loss: 1.603323743133545 | Train Acc: 43.38200092315674%
Test Loss: 1.596019728088379 | Test Acc: 43.23999881744385%
Epoch: 34 | Epoch Time: 1m 9s
Train Loss: 1.6109040380859374 | Train Acc: 43.78199875354767%
Test Loss: 1.603554850769043 | Test Acc: 43.32999885082245%
Epoch: 35 | Epoch Time: 1m 8s
Train Loss: 1.6287526301574706 | Train Acc: 43.959999084472656%
Test Loss: 1.6210559616088867 | Test Acc: 43.4799998998642%
Epoch: 36 | Epoch Time: 1m 9s
Train Loss: 1.6578933209228515 | Train Acc: 44.10200119018555%
Test Loss: 1.6498313842773438 | Test Acc: 43.4799998998642%
Epoch: 37 | Epoch Time: 1m 8s
Train Loss: 1.6817441792297363 | Train Acc: 44.16800141334534%
Test Loss: 1.672999996948242 | Test Acc: 43.540000915527344%
Epoch: 38 | Epoch Time: 1m 8s
Train Loss: 1.722511517944336 | Train Acc: 44.01800036430359%
Test Loss: 1.7117434173583985 | Test Acc: 43.41999888420105%
Epoch: 39 | Epoch Time: 1m 4s
Train Loss: 1.761666099243164 | Train Acc: 44.13000047206879%
Test Loss: 1.7509053253173827 | Test Acc: 43.459999561309814%
Namespace(action=8, model='CNN', seed=1)
{'model_name': 'CNN', 'device': device(type='cuda', index=0), 'log_dir': 'log\\CNN', 'ckpt_dir': 'checkpoint\\CNN', 'attack': 'bf', 'defence': 'krum', 'client_epochs': 10, 'server_epochs': 100, 'batch_size': 100, 'client_lr': 0.15, 'server_lr': 0.15, 'server_rate': 2000, 'load_ckpt': 0, 'workers': 20, 'byzantine_workers': 12, 'attack_strength': -1.0, 'k': 1, 'b': 4, 'test_frequency': 1}
======================Start Train Model [Mon May  6 22:33:21 2024]======================
Epoch: 1 | Epoch Time: 0m 45s
Train Loss: 2.295364351501465 | Train Acc: 14.305999875068665%
Test Loss: 2.295240510559082 | Test Acc: 14.419999718666077%
Namespace(action=8, model='CNN', seed=1)
{'model_name': 'CNN', 'device': device(type='cuda', index=0), 'log_dir': 'log\\CNN', 'ckpt_dir': 'checkpoint\\CNN', 'attack': 'bf', 'defence': 'krum', 'client_epochs': 10, 'server_epochs': 100, 'batch_size': 100, 'client_lr': 0.15, 'server_lr': 0.15, 'server_rate': 2000, 'load_ckpt': 0, 'workers': 20, 'byzantine_workers': 12, 'attack_strength': -1.0, 'k': 1, 'b': 4, 'test_frequency': 1}
======================Start Train Model [Mon May  6 22:57:17 2024]======================
Epoch: 1 | Epoch Time: 0m 42s
Train Loss: 2.295364351501465 | Train Acc: 14.305999875068665%
Test Loss: 2.295240510559082 | Test Acc: 14.419999718666077%
Epoch: 2 | Epoch Time: 0m 42s
Train Loss: 2.278213395690918 | Train Acc: 16.71999990940094%
Test Loss: 2.277990090942383 | Test Acc: 16.57000035047531%
Epoch: 3 | Epoch Time: 0m 43s
Train Loss: 2.2491009356689453 | Train Acc: 20.645999908447266%
Test Loss: 2.248722659301758 | Test Acc: 20.46000063419342%
Epoch: 4 | Epoch Time: 0m 42s
Train Loss: 2.2110246142578127 | Train Acc: 25.473999977111816%
Test Loss: 2.2104905822753906 | Test Acc: 26.03999972343445%
Epoch: 5 | Epoch Time: 0m 42s
Train Loss: 2.168633085632324 | Train Acc: 30.022001266479492%
Test Loss: 2.167677992248535 | Test Acc: 30.59000074863434%
Epoch: 6 | Epoch Time: 0m 42s
Train Loss: 2.1263513290405274 | Train Acc: 32.2519987821579%
Test Loss: 2.124926422119141 | Test Acc: 32.35999941825867%
Epoch: 7 | Epoch Time: 0m 43s
Train Loss: 2.0775401873779296 | Train Acc: 33.19000005722046%
Test Loss: 2.075574024963379 | Test Acc: 33.21000039577484%
Epoch: 8 | Epoch Time: 0m 43s
Train Loss: 2.0335196685791015 | Train Acc: 33.49199891090393%
Test Loss: 2.030954818725586 | Test Acc: 33.7799996137619%
Epoch: 9 | Epoch Time: 0m 42s
Train Loss: 1.974245855102539 | Train Acc: 35.00800132751465%
Test Loss: 1.97175419921875 | Test Acc: 35.38999855518341%
Epoch: 10 | Epoch Time: 0m 42s
Train Loss: 1.9242686462402343 | Train Acc: 35.923999547958374%
Test Loss: 1.9216347930908204 | Test Acc: 36.3400012254715%
Epoch: 11 | Epoch Time: 0m 42s
Train Loss: 1.8744951132202148 | Train Acc: 36.64200007915497%
Test Loss: 1.8721250228881836 | Test Acc: 37.11000084877014%
Epoch: 12 | Epoch Time: 0m 43s
Train Loss: 1.8360648147583007 | Train Acc: 36.71000003814697%
Test Loss: 1.833544058227539 | Test Acc: 37.36000061035156%
Epoch: 13 | Epoch Time: 0m 38s
Train Loss: 1.80556369140625 | Train Acc: 36.421999335289%
Test Loss: 1.803088719177246 | Test Acc: 37.11999952793121%
Epoch: 14 | Epoch Time: 0m 38s
Train Loss: 1.768377557373047 | Train Acc: 37.54400014877319%
Test Loss: 1.766146742248535 | Test Acc: 38.1199985742569%
Epoch: 15 | Epoch Time: 0m 48s
Train Loss: 1.7395039889526367 | Train Acc: 38.10400068759918%
Test Loss: 1.73778740234375 | Test Acc: 38.62999975681305%
Epoch: 16 | Epoch Time: 0m 49s
Train Loss: 1.7163374102783202 | Train Acc: 38.7800008058548%
Test Loss: 1.715384552001953 | Test Acc: 38.960000872612%
Epoch: 17 | Epoch Time: 0m 49s
Train Loss: 1.7012541607666016 | Train Acc: 39.438000321388245%
Test Loss: 1.7013106979370116 | Test Acc: 40.0299996137619%
Epoch: 18 | Epoch Time: 0m 47s
Train Loss: 1.6794931784057616 | Train Acc: 39.743998646736145%
Test Loss: 1.6803491073608399 | Test Acc: 40.14999866485596%
Epoch: 19 | Epoch Time: 0m 48s
Train Loss: 1.6616100787353516 | Train Acc: 40.022000670433044%
Test Loss: 1.6639381286621093 | Test Acc: 40.25000035762787%
Epoch: 20 | Epoch Time: 0m 48s
Train Loss: 1.6425443148803711 | Train Acc: 40.59399962425232%
Test Loss: 1.646009649658203 | Test Acc: 40.75999855995178%
Epoch: 21 | Epoch Time: 0m 48s
Train Loss: 1.6396849298095704 | Train Acc: 40.738001465797424%
Test Loss: 1.645356330871582 | Test Acc: 40.92999994754791%
Epoch: 22 | Epoch Time: 0m 47s
Train Loss: 1.6272811737060546 | Train Acc: 41.255998611450195%
Test Loss: 1.634270817565918 | Test Acc: 41.47999882698059%
Epoch: 23 | Epoch Time: 0m 48s
Train Loss: 1.619280779724121 | Train Acc: 41.65799915790558%
Test Loss: 1.6281286865234375 | Test Acc: 41.769999265670776%
Epoch: 24 | Epoch Time: 0m 46s
Train Loss: 1.6203967529296874 | Train Acc: 41.88799858093262%
Test Loss: 1.6311127380371093 | Test Acc: 41.909998655319214%
Epoch: 25 | Epoch Time: 0m 38s
Train Loss: 1.637010785217285 | Train Acc: 41.29000008106232%
Test Loss: 1.6497844131469726 | Test Acc: 41.589999198913574%
Epoch: 26 | Epoch Time: 0m 37s
Train Loss: 1.6306310458374023 | Train Acc: 41.868001222610474%
Test Loss: 1.645624983215332 | Test Acc: 41.929998993873596%
Epoch: 27 | Epoch Time: 0m 38s
Train Loss: 1.6245428839111329 | Train Acc: 42.53599941730499%
Test Loss: 1.642010205078125 | Test Acc: 42.730000615119934%
Epoch: 28 | Epoch Time: 0m 37s
Train Loss: 1.629135466003418 | Train Acc: 42.82599985599518%
Test Loss: 1.6491778106689454 | Test Acc: 42.87000000476837%
Epoch: 29 | Epoch Time: 0m 38s
Train Loss: 1.6462681680297853 | Train Acc: 42.83199906349182%
Test Loss: 1.6683290588378907 | Test Acc: 43.09999942779541%
Epoch: 30 | Epoch Time: 0m 37s
Train Loss: 1.6675591403198242 | Train Acc: 43.07999908924103%
Test Loss: 1.6943485244750978 | Test Acc: 43.00999939441681%
Epoch: 31 | Epoch Time: 0m 37s
Train Loss: 1.666347635192871 | Train Acc: 43.04800033569336%
Test Loss: 1.6945055282592774 | Test Acc: 42.8600013256073%
Epoch: 32 | Epoch Time: 0m 37s
Train Loss: 1.6885363970947265 | Train Acc: 43.30399930477142%
Test Loss: 1.720309358215332 | Test Acc: 43.27000081539154%
Epoch: 33 | Epoch Time: 0m 37s
Train Loss: 1.6979838943481445 | Train Acc: 43.45000088214874%
Test Loss: 1.7304406097412108 | Test Acc: 43.25000047683716%
Epoch: 34 | Epoch Time: 0m 37s
Train Loss: 1.7012574090576171 | Train Acc: 43.709999322891235%
Test Loss: 1.7350703872680664 | Test Acc: 43.52999925613403%
Epoch: 35 | Epoch Time: 0m 38s
Train Loss: 1.737880566101074 | Train Acc: 43.720000982284546%
Test Loss: 1.7748615310668945 | Test Acc: 43.470001220703125%
Epoch: 36 | Epoch Time: 0m 37s
Train Loss: 1.7538095303344727 | Train Acc: 43.71599853038788%
Test Loss: 1.7908953353881836 | Test Acc: 43.59999895095825%
Epoch: 37 | Epoch Time: 0m 38s
Train Loss: 1.786956720275879 | Train Acc: 43.86399984359741%
Test Loss: 1.825645100402832 | Test Acc: 43.74000132083893%
Epoch: 38 | Epoch Time: 0m 37s
Train Loss: 1.8533297311401367 | Train Acc: 43.922001123428345%
Test Loss: 1.8965089935302735 | Test Acc: 43.6599999666214%
Epoch: 39 | Epoch Time: 0m 38s
Train Loss: 1.8860404440307617 | Train Acc: 44.005998969078064%
Test Loss: 1.9303890762329101 | Test Acc: 43.61000061035156%
Epoch: 40 | Epoch Time: 0m 38s
Train Loss: 1.9732773483276367 | Train Acc: 43.83600056171417%
Test Loss: 2.0213926376342775 | Test Acc: 43.41999888420105%
Epoch: 41 | Epoch Time: 0m 37s
Train Loss: 2.02103998046875 | Train Acc: 44.00799870491028%
Test Loss: 2.0713217514038087 | Test Acc: 43.57999861240387%
Epoch: 42 | Epoch Time: 0m 37s
Train Loss: 2.0543189138793947 | Train Acc: 44.04999911785126%
Test Loss: 2.104375909423828 | Test Acc: 43.65000128746033%
Epoch: 43 | Epoch Time: 0m 37s
Train Loss: 2.1265250469970702 | Train Acc: 44.071999192237854%
Test Loss: 2.1789989883422853 | Test Acc: 43.81999969482422%
Epoch: 44 | Epoch Time: 0m 37s
Train Loss: 2.1665302600097656 | Train Acc: 44.10000145435333%
Test Loss: 2.22094049987793 | Test Acc: 43.540000915527344%
Epoch: 45 | Epoch Time: 0m 37s
Train Loss: 2.19611904876709 | Train Acc: 44.04599964618683%
Test Loss: 2.2495089172363283 | Test Acc: 43.57999861240387%
Epoch: 46 | Epoch Time: 0m 37s
Train Loss: 2.2377211840820315 | Train Acc: 43.96800100803375%
Test Loss: 2.293572592163086 | Test Acc: 43.4799998998642%
Epoch: 47 | Epoch Time: 0m 37s
Train Loss: 2.3000494100952147 | Train Acc: 43.963998556137085%
Test Loss: 2.3586811492919924 | Test Acc: 43.4799998998642%
Epoch: 48 | Epoch Time: 0m 37s
Train Loss: 2.3779480078125 | Train Acc: 43.95599961280823%
Test Loss: 2.4381414993286135 | Test Acc: 43.41999888420105%
Epoch: 49 | Epoch Time: 0m 37s
Train Loss: 2.450443190612793 | Train Acc: 44.01000142097473%
Test Loss: 2.512517497253418 | Test Acc: 43.27999949455261%
Epoch: 50 | Epoch Time: 0m 38s
Train Loss: 2.4950403549194338 | Train Acc: 43.99800002574921%
Test Loss: 2.5579633102416994 | Test Acc: 43.43000054359436%
Epoch: 51 | Epoch Time: 0m 37s
Train Loss: 2.5532246215820313 | Train Acc: 43.974000215530396%
Test Loss: 2.617820260620117 | Test Acc: 43.45000088214874%
Epoch: 52 | Epoch Time: 0m 38s
Train Loss: 2.6178123080444338 | Train Acc: 44.00799870491028%
Test Loss: 2.683748976135254 | Test Acc: 43.34999918937683%
Epoch: 53 | Epoch Time: 0m 37s
Train Loss: 2.6805069372558594 | Train Acc: 43.98599863052368%
Test Loss: 2.7479124450683594 | Test Acc: 43.36999952793121%
Epoch: 54 | Epoch Time: 0m 37s
Train Loss: 2.740701388244629 | Train Acc: 43.96800100803375%
Test Loss: 2.8095682327270506 | Test Acc: 43.34000051021576%
Epoch: 55 | Epoch Time: 0m 38s
Train Loss: 2.7956454400634767 | Train Acc: 43.95599961280823%
Test Loss: 2.8655660797119142 | Test Acc: 43.32000017166138%
Epoch: 56 | Epoch Time: 0m 37s
Train Loss: 2.848299450073242 | Train Acc: 43.95799934864044%
Test Loss: 2.919295684814453 | Test Acc: 43.309998512268066%
Epoch: 57 | Epoch Time: 0m 38s
Train Loss: 2.8977701724243166 | Train Acc: 43.93799901008606%
Test Loss: 2.9694909545898436 | Test Acc: 43.25000047683716%
Epoch: 58 | Epoch Time: 0m 37s
Train Loss: 2.944173554992676 | Train Acc: 43.9300000667572%
Test Loss: 3.016780844116211 | Test Acc: 43.220001459121704%
Epoch: 59 | Epoch Time: 0m 37s
Train Loss: 2.9884216494750975 | Train Acc: 43.89599859714508%
Test Loss: 3.06123330078125 | Test Acc: 43.14999878406525%
Epoch: 60 | Epoch Time: 0m 38s
Train Loss: 3.029615544433594 | Train Acc: 43.86000037193298%
Test Loss: 3.1029458679199218 | Test Acc: 43.16000044345856%
Epoch: 61 | Epoch Time: 0m 37s
Train Loss: 3.069809012451172 | Train Acc: 43.85800063610077%
Test Loss: 3.1438692169189455 | Test Acc: 43.09999942779541%
Epoch: 62 | Epoch Time: 0m 38s
Train Loss: 3.107364842529297 | Train Acc: 43.85400116443634%
Test Loss: 3.1818792068481447 | Test Acc: 43.07999908924103%
Epoch: 63 | Epoch Time: 0m 37s
Train Loss: 3.142023429260254 | Train Acc: 43.803998827934265%
Test Loss: 3.217150437927246 | Test Acc: 43.16999912261963%
Epoch: 64 | Epoch Time: 0m 37s
Train Loss: 3.174536644897461 | Train Acc: 43.748000264167786%
Test Loss: 3.2502245040893554 | Test Acc: 43.09999942779541%
Epoch: 65 | Epoch Time: 0m 38s
Train Loss: 3.206210066833496 | Train Acc: 43.720000982284546%
Test Loss: 3.282340432739258 | Test Acc: 43.02000105381012%
Epoch: 66 | Epoch Time: 0m 37s
Train Loss: 3.2358620678710937 | Train Acc: 43.720000982284546%
Test Loss: 3.3124997039794923 | Test Acc: 42.93999969959259%
Epoch: 67 | Epoch Time: 0m 38s
Train Loss: 3.26519558013916 | Train Acc: 43.68000030517578%
Test Loss: 3.342415466308594 | Test Acc: 42.969998717308044%
Epoch: 68 | Epoch Time: 0m 38s
Train Loss: 3.2922543298339844 | Train Acc: 43.70400011539459%
Test Loss: 3.3696888763427735 | Test Acc: 42.980000376701355%
Epoch: 69 | Epoch Time: 0m 37s
Train Loss: 3.318417461242676 | Train Acc: 43.71199905872345%
Test Loss: 3.3962205322265624 | Test Acc: 42.96000003814697%
Epoch: 70 | Epoch Time: 0m 38s
Train Loss: 3.3433213793945313 | Train Acc: 43.682000041007996%
Test Loss: 3.421488116455078 | Test Acc: 42.910000681877136%
Epoch: 71 | Epoch Time: 0m 37s
Train Loss: 3.3665245556640624 | Train Acc: 43.654000759124756%
Test Loss: 3.444870993041992 | Test Acc: 42.93000102043152%
Epoch: 72 | Epoch Time: 0m 37s
Train Loss: 3.3894370471191406 | Train Acc: 43.65600049495697%
Test Loss: 3.468217706298828 | Test Acc: 42.93999969959259%
Epoch: 73 | Epoch Time: 0m 37s
Train Loss: 3.4114528735351564 | Train Acc: 43.65200102329254%
Test Loss: 3.4906739318847655 | Test Acc: 42.9500013589859%
Epoch: 74 | Epoch Time: 0m 37s
Train Loss: 3.4321930752563476 | Train Acc: 43.62800121307373%
Test Loss: 3.511660775756836 | Test Acc: 42.91999936103821%
Epoch: 75 | Epoch Time: 0m 38s
Train Loss: 3.452239103088379 | Train Acc: 43.61400008201599%
Test Loss: 3.531998986816406 | Test Acc: 42.9500013589859%
Epoch: 76 | Epoch Time: 0m 37s
Train Loss: 3.4715986511230468 | Train Acc: 43.630000948905945%
Test Loss: 3.5517925567626953 | Test Acc: 42.96000003814697%
Epoch: 77 | Epoch Time: 0m 38s
Train Loss: 3.489798978271484 | Train Acc: 43.63600015640259%
Test Loss: 3.570273779296875 | Test Acc: 42.98999905586243%
Epoch: 78 | Epoch Time: 0m 37s
Train Loss: 3.507514443054199 | Train Acc: 43.64199936389923%
Test Loss: 3.5882280364990233 | Test Acc: 42.980000376701355%
Epoch: 79 | Epoch Time: 0m 37s
Train Loss: 3.5244362838745116 | Train Acc: 43.6379998922348%
Test Loss: 3.605283773803711 | Test Acc: 42.96000003814697%
Epoch: 80 | Epoch Time: 0m 37s
Train Loss: 3.541370504760742 | Train Acc: 43.64199936389923%
Test Loss: 3.6225049560546876 | Test Acc: 42.96000003814697%
Epoch: 81 | Epoch Time: 0m 38s
Train Loss: 3.557179967956543 | Train Acc: 43.630000948905945%
Test Loss: 3.6385757568359374 | Test Acc: 42.96000003814697%
Epoch: 82 | Epoch Time: 0m 38s
Train Loss: 3.5722498010253907 | Train Acc: 43.619999289512634%
Test Loss: 3.6537470458984376 | Test Acc: 42.93000102043152%
Epoch: 83 | Epoch Time: 0m 37s
Train Loss: 3.587249476928711 | Train Acc: 43.588000535964966%
Test Loss: 3.6689204010009764 | Test Acc: 42.910000681877136%
Epoch: 84 | Epoch Time: 0m 37s
Train Loss: 3.601912518310547 | Train Acc: 43.58400106430054%
Test Loss: 3.6838126403808595 | Test Acc: 42.91999936103821%
Epoch: 85 | Epoch Time: 0m 38s
Train Loss: 3.6152742474365236 | Train Acc: 43.56800019741058%
Test Loss: 3.6974946197509766 | Test Acc: 42.91999936103821%
Epoch: 86 | Epoch Time: 0m 37s
Train Loss: 3.6287481524658203 | Train Acc: 43.54400038719177%
Test Loss: 3.7112191833496095 | Test Acc: 42.910000681877136%
Epoch: 87 | Epoch Time: 0m 38s
Train Loss: 3.6414322955322267 | Train Acc: 43.549999594688416%
Test Loss: 3.7242084533691404 | Test Acc: 42.91999936103821%
Epoch: 88 | Epoch Time: 0m 37s
Train Loss: 3.6543299893188474 | Train Acc: 43.5479998588562%
Test Loss: 3.7372045349121095 | Test Acc: 42.899999022483826%
Epoch: 89 | Epoch Time: 0m 37s
Train Loss: 3.667012880554199 | Train Acc: 43.55599880218506%
Test Loss: 3.750251022338867 | Test Acc: 42.87000000476837%
Epoch: 90 | Epoch Time: 0m 38s
Train Loss: 3.6789146844482423 | Train Acc: 43.54600012302399%
Test Loss: 3.7623893615722657 | Test Acc: 42.899999022483826%
Epoch: 91 | Epoch Time: 0m 37s
Train Loss: 3.6904499365234376 | Train Acc: 43.54400038719177%
Test Loss: 3.774031661987305 | Test Acc: 42.899999022483826%
Epoch: 92 | Epoch Time: 0m 38s
Train Loss: 3.7014992053222655 | Train Acc: 43.53399872779846%
Test Loss: 3.785279849243164 | Test Acc: 42.93999969959259%
Epoch: 93 | Epoch Time: 0m 38s
Train Loss: 3.712706311340332 | Train Acc: 43.52000057697296%
Test Loss: 3.7967505096435548 | Test Acc: 42.899999022483826%
Epoch: 94 | Epoch Time: 0m 37s
Train Loss: 3.723333608703613 | Train Acc: 43.50599944591522%
Test Loss: 3.807507635498047 | Test Acc: 42.910000681877136%
Epoch: 95 | Epoch Time: 0m 38s
Train Loss: 3.7339890826416013 | Train Acc: 43.511998653411865%
Test Loss: 3.8185634979248047 | Test Acc: 42.82999932765961%
Epoch: 96 | Epoch Time: 0m 38s
Train Loss: 3.744114595336914 | Train Acc: 43.52000057697296%
Test Loss: 3.828817962646484 | Test Acc: 42.84000098705292%
Epoch: 97 | Epoch Time: 0m 38s
Train Loss: 3.753984512023926 | Train Acc: 43.51400136947632%
Test Loss: 3.8388408752441405 | Test Acc: 42.82999932765961%
Epoch: 98 | Epoch Time: 0m 38s
Train Loss: 3.7635477783203126 | Train Acc: 43.50199997425079%
Test Loss: 3.8485054443359377 | Test Acc: 42.8600013256073%
Epoch: 99 | Epoch Time: 0m 38s
Train Loss: 3.772886798706055 | Train Acc: 43.50199997425079%
Test Loss: 3.8580035552978518 | Test Acc: 42.87000000476837%
Epoch: 100 | Epoch Time: 0m 38s
Train Loss: 3.782001274719238 | Train Acc: 43.50599944591522%
Test Loss: 3.867202593994141 | Test Acc: 42.899999022483826%
Namespace(action=8, model='CNN', seed=1)
{'model_name': 'CNN', 'device': device(type='cuda', index=0), 'log_dir': 'log\\CNN', 'ckpt_dir': 'checkpoint\\CNN', 'attack': 'bf', 'defence': 'krum', 'client_epochs': 10, 'server_epochs': 100, 'batch_size': 100, 'client_lr': 0.15, 'server_lr': 0.15, 'server_rate': 2000, 'load_ckpt': 0, 'workers': 20, 'byzantine_workers': 12, 'attack_strength': -1.0, 'k': 1, 'b': 4, 'test_frequency': 1}
======================Start Train Model [Wed May  8 02:36:53 2024]======================
Epoch: 1 | Epoch Time: 0m 47s
Train Loss: 2.2992144277954103 | Train Acc: 11.033999919891357%
Test Loss: 2.299079275512695 | Test Acc: 11.289999634027481%
Epoch: 2 | Epoch Time: 0m 46s
Train Loss: 2.2879434631347655 | Train Acc: 18.167999386787415%
Test Loss: 2.2876922607421877 | Test Acc: 18.160000443458557%
Epoch: 3 | Epoch Time: 0m 47s
Train Loss: 2.2683216766357424 | Train Acc: 21.126000583171844%
Test Loss: 2.2679092071533202 | Test Acc: 21.160000562667847%
Epoch: 4 | Epoch Time: 0m 46s
Train Loss: 2.23668984954834 | Train Acc: 25.33400058746338%
Test Loss: 2.2359344848632814 | Test Acc: 25.0%
Epoch: 5 | Epoch Time: 0m 46s
Train Loss: 2.194044359436035 | Train Acc: 28.196001052856445%
Test Loss: 2.1926647689819334 | Test Acc: 27.810001373291016%
Epoch: 6 | Epoch Time: 0m 46s
Train Loss: 2.155217699584961 | Train Acc: 29.214000701904297%
Test Loss: 2.15319599609375 | Test Acc: 29.06000018119812%
Epoch: 7 | Epoch Time: 0m 46s
Train Loss: 2.108756523132324 | Train Acc: 30.577999353408813%
Test Loss: 2.1061916061401367 | Test Acc: 30.700001120567322%
Epoch: 8 | Epoch Time: 0m 46s
Train Loss: 2.0552962756347655 | Train Acc: 32.39000141620636%
Test Loss: 2.051765174865723 | Test Acc: 32.76999890804291%
Epoch: 9 | Epoch Time: 0m 46s
Train Loss: 2.0023973587036132 | Train Acc: 33.75200033187866%
Test Loss: 1.9978488037109374 | Test Acc: 34.15000140666962%
Epoch: 10 | Epoch Time: 0m 46s
Train Loss: 1.9523519860839844 | Train Acc: 34.47200059890747%
Test Loss: 1.9470300918579102 | Test Acc: 35.0600004196167%
Epoch: 11 | Epoch Time: 0m 46s
Train Loss: 1.908809331665039 | Train Acc: 35.22000014781952%
Test Loss: 1.9026196365356445 | Test Acc: 35.989999771118164%
Epoch: 12 | Epoch Time: 0m 46s
Train Loss: 1.8673467617797852 | Train Acc: 36.02199852466583%
Test Loss: 1.8607962036132812 | Test Acc: 36.84000074863434%
Epoch: 13 | Epoch Time: 0m 46s
Train Loss: 1.826850051574707 | Train Acc: 36.61400079727173%
Test Loss: 1.8201925872802733 | Test Acc: 37.47999966144562%
Epoch: 14 | Epoch Time: 0m 46s
Train Loss: 1.7883139682006837 | Train Acc: 37.54400014877319%
Test Loss: 1.7814484832763673 | Test Acc: 37.92999982833862%
Epoch: 15 | Epoch Time: 0m 46s
Train Loss: 1.7603338421630859 | Train Acc: 37.95999884605408%
Test Loss: 1.7532838272094726 | Test Acc: 38.62000107765198%
Epoch: 16 | Epoch Time: 0m 46s
Train Loss: 1.738416513671875 | Train Acc: 38.576000928878784%
Test Loss: 1.7314335342407225 | Test Acc: 39.05999958515167%
Epoch: 17 | Epoch Time: 0m 46s
Train Loss: 1.714876695251465 | Train Acc: 39.12400007247925%
Test Loss: 1.7075150955200196 | Test Acc: 39.410001039505005%
Epoch: 18 | Epoch Time: 0m 46s
Train Loss: 1.6908351998901368 | Train Acc: 39.64200019836426%
Test Loss: 1.6837062088012695 | Test Acc: 39.9399995803833%
Epoch: 19 | Epoch Time: 0m 46s
Train Loss: 1.6701145761108398 | Train Acc: 40.04000127315521%
Test Loss: 1.6629944625854491 | Test Acc: 40.230000019073486%
Epoch: 20 | Epoch Time: 0m 47s
Train Loss: 1.6452722201538086 | Train Acc: 40.86799919605255%
Test Loss: 1.6383889450073241 | Test Acc: 41.110000014305115%
Epoch: 21 | Epoch Time: 0m 46s
Train Loss: 1.6252222723388672 | Train Acc: 41.71600043773651%
Test Loss: 1.6182497879028321 | Test Acc: 41.74000024795532%
Epoch: 22 | Epoch Time: 0m 46s
Train Loss: 1.6137711614990233 | Train Acc: 42.02800095081329%
Test Loss: 1.6061232894897461 | Test Acc: 42.30999946594238%
Epoch: 23 | Epoch Time: 0m 46s
Train Loss: 1.5986613342285156 | Train Acc: 42.340001463890076%
Test Loss: 1.5913848175048828 | Test Acc: 42.500001192092896%
Epoch: 24 | Epoch Time: 0m 47s
Train Loss: 1.5869911337280274 | Train Acc: 42.660000920295715%
Test Loss: 1.5807202407836913 | Test Acc: 42.84000098705292%
Epoch: 25 | Epoch Time: 0m 47s
Train Loss: 1.5692111178588868 | Train Acc: 43.28199923038483%
Test Loss: 1.5628665451049806 | Test Acc: 43.540000915527344%
Epoch: 26 | Epoch Time: 0m 47s
Train Loss: 1.5579703506469726 | Train Acc: 43.456000089645386%
Test Loss: 1.5517110153198241 | Test Acc: 43.77000033855438%
Epoch: 27 | Epoch Time: 0m 46s
Train Loss: 1.5490911932373046 | Train Acc: 43.856000900268555%
Test Loss: 1.5435462509155273 | Test Acc: 44.17999982833862%
Epoch: 28 | Epoch Time: 0m 47s
Train Loss: 1.537995979309082 | Train Acc: 44.3699985742569%
Test Loss: 1.533107518005371 | Test Acc: 44.65000033378601%
Epoch: 29 | Epoch Time: 0m 46s
Train Loss: 1.5241537930297853 | Train Acc: 44.54199969768524%
Test Loss: 1.521116339111328 | Test Acc: 44.589999318122864%
Epoch: 30 | Epoch Time: 0m 46s
Train Loss: 1.5058903163146973 | Train Acc: 45.35199999809265%
Test Loss: 1.5027567352294922 | Test Acc: 45.579999685287476%
Epoch: 31 | Epoch Time: 0m 46s
Train Loss: 1.4993876832580566 | Train Acc: 45.65800130367279%
Test Loss: 1.4962486389160157 | Test Acc: 45.69999873638153%
Epoch: 32 | Epoch Time: 0m 47s
Train Loss: 1.489403027191162 | Train Acc: 46.09600007534027%
Test Loss: 1.486473120880127 | Test Acc: 45.899999141693115%
Epoch: 33 | Epoch Time: 0m 46s
Train Loss: 1.486072780609131 | Train Acc: 46.592000126838684%
Test Loss: 1.4840582138061524 | Test Acc: 46.129998564720154%
Epoch: 34 | Epoch Time: 0m 46s
Train Loss: 1.4739442951965331 | Train Acc: 46.84399962425232%
Test Loss: 1.4727951034545899 | Test Acc: 46.68999910354614%
Epoch: 35 | Epoch Time: 0m 46s
Train Loss: 1.4665220703125 | Train Acc: 47.04200029373169%
Test Loss: 1.4661442100524902 | Test Acc: 47.200000286102295%
Epoch: 36 | Epoch Time: 0m 46s
Train Loss: 1.4533303089904785 | Train Acc: 47.60200083255768%
Test Loss: 1.4541277236938477 | Test Acc: 47.67000079154968%
Epoch: 37 | Epoch Time: 0m 46s
Train Loss: 1.4456479823303223 | Train Acc: 48.00800085067749%
Test Loss: 1.44688666305542 | Test Acc: 47.90000021457672%
Epoch: 38 | Epoch Time: 0m 46s
Train Loss: 1.448291397857666 | Train Acc: 47.96200096607208%
Test Loss: 1.4498938636779786 | Test Acc: 47.929999232292175%
Epoch: 39 | Epoch Time: 0m 46s
Train Loss: 1.4410394706726075 | Train Acc: 48.26799929141998%
Test Loss: 1.4441086883544922 | Test Acc: 48.4499990940094%
Epoch: 40 | Epoch Time: 0m 46s
Train Loss: 1.4390075651550294 | Train Acc: 48.46599996089935%
Test Loss: 1.4425716667175292 | Test Acc: 48.51999878883362%
Epoch: 41 | Epoch Time: 0m 46s
Train Loss: 1.4323524766540527 | Train Acc: 48.820000886917114%
Test Loss: 1.436003497314453 | Test Acc: 48.9300012588501%
Epoch: 42 | Epoch Time: 0m 46s
Train Loss: 1.4273696577453614 | Train Acc: 49.23200011253357%
Test Loss: 1.4316202301025391 | Test Acc: 48.989999294281006%
Epoch: 43 | Epoch Time: 0m 46s
Train Loss: 1.4325049336242677 | Train Acc: 49.233999848365784%
Test Loss: 1.4371290946960449 | Test Acc: 49.09999966621399%
Epoch: 44 | Epoch Time: 0m 46s
Train Loss: 1.434611045074463 | Train Acc: 49.30799901485443%
Test Loss: 1.438791053009033 | Test Acc: 49.12000000476837%
Epoch: 45 | Epoch Time: 0m 46s
Train Loss: 1.4421655758666991 | Train Acc: 49.320000410079956%
Test Loss: 1.4477363906860352 | Test Acc: 49.34999942779541%
Epoch: 46 | Epoch Time: 0m 46s
Train Loss: 1.452512309112549 | Train Acc: 49.445998668670654%
Test Loss: 1.4581642639160157 | Test Acc: 49.23999905586243%
Epoch: 47 | Epoch Time: 0m 46s
Train Loss: 1.477840061340332 | Train Acc: 49.2220014333725%
Test Loss: 1.4850500900268555 | Test Acc: 49.070000648498535%
Epoch: 48 | Epoch Time: 0m 46s
Train Loss: 1.4899559086608887 | Train Acc: 49.26599860191345%
Test Loss: 1.4964786735534668 | Test Acc: 49.059998989105225%
Epoch: 49 | Epoch Time: 0m 47s
Train Loss: 1.504400781097412 | Train Acc: 49.05799925327301%
Test Loss: 1.5099866607666015 | Test Acc: 48.73000085353851%
Epoch: 50 | Epoch Time: 0m 46s
Train Loss: 1.534553529510498 | Train Acc: 49.06400144100189%
Test Loss: 1.5414550674438476 | Test Acc: 48.75999987125397%
Epoch: 51 | Epoch Time: 0m 47s
Train Loss: 1.571780980529785 | Train Acc: 48.9439994096756%
Test Loss: 1.580051724243164 | Test Acc: 48.60999882221222%
Epoch: 52 | Epoch Time: 0m 46s
Train Loss: 1.5553360458374024 | Train Acc: 49.43400025367737%
Test Loss: 1.5649195999145509 | Test Acc: 48.93999993801117%
Epoch: 53 | Epoch Time: 0m 46s
Train Loss: 1.5644613092041015 | Train Acc: 48.11199903488159%
Test Loss: 1.5706443176269531 | Test Acc: 47.760000824928284%
Epoch: 54 | Epoch Time: 0m 47s
Train Loss: 1.5962563827514649 | Train Acc: 48.24199974536896%
Test Loss: 1.602875186920166 | Test Acc: 47.81999886035919%
Epoch: 55 | Epoch Time: 0m 46s
Train Loss: 1.625479810028076 | Train Acc: 48.089998960494995%
Test Loss: 1.6325591613769532 | Test Acc: 47.7400004863739%
Epoch: 56 | Epoch Time: 0m 46s
Train Loss: 1.664389866333008 | Train Acc: 48.194000124931335%
Test Loss: 1.6722394790649413 | Test Acc: 47.63000011444092%
Epoch: 57 | Epoch Time: 0m 46s
Train Loss: 1.7035247296142577 | Train Acc: 48.17599952220917%
Test Loss: 1.7112446884155272 | Test Acc: 47.29999899864197%
Epoch: 58 | Epoch Time: 0m 46s
Train Loss: 1.7521245043945313 | Train Acc: 48.13399910926819%
Test Loss: 1.763190348815918 | Test Acc: 47.29999899864197%
Epoch: 59 | Epoch Time: 0m 47s
Train Loss: 1.690507946624756 | Train Acc: 48.51199984550476%
Test Loss: 1.7031414474487305 | Test Acc: 48.03000092506409%
Epoch: 60 | Epoch Time: 0m 46s
Train Loss: 1.6983879141235352 | Train Acc: 48.524001240730286%
Test Loss: 1.70956669921875 | Test Acc: 47.90000021457672%
Epoch: 61 | Epoch Time: 0m 47s
Train Loss: 1.7616292864990235 | Train Acc: 48.48000109195709%
Test Loss: 1.774134001159668 | Test Acc: 47.69999980926514%
Epoch: 62 | Epoch Time: 0m 47s
Train Loss: 1.826683151550293 | Train Acc: 48.5040009021759%
Test Loss: 1.840508477783203 | Test Acc: 47.63999879360199%
Epoch: 63 | Epoch Time: 0m 46s
Train Loss: 1.892821837158203 | Train Acc: 48.462000489234924%
Test Loss: 1.9078211303710937 | Test Acc: 47.600001096725464%
Epoch: 64 | Epoch Time: 0m 46s
Train Loss: 1.9586152258300782 | Train Acc: 48.5040009021759%
Test Loss: 1.9750110900878906 | Test Acc: 47.45999872684479%
Epoch: 65 | Epoch Time: 0m 46s
Train Loss: 2.0178703396606443 | Train Acc: 48.53599965572357%
Test Loss: 2.035290628051758 | Test Acc: 47.530001401901245%
Epoch: 66 | Epoch Time: 0m 47s
Train Loss: 2.0814965240478513 | Train Acc: 48.46799969673157%
Test Loss: 2.1001437881469727 | Test Acc: 47.49000072479248%
Epoch: 67 | Epoch Time: 0m 46s
Train Loss: 2.141880854797363 | Train Acc: 48.462000489234924%
Test Loss: 2.1615548126220703 | Test Acc: 47.4700003862381%
Epoch: 68 | Epoch Time: 0m 46s
Train Loss: 2.2002682385253904 | Train Acc: 48.36600124835968%
Test Loss: 2.2208662048339844 | Test Acc: 47.40000069141388%
Epoch: 69 | Epoch Time: 0m 46s
Train Loss: 2.2554267120361327 | Train Acc: 48.32200109958649%
Test Loss: 2.2766445190429687 | Test Acc: 47.36999869346619%
Epoch: 70 | Epoch Time: 0m 47s
Train Loss: 2.3068683615112304 | Train Acc: 48.29599857330322%
Test Loss: 2.328825630187988 | Test Acc: 47.36999869346619%
Epoch: 71 | Epoch Time: 0m 46s
Train Loss: 2.3568342947387695 | Train Acc: 48.249998688697815%
Test Loss: 2.379880368041992 | Test Acc: 47.269999980926514%
Epoch: 72 | Epoch Time: 0m 46s
Train Loss: 2.4043922244262697 | Train Acc: 48.22399914264679%
Test Loss: 2.4282288467407227 | Test Acc: 47.17999994754791%
Epoch: 73 | Epoch Time: 0m 46s
Train Loss: 2.4498634323120116 | Train Acc: 48.179998993873596%
Test Loss: 2.47426085357666 | Test Acc: 47.15999960899353%
Epoch: 74 | Epoch Time: 0m 47s
Train Loss: 2.491364928894043 | Train Acc: 48.14000129699707%
Test Loss: 2.5164716857910157 | Test Acc: 47.13999927043915%
Epoch: 75 | Epoch Time: 0m 46s
Train Loss: 2.5313071185302736 | Train Acc: 48.1359988451004%
Test Loss: 2.55717912902832 | Test Acc: 47.09999859333038%
Epoch: 76 | Epoch Time: 0m 46s
Train Loss: 2.569303660888672 | Train Acc: 48.085999488830566%
Test Loss: 2.595709848022461 | Test Acc: 47.040000557899475%
Epoch: 77 | Epoch Time: 0m 46s
Train Loss: 2.6051029690551757 | Train Acc: 48.047998547554016%
Test Loss: 2.6322394622802734 | Test Acc: 47.040000557899475%
Epoch: 78 | Epoch Time: 0m 47s
Train Loss: 2.638743562927246 | Train Acc: 48.034000396728516%
Test Loss: 2.6664456298828125 | Test Acc: 47.00999855995178%
Epoch: 79 | Epoch Time: 0m 46s
Train Loss: 2.6709753384399413 | Train Acc: 48.01200032234192%
Test Loss: 2.6992661254882813 | Test Acc: 46.99000120162964%
Epoch: 80 | Epoch Time: 0m 46s
Train Loss: 2.702155797729492 | Train Acc: 47.97599911689758%
Test Loss: 2.7307997787475586 | Test Acc: 46.84999883174896%
Epoch: 81 | Epoch Time: 0m 46s
Train Loss: 2.7315733682250976 | Train Acc: 47.94600009918213%
Test Loss: 2.7605773254394532 | Test Acc: 46.83000147342682%
Epoch: 82 | Epoch Time: 0m 46s
Train Loss: 2.759267476501465 | Train Acc: 47.929999232292175%
Test Loss: 2.7887021087646486 | Test Acc: 46.81999981403351%
Epoch: 83 | Epoch Time: 0m 46s
Train Loss: 2.78474772277832 | Train Acc: 47.929999232292175%
Test Loss: 2.814449380493164 | Test Acc: 46.880000829696655%
Epoch: 84 | Epoch Time: 0m 46s
Train Loss: 2.8095409893798826 | Train Acc: 47.905999422073364%
Test Loss: 2.8398851745605467 | Test Acc: 46.90999984741211%
Epoch: 85 | Epoch Time: 0m 46s
Train Loss: 2.833171689147949 | Train Acc: 47.87000119686127%
Test Loss: 2.863817024230957 | Test Acc: 46.90999984741211%
Epoch: 86 | Epoch Time: 0m 46s
Train Loss: 2.855879829711914 | Train Acc: 47.863999009132385%
Test Loss: 2.8867882385253907 | Test Acc: 46.93000018596649%
Epoch: 87 | Epoch Time: 0m 46s
Train Loss: 2.877392098083496 | Train Acc: 47.85600006580353%
Test Loss: 2.908786053466797 | Test Acc: 46.90000116825104%
Epoch: 88 | Epoch Time: 0m 46s
Train Loss: 2.8981102734375 | Train Acc: 47.85400032997131%
Test Loss: 2.9300161026000975 | Test Acc: 46.84000015258789%
Epoch: 89 | Epoch Time: 0m 46s
Train Loss: 2.4867972354125976 | Train Acc: 47.7620005607605%
Test Loss: 2.5051977935791014 | Test Acc: 46.970000863075256%
Epoch: 90 | Epoch Time: 0m 46s
Train Loss: 2.5276528289794924 | Train Acc: 47.79999852180481%
Test Loss: 2.547270429992676 | Test Acc: 46.950000524520874%
Epoch: 91 | Epoch Time: 0m 46s
Train Loss: 2.5661878396606443 | Train Acc: 47.82800078392029%
Test Loss: 2.5868916198730467 | Test Acc: 46.93000018596649%
Epoch: 92 | Epoch Time: 0m 45s
Train Loss: 2.6022022265625 | Train Acc: 47.86800146102905%
Test Loss: 2.6240543380737305 | Test Acc: 47.02000021934509%
Epoch: 93 | Epoch Time: 0m 46s
Train Loss: 2.6371213552856445 | Train Acc: 47.88399934768677%
Test Loss: 2.659925604248047 | Test Acc: 46.950000524520874%
Epoch: 94 | Epoch Time: 0m 46s
Train Loss: 2.6701525759887694 | Train Acc: 47.91800081729889%
Test Loss: 2.693783920288086 | Test Acc: 46.970000863075256%
Epoch: 95 | Epoch Time: 0m 46s
Train Loss: 2.70179953125 | Train Acc: 47.940000891685486%
Test Loss: 2.726161924743652 | Test Acc: 46.93000018596649%
Epoch: 96 | Epoch Time: 0m 46s
Train Loss: 2.732202805786133 | Train Acc: 47.940000891685486%
Test Loss: 2.757212159729004 | Test Acc: 46.93000018596649%
Epoch: 97 | Epoch Time: 0m 46s
Train Loss: 2.7611183810424804 | Train Acc: 47.916001081466675%
Test Loss: 2.7867441223144533 | Test Acc: 47.02000021934509%
Epoch: 98 | Epoch Time: 0m 45s
Train Loss: 2.787881107788086 | Train Acc: 47.92599976062775%
Test Loss: 2.8141001312255858 | Test Acc: 47.040000557899475%
Epoch: 99 | Epoch Time: 0m 46s
Train Loss: 2.8144060287475585 | Train Acc: 47.9420006275177%
Test Loss: 2.841119006347656 | Test Acc: 46.99999988079071%
Epoch: 100 | Epoch Time: 0m 46s
Train Loss: 2.838924200744629 | Train Acc: 47.9559987783432%
Test Loss: 2.866167849731445 | Test Acc: 47.06999957561493%
