Namespace(action=1, all_clients=False, bs=128, dataset='mnist', epochs=10, frac=0.1, gpu=0, iid=False, kernel_num=9, kernel_sizes='3,4,5', local_bs=10, local_ep=5, lr=0.01, max_pool='True', model='CNN', momentum=0.5, norm='batch_norm', num_channels=3, num_classes=10, num_filters=32, num_users=100, seed=1, split='user', stopping_rounds=10, verbose=False)
{'model_name': 'CNN', 'device': device(type='cuda', index=0), 'log_dir': 'log\\CNN', 'ckpt_dir': 'checkpoint\\CNN', 'mode': 'lf', 'defence': 'raw', 'client_epochs': 5, 'server_epochs': 100, 'batch_size': 128, 'client_lr': 0.1, 'server_lr': 0.1, 'server_rate': 2000, 'load_ckpt': 0, 'workers': 25, 'byzantine_workers': 5, 'attack_strength': 1.0, 'k': 1, 'test_frequency': 1}
======================Start Train Model [Fri May  3 23:22:44 2024]======================
Epoch: 1 | Epoch Time: 0m 58s
Train Loss: 2.3007916735839844 | Train Acc: 10.000000149011612%
Test Loss: 2.300744471740723 | Test Acc: 10.000000149011612%
Epoch: 2 | Epoch Time: 1m 0s
Train Loss: 2.2990072634887695 | Train Acc: 10.000000149011612%
Test Loss: 2.298950489425659 | Test Acc: 10.000000149011612%
Epoch: 3 | Epoch Time: 1m 1s
Train Loss: 2.2964251400756837 | Train Acc: 10.007999837398529%
Test Loss: 2.296343454360962 | Test Acc: 10.000000149011612%
Epoch: 4 | Epoch Time: 0m 57s
Train Loss: 2.2925561950683595 | Train Acc: 12.176000326871872%
Test Loss: 2.2924270179748536 | Test Acc: 12.200000137090683%
Epoch: 5 | Epoch Time: 0m 57s
Train Loss: 2.2866507485961916 | Train Acc: 15.74999988079071%
Test Loss: 2.2864382583618164 | Test Acc: 15.839999914169312%
Epoch: 6 | Epoch Time: 1m 0s
Train Loss: 2.2777396380615236 | Train Acc: 16.764000058174133%
Test Loss: 2.2774185661315918 | Test Acc: 16.80999994277954%
Epoch: 7 | Epoch Time: 1m 0s
Train Loss: 2.2654985537719727 | Train Acc: 18.535999953746796%
Test Loss: 2.2650557624816896 | Test Acc: 18.479999899864197%
Epoch: 8 | Epoch Time: 0m 58s
Train Loss: 2.250343291931152 | Train Acc: 20.812000334262848%
Test Loss: 2.2497571170806885 | Test Acc: 20.640000700950623%
Epoch: 9 | Epoch Time: 1m 1s
Train Loss: 2.2326892755126955 | Train Acc: 22.930000722408295%
Test Loss: 2.2319400802612304 | Test Acc: 22.910000383853912%
Epoch: 10 | Epoch Time: 1m 1s
Train Loss: 2.2126131954956056 | Train Acc: 24.39199984073639%
Test Loss: 2.21171962890625 | Test Acc: 24.09999966621399%
Epoch: 11 | Epoch Time: 0m 58s
Train Loss: 2.1917980645751953 | Train Acc: 25.391998887062073%
Test Loss: 2.1907315620422363 | Test Acc: 25.180000066757202%
Epoch: 12 | Epoch Time: 0m 59s
Train Loss: 2.1698399383544924 | Train Acc: 26.249998807907104%
Test Loss: 2.1686422306060793 | Test Acc: 26.320001482963562%
Epoch: 13 | Epoch Time: 1m 1s
Train Loss: 2.147362907714844 | Train Acc: 27.171999216079712%
Test Loss: 2.146023332595825 | Test Acc: 27.36000120639801%
Epoch: 14 | Epoch Time: 0m 58s
Train Loss: 2.1248326321411133 | Train Acc: 27.8219997882843%
Test Loss: 2.123337392425537 | Test Acc: 28.09000015258789%
Epoch: 15 | Epoch Time: 1m 6s
Train Loss: 2.102828873901367 | Train Acc: 28.284001350402832%
Test Loss: 2.101163600730896 | Test Acc: 28.58000099658966%
Epoch: 16 | Epoch Time: 1m 11s
Train Loss: 2.0817421633911133 | Train Acc: 28.62600088119507%
Test Loss: 2.079872770690918 | Test Acc: 29.089999198913574%
Epoch: 17 | Epoch Time: 2m 11s
Train Loss: 2.061113914489746 | Train Acc: 29.00800108909607%
Test Loss: 2.059071123504639 | Test Acc: 29.510000348091125%
Epoch: 18 | Epoch Time: 2m 16s
Train Loss: 2.041516321105957 | Train Acc: 29.407998919487%
Test Loss: 2.0392813159942627 | Test Acc: 29.809999465942383%
Epoch: 19 | Epoch Time: 2m 17s
Train Loss: 2.022698370361328 | Train Acc: 29.844000935554504%
Test Loss: 2.0202847919464113 | Test Acc: 30.19999861717224%
Epoch: 20 | Epoch Time: 2m 19s
Train Loss: 2.0058978338623046 | Train Acc: 30.136001110076904%
Test Loss: 2.003205142211914 | Test Acc: 30.559998750686646%
Epoch: 21 | Epoch Time: 2m 15s
Train Loss: 1.988744112548828 | Train Acc: 30.531999468803406%
Test Loss: 1.985852382850647 | Test Acc: 30.86000084877014%
Epoch: 22 | Epoch Time: 2m 22s
Train Loss: 1.9734294638061523 | Train Acc: 30.84000051021576%
Test Loss: 1.970242823791504 | Test Acc: 31.209999322891235%
Epoch: 23 | Epoch Time: 2m 24s
Train Loss: 1.9576322247314453 | Train Acc: 31.196001172065735%
Test Loss: 1.9542462629318238 | Test Acc: 31.65000081062317%
Epoch: 24 | Epoch Time: 2m 20s
Train Loss: 1.9423201550292968 | Train Acc: 31.633999943733215%
Test Loss: 1.9387707309722901 | Test Acc: 32.109999656677246%
Epoch: 25 | Epoch Time: 2m 2s
Train Loss: 1.9283254373168945 | Train Acc: 32.10799992084503%
Test Loss: 1.924562508392334 | Test Acc: 32.499998807907104%
Epoch: 26 | Epoch Time: 2m 4s
Train Loss: 1.9149496588134765 | Train Acc: 32.48800039291382%
Test Loss: 1.910977144050598 | Test Acc: 32.78000056743622%
Epoch: 27 | Epoch Time: 2m 0s
Train Loss: 1.902118370361328 | Train Acc: 32.76599943637848%
Test Loss: 1.8979765207290649 | Test Acc: 33.160001039505005%
Epoch: 28 | Epoch Time: 2m 3s
Train Loss: 1.8897534762573243 | Train Acc: 33.16799998283386%
Test Loss: 1.8854033435821533 | Test Acc: 33.570000529289246%
Epoch: 29 | Epoch Time: 2m 2s
Train Loss: 1.877358696899414 | Train Acc: 33.531999588012695%
Test Loss: 1.8728619331359864 | Test Acc: 34.00000035762787%
Epoch: 30 | Epoch Time: 2m 1s
Train Loss: 1.8659672552490234 | Train Acc: 33.89599919319153%
Test Loss: 1.86134278755188 | Test Acc: 34.38999950885773%
Epoch: 31 | Epoch Time: 2m 4s
Train Loss: 1.8545029348754882 | Train Acc: 34.213998913764954%
Test Loss: 1.8497591394424437 | Test Acc: 34.70999896526337%
Epoch: 32 | Epoch Time: 2m 2s
Train Loss: 1.8434089694213867 | Train Acc: 34.47999954223633%
Test Loss: 1.8386227355957032 | Test Acc: 34.99999940395355%
Epoch: 33 | Epoch Time: 2m 2s
Train Loss: 1.8320455712890624 | Train Acc: 34.84199941158295%
Test Loss: 1.827313542175293 | Test Acc: 35.3300005197525%
Epoch: 34 | Epoch Time: 2m 3s
Train Loss: 1.8215422467041016 | Train Acc: 35.13000011444092%
Test Loss: 1.8167755073547363 | Test Acc: 35.600000619888306%
Epoch: 35 | Epoch Time: 2m 1s
Train Loss: 1.8121809338378907 | Train Acc: 35.55999994277954%
Test Loss: 1.8073355951309205 | Test Acc: 35.87999939918518%
Epoch: 36 | Epoch Time: 2m 4s
Train Loss: 1.8028104364013673 | Train Acc: 35.85599958896637%
Test Loss: 1.797932839012146 | Test Acc: 36.37000024318695%
Epoch: 37 | Epoch Time: 2m 1s
Train Loss: 1.7931124151611328 | Train Acc: 36.169999837875366%
Test Loss: 1.7882546392440797 | Test Acc: 36.62000000476837%
Epoch: 38 | Epoch Time: 2m 1s
Train Loss: 1.7837457986450196 | Train Acc: 36.46000027656555%
Test Loss: 1.7788908319473267 | Test Acc: 36.980000138282776%
Epoch: 39 | Epoch Time: 2m 4s
Train Loss: 1.774742628479004 | Train Acc: 36.772000789642334%
Test Loss: 1.7699110666275024 | Test Acc: 37.27999925613403%
Epoch: 40 | Epoch Time: 2m 1s
Train Loss: 1.7660517083740235 | Train Acc: 37.08199858665466%
Test Loss: 1.7612894134521484 | Test Acc: 37.56000101566315%
Epoch: 41 | Epoch Time: 2m 4s
Train Loss: 1.758174045715332 | Train Acc: 37.39199936389923%
Test Loss: 1.753461618423462 | Test Acc: 37.869998812675476%
Epoch: 42 | Epoch Time: 2m 1s
Train Loss: 1.749944937133789 | Train Acc: 37.6800000667572%
Test Loss: 1.7453368480682374 | Test Acc: 38.2099986076355%
Epoch: 43 | Epoch Time: 2m 3s
Train Loss: 1.7415176345825196 | Train Acc: 37.99000084400177%
Test Loss: 1.7370362407684325 | Test Acc: 38.280001282691956%
Epoch: 44 | Epoch Time: 2m 3s
Train Loss: 1.7338826791381836 | Train Acc: 38.22200000286102%
Test Loss: 1.729496678352356 | Test Acc: 38.510000705718994%
Epoch: 45 | Epoch Time: 2m 2s
Train Loss: 1.725969603881836 | Train Acc: 38.565999269485474%
Test Loss: 1.7216479055404663 | Test Acc: 38.74000012874603%
Epoch: 46 | Epoch Time: 2m 3s
Train Loss: 1.7181014920043944 | Train Acc: 38.87400031089783%
Test Loss: 1.7138721391677856 | Test Acc: 39.03999924659729%
Epoch: 47 | Epoch Time: 2m 2s
Train Loss: 1.710422569885254 | Train Acc: 39.10000026226044%
Test Loss: 1.7062881198883058 | Test Acc: 39.21000063419342%
Epoch: 48 | Epoch Time: 2m 2s
Train Loss: 1.7029918579101562 | Train Acc: 39.344000816345215%
Test Loss: 1.6989768297195436 | Test Acc: 39.500001072883606%
Epoch: 49 | Epoch Time: 2m 3s
Train Loss: 1.6957418490600586 | Train Acc: 39.64000046253204%
Test Loss: 1.6918541961669922 | Test Acc: 39.730000495910645%
Epoch: 50 | Epoch Time: 2m 0s
Train Loss: 1.6884129580688476 | Train Acc: 39.928001165390015%
Test Loss: 1.6846759157180786 | Test Acc: 39.969998598098755%
Epoch: 51 | Epoch Time: 2m 4s
Train Loss: 1.6818692184448243 | Train Acc: 40.206000208854675%
Test Loss: 1.678229981994629 | Test Acc: 40.13000130653381%
Epoch: 52 | Epoch Time: 2m 3s
Train Loss: 1.6749729211425781 | Train Acc: 40.48199951648712%
Test Loss: 1.6714236503601074 | Test Acc: 40.369999408721924%
Epoch: 53 | Epoch Time: 2m 1s
Train Loss: 1.6686928201293945 | Train Acc: 40.67400097846985%
Test Loss: 1.6652336688995362 | Test Acc: 40.75999855995178%
Epoch: 54 | Epoch Time: 2m 4s
Train Loss: 1.6625292227172852 | Train Acc: 40.856000781059265%
Test Loss: 1.6592288970947267 | Test Acc: 41.17999970912933%
Epoch: 55 | Epoch Time: 2m 1s
Train Loss: 1.6562323919677735 | Train Acc: 41.082000732421875%
Test Loss: 1.6530270566940308 | Test Acc: 41.350001096725464%
Epoch: 56 | Epoch Time: 2m 3s
Train Loss: 1.6500367657470703 | Train Acc: 41.32600128650665%
Test Loss: 1.6469354682922364 | Test Acc: 41.4900004863739%
Epoch: 57 | Epoch Time: 2m 3s
Train Loss: 1.6438456112670898 | Train Acc: 41.52199923992157%
Test Loss: 1.6409064891815186 | Test Acc: 41.749998927116394%
Epoch: 58 | Epoch Time: 2m 1s
Train Loss: 1.6373142965698242 | Train Acc: 41.784000396728516%
Test Loss: 1.6345597564697265 | Test Acc: 42.16000139713287%
Epoch: 59 | Epoch Time: 2m 3s
Train Loss: 1.6310271353149415 | Train Acc: 42.03200042247772%
Test Loss: 1.6283953987121582 | Test Acc: 42.410001158714294%
Epoch: 60 | Epoch Time: 2m 2s
Train Loss: 1.6254603515625 | Train Acc: 42.25200116634369%
Test Loss: 1.6229391613006592 | Test Acc: 42.62999892234802%
Epoch: 61 | Epoch Time: 2m 2s
Train Loss: 1.6196092495727539 | Train Acc: 42.504000663757324%
Test Loss: 1.6172212566375732 | Test Acc: 42.78999865055084%
Epoch: 62 | Epoch Time: 2m 3s
Train Loss: 1.6141036224365235 | Train Acc: 42.74600148200989%
Test Loss: 1.6117942316055298 | Test Acc: 43.140000104904175%
Epoch: 63 | Epoch Time: 2m 1s
Train Loss: 1.608188110961914 | Train Acc: 42.99199879169464%
Test Loss: 1.6060086700439453 | Test Acc: 43.230000138282776%
Epoch: 64 | Epoch Time: 2m 4s
Train Loss: 1.6022604809570313 | Train Acc: 43.26600134372711%
Test Loss: 1.6002208993911744 | Test Acc: 43.41000020503998%
Epoch: 65 | Epoch Time: 2m 1s
Train Loss: 1.5967466772460936 | Train Acc: 43.54400038719177%
Test Loss: 1.5948216491699219 | Test Acc: 43.540000915527344%
Epoch: 66 | Epoch Time: 2m 2s
Train Loss: 1.5915020431518554 | Train Acc: 43.751999735832214%
Test Loss: 1.5896410131454468 | Test Acc: 43.880000710487366%
Epoch: 67 | Epoch Time: 2m 3s
Train Loss: 1.586212178955078 | Train Acc: 43.963998556137085%
Test Loss: 1.5845023727416991 | Test Acc: 44.08000111579895%
Epoch: 68 | Epoch Time: 2m 1s
Train Loss: 1.5813287896728516 | Train Acc: 44.165998697280884%
Test Loss: 1.5797240169525146 | Test Acc: 44.24999952316284%
Epoch: 69 | Epoch Time: 2m 4s
Train Loss: 1.5762669409179688 | Train Acc: 44.43399906158447%
Test Loss: 1.5748377420425415 | Test Acc: 44.42000091075897%
Epoch: 70 | Epoch Time: 2m 2s
Train Loss: 1.5711116561889649 | Train Acc: 44.64600086212158%
Test Loss: 1.5697686824798585 | Test Acc: 44.7299987077713%
Epoch: 71 | Epoch Time: 2m 2s
Train Loss: 1.5660911199951173 | Train Acc: 44.854000210762024%
Test Loss: 1.5648428031921386 | Test Acc: 44.90000009536743%
Epoch: 72 | Epoch Time: 2m 3s
Train Loss: 1.561560986328125 | Train Acc: 45.061999559402466%
Test Loss: 1.5604872713088989 | Test Acc: 45.19000053405762%
Epoch: 73 | Epoch Time: 2m 1s
Train Loss: 1.5566202352905274 | Train Acc: 45.197999477386475%
Test Loss: 1.5556442150115968 | Test Acc: 45.55000066757202%
Epoch: 74 | Epoch Time: 2m 4s
Train Loss: 1.5521425164794922 | Train Acc: 45.37000060081482%
Test Loss: 1.5513033401489258 | Test Acc: 45.77000141143799%
Epoch: 75 | Epoch Time: 2m 3s
Train Loss: 1.5477071029663085 | Train Acc: 45.60399949550629%
Test Loss: 1.5470180309295654 | Test Acc: 46.02999985218048%
Epoch: 76 | Epoch Time: 2m 2s
Train Loss: 1.542860531616211 | Train Acc: 45.73400020599365%
Test Loss: 1.5422577566146851 | Test Acc: 46.25999927520752%
Epoch: 77 | Epoch Time: 2m 4s
Train Loss: 1.5385010963439942 | Train Acc: 45.903998613357544%
Test Loss: 1.5380273344039916 | Test Acc: 46.560001373291016%
Epoch: 78 | Epoch Time: 2m 1s
Train Loss: 1.5341878785705567 | Train Acc: 46.09600007534027%
Test Loss: 1.5339445138931274 | Test Acc: 46.639999747276306%
Epoch: 79 | Epoch Time: 2m 3s
Train Loss: 1.5295367639160156 | Train Acc: 46.309998631477356%
Test Loss: 1.529390983581543 | Test Acc: 46.880000829696655%
Epoch: 80 | Epoch Time: 2m 2s
Train Loss: 1.5251893121337892 | Train Acc: 46.51800096035004%
Test Loss: 1.5251095527648926 | Test Acc: 47.02000021934509%
Epoch: 81 | Epoch Time: 2m 1s
Train Loss: 1.5211846336364747 | Train Acc: 46.67200148105621%
Test Loss: 1.5212243898391724 | Test Acc: 47.08999991416931%
Epoch: 82 | Epoch Time: 2m 3s
Train Loss: 1.5166852694702149 | Train Acc: 46.84999883174896%
Test Loss: 1.5168709783554077 | Test Acc: 47.26000130176544%
Epoch: 83 | Epoch Time: 2m 2s
Train Loss: 1.5126586283874512 | Train Acc: 46.96199893951416%
Test Loss: 1.5130179958343506 | Test Acc: 47.31999933719635%
Epoch: 84 | Epoch Time: 2m 2s
Train Loss: 1.5081289123535155 | Train Acc: 47.137999534606934%
Test Loss: 1.5086340112686156 | Test Acc: 47.519999742507935%
Epoch: 85 | Epoch Time: 2m 3s
Train Loss: 1.5034164141845703 | Train Acc: 47.383999824523926%
Test Loss: 1.503955592918396 | Test Acc: 47.769999504089355%
Epoch: 86 | Epoch Time: 2m 1s
Train Loss: 1.4995024116516114 | Train Acc: 47.48600125312805%
Test Loss: 1.5001425239562989 | Test Acc: 47.839999198913574%
Epoch: 87 | Epoch Time: 2m 4s
Train Loss: 1.4952412657165528 | Train Acc: 47.67000079154968%
Test Loss: 1.4959955421447755 | Test Acc: 48.100000619888306%
Epoch: 88 | Epoch Time: 2m 0s
Train Loss: 1.4912118264770509 | Train Acc: 47.90399968624115%
Test Loss: 1.4920666193008423 | Test Acc: 48.21999967098236%
Epoch: 89 | Epoch Time: 2m 2s
Train Loss: 1.487201131439209 | Train Acc: 48.0679988861084%
Test Loss: 1.488246622657776 | Test Acc: 48.28000068664551%
Epoch: 90 | Epoch Time: 2m 4s
Train Loss: 1.4834056115722656 | Train Acc: 48.2340008020401%
Test Loss: 1.484481961250305 | Test Acc: 48.539999127388%
Epoch: 91 | Epoch Time: 2m 0s
Train Loss: 1.47979405960083 | Train Acc: 48.37000072002411%
Test Loss: 1.4809287275314331 | Test Acc: 48.67999851703644%
Epoch: 92 | Epoch Time: 2m 3s
Train Loss: 1.4754997122192384 | Train Acc: 48.537999391555786%
Test Loss: 1.4766895334243775 | Test Acc: 48.809999227523804%
Epoch: 93 | Epoch Time: 2m 2s
Train Loss: 1.4715716076660157 | Train Acc: 48.66200089454651%
Test Loss: 1.4728451755523682 | Test Acc: 48.91999959945679%
Epoch: 94 | Epoch Time: 2m 1s
Train Loss: 1.4681473741149902 | Train Acc: 48.83599877357483%
Test Loss: 1.4694970617294312 | Test Acc: 49.140000343322754%
Epoch: 95 | Epoch Time: 2m 3s
Train Loss: 1.4647164889526367 | Train Acc: 48.96399974822998%
Test Loss: 1.4662399154663086 | Test Acc: 49.27999973297119%
Epoch: 96 | Epoch Time: 2m 0s
Train Loss: 1.461420707550049 | Train Acc: 49.149999022483826%
Test Loss: 1.4630721618652345 | Test Acc: 49.41999912261963%
Epoch: 97 | Epoch Time: 2m 2s
Train Loss: 1.4579032415771485 | Train Acc: 49.27000105381012%
Test Loss: 1.459665182876587 | Test Acc: 49.549999833106995%
Epoch: 98 | Epoch Time: 2m 2s
Train Loss: 1.4542906338500976 | Train Acc: 49.390000104904175%
Test Loss: 1.4561306060791015 | Test Acc: 49.66000020503998%
Epoch: 99 | Epoch Time: 2m 2s
Train Loss: 1.4502334510803223 | Train Acc: 49.59799945354462%
Test Loss: 1.4521957765579223 | Test Acc: 49.70000088214874%
Epoch: 100 | Epoch Time: 2m 4s
Train Loss: 1.4465423623657228 | Train Acc: 49.724000692367554%
Test Loss: 1.4485596117019652 | Test Acc: 49.790000915527344%
