Namespace(action=8, model='CNN', seed=1)
{'model_name': 'CNN', 'device': device(type='cuda', index=0), 'log_dir': 'log\\CNN', 'ckpt_dir': 'checkpoint\\CNN', 'attack': 'bf', 'defence': 'krum', 'client_epochs': 10, 'server_epochs': 100, 'batch_size': 100, 'client_lr': 0.15, 'server_lr': 0.15, 'server_rate': 2000, 'load_ckpt': 0, 'workers': 20, 'byzantine_workers': 8, 'attack_strength': -10.0, 'k': 1, 'b': 4, 'test_frequency': 1}
======================Start Train Model [Tue May  7 05:37:50 2024]======================
Epoch: 1 | Epoch Time: 0m 37s
Train Loss: 2.2994832846069335 | Train Acc: 10.474000126123428%
Test Loss: 2.2995111404418944 | Test Acc: 10.589999705553055%
Epoch: 2 | Epoch Time: 0m 38s
Train Loss: 2.288532191772461 | Train Acc: 14.156000316143036%
Test Loss: 2.2885427703857424 | Test Acc: 14.309999346733093%
Epoch: 3 | Epoch Time: 0m 38s
Train Loss: 2.2689935440063476 | Train Acc: 17.46000051498413%
Test Loss: 2.268970509338379 | Test Acc: 17.38000065088272%
Epoch: 4 | Epoch Time: 0m 37s
Train Loss: 2.242438363952637 | Train Acc: 22.543999552726746%
Test Loss: 2.2423709442138673 | Test Acc: 22.849999368190765%
Epoch: 5 | Epoch Time: 0m 38s
Train Loss: 2.2087677316284178 | Train Acc: 26.78000032901764%
Test Loss: 2.2086075439453126 | Test Acc: 27.250000834465027%
Epoch: 6 | Epoch Time: 0m 37s
Train Loss: 2.1712601846313477 | Train Acc: 29.109999537467957%
Test Loss: 2.1707818725585937 | Test Acc: 29.030001163482666%
Epoch: 7 | Epoch Time: 0m 38s
Train Loss: 2.1335182815551756 | Train Acc: 30.05400002002716%
Test Loss: 2.1323969985961915 | Test Acc: 30.390000343322754%
Epoch: 8 | Epoch Time: 0m 38s
Train Loss: 2.086553678894043 | Train Acc: 31.384000182151794%
Test Loss: 2.0852102478027343 | Test Acc: 31.90999925136566%
Epoch: 9 | Epoch Time: 0m 37s
Train Loss: 2.0452392318725585 | Train Acc: 31.661999225616455%
Test Loss: 2.043358404541016 | Test Acc: 32.109999656677246%
Epoch: 10 | Epoch Time: 0m 38s
Train Loss: 1.9946533999633789 | Train Acc: 32.495999336242676%
Test Loss: 1.9927191970825195 | Test Acc: 33.090001344680786%
Epoch: 11 | Epoch Time: 0m 37s
Train Loss: 1.9428185885620117 | Train Acc: 33.68600010871887%
Test Loss: 1.941268147277832 | Test Acc: 34.220001101493835%
Epoch: 12 | Epoch Time: 0m 38s
Train Loss: 1.9165502169799804 | Train Acc: 32.989999651908875%
Test Loss: 1.9152857604980469 | Test Acc: 33.61000120639801%
Epoch: 13 | Epoch Time: 0m 38s
Train Loss: 1.8788320443725586 | Train Acc: 33.959999680519104%
Test Loss: 1.878214079284668 | Test Acc: 34.38999950885773%
Epoch: 14 | Epoch Time: 0m 37s
Train Loss: 1.839396872253418 | Train Acc: 35.16800105571747%
Test Loss: 1.8395901077270507 | Test Acc: 35.679998993873596%
Epoch: 15 | Epoch Time: 0m 38s
Train Loss: 1.7994382186889648 | Train Acc: 36.77000105381012%
Test Loss: 1.8006089050292968 | Test Acc: 37.00999915599823%
Epoch: 16 | Epoch Time: 0m 38s
Train Loss: 1.764134736328125 | Train Acc: 37.540000677108765%
Test Loss: 1.766879098510742 | Test Acc: 37.79999911785126%
Epoch: 17 | Epoch Time: 0m 38s
Train Loss: 1.7384052639770509 | Train Acc: 38.047999143600464%
Test Loss: 1.7420627090454102 | Test Acc: 38.01000118255615%
Epoch: 18 | Epoch Time: 0m 38s
Train Loss: 1.7225491668701172 | Train Acc: 38.40399980545044%
Test Loss: 1.7266022613525391 | Test Acc: 38.510000705718994%
Epoch: 19 | Epoch Time: 0m 37s
Train Loss: 1.6931593222045898 | Train Acc: 39.7460013628006%
Test Loss: 1.6975818740844726 | Test Acc: 39.95000123977661%
Epoch: 20 | Epoch Time: 0m 38s
Train Loss: 1.701170809326172 | Train Acc: 39.653998613357544%
Test Loss: 1.7064657897949218 | Test Acc: 39.61000144481659%
Epoch: 21 | Epoch Time: 0m 37s
Train Loss: 1.6882114028930664 | Train Acc: 40.09000062942505%
Test Loss: 1.6938608581542969 | Test Acc: 39.59999978542328%
Epoch: 22 | Epoch Time: 0m 38s
Train Loss: 1.6705967498779297 | Train Acc: 40.470001101493835%
Test Loss: 1.6776695236206054 | Test Acc: 40.14999866485596%
Epoch: 23 | Epoch Time: 0m 38s
Train Loss: 1.6721391012573241 | Train Acc: 40.18599987030029%
Test Loss: 1.6806972717285156 | Test Acc: 40.049999952316284%
Epoch: 24 | Epoch Time: 0m 37s
Train Loss: 1.6511010699462891 | Train Acc: 40.83600044250488%
Test Loss: 1.6609815338134766 | Test Acc: 40.50000011920929%
Epoch: 25 | Epoch Time: 0m 38s
Train Loss: 1.6441893841552735 | Train Acc: 41.078001260757446%
Test Loss: 1.6571260482788086 | Test Acc: 40.75999855995178%
Epoch: 26 | Epoch Time: 0m 38s
Train Loss: 1.6427982696533203 | Train Acc: 41.42000079154968%
Test Loss: 1.6557101272583008 | Test Acc: 41.11999869346619%
Epoch: 27 | Epoch Time: 0m 37s
Train Loss: 1.6451316766357422 | Train Acc: 41.481998562812805%
Test Loss: 1.6594541412353516 | Test Acc: 40.97000062465668%
Epoch: 28 | Epoch Time: 0m 38s
Train Loss: 1.6532683804321289 | Train Acc: 41.35600030422211%
Test Loss: 1.671677522277832 | Test Acc: 40.47999978065491%
Epoch: 29 | Epoch Time: 0m 37s
Train Loss: 1.648077850036621 | Train Acc: 42.05799996852875%
Test Loss: 1.6695710998535156 | Test Acc: 41.08000099658966%
Epoch: 30 | Epoch Time: 0m 38s
Train Loss: 1.682919328918457 | Train Acc: 41.703999042510986%
Test Loss: 1.7048829071044922 | Test Acc: 40.97999930381775%
Epoch: 31 | Epoch Time: 0m 38s
Train Loss: 1.6860809649658204 | Train Acc: 42.155998945236206%
Test Loss: 1.709178012084961 | Test Acc: 41.49999916553497%
Epoch: 32 | Epoch Time: 0m 38s
Train Loss: 1.6741858499145508 | Train Acc: 42.76399910449982%
Test Loss: 1.700569499206543 | Test Acc: 41.80999994277954%
Epoch: 33 | Epoch Time: 0m 38s
Train Loss: 1.6801405618286134 | Train Acc: 42.983999848365784%
Test Loss: 1.7096527450561523 | Test Acc: 41.94000065326691%
Epoch: 34 | Epoch Time: 0m 37s
Train Loss: 1.6953742413330077 | Train Acc: 43.38800013065338%
Test Loss: 1.728318455505371 | Test Acc: 42.21000075340271%
Epoch: 35 | Epoch Time: 0m 37s
Train Loss: 1.7336613327026367 | Train Acc: 43.432000279426575%
Test Loss: 1.770289453125 | Test Acc: 42.14000105857849%
Epoch: 36 | Epoch Time: 0m 37s
Train Loss: 1.7623558764648437 | Train Acc: 43.48999857902527%
Test Loss: 1.8017540786743165 | Test Acc: 42.250001430511475%
Epoch: 37 | Epoch Time: 0m 37s
Train Loss: 1.8285045858764648 | Train Acc: 43.27400028705597%
Test Loss: 1.8722465713500978 | Test Acc: 42.080000042915344%
Epoch: 38 | Epoch Time: 0m 38s
Train Loss: 1.8461013354492188 | Train Acc: 43.33199858665466%
Test Loss: 1.89035146484375 | Test Acc: 41.98000133037567%
Epoch: 39 | Epoch Time: 0m 37s
Train Loss: 1.9159797610473632 | Train Acc: 43.45000088214874%
Test Loss: 1.96447371673584 | Test Acc: 41.96999967098236%
Epoch: 40 | Epoch Time: 0m 38s
Train Loss: 1.936981527709961 | Train Acc: 43.53800117969513%
Test Loss: 1.9860864791870116 | Test Acc: 42.14999973773956%
Epoch: 41 | Epoch Time: 0m 38s
Train Loss: 2.014354140319824 | Train Acc: 43.58200132846832%
Test Loss: 2.0676569274902343 | Test Acc: 42.1999990940094%
Epoch: 42 | Epoch Time: 0m 38s
Train Loss: 2.080186948852539 | Train Acc: 43.470001220703125%
Test Loss: 2.136724819946289 | Test Acc: 42.16000139713287%
Epoch: 43 | Epoch Time: 0m 38s
Train Loss: 2.1340202990722656 | Train Acc: 43.47200095653534%
Test Loss: 2.1923488037109373 | Test Acc: 42.14999973773956%
Epoch: 44 | Epoch Time: 0m 37s
Train Loss: 2.1795811346435547 | Train Acc: 43.30399930477142%
Test Loss: 2.241396263122559 | Test Acc: 42.30000078678131%
Epoch: 45 | Epoch Time: 0m 37s
Train Loss: 2.181681653137207 | Train Acc: 42.96000003814697%
Test Loss: 2.236158952331543 | Test Acc: 42.07000136375427%
Epoch: 46 | Epoch Time: 0m 37s
Train Loss: 2.1036239511108397 | Train Acc: 42.99800097942352%
Test Loss: 2.1527857345581056 | Test Acc: 41.589999198913574%
Epoch: 47 | Epoch Time: 0m 37s
Train Loss: 2.190928090209961 | Train Acc: 43.02000105381012%
Test Loss: 2.2445550018310545 | Test Acc: 41.71999990940094%
Epoch: 48 | Epoch Time: 0m 38s
Train Loss: 2.277394855041504 | Train Acc: 43.05199980735779%
Test Loss: 2.334909796142578 | Test Acc: 41.69999957084656%
Epoch: 49 | Epoch Time: 0m 37s
Train Loss: 2.3621166302490235 | Train Acc: 43.08399856090546%
Test Loss: 2.4232041641235353 | Test Acc: 41.89000129699707%
Epoch: 50 | Epoch Time: 0m 38s
Train Loss: 2.4444078955078123 | Train Acc: 43.09000074863434%
Test Loss: 2.5090350677490236 | Test Acc: 41.929998993873596%
Epoch: 51 | Epoch Time: 0m 37s
Train Loss: 2.5245583334350585 | Train Acc: 43.035998940467834%
Test Loss: 2.5917735443115233 | Test Acc: 42.03000068664551%
Epoch: 52 | Epoch Time: 0m 38s
Train Loss: 2.6004417541503906 | Train Acc: 43.04400086402893%
Test Loss: 2.670571662902832 | Test Acc: 42.03000068664551%
Epoch: 53 | Epoch Time: 0m 38s
Train Loss: 2.672988262634277 | Train Acc: 43.070000410079956%
Test Loss: 2.7459099182128908 | Test Acc: 42.0199990272522%
Epoch: 54 | Epoch Time: 0m 38s
Train Loss: 2.742035176086426 | Train Acc: 43.06800067424774%
Test Loss: 2.8171699645996093 | Test Acc: 42.03000068664551%
Epoch: 55 | Epoch Time: 0m 38s
Train Loss: 2.80653338684082 | Train Acc: 43.00999939441681%
Test Loss: 2.8836669815063476 | Test Acc: 41.929998993873596%
Epoch: 56 | Epoch Time: 0m 37s
Train Loss: 2.8673905068969727 | Train Acc: 43.042001128196716%
Test Loss: 2.946545065307617 | Test Acc: 41.920000314712524%
Epoch: 57 | Epoch Time: 0m 38s
Train Loss: 2.9245577014160156 | Train Acc: 43.07799935340881%
Test Loss: 3.00543671875 | Test Acc: 42.010000348091125%
Epoch: 58 | Epoch Time: 0m 38s
Train Loss: 2.9797938006591798 | Train Acc: 43.06800067424774%
Test Loss: 3.0626373748779296 | Test Acc: 41.87000095844269%
Epoch: 59 | Epoch Time: 0m 37s
Train Loss: 3.0308988693237304 | Train Acc: 43.06600093841553%
Test Loss: 3.115199201965332 | Test Acc: 41.920000314712524%
Epoch: 60 | Epoch Time: 0m 38s
Train Loss: 3.0797777728271485 | Train Acc: 42.983999848365784%
Test Loss: 3.1652734100341795 | Test Acc: 41.96999967098236%
Epoch: 61 | Epoch Time: 0m 38s
Train Loss: 3.124688468017578 | Train Acc: 42.99600124359131%
Test Loss: 3.2115962692260744 | Test Acc: 41.96999967098236%
Epoch: 62 | Epoch Time: 0m 38s
Train Loss: 3.1678958697509767 | Train Acc: 42.9720014333725%
Test Loss: 3.2558571029663086 | Test Acc: 41.94000065326691%
Epoch: 63 | Epoch Time: 0m 38s
Train Loss: 3.2081458978271487 | Train Acc: 42.96199977397919%
Test Loss: 3.2972789154052733 | Test Acc: 41.89000129699707%
Epoch: 64 | Epoch Time: 0m 37s
Train Loss: 3.2463727960205078 | Train Acc: 42.93600022792816%
Test Loss: 3.3366178146362304 | Test Acc: 41.850000619888306%
Epoch: 65 | Epoch Time: 0m 38s
Train Loss: 3.2822363150024416 | Train Acc: 42.91599988937378%
Test Loss: 3.3734563095092773 | Test Acc: 41.78999960422516%
Epoch: 66 | Epoch Time: 0m 37s
Train Loss: 3.3166211355590822 | Train Acc: 42.86400079727173%
Test Loss: 3.408656297302246 | Test Acc: 41.83000028133392%
Epoch: 67 | Epoch Time: 0m 38s
Train Loss: 3.3491263330078125 | Train Acc: 42.8600013256073%
Test Loss: 3.441957768249512 | Test Acc: 41.83000028133392%
Epoch: 68 | Epoch Time: 0m 38s
Train Loss: 3.3793972421264646 | Train Acc: 42.85599887371063%
Test Loss: 3.473116523742676 | Test Acc: 41.89000129699707%
Epoch: 69 | Epoch Time: 0m 37s
Train Loss: 3.4088254623413086 | Train Acc: 42.83199906349182%
Test Loss: 3.5032291763305663 | Test Acc: 41.87999963760376%
Epoch: 70 | Epoch Time: 0m 38s
Train Loss: 3.4372422229003905 | Train Acc: 42.833998799324036%
Test Loss: 3.5324003845214844 | Test Acc: 41.87999963760376%
Epoch: 71 | Epoch Time: 0m 38s
Train Loss: 3.4639074768066407 | Train Acc: 42.83199906349182%
Test Loss: 3.5597368865966796 | Test Acc: 41.89999997615814%
Epoch: 72 | Epoch Time: 0m 37s
Train Loss: 3.489172918395996 | Train Acc: 42.82799959182739%
Test Loss: 3.585656292724609 | Test Acc: 41.87000095844269%
Epoch: 73 | Epoch Time: 0m 38s
Train Loss: 3.513684376220703 | Train Acc: 42.84200072288513%
Test Loss: 3.6108497619628905 | Test Acc: 41.839998960494995%
Epoch: 74 | Epoch Time: 0m 37s
Train Loss: 3.537145383300781 | Train Acc: 42.82799959182739%
Test Loss: 3.634822479248047 | Test Acc: 41.81999862194061%
Epoch: 75 | Epoch Time: 0m 38s
Train Loss: 3.559669298400879 | Train Acc: 42.82599985599518%
Test Loss: 3.6579533203125 | Test Acc: 41.78999960422516%
Epoch: 76 | Epoch Time: 0m 38s
Train Loss: 3.5801221661376954 | Train Acc: 42.805999517440796%
Test Loss: 3.6788841918945314 | Test Acc: 41.78000092506409%
Epoch: 77 | Epoch Time: 0m 37s
Train Loss: 3.600906911010742 | Train Acc: 42.79800057411194%
Test Loss: 3.7003014739990236 | Test Acc: 41.78000092506409%
Epoch: 78 | Epoch Time: 0m 38s
Train Loss: 3.620450643005371 | Train Acc: 42.76599884033203%
Test Loss: 3.720329309082031 | Test Acc: 41.78999960422516%
Epoch: 79 | Epoch Time: 0m 37s
Train Loss: 3.639706842956543 | Train Acc: 42.77400076389313%
Test Loss: 3.740014584350586 | Test Acc: 41.760000586509705%
Epoch: 80 | Epoch Time: 0m 38s
Train Loss: 3.657786866455078 | Train Acc: 42.7619993686676%
Test Loss: 3.7585587463378904 | Test Acc: 41.72999858856201%
Epoch: 81 | Epoch Time: 0m 37s
Train Loss: 3.675277520446777 | Train Acc: 42.76399910449982%
Test Loss: 3.7766106567382813 | Test Acc: 41.74000024795532%
Epoch: 82 | Epoch Time: 0m 38s
Train Loss: 3.692347613220215 | Train Acc: 42.75600016117096%
Test Loss: 3.7940628967285157 | Test Acc: 41.769999265670776%
Epoch: 83 | Epoch Time: 0m 38s
Train Loss: 3.7081746759033205 | Train Acc: 42.73200035095215%
Test Loss: 3.810259622192383 | Test Acc: 41.760000586509705%
Epoch: 84 | Epoch Time: 0m 38s
Train Loss: 3.723449790649414 | Train Acc: 42.77400076389313%
Test Loss: 3.826006494140625 | Test Acc: 41.760000586509705%
Epoch: 85 | Epoch Time: 0m 38s
Train Loss: 3.73823869140625 | Train Acc: 42.7619993686676%
Test Loss: 3.8411297393798827 | Test Acc: 41.769999265670776%
Epoch: 86 | Epoch Time: 0m 38s
Train Loss: 3.7528187829589843 | Train Acc: 42.739999294281006%
Test Loss: 3.856033297729492 | Test Acc: 41.760000586509705%
Epoch: 87 | Epoch Time: 0m 37s
Train Loss: 3.766336940917969 | Train Acc: 42.75600016117096%
Test Loss: 3.869981234741211 | Test Acc: 41.760000586509705%
Epoch: 88 | Epoch Time: 0m 38s
Train Loss: 3.7799573669433593 | Train Acc: 42.74600148200989%
Test Loss: 3.8839464447021483 | Test Acc: 41.749998927116394%
Epoch: 89 | Epoch Time: 0m 37s
Train Loss: 3.7933669677734376 | Train Acc: 42.73799955844879%
Test Loss: 3.89778342590332 | Test Acc: 41.74000024795532%
Epoch: 90 | Epoch Time: 0m 38s
Train Loss: 3.8059574682617185 | Train Acc: 42.7480012178421%
Test Loss: 3.9107792663574217 | Test Acc: 41.72999858856201%
Epoch: 91 | Epoch Time: 0m 37s
Train Loss: 3.8182222448730467 | Train Acc: 42.75200068950653%
Test Loss: 3.9233567993164065 | Test Acc: 41.69999957084656%
Epoch: 92 | Epoch Time: 0m 37s
Train Loss: 3.8302857067871092 | Train Acc: 42.73400008678436%
Test Loss: 3.9356300689697266 | Test Acc: 41.71000123023987%
Epoch: 93 | Epoch Time: 0m 38s
Train Loss: 3.8424377813720705 | Train Acc: 42.73599982261658%
Test Loss: 3.9481401428222656 | Test Acc: 41.71000123023987%
Epoch: 94 | Epoch Time: 0m 37s
Train Loss: 3.8542599652099607 | Train Acc: 42.726001143455505%
Test Loss: 3.960392691040039 | Test Acc: 41.72999858856201%
Epoch: 95 | Epoch Time: 0m 38s
Train Loss: 3.865136983642578 | Train Acc: 42.72800087928772%
Test Loss: 3.971519671630859 | Test Acc: 41.74000024795532%
Epoch: 96 | Epoch Time: 0m 38s
Train Loss: 3.875976094970703 | Train Acc: 42.73599982261658%
Test Loss: 3.9825443054199217 | Test Acc: 41.769999265670776%
Epoch: 97 | Epoch Time: 0m 37s
Train Loss: 3.886481970825195 | Train Acc: 42.74199903011322%
Test Loss: 3.9933909637451173 | Test Acc: 41.769999265670776%
Epoch: 98 | Epoch Time: 0m 38s
Train Loss: 3.897129290161133 | Train Acc: 42.73200035095215%
Test Loss: 4.004184912109375 | Test Acc: 41.69999957084656%
Epoch: 99 | Epoch Time: 0m 38s
Train Loss: 3.9072746850585935 | Train Acc: 42.71799921989441%
Test Loss: 4.014540609741211 | Test Acc: 41.71999990940094%
Epoch: 100 | Epoch Time: 0m 38s
Train Loss: 3.9170418927001953 | Train Acc: 42.73400008678436%
Test Loss: 4.024514743041992 | Test Acc: 41.71999990940094%
Namespace(action=8, model='CNN', seed=1)
{'model_name': 'CNN', 'device': device(type='cuda', index=0), 'log_dir': 'log\\CNN', 'ckpt_dir': 'checkpoint\\CNN', 'attack': 'bf', 'defence': 'krum', 'client_epochs': 10, 'server_epochs': 100, 'batch_size': 100, 'client_lr': 0.15, 'server_lr': 0.15, 'server_rate': 2000, 'load_ckpt': 0, 'workers': 20, 'byzantine_workers': 8, 'attack_strength': -10.0, 'k': 1, 'b': 4, 'test_frequency': 1}
======================Start Train Model [Wed May  8 10:42:05 2024]======================
Epoch: 1 | Epoch Time: 0m 54s
Train Loss: 2.2959363967895507 | Train Acc: 10.232000052928925%
Test Loss: 2.295822091674805 | Test Acc: 10.14000028371811%
Epoch: 2 | Epoch Time: 0m 52s
Train Loss: 2.2794476165771482 | Train Acc: 17.513999342918396%
Test Loss: 2.279137437438965 | Test Acc: 17.190000414848328%
Epoch: 3 | Epoch Time: 0m 52s
Train Loss: 2.2530268319702147 | Train Acc: 22.393999993801117%
Test Loss: 2.2524204956054685 | Test Acc: 22.540000081062317%
Epoch: 4 | Epoch Time: 0m 52s
Train Loss: 2.218044846496582 | Train Acc: 24.437999725341797%
Test Loss: 2.217077378845215 | Test Acc: 24.490000307559967%
Epoch: 5 | Epoch Time: 0m 52s
Train Loss: 2.175760028076172 | Train Acc: 27.149999141693115%
Test Loss: 2.174449662780762 | Test Acc: 27.050000429153442%
Epoch: 6 | Epoch Time: 0m 52s
Train Loss: 2.126203832092285 | Train Acc: 28.690001368522644%
Test Loss: 2.1246518173217774 | Test Acc: 28.510001301765442%
Epoch: 7 | Epoch Time: 0m 51s
Train Loss: 2.0775908563232424 | Train Acc: 30.423998832702637%
Test Loss: 2.075409942626953 | Test Acc: 30.309998989105225%
Epoch: 8 | Epoch Time: 0m 52s
Train Loss: 2.036828483581543 | Train Acc: 32.03200101852417%
Test Loss: 2.034306803894043 | Test Acc: 31.700000166893005%
Epoch: 9 | Epoch Time: 0m 52s
Train Loss: 1.987961563720703 | Train Acc: 33.44799876213074%
Test Loss: 1.9849054107666015 | Test Acc: 33.79000127315521%
Epoch: 10 | Epoch Time: 0m 50s
Train Loss: 1.9391902499389648 | Train Acc: 34.24200117588043%
Test Loss: 1.9360094146728515 | Test Acc: 34.459999203681946%
Epoch: 11 | Epoch Time: 0m 46s
Train Loss: 1.8973759762573241 | Train Acc: 34.24600064754486%
Test Loss: 1.893791487121582 | Test Acc: 33.91000032424927%
Epoch: 12 | Epoch Time: 0m 46s
Train Loss: 1.8609080245971679 | Train Acc: 35.74199974536896%
Test Loss: 1.8572405303955077 | Test Acc: 36.000001430511475%
Epoch: 13 | Epoch Time: 0m 46s
Train Loss: 1.8237086865234375 | Train Acc: 36.6459995508194%
Test Loss: 1.8195925216674804 | Test Acc: 36.50999963283539%
Epoch: 14 | Epoch Time: 0m 46s
Train Loss: 1.7857230130004882 | Train Acc: 37.755998969078064%
Test Loss: 1.7809499740600585 | Test Acc: 37.369999289512634%
Epoch: 15 | Epoch Time: 0m 46s
Train Loss: 1.7607742922973633 | Train Acc: 38.21200132369995%
Test Loss: 1.7566377746582031 | Test Acc: 37.85000145435333%
Epoch: 16 | Epoch Time: 0m 46s
Train Loss: 1.729280520629883 | Train Acc: 39.09600079059601%
Test Loss: 1.7251709884643556 | Test Acc: 38.80999982357025%
Epoch: 17 | Epoch Time: 0m 46s
Train Loss: 1.7039049621582032 | Train Acc: 39.688000082969666%
Test Loss: 1.6990193328857421 | Test Acc: 38.94999921321869%
Epoch: 18 | Epoch Time: 0m 46s
Train Loss: 1.6840593365478516 | Train Acc: 40.18599987030029%
Test Loss: 1.679422901916504 | Test Acc: 39.35000002384186%
Epoch: 19 | Epoch Time: 0m 46s
Train Loss: 1.6552343896484376 | Train Acc: 40.82799851894379%
Test Loss: 1.651436996459961 | Test Acc: 40.72999954223633%
Epoch: 20 | Epoch Time: 0m 46s
Train Loss: 1.636281773071289 | Train Acc: 41.47199988365173%
Test Loss: 1.6332860565185547 | Test Acc: 41.359999775886536%
Epoch: 21 | Epoch Time: 0m 46s
Train Loss: 1.6247458618164063 | Train Acc: 41.784000396728516%
Test Loss: 1.6226353622436522 | Test Acc: 41.42000079154968%
Epoch: 22 | Epoch Time: 0m 46s
Train Loss: 1.6057928884887696 | Train Acc: 42.14999973773956%
Test Loss: 1.6048842880249024 | Test Acc: 41.98000133037567%
Epoch: 23 | Epoch Time: 0m 46s
Train Loss: 1.5985898989868164 | Train Acc: 42.35599935054779%
Test Loss: 1.5976713912963867 | Test Acc: 42.19000041484833%
Epoch: 24 | Epoch Time: 0m 46s
Train Loss: 1.58224677734375 | Train Acc: 42.726001143455505%
Test Loss: 1.5826702835083009 | Test Acc: 42.62999892234802%
Epoch: 25 | Epoch Time: 0m 46s
Train Loss: 1.581184765625 | Train Acc: 42.8600013256073%
Test Loss: 1.5819153442382812 | Test Acc: 42.62000024318695%
Epoch: 26 | Epoch Time: 0m 47s
Train Loss: 1.5599812536621094 | Train Acc: 43.53199899196625%
Test Loss: 1.5606981887817384 | Test Acc: 43.41000020503998%
Epoch: 27 | Epoch Time: 0m 46s
Train Loss: 1.5498450119018554 | Train Acc: 43.856000900268555%
Test Loss: 1.5510231246948243 | Test Acc: 43.36999952793121%
Epoch: 28 | Epoch Time: 0m 46s
Train Loss: 1.5443801849365235 | Train Acc: 44.09399926662445%
Test Loss: 1.5470795761108398 | Test Acc: 43.66999864578247%
Epoch: 29 | Epoch Time: 0m 46s
Train Loss: 1.5243094091796876 | Train Acc: 44.93600130081177%
Test Loss: 1.526820085144043 | Test Acc: 44.69999969005585%
Epoch: 30 | Epoch Time: 0m 47s
Train Loss: 1.5293460163879395 | Train Acc: 44.7519987821579%
Test Loss: 1.5332238967895508 | Test Acc: 44.429999589920044%
Epoch: 31 | Epoch Time: 0m 47s
Train Loss: 1.5061014195251465 | Train Acc: 45.72199881076813%
Test Loss: 1.5107163040161133 | Test Acc: 45.590001344680786%
Epoch: 32 | Epoch Time: 0m 46s
Train Loss: 1.4947177630615234 | Train Acc: 46.149998903274536%
Test Loss: 1.4993835113525391 | Test Acc: 46.059998869895935%
Epoch: 33 | Epoch Time: 0m 46s
Train Loss: 1.4765459075927734 | Train Acc: 46.62199914455414%
Test Loss: 1.480747386932373 | Test Acc: 46.75000011920929%
Epoch: 34 | Epoch Time: 0m 46s
Train Loss: 1.4671567973327637 | Train Acc: 46.91799879074097%
Test Loss: 1.471860386657715 | Test Acc: 47.119998931884766%
Epoch: 35 | Epoch Time: 0m 46s
Train Loss: 1.4532483067321778 | Train Acc: 47.55200147628784%
Test Loss: 1.4586004913330077 | Test Acc: 47.63999879360199%
Epoch: 36 | Epoch Time: 0m 51s
Train Loss: 1.448679800567627 | Train Acc: 47.58400022983551%
Test Loss: 1.4548929977416991 | Test Acc: 47.67000079154968%
Epoch: 37 | Epoch Time: 0m 51s
Train Loss: 1.4419273481750488 | Train Acc: 47.968000173568726%
Test Loss: 1.448528424835205 | Test Acc: 48.23000133037567%
Epoch: 38 | Epoch Time: 0m 52s
Train Loss: 1.4318982283020019 | Train Acc: 48.41200113296509%
Test Loss: 1.4393629348754884 | Test Acc: 48.57000112533569%
Epoch: 39 | Epoch Time: 0m 51s
Train Loss: 1.4327862121582031 | Train Acc: 48.50800037384033%
Test Loss: 1.440720150756836 | Test Acc: 48.60000014305115%
Epoch: 40 | Epoch Time: 0m 51s
Train Loss: 1.4401968157958984 | Train Acc: 48.5619992017746%
Test Loss: 1.449440202331543 | Test Acc: 48.73000085353851%
Epoch: 41 | Epoch Time: 0m 51s
Train Loss: 1.4377181829833985 | Train Acc: 49.02400076389313%
Test Loss: 1.4470289474487306 | Test Acc: 49.059998989105225%
Epoch: 42 | Epoch Time: 0m 51s
Train Loss: 1.4461898919677734 | Train Acc: 49.08599853515625%
Test Loss: 1.4574552490234376 | Test Acc: 48.85999858379364%
Epoch: 43 | Epoch Time: 0m 51s
Train Loss: 1.4522800604248047 | Train Acc: 49.11400079727173%
Test Loss: 1.464728524017334 | Test Acc: 48.7199991941452%
Epoch: 44 | Epoch Time: 0m 51s
Train Loss: 1.464218855895996 | Train Acc: 49.14200007915497%
Test Loss: 1.4774907455444335 | Test Acc: 48.579999804496765%
Epoch: 45 | Epoch Time: 0m 51s
Train Loss: 1.4903649420166016 | Train Acc: 49.035999178886414%
Test Loss: 1.5030819076538087 | Test Acc: 48.44000041484833%
Epoch: 46 | Epoch Time: 0m 51s
Train Loss: 1.5076160215759278 | Train Acc: 49.16999936103821%
Test Loss: 1.5213793395996094 | Test Acc: 48.590001463890076%
Epoch: 47 | Epoch Time: 0m 51s
Train Loss: 1.5462232200622559 | Train Acc: 48.875999450683594%
Test Loss: 1.5607894630432129 | Test Acc: 48.44000041484833%
Epoch: 48 | Epoch Time: 0m 51s
Train Loss: 1.5746653286743164 | Train Acc: 49.0200012922287%
Test Loss: 1.5904249557495118 | Test Acc: 48.44000041484833%
Epoch: 49 | Epoch Time: 0m 51s
Train Loss: 1.6129175921630858 | Train Acc: 49.004000425338745%
Test Loss: 1.6295713920593262 | Test Acc: 48.539999127388%
Epoch: 50 | Epoch Time: 0m 52s
Train Loss: 1.6128153924560547 | Train Acc: 48.853999376297%
Test Loss: 1.6304281272888184 | Test Acc: 48.19000065326691%
Epoch: 51 | Epoch Time: 0m 51s
Train Loss: 1.6088307481384276 | Train Acc: 49.10599887371063%
Test Loss: 1.6276931533813477 | Test Acc: 48.330000042915344%
Epoch: 52 | Epoch Time: 0m 50s
Train Loss: 1.657146086730957 | Train Acc: 48.95600080490112%
Test Loss: 1.6765255043029785 | Test Acc: 48.260000348091125%
Epoch: 53 | Epoch Time: 0m 51s
Train Loss: 1.7068775086975099 | Train Acc: 49.0200012922287%
Test Loss: 1.7261012283325194 | Test Acc: 48.08000028133392%
Epoch: 54 | Epoch Time: 0m 50s
Train Loss: 1.765231519317627 | Train Acc: 48.95400106906891%
Test Loss: 1.7852747344970703 | Test Acc: 47.999998927116394%
Epoch: 55 | Epoch Time: 0m 51s
Train Loss: 1.8221898091125488 | Train Acc: 48.86600077152252%
Test Loss: 1.8426699630737304 | Test Acc: 48.05000126361847%
Epoch: 56 | Epoch Time: 0m 51s
Train Loss: 1.7503207623291015 | Train Acc: 49.347999691963196%
Test Loss: 1.77260047454834 | Test Acc: 48.21999967098236%
Epoch: 57 | Epoch Time: 0m 52s
Train Loss: 1.8127725408935547 | Train Acc: 49.281999468803406%
Test Loss: 1.8355140884399415 | Test Acc: 48.21000099182129%
Epoch: 58 | Epoch Time: 0m 51s
Train Loss: 1.8725468920898438 | Train Acc: 49.22800064086914%
Test Loss: 1.8954698471069336 | Test Acc: 48.03000092506409%
Epoch: 59 | Epoch Time: 0m 51s
Train Loss: 1.94159623046875 | Train Acc: 49.09000098705292%
Test Loss: 1.9645559997558595 | Test Acc: 47.94999957084656%
Epoch: 60 | Epoch Time: 0m 51s
Train Loss: 2.005884864501953 | Train Acc: 49.136000871658325%
Test Loss: 2.029173713684082 | Test Acc: 47.88999855518341%
Epoch: 61 | Epoch Time: 0m 52s
Train Loss: 2.0673700756835935 | Train Acc: 49.046000838279724%
Test Loss: 2.0913455856323244 | Test Acc: 47.67000079154968%
Epoch: 62 | Epoch Time: 0m 51s
Train Loss: 1.9851947274780273 | Train Acc: 49.4379997253418%
Test Loss: 2.009387696838379 | Test Acc: 48.19000065326691%
Epoch: 63 | Epoch Time: 0m 51s
Train Loss: 2.007244820251465 | Train Acc: 49.27600026130676%
Test Loss: 2.0315077713012695 | Test Acc: 47.81000018119812%
Epoch: 64 | Epoch Time: 0m 53s
Train Loss: 2.075851319885254 | Train Acc: 49.21799898147583%
Test Loss: 2.1002775863647463 | Test Acc: 47.90999889373779%
Epoch: 65 | Epoch Time: 0m 53s
Train Loss: 2.1412311459350586 | Train Acc: 49.149999022483826%
Test Loss: 2.165838230895996 | Test Acc: 47.90000021457672%
Epoch: 66 | Epoch Time: 0m 51s
Train Loss: 2.2054348614501955 | Train Acc: 49.0880012512207%
Test Loss: 2.2301115127563476 | Test Acc: 47.85999953746796%
Epoch: 67 | Epoch Time: 0m 50s
Train Loss: 2.265260168762207 | Train Acc: 48.99199903011322%
Test Loss: 2.2903907470703126 | Test Acc: 47.81999886035919%
Epoch: 68 | Epoch Time: 0m 52s
Train Loss: 2.323157775878906 | Train Acc: 48.90399873256683%
Test Loss: 2.3483443588256834 | Test Acc: 47.72999882698059%
Epoch: 69 | Epoch Time: 0m 51s
Train Loss: 2.378535420227051 | Train Acc: 48.83800148963928%
Test Loss: 2.403878042602539 | Test Acc: 47.69999980926514%
Epoch: 70 | Epoch Time: 0m 51s
Train Loss: 2.4304532852172853 | Train Acc: 48.85599911212921%
Test Loss: 2.4560012130737303 | Test Acc: 47.679999470710754%
Epoch: 71 | Epoch Time: 0m 52s
Train Loss: 2.4793924938964844 | Train Acc: 48.875999450683594%
Test Loss: 2.505196098327637 | Test Acc: 47.600001096725464%
Epoch: 72 | Epoch Time: 0m 51s
Train Loss: 2.5266101956176756 | Train Acc: 48.820000886917114%
Test Loss: 2.552464042663574 | Test Acc: 47.600001096725464%
Epoch: 73 | Epoch Time: 0m 52s
Train Loss: 2.570616929016113 | Train Acc: 48.76999855041504%
Test Loss: 2.596554736328125 | Test Acc: 47.5600004196167%
Epoch: 74 | Epoch Time: 0m 51s
Train Loss: 2.612397183227539 | Train Acc: 48.71799945831299%
Test Loss: 2.63830703125 | Test Acc: 47.58999943733215%
Epoch: 75 | Epoch Time: 0m 50s
Train Loss: 2.6512861239624024 | Train Acc: 48.715999722480774%
Test Loss: 2.677315173339844 | Test Acc: 47.58999943733215%
Epoch: 76 | Epoch Time: 0m 51s
Train Loss: 2.688489284667969 | Train Acc: 48.65599870681763%
Test Loss: 2.7145550582885742 | Test Acc: 47.5600004196167%
Epoch: 77 | Epoch Time: 0m 51s
Train Loss: 2.723822308654785 | Train Acc: 48.646000027656555%
Test Loss: 2.7500259979248045 | Test Acc: 47.54000008106232%
Epoch: 78 | Epoch Time: 0m 53s
Train Loss: 2.7573866928100585 | Train Acc: 48.60199987888336%
Test Loss: 2.783512829589844 | Test Acc: 47.620001435279846%
Epoch: 79 | Epoch Time: 0m 56s
Train Loss: 2.7891691693115233 | Train Acc: 48.57400059700012%
Test Loss: 2.8152578231811525 | Test Acc: 47.63000011444092%
Epoch: 80 | Epoch Time: 0m 58s
Train Loss: 2.8198560107421873 | Train Acc: 48.583999276161194%
Test Loss: 2.8457330017089846 | Test Acc: 47.72000014781952%
Epoch: 81 | Epoch Time: 0m 57s
Train Loss: 2.848734797363281 | Train Acc: 48.5619992017746%
Test Loss: 2.8745045272827148 | Test Acc: 47.609999775886536%
Epoch: 82 | Epoch Time: 0m 58s
Train Loss: 2.8764138598632814 | Train Acc: 48.54399859905243%
Test Loss: 2.9022232162475587 | Test Acc: 47.58000075817108%
Epoch: 83 | Epoch Time: 0m 58s
Train Loss: 2.9028929568481447 | Train Acc: 48.55000078678131%
Test Loss: 2.928580032348633 | Test Acc: 47.5600004196167%
Epoch: 84 | Epoch Time: 0m 57s
Train Loss: 2.9277030337524415 | Train Acc: 48.55799973011017%
Test Loss: 2.9533762893676756 | Test Acc: 47.54000008106232%
Epoch: 85 | Epoch Time: 0m 57s
Train Loss: 2.9516195635986326 | Train Acc: 48.552000522613525%
Test Loss: 2.977277301025391 | Test Acc: 47.56999909877777%
Epoch: 86 | Epoch Time: 0m 58s
Train Loss: 2.974669341430664 | Train Acc: 48.5480010509491%
Test Loss: 3.000219058227539 | Test Acc: 47.5600004196167%
Epoch: 87 | Epoch Time: 0m 59s
Train Loss: 2.996433357849121 | Train Acc: 48.524001240730286%
Test Loss: 3.0220183181762694 | Test Acc: 47.450000047683716%
Epoch: 88 | Epoch Time: 0m 58s
Train Loss: 3.0173840255737305 | Train Acc: 48.486000299453735%
Test Loss: 3.0429899856567384 | Test Acc: 47.450000047683716%
Epoch: 89 | Epoch Time: 0m 55s
Train Loss: 3.0374947116088866 | Train Acc: 48.46000075340271%
Test Loss: 3.063062652587891 | Test Acc: 47.440001368522644%
Epoch: 90 | Epoch Time: 0m 55s
Train Loss: 3.0568576461791994 | Train Acc: 48.447999358177185%
Test Loss: 3.0822301879882814 | Test Acc: 47.440001368522644%
Epoch: 91 | Epoch Time: 0m 57s
Train Loss: 3.0755071502685545 | Train Acc: 48.443999886512756%
Test Loss: 3.1007284072875976 | Test Acc: 47.440001368522644%
Epoch: 92 | Epoch Time: 0m 53s
Train Loss: 3.0934425973510744 | Train Acc: 48.4499990940094%
Test Loss: 3.118642233276367 | Test Acc: 47.47999906539917%
Epoch: 93 | Epoch Time: 0m 55s
Train Loss: 3.1104529791259767 | Train Acc: 48.41600060462952%
Test Loss: 3.1357240020751953 | Test Acc: 47.49000072479248%
Epoch: 94 | Epoch Time: 0m 58s
Train Loss: 3.127002235107422 | Train Acc: 48.41000139713287%
Test Loss: 3.1522648651123046 | Test Acc: 47.440001368522644%
Epoch: 95 | Epoch Time: 0m 55s
Train Loss: 3.1431055911254884 | Train Acc: 48.41200113296509%
Test Loss: 3.1682718658447264 | Test Acc: 47.38999903202057%
Epoch: 96 | Epoch Time: 0m 55s
Train Loss: 3.158493091430664 | Train Acc: 48.39999973773956%
Test Loss: 3.1835853103637697 | Test Acc: 47.450000047683716%
Epoch: 97 | Epoch Time: 0m 57s
Train Loss: 3.1733948666381835 | Train Acc: 48.37400019168854%
Test Loss: 3.198291893005371 | Test Acc: 47.4700003862381%
Epoch: 98 | Epoch Time: 0m 57s
Train Loss: 2.982679377441406 | Train Acc: 44.745999574661255%
Test Loss: 3.0251399490356445 | Test Acc: 43.88999938964844%
Epoch: 99 | Epoch Time: 0m 54s
Train Loss: 2.982680310974121 | Train Acc: 45.138001441955566%
Test Loss: 3.0260713363647462 | Test Acc: 44.269999861717224%
Epoch: 100 | Epoch Time: 0m 55s
Train Loss: 2.6329735455322267 | Train Acc: 46.07999920845032%
Test Loss: 2.676579605102539 | Test Acc: 45.14000117778778%
