Namespace(action=4, model='CNN', seed=1)
{'model_name': 'CNN', 'device': device(type='cuda', index=0), 'log_dir': 'log\\CNN', 'ckpt_dir': 'checkpoint\\CNN', 'attack': 'lf', 'defence': 'krum', 'client_epochs': 10, 'server_epochs': 100, 'batch_size': 100, 'client_lr': 0.15, 'server_lr': 0.15, 'server_rate': 2000, 'load_ckpt': 0, 'workers': 20, 'byzantine_workers': 8, 'attack_strength': 0.01, 'k': 1, 'b': 4, 'test_frequency': 1}
======================Start Train Model [Tue May  7 01:38:34 2024]======================
Epoch: 1 | Epoch Time: 0m 38s
Train Loss: 2.2974492868041994 | Train Acc: 16.274000704288483%
Test Loss: 2.2974972473144533 | Test Acc: 16.429999470710754%
Epoch: 2 | Epoch Time: 0m 38s
Train Loss: 2.2830031048583983 | Train Acc: 17.316000163555145%
Test Loss: 2.2829990798950197 | Test Acc: 17.389999330043793%
Epoch: 3 | Epoch Time: 0m 37s
Train Loss: 2.2572873901367188 | Train Acc: 19.803999364376068%
Test Loss: 2.257128968811035 | Test Acc: 20.229999721050262%
Epoch: 4 | Epoch Time: 0m 38s
Train Loss: 2.2215755343627928 | Train Acc: 23.175999522209167%
Test Loss: 2.221118357849121 | Test Acc: 23.479999601840973%
Epoch: 5 | Epoch Time: 0m 38s
Train Loss: 2.1925520275878907 | Train Acc: 23.931999504566193%
Test Loss: 2.1912981384277344 | Test Acc: 24.230000376701355%
Epoch: 6 | Epoch Time: 0m 38s
Train Loss: 2.1448674865722657 | Train Acc: 27.296000719070435%
Test Loss: 2.1431746704101564 | Test Acc: 27.129998803138733%
Epoch: 7 | Epoch Time: 0m 38s
Train Loss: 2.088072534790039 | Train Acc: 30.489999055862427%
Test Loss: 2.08639948425293 | Test Acc: 30.790001153945923%
Epoch: 8 | Epoch Time: 0m 37s
Train Loss: 2.038276248779297 | Train Acc: 31.242001056671143%
Test Loss: 2.036409748840332 | Test Acc: 30.93000054359436%
Epoch: 9 | Epoch Time: 0m 38s
Train Loss: 1.9935345568847656 | Train Acc: 31.907999515533447%
Test Loss: 1.9917630325317384 | Test Acc: 31.920000910758972%
Epoch: 10 | Epoch Time: 0m 37s
Train Loss: 1.9639504077148437 | Train Acc: 33.05799961090088%
Test Loss: 1.9616698806762696 | Test Acc: 32.62999951839447%
Epoch: 11 | Epoch Time: 0m 38s
Train Loss: 1.920572508544922 | Train Acc: 33.80599915981293%
Test Loss: 1.91814912109375 | Test Acc: 33.7799996137619%
Epoch: 12 | Epoch Time: 0m 38s
Train Loss: 1.8761703048706055 | Train Acc: 34.689998626708984%
Test Loss: 1.8736624404907227 | Test Acc: 34.83000099658966%
Epoch: 13 | Epoch Time: 0m 37s
Train Loss: 1.8450778787231445 | Train Acc: 36.14799976348877%
Test Loss: 1.8428225616455078 | Test Acc: 36.5200012922287%
Epoch: 14 | Epoch Time: 0m 38s
Train Loss: 1.8073826205444337 | Train Acc: 37.342000007629395%
Test Loss: 1.806094076538086 | Test Acc: 37.56999969482422%
Epoch: 15 | Epoch Time: 0m 37s
Train Loss: 1.772045578918457 | Train Acc: 37.91399896144867%
Test Loss: 1.7702700958251953 | Test Acc: 38.5699987411499%
Epoch: 16 | Epoch Time: 0m 37s
Train Loss: 1.7468440908813476 | Train Acc: 38.047999143600464%
Test Loss: 1.7457984619140625 | Test Acc: 38.22000026702881%
Epoch: 17 | Epoch Time: 0m 38s
Train Loss: 1.7283018905639649 | Train Acc: 37.67000138759613%
Test Loss: 1.7277383743286132 | Test Acc: 37.380000948905945%
Epoch: 18 | Epoch Time: 0m 37s
Train Loss: 1.7029921923828124 | Train Acc: 38.45199942588806%
Test Loss: 1.7028303512573242 | Test Acc: 38.06999921798706%
Epoch: 19 | Epoch Time: 0m 38s
Train Loss: 1.6726539605712891 | Train Acc: 39.30799961090088%
Test Loss: 1.6741702621459962 | Test Acc: 39.12000060081482%
Epoch: 20 | Epoch Time: 0m 37s
Train Loss: 1.6583887719726562 | Train Acc: 39.809998869895935%
Test Loss: 1.6609356353759765 | Test Acc: 39.35000002384186%
Epoch: 21 | Epoch Time: 0m 37s
Train Loss: 1.6487173861694335 | Train Acc: 39.83199894428253%
Test Loss: 1.6512421600341798 | Test Acc: 39.6699994802475%
Epoch: 22 | Epoch Time: 0m 38s
Train Loss: 1.6356101837158203 | Train Acc: 40.417999029159546%
Test Loss: 1.6399496719360351 | Test Acc: 39.95000123977661%
Epoch: 23 | Epoch Time: 0m 38s
Train Loss: 1.6288041000366211 | Train Acc: 40.685999393463135%
Test Loss: 1.6340757843017577 | Test Acc: 40.230000019073486%
Epoch: 24 | Epoch Time: 0m 38s
Train Loss: 1.620878116760254 | Train Acc: 41.11799895763397%
Test Loss: 1.627013639831543 | Test Acc: 40.75999855995178%
Epoch: 25 | Epoch Time: 0m 38s
Train Loss: 1.6105189569091798 | Train Acc: 41.69999957084656%
Test Loss: 1.6184955520629882 | Test Acc: 40.88999927043915%
Epoch: 26 | Epoch Time: 0m 38s
Train Loss: 1.6171547241210937 | Train Acc: 41.76400005817413%
Test Loss: 1.6263272994995117 | Test Acc: 41.06999933719635%
Epoch: 27 | Epoch Time: 0m 38s
Train Loss: 1.612121413269043 | Train Acc: 42.21599996089935%
Test Loss: 1.6242408416748046 | Test Acc: 41.33999943733215%
Epoch: 28 | Epoch Time: 0m 37s
Train Loss: 1.6211215493774414 | Train Acc: 41.958001255989075%
Test Loss: 1.6339660903930664 | Test Acc: 41.42000079154968%
Epoch: 29 | Epoch Time: 0m 38s
Train Loss: 1.6317705528259276 | Train Acc: 42.1860009431839%
Test Loss: 1.6470899291992187 | Test Acc: 41.4900004863739%
Epoch: 30 | Epoch Time: 0m 38s
Train Loss: 1.6356502462768554 | Train Acc: 42.353999614715576%
Test Loss: 1.65459697265625 | Test Acc: 41.78000092506409%
Epoch: 31 | Epoch Time: 0m 38s
Train Loss: 1.6379485304260253 | Train Acc: 42.44000017642975%
Test Loss: 1.6599732162475587 | Test Acc: 41.62999987602234%
Epoch: 32 | Epoch Time: 0m 38s
Train Loss: 1.650095235900879 | Train Acc: 42.4019992351532%
Test Loss: 1.675286979675293 | Test Acc: 41.5800005197525%
Epoch: 33 | Epoch Time: 0m 37s
Train Loss: 1.649562508544922 | Train Acc: 42.778000235557556%
Test Loss: 1.6767781677246094 | Test Acc: 41.760000586509705%
Epoch: 34 | Epoch Time: 0m 38s
Train Loss: 1.6807405841064453 | Train Acc: 42.54400134086609%
Test Loss: 1.7120749710083007 | Test Acc: 41.6700005531311%
Epoch: 35 | Epoch Time: 0m 38s
Train Loss: 1.704971121673584 | Train Acc: 42.62399971485138%
Test Loss: 1.7375215209960937 | Test Acc: 41.429999470710754%
Epoch: 36 | Epoch Time: 0m 37s
Train Loss: 1.7360401902770997 | Train Acc: 42.82599985599518%
Test Loss: 1.771816781616211 | Test Acc: 41.60999953746796%
Epoch: 37 | Epoch Time: 0m 39s
Train Loss: 1.77249674118042 | Train Acc: 42.86800026893616%
Test Loss: 1.810234373474121 | Test Acc: 41.87999963760376%
Epoch: 38 | Epoch Time: 0m 38s
Train Loss: 1.8041049967956544 | Train Acc: 43.06400120258331%
Test Loss: 1.8447711044311523 | Test Acc: 42.10000038146973%
Epoch: 39 | Epoch Time: 0m 38s
Train Loss: 1.836398365020752 | Train Acc: 43.00000071525574%
Test Loss: 1.8787608825683593 | Test Acc: 42.03999936580658%
Epoch: 40 | Epoch Time: 0m 37s
Train Loss: 1.8848829391479491 | Train Acc: 43.13200116157532%
Test Loss: 1.9295055938720702 | Test Acc: 42.14999973773956%
Epoch: 41 | Epoch Time: 0m 37s
Train Loss: 1.9230396575927735 | Train Acc: 43.070000410079956%
Test Loss: 1.9697894912719727 | Test Acc: 42.30000078678131%
Epoch: 42 | Epoch Time: 0m 38s
Train Loss: 1.9822206106567384 | Train Acc: 43.116000294685364%
Test Loss: 2.031721147155762 | Test Acc: 42.289999127388%
Epoch: 43 | Epoch Time: 0m 37s
Train Loss: 1.8838860845947265 | Train Acc: 41.86199903488159%
Test Loss: 1.929649774169922 | Test Acc: 40.860000252723694%
Epoch: 44 | Epoch Time: 0m 38s
Train Loss: 1.8554797039794921 | Train Acc: 41.35200083255768%
Test Loss: 1.897901057434082 | Test Acc: 40.63999950885773%
Epoch: 45 | Epoch Time: 0m 37s
Train Loss: 1.8646418353271483 | Train Acc: 41.26800000667572%
Test Loss: 1.9069434463500976 | Test Acc: 40.25999903678894%
Epoch: 46 | Epoch Time: 0m 38s
Train Loss: 1.9246292980957032 | Train Acc: 41.65000021457672%
Test Loss: 1.9699462768554687 | Test Acc: 40.720000863075256%
Epoch: 47 | Epoch Time: 0m 38s
Train Loss: 2.0013666683959963 | Train Acc: 41.92799925804138%
Test Loss: 2.0499823608398438 | Test Acc: 40.97000062465668%
Epoch: 48 | Epoch Time: 0m 37s
Train Loss: 2.0789119161987304 | Train Acc: 41.98800027370453%
Test Loss: 2.1292743362426756 | Test Acc: 40.97999930381775%
Epoch: 49 | Epoch Time: 0m 38s
Train Loss: 2.1596062133789062 | Train Acc: 42.12400019168854%
Test Loss: 2.2132602920532225 | Test Acc: 41.280001401901245%
Epoch: 50 | Epoch Time: 0m 37s
Train Loss: 2.243212537536621 | Train Acc: 42.28200018405914%
Test Loss: 2.300021824645996 | Test Acc: 41.3100004196167%
Epoch: 51 | Epoch Time: 0m 37s
Train Loss: 2.3241419299316406 | Train Acc: 42.3799991607666%
Test Loss: 2.3834476440429686 | Test Acc: 41.510000824928284%
Epoch: 52 | Epoch Time: 0m 38s
Train Loss: 2.401309118347168 | Train Acc: 42.49599874019623%
Test Loss: 2.4631895309448244 | Test Acc: 41.65999889373779%
Epoch: 53 | Epoch Time: 0m 38s
Train Loss: 2.473632180786133 | Train Acc: 42.50200092792511%
Test Loss: 2.5382528060913088 | Test Acc: 41.44999980926514%
Epoch: 54 | Epoch Time: 0m 38s
Train Loss: 2.545290478210449 | Train Acc: 42.52200126647949%
Test Loss: 2.6121288940429688 | Test Acc: 41.33999943733215%
Epoch: 55 | Epoch Time: 0m 38s
Train Loss: 2.616370029907227 | Train Acc: 42.54800081253052%
Test Loss: 2.684893061828613 | Test Acc: 41.40999913215637%
Epoch: 56 | Epoch Time: 0m 37s
Train Loss: 2.682319264526367 | Train Acc: 42.56199896335602%
Test Loss: 2.752533004760742 | Test Acc: 41.46000146865845%
Epoch: 57 | Epoch Time: 0m 38s
Train Loss: 2.7454909451293945 | Train Acc: 42.541998624801636%
Test Loss: 2.817250833129883 | Test Acc: 41.42000079154968%
Epoch: 58 | Epoch Time: 0m 38s
Train Loss: 2.804768246459961 | Train Acc: 42.49599874019623%
Test Loss: 2.8779705871582033 | Test Acc: 41.33999943733215%
Epoch: 59 | Epoch Time: 0m 38s
Train Loss: 2.860423694763184 | Train Acc: 42.49800145626068%
Test Loss: 2.934852993774414 | Test Acc: 41.29999876022339%
Epoch: 60 | Epoch Time: 0m 38s
Train Loss: 2.9129644290161134 | Train Acc: 42.50600039958954%
Test Loss: 2.9885783615112307 | Test Acc: 41.350001096725464%
Epoch: 61 | Epoch Time: 0m 37s
Train Loss: 2.9633543536376954 | Train Acc: 42.504000663757324%
Test Loss: 3.0400664505004884 | Test Acc: 41.280001401901245%
Epoch: 62 | Epoch Time: 0m 38s
Train Loss: 3.0101775369262693 | Train Acc: 42.46000051498413%
Test Loss: 3.0880353775024414 | Test Acc: 41.29000008106232%
Epoch: 63 | Epoch Time: 0m 38s
Train Loss: 3.055603138122559 | Train Acc: 42.44199991226196%
Test Loss: 3.1344113052368163 | Test Acc: 41.24999940395355%
Epoch: 64 | Epoch Time: 0m 38s
Train Loss: 3.097217562866211 | Train Acc: 42.447999119758606%
Test Loss: 3.1769960861206057 | Test Acc: 41.24999940395355%
Epoch: 65 | Epoch Time: 0m 38s
Train Loss: 3.137230182495117 | Train Acc: 42.41800010204315%
Test Loss: 3.2179765197753905 | Test Acc: 41.29999876022339%
Epoch: 66 | Epoch Time: 0m 37s
Train Loss: 3.1746770697021485 | Train Acc: 42.381998896598816%
Test Loss: 3.256320301818848 | Test Acc: 41.359999775886536%
Epoch: 67 | Epoch Time: 0m 38s
Train Loss: 3.210181455993652 | Train Acc: 42.4019992351532%
Test Loss: 3.2927215087890627 | Test Acc: 41.40999913215637%
Epoch: 68 | Epoch Time: 0m 38s
Train Loss: 3.2440168936157225 | Train Acc: 42.39799976348877%
Test Loss: 3.3272454193115233 | Test Acc: 41.38000011444092%
Epoch: 69 | Epoch Time: 0m 38s
Train Loss: 3.275418603515625 | Train Acc: 42.41800010204315%
Test Loss: 3.3595267852783204 | Test Acc: 41.29000008106232%
Epoch: 70 | Epoch Time: 0m 38s
Train Loss: 3.3051109963989256 | Train Acc: 42.4019992351532%
Test Loss: 3.389968620300293 | Test Acc: 41.29000008106232%
Epoch: 71 | Epoch Time: 0m 37s
Train Loss: 3.3341222998046876 | Train Acc: 42.39799976348877%
Test Loss: 3.4195876953125 | Test Acc: 41.3100004196167%
Epoch: 72 | Epoch Time: 0m 38s
Train Loss: 3.3619298529052735 | Train Acc: 42.39200055599213%
Test Loss: 3.448085092163086 | Test Acc: 41.3100004196167%
Epoch: 73 | Epoch Time: 0m 38s
Train Loss: 3.387963161621094 | Train Acc: 42.399999499320984%
Test Loss: 3.474770198059082 | Test Acc: 41.280001401901245%
Epoch: 74 | Epoch Time: 0m 38s
Train Loss: 3.4129446875 | Train Acc: 42.39200055599213%
Test Loss: 3.500362887573242 | Test Acc: 41.24999940395355%
Epoch: 75 | Epoch Time: 0m 38s
Train Loss: 3.437363298950195 | Train Acc: 42.368000745773315%
Test Loss: 3.525338421630859 | Test Acc: 41.22999906539917%
Epoch: 76 | Epoch Time: 0m 37s
Train Loss: 3.459847456359863 | Train Acc: 42.38399863243103%
Test Loss: 3.548438885498047 | Test Acc: 41.2200003862381%
Epoch: 77 | Epoch Time: 0m 38s
Train Loss: 3.4823235873413085 | Train Acc: 42.34800040721893%
Test Loss: 3.5714437759399416 | Test Acc: 41.22999906539917%
Epoch: 78 | Epoch Time: 0m 38s
Train Loss: 3.5038216305541994 | Train Acc: 42.333999276161194%
Test Loss: 3.5933278427124025 | Test Acc: 41.24999940395355%
Epoch: 79 | Epoch Time: 0m 38s
Train Loss: 3.5242310568237305 | Train Acc: 42.333999276161194%
Test Loss: 3.6141935653686525 | Test Acc: 41.280001401901245%
Epoch: 80 | Epoch Time: 0m 37s
Train Loss: 3.543623327026367 | Train Acc: 42.32400059700012%
Test Loss: 3.634087399291992 | Test Acc: 41.29000008106232%
Epoch: 81 | Epoch Time: 0m 37s
Train Loss: 3.5628936199951173 | Train Acc: 42.305999994277954%
Test Loss: 3.653752145385742 | Test Acc: 41.280001401901245%
Epoch: 82 | Epoch Time: 0m 38s
Train Loss: 3.581036735229492 | Train Acc: 42.30000078678131%
Test Loss: 3.6723442474365235 | Test Acc: 41.24999940395355%
Epoch: 83 | Epoch Time: 0m 38s
Train Loss: 3.59867580871582 | Train Acc: 42.29399859905243%
Test Loss: 3.6903723999023437 | Test Acc: 41.22999906539917%
Epoch: 84 | Epoch Time: 0m 38s
Train Loss: 3.615819747314453 | Train Acc: 42.29399859905243%
Test Loss: 3.7078749084472657 | Test Acc: 41.24999940395355%
Epoch: 85 | Epoch Time: 0m 38s
Train Loss: 3.631809969177246 | Train Acc: 42.289999127388%
Test Loss: 3.7243302825927733 | Test Acc: 41.269999742507935%
Epoch: 86 | Epoch Time: 0m 37s
Train Loss: 3.6474640884399414 | Train Acc: 42.291998863220215%
Test Loss: 3.740255532836914 | Test Acc: 41.26000106334686%
Epoch: 87 | Epoch Time: 0m 38s
Train Loss: 3.6625900283813477 | Train Acc: 42.28599965572357%
Test Loss: 3.7557150329589843 | Test Acc: 41.24000072479248%
Epoch: 88 | Epoch Time: 0m 38s
Train Loss: 3.6772170977783203 | Train Acc: 42.28200018405914%
Test Loss: 3.7706779388427734 | Test Acc: 41.22999906539917%
Epoch: 89 | Epoch Time: 0m 37s
Train Loss: 3.6913354248046875 | Train Acc: 42.2980010509491%
Test Loss: 3.7849979858398437 | Test Acc: 41.24000072479248%
Epoch: 90 | Epoch Time: 0m 38s
Train Loss: 3.7055041995239257 | Train Acc: 42.30400025844574%
Test Loss: 3.799419223022461 | Test Acc: 41.26000106334686%
Epoch: 91 | Epoch Time: 0m 37s
Train Loss: 3.7182979388427735 | Train Acc: 42.29399859905243%
Test Loss: 3.812572412109375 | Test Acc: 41.29999876022339%
Epoch: 92 | Epoch Time: 0m 38s
Train Loss: 3.730803718261719 | Train Acc: 42.30000078678131%
Test Loss: 3.8254094543457033 | Test Acc: 41.269999742507935%
Epoch: 93 | Epoch Time: 0m 38s
Train Loss: 3.7434944415283202 | Train Acc: 42.32200086116791%
Test Loss: 3.8383795104980467 | Test Acc: 41.280001401901245%
Epoch: 94 | Epoch Time: 0m 38s
Train Loss: 3.756279308166504 | Train Acc: 42.33199954032898%
Test Loss: 3.851469274902344 | Test Acc: 41.3100004196167%
Epoch: 95 | Epoch Time: 0m 37s
Train Loss: 3.7685379751586914 | Train Acc: 42.32400059700012%
Test Loss: 3.8638950103759764 | Test Acc: 41.3100004196167%
Epoch: 96 | Epoch Time: 0m 37s
Train Loss: 3.780113818664551 | Train Acc: 42.32000112533569%
Test Loss: 3.875723455810547 | Test Acc: 41.29999876022339%
Epoch: 97 | Epoch Time: 0m 38s
Train Loss: 3.7910632290649415 | Train Acc: 42.315998673439026%
Test Loss: 3.8869765014648436 | Test Acc: 41.3100004196167%
Epoch: 98 | Epoch Time: 0m 38s
Train Loss: 3.8017219442749024 | Train Acc: 42.32200086116791%
Test Loss: 3.8978696960449217 | Test Acc: 41.29000008106232%
Epoch: 99 | Epoch Time: 0m 38s
Train Loss: 3.8123792782592774 | Train Acc: 42.32000112533569%
Test Loss: 3.9087083587646485 | Test Acc: 41.29999876022339%
Epoch: 100 | Epoch Time: 0m 38s
Train Loss: 3.8228371337890623 | Train Acc: 42.305999994277954%
Test Loss: 3.919362805175781 | Test Acc: 41.3100004196167%
Namespace(action=4, model='CNN', seed=1)
{'model_name': 'CNN', 'device': device(type='cuda', index=0), 'log_dir': 'log\\CNN', 'ckpt_dir': 'checkpoint\\CNN', 'attack': 'lf', 'defence': 'krum', 'client_epochs': 10, 'server_epochs': 100, 'batch_size': 100, 'client_lr': 0.15, 'server_lr': 0.15, 'server_rate': 2000, 'load_ckpt': 0, 'workers': 20, 'byzantine_workers': 8, 'attack_strength': 0.01, 'k': 1, 'b': 4, 'test_frequency': 1}
======================Start Train Model [Wed May  8 05:26:57 2024]======================
Epoch: 1 | Epoch Time: 0m 46s
Train Loss: 2.2993410180664062 | Train Acc: 10.000000149011612%
Test Loss: 2.2993963973999025 | Test Acc: 10.000000149011612%
Epoch: 2 | Epoch Time: 0m 46s
Train Loss: 2.288577755126953 | Train Acc: 13.220000267028809%
Test Loss: 2.2886149398803712 | Test Acc: 13.39000016450882%
Epoch: 3 | Epoch Time: 0m 46s
Train Loss: 2.269455450744629 | Train Acc: 23.35599958896637%
Test Loss: 2.2693553298950193 | Test Acc: 23.28999936580658%
Epoch: 4 | Epoch Time: 0m 46s
Train Loss: 2.2398550271606443 | Train Acc: 26.895999908447266%
Test Loss: 2.2394978775024414 | Test Acc: 27.18999981880188%
Epoch: 5 | Epoch Time: 0m 46s
Train Loss: 2.2075744329833986 | Train Acc: 27.090001106262207%
Test Loss: 2.206744302368164 | Test Acc: 27.799999713897705%
Epoch: 6 | Epoch Time: 0m 46s
Train Loss: 2.1648411657714846 | Train Acc: 29.308000206947327%
Test Loss: 2.163548892211914 | Test Acc: 29.660001397132874%
Epoch: 7 | Epoch Time: 0m 47s
Train Loss: 2.117360825500488 | Train Acc: 31.15200102329254%
Test Loss: 2.115512387084961 | Test Acc: 31.779998540878296%
Epoch: 8 | Epoch Time: 0m 46s
Train Loss: 2.0673869088745116 | Train Acc: 32.260000705718994%
Test Loss: 2.064949331665039 | Test Acc: 32.670000195503235%
Epoch: 9 | Epoch Time: 0m 46s
Train Loss: 2.0170806649780273 | Train Acc: 33.649998903274536%
Test Loss: 2.0143213317871096 | Test Acc: 33.799999952316284%
Epoch: 10 | Epoch Time: 0m 46s
Train Loss: 1.9688786254882813 | Train Acc: 34.248000383377075%
Test Loss: 1.9660462173461914 | Test Acc: 34.83000099658966%
Epoch: 11 | Epoch Time: 0m 46s
Train Loss: 1.924286385192871 | Train Acc: 34.78800058364868%
Test Loss: 1.921326531982422 | Test Acc: 35.53999960422516%
Epoch: 12 | Epoch Time: 0m 46s
Train Loss: 1.8820200396728515 | Train Acc: 35.8460009098053%
Test Loss: 1.8791353775024413 | Test Acc: 36.079999804496765%
Epoch: 13 | Epoch Time: 0m 46s
Train Loss: 1.8414293814086915 | Train Acc: 36.438000202178955%
Test Loss: 1.8387355743408202 | Test Acc: 36.55000030994415%
Epoch: 14 | Epoch Time: 0m 46s
Train Loss: 1.8072337567138672 | Train Acc: 37.32999861240387%
Test Loss: 1.804890301513672 | Test Acc: 37.529999017715454%
Epoch: 15 | Epoch Time: 0m 46s
Train Loss: 1.7762163665771484 | Train Acc: 38.03600072860718%
Test Loss: 1.7739823181152343 | Test Acc: 38.26000094413757%
Epoch: 16 | Epoch Time: 0m 46s
Train Loss: 1.736800673828125 | Train Acc: 39.12999927997589%
Test Loss: 1.7351745697021483 | Test Acc: 39.08999860286713%
Epoch: 17 | Epoch Time: 0m 46s
Train Loss: 1.7071716009521485 | Train Acc: 40.2319997549057%
Test Loss: 1.7059070434570311 | Test Acc: 40.18999934196472%
Epoch: 18 | Epoch Time: 0m 46s
Train Loss: 1.6808848504638672 | Train Acc: 40.43999910354614%
Test Loss: 1.6794449234008788 | Test Acc: 40.619999170303345%
Epoch: 19 | Epoch Time: 0m 46s
Train Loss: 1.6556616555786132 | Train Acc: 41.06999933719635%
Test Loss: 1.6547633422851562 | Test Acc: 41.1300003528595%
Epoch: 20 | Epoch Time: 0m 46s
Train Loss: 1.6421546633911133 | Train Acc: 41.425999999046326%
Test Loss: 1.6405333221435547 | Test Acc: 41.54999852180481%
Epoch: 21 | Epoch Time: 0m 46s
Train Loss: 1.631149362487793 | Train Acc: 41.784000396728516%
Test Loss: 1.630415444946289 | Test Acc: 41.62000119686127%
Epoch: 22 | Epoch Time: 0m 47s
Train Loss: 1.6167957553100587 | Train Acc: 42.22800135612488%
Test Loss: 1.6160746017456056 | Test Acc: 42.03999936580658%
Epoch: 23 | Epoch Time: 0m 46s
Train Loss: 1.5811061575317382 | Train Acc: 43.3459997177124%
Test Loss: 1.5811038345336914 | Test Acc: 43.20000112056732%
Epoch: 24 | Epoch Time: 0m 46s
Train Loss: 1.5636805563354492 | Train Acc: 43.91399919986725%
Test Loss: 1.5639158752441407 | Test Acc: 43.66999864578247%
Epoch: 25 | Epoch Time: 0m 46s
Train Loss: 1.5448826663208008 | Train Acc: 44.547998905181885%
Test Loss: 1.5456570190429688 | Test Acc: 44.06999945640564%
Epoch: 26 | Epoch Time: 0m 46s
Train Loss: 1.5310723568725586 | Train Acc: 44.863998889923096%
Test Loss: 1.5324187942504883 | Test Acc: 44.53999996185303%
Epoch: 27 | Epoch Time: 0m 46s
Train Loss: 1.5234765682983398 | Train Acc: 45.12200057506561%
Test Loss: 1.526125828552246 | Test Acc: 45.01999914646149%
Epoch: 28 | Epoch Time: 0m 46s
Train Loss: 1.514187275390625 | Train Acc: 45.42799890041351%
Test Loss: 1.517603971862793 | Test Acc: 45.30999958515167%
Epoch: 29 | Epoch Time: 0m 46s
Train Loss: 1.5027821942138673 | Train Acc: 45.66799998283386%
Test Loss: 1.5064893264770507 | Test Acc: 45.579999685287476%
Epoch: 30 | Epoch Time: 0m 47s
Train Loss: 1.5027271907043458 | Train Acc: 45.66799998283386%
Test Loss: 1.5064206115722656 | Test Acc: 45.590001344680786%
Epoch: 31 | Epoch Time: 0m 46s
Train Loss: 1.4883095960998536 | Train Acc: 46.27400040626526%
Test Loss: 1.4933372764587403 | Test Acc: 46.07999920845032%
Epoch: 32 | Epoch Time: 0m 47s
Train Loss: 1.488243295135498 | Train Acc: 46.268001198768616%
Test Loss: 1.4932736938476563 | Test Acc: 46.059998869895935%
Epoch: 33 | Epoch Time: 0m 46s
Train Loss: 1.4882114303588867 | Train Acc: 46.268001198768616%
Test Loss: 1.4932445816040039 | Test Acc: 46.070000529289246%
Epoch: 34 | Epoch Time: 0m 46s
Train Loss: 1.4881449771118165 | Train Acc: 46.257999539375305%
Test Loss: 1.4931782585144042 | Test Acc: 46.070000529289246%
Epoch: 35 | Epoch Time: 0m 46s
Train Loss: 1.4881192575073243 | Train Acc: 46.268001198768616%
Test Loss: 1.493151693725586 | Test Acc: 46.059998869895935%
Epoch: 36 | Epoch Time: 0m 46s
Train Loss: 1.4880990509033203 | Train Acc: 46.2799996137619%
Test Loss: 1.4931297729492188 | Test Acc: 46.059998869895935%
Epoch: 37 | Epoch Time: 0m 46s
Train Loss: 1.4880630227661134 | Train Acc: 46.30399942398071%
Test Loss: 1.4930808723449707 | Test Acc: 46.07999920845032%
Epoch: 38 | Epoch Time: 0m 46s
Train Loss: 1.4880454516601562 | Train Acc: 46.323999762535095%
Test Loss: 1.4930554740905762 | Test Acc: 46.09000086784363%
Epoch: 39 | Epoch Time: 0m 46s
Train Loss: 1.4880556169128418 | Train Acc: 46.31200134754181%
Test Loss: 1.4930513015747071 | Test Acc: 46.03999853134155%
Epoch: 40 | Epoch Time: 0m 46s
Train Loss: 1.4880145680236816 | Train Acc: 46.31400108337402%
Test Loss: 1.4930114822387694 | Test Acc: 46.02999985218048%
Epoch: 41 | Epoch Time: 0m 46s
Train Loss: 1.487983810119629 | Train Acc: 46.33199870586395%
Test Loss: 1.492979753112793 | Test Acc: 46.05000019073486%
Epoch: 42 | Epoch Time: 0m 46s
Train Loss: 1.4879947760009766 | Train Acc: 46.34200036525726%
Test Loss: 1.4929787124633789 | Test Acc: 46.00000083446503%
Epoch: 43 | Epoch Time: 0m 46s
Train Loss: 1.4879892372131347 | Train Acc: 46.33600115776062%
Test Loss: 1.492955534362793 | Test Acc: 46.03999853134155%
Epoch: 44 | Epoch Time: 0m 46s
Train Loss: 1.487953312072754 | Train Acc: 46.338000893592834%
Test Loss: 1.4929199897766112 | Test Acc: 46.059998869895935%
Epoch: 45 | Epoch Time: 0m 46s
Train Loss: 1.4879107493591308 | Train Acc: 46.34599983692169%
Test Loss: 1.4928686614990234 | Test Acc: 46.00000083446503%
Epoch: 46 | Epoch Time: 0m 46s
Train Loss: 1.4879008071899413 | Train Acc: 46.34400010108948%
Test Loss: 1.492853971862793 | Test Acc: 46.03999853134155%
Epoch: 47 | Epoch Time: 0m 46s
Train Loss: 1.4878538320922852 | Train Acc: 46.347999572753906%
Test Loss: 1.4928006828308105 | Test Acc: 46.059998869895935%
Epoch: 48 | Epoch Time: 0m 46s
Train Loss: 1.4878087322998046 | Train Acc: 46.35800123214722%
Test Loss: 1.4927426055908204 | Test Acc: 46.070000529289246%
Epoch: 49 | Epoch Time: 0m 47s
Train Loss: 1.4877693685913085 | Train Acc: 46.35800123214722%
Test Loss: 1.4926960868835448 | Test Acc: 46.07999920845032%
Epoch: 50 | Epoch Time: 0m 46s
Train Loss: 1.4877400596618653 | Train Acc: 46.366000175476074%
Test Loss: 1.492666293334961 | Test Acc: 46.070000529289246%
Epoch: 51 | Epoch Time: 0m 47s
Train Loss: 1.4877057453918456 | Train Acc: 46.351999044418335%
Test Loss: 1.492617876434326 | Test Acc: 46.07999920845032%
Epoch: 52 | Epoch Time: 0m 46s
Train Loss: 1.4876958464050294 | Train Acc: 46.35800123214722%
Test Loss: 1.4926074996948242 | Test Acc: 46.09000086784363%
Epoch: 53 | Epoch Time: 0m 47s
Train Loss: 1.4877021856689454 | Train Acc: 46.36799991130829%
Test Loss: 1.492605093383789 | Test Acc: 46.0999995470047%
Epoch: 54 | Epoch Time: 0m 46s
Train Loss: 1.4876497674560547 | Train Acc: 46.389999985694885%
Test Loss: 1.4925596740722655 | Test Acc: 46.09000086784363%
Epoch: 55 | Epoch Time: 0m 47s
Train Loss: 1.4876753993225098 | Train Acc: 46.38600051403046%
Test Loss: 1.4925824081420898 | Test Acc: 46.09000086784363%
Epoch: 56 | Epoch Time: 0m 47s
Train Loss: 1.4877105299377442 | Train Acc: 46.3919997215271%
Test Loss: 1.4926076736450196 | Test Acc: 46.07999920845032%
Epoch: 57 | Epoch Time: 0m 47s
Train Loss: 1.4876760636901856 | Train Acc: 46.413999795913696%
Test Loss: 1.492574494934082 | Test Acc: 46.070000529289246%
Epoch: 58 | Epoch Time: 0m 46s
Train Loss: 1.4876791470336914 | Train Acc: 46.40800058841705%
Test Loss: 1.4925779937744141 | Test Acc: 46.059998869895935%
Epoch: 59 | Epoch Time: 0m 46s
Train Loss: 1.4877258970642089 | Train Acc: 46.413999795913696%
Test Loss: 1.4926209426879882 | Test Acc: 46.07999920845032%
Epoch: 60 | Epoch Time: 0m 47s
Train Loss: 1.4876829251098633 | Train Acc: 46.41200006008148%
Test Loss: 1.4925804580688478 | Test Acc: 46.07999920845032%
Epoch: 61 | Epoch Time: 0m 47s
Train Loss: 1.4877274687194824 | Train Acc: 46.41999900341034%
Test Loss: 1.4926105010986328 | Test Acc: 46.03999853134155%
Epoch: 62 | Epoch Time: 0m 46s
Train Loss: 1.4877786235046386 | Train Acc: 46.41999900341034%
Test Loss: 1.4926563919067384 | Test Acc: 46.02000117301941%
Epoch: 63 | Epoch Time: 0m 46s
Train Loss: 1.4877892367553711 | Train Acc: 46.417999267578125%
Test Loss: 1.492665740966797 | Test Acc: 46.00000083446503%
Epoch: 64 | Epoch Time: 0m 46s
Train Loss: 1.4878212701416016 | Train Acc: 46.41200006008148%
Test Loss: 1.4926840209960937 | Test Acc: 46.0099995136261%
Epoch: 65 | Epoch Time: 0m 46s
Train Loss: 1.487821319885254 | Train Acc: 46.413999795913696%
Test Loss: 1.492671989440918 | Test Acc: 46.02000117301941%
Epoch: 66 | Epoch Time: 0m 46s
Train Loss: 1.4878574682617187 | Train Acc: 46.40800058841705%
Test Loss: 1.492708251953125 | Test Acc: 46.02000117301941%
Epoch: 67 | Epoch Time: 0m 46s
Train Loss: 1.4878920401000977 | Train Acc: 46.42400145530701%
Test Loss: 1.4927404495239258 | Test Acc: 46.02000117301941%
Epoch: 68 | Epoch Time: 0m 46s
Train Loss: 1.4878658168029786 | Train Acc: 46.42600119113922%
Test Loss: 1.492706689453125 | Test Acc: 46.00000083446503%
Epoch: 69 | Epoch Time: 0m 46s
Train Loss: 1.4878732786560058 | Train Acc: 46.42400145530701%
Test Loss: 1.492714892578125 | Test Acc: 45.989999175071716%
Epoch: 70 | Epoch Time: 0m 46s
Train Loss: 1.487877772064209 | Train Acc: 46.43599987030029%
Test Loss: 1.4927205047607421 | Test Acc: 45.989999175071716%
Epoch: 71 | Epoch Time: 0m 46s
Train Loss: 1.4878695498657226 | Train Acc: 46.43999934196472%
Test Loss: 1.4927128799438476 | Test Acc: 45.980000495910645%
Epoch: 72 | Epoch Time: 0m 46s
Train Loss: 1.4879025950622558 | Train Acc: 46.44399881362915%
Test Loss: 1.4927437286376952 | Test Acc: 45.980000495910645%
Epoch: 73 | Epoch Time: 0m 45s
Train Loss: 1.4879674877929687 | Train Acc: 46.45200073719025%
Test Loss: 1.492806805419922 | Test Acc: 46.0099995136261%
Epoch: 74 | Epoch Time: 0m 46s
Train Loss: 1.4879516577148437 | Train Acc: 46.45400047302246%
Test Loss: 1.4927934219360353 | Test Acc: 46.05000019073486%
Epoch: 75 | Epoch Time: 0m 46s
Train Loss: 1.4879879338073732 | Train Acc: 46.45799994468689%
Test Loss: 1.4928253219604493 | Test Acc: 46.03999853134155%
Epoch: 76 | Epoch Time: 0m 46s
Train Loss: 1.4879923945617677 | Train Acc: 46.47600054740906%
Test Loss: 1.4928333557128906 | Test Acc: 46.05000019073486%
Epoch: 77 | Epoch Time: 0m 47s
Train Loss: 1.4880115174865722 | Train Acc: 46.459999680519104%
Test Loss: 1.492851823425293 | Test Acc: 46.05000019073486%
Epoch: 78 | Epoch Time: 0m 47s
Train Loss: 1.488070898284912 | Train Acc: 46.47400081157684%
Test Loss: 1.4929102661132811 | Test Acc: 46.07999920845032%
Epoch: 79 | Epoch Time: 0m 45s
Train Loss: 1.4880813484191895 | Train Acc: 46.47200107574463%
Test Loss: 1.4929149444580079 | Test Acc: 46.07999920845032%
Epoch: 80 | Epoch Time: 0m 46s
Train Loss: 1.4881117210388184 | Train Acc: 46.48599922657013%
Test Loss: 1.4929410247802735 | Test Acc: 46.09000086784363%
Epoch: 81 | Epoch Time: 0m 46s
Train Loss: 1.4881294886779786 | Train Acc: 46.50599956512451%
Test Loss: 1.4929564758300782 | Test Acc: 46.0999995470047%
Epoch: 82 | Epoch Time: 0m 47s
Train Loss: 1.4881794024658204 | Train Acc: 46.507999300956726%
Test Loss: 1.493004005432129 | Test Acc: 46.09000086784363%
Epoch: 83 | Epoch Time: 0m 46s
Train Loss: 1.4881705548095703 | Train Acc: 46.52000069618225%
Test Loss: 1.4929945831298828 | Test Acc: 46.11999988555908%
Epoch: 84 | Epoch Time: 0m 47s
Train Loss: 1.4882220928955079 | Train Acc: 46.522000432014465%
Test Loss: 1.4930342391967772 | Test Acc: 46.140000224113464%
Epoch: 85 | Epoch Time: 0m 47s
Train Loss: 1.488219806213379 | Train Acc: 46.53199911117554%
Test Loss: 1.4930324203491212 | Test Acc: 46.149998903274536%
Epoch: 86 | Epoch Time: 0m 46s
Train Loss: 1.4882107890319825 | Train Acc: 46.535998582839966%
Test Loss: 1.4930227783203125 | Test Acc: 46.16000056266785%
Epoch: 87 | Epoch Time: 0m 46s
Train Loss: 1.4882516850280763 | Train Acc: 46.546000242233276%
Test Loss: 1.4930636367797852 | Test Acc: 46.16000056266785%
Epoch: 88 | Epoch Time: 0m 46s
Train Loss: 1.488289773712158 | Train Acc: 46.55199944972992%
Test Loss: 1.4931016632080079 | Test Acc: 46.140000224113464%
Epoch: 89 | Epoch Time: 0m 46s
Train Loss: 1.4883032933044433 | Train Acc: 46.560001373291016%
Test Loss: 1.4931156646728516 | Test Acc: 46.16000056266785%
Epoch: 90 | Epoch Time: 0m 46s
Train Loss: 1.488368083190918 | Train Acc: 46.564000844955444%
Test Loss: 1.493179246520996 | Test Acc: 46.16000056266785%
Epoch: 91 | Epoch Time: 0m 46s
Train Loss: 1.4884374360656738 | Train Acc: 46.58200144767761%
Test Loss: 1.4932405899047851 | Test Acc: 46.16000056266785%
Epoch: 92 | Epoch Time: 0m 46s
Train Loss: 1.4885207461547851 | Train Acc: 46.58200144767761%
Test Loss: 1.4933245025634765 | Test Acc: 46.149998903274536%
Epoch: 93 | Epoch Time: 0m 47s
Train Loss: 1.4885589454650878 | Train Acc: 46.59999907016754%
Test Loss: 1.493367108154297 | Test Acc: 46.149998903274536%
Epoch: 94 | Epoch Time: 0m 46s
Train Loss: 1.4885909385681153 | Train Acc: 46.60800099372864%
Test Loss: 1.493404818725586 | Test Acc: 46.18000090122223%
Epoch: 95 | Epoch Time: 0m 46s
Train Loss: 1.4886519290161133 | Train Acc: 46.619999408721924%
Test Loss: 1.4934671005249023 | Test Acc: 46.1899995803833%
Epoch: 96 | Epoch Time: 0m 46s
Train Loss: 1.4887025283813478 | Train Acc: 46.63400053977966%
Test Loss: 1.4935191528320313 | Test Acc: 46.18000090122223%
Epoch: 97 | Epoch Time: 0m 46s
Train Loss: 1.4887818513488769 | Train Acc: 46.63800001144409%
Test Loss: 1.4935981872558595 | Test Acc: 46.20000123977661%
Epoch: 98 | Epoch Time: 0m 46s
Train Loss: 1.4888229609680175 | Train Acc: 46.64599895477295%
Test Loss: 1.4936417190551758 | Test Acc: 46.20999991893768%
Epoch: 99 | Epoch Time: 0m 46s
Train Loss: 1.4888911561584472 | Train Acc: 46.65200114250183%
Test Loss: 1.4937129028320313 | Test Acc: 46.23999893665314%
Epoch: 100 | Epoch Time: 0m 46s
Train Loss: 1.488930240020752 | Train Acc: 46.647998690605164%
Test Loss: 1.493752587890625 | Test Acc: 46.25000059604645%
